Log file open, 10/08/16 14:27:15
LogInit:Display: Running engine for game: CodeRed
LogPlatformFile: Not using cached read wrapper
LogInit:Display: RandInit(-442323540) SRandInit(-442323540).
LogTaskGraph: Started task graph with 5 named threads and 8 total threads with 1 sets of task threads.
LogStats: Stats thread started at 0.099663
LogPluginManager: Loaded Plugin Paper2D, From S:/Epic Games/4.13/Engine/Plugins/2D/Paper2D/Paper2D.uplugin
LogPluginManager: Loaded Plugin LightPropagationVolume, From S:/Epic Games/4.13/Engine/Plugins/Blendables/LightPropagationVolume/LightPropagationVolume.uplugin
LogPluginManager: Loaded Plugin BlankPlugin, From S:/Epic Games/4.13/Engine/Plugins/Developer/BlankPlugin/BlankPlugin.uplugin
LogPluginManager: Loaded Plugin CodeLiteSourceCodeAccess, From S:/Epic Games/4.13/Engine/Plugins/Developer/CodeLiteSourceCodeAccess/CodeLiteSourceCodeAccess.uplugin
LogPluginManager: Loaded Plugin GitSourceControl, From S:/Epic Games/4.13/Engine/Plugins/Developer/GitSourceControl/GitSourceControl.uplugin
LogPluginManager: Loaded Plugin KDevelopSourceCodeAccess, From S:/Epic Games/4.13/Engine/Plugins/Developer/KDevelopSourceCodeAccess/KDevelopSourceCodeAccess.uplugin
LogPluginManager: Loaded Plugin NullSourceCodeAccess, From S:/Epic Games/4.13/Engine/Plugins/Developer/NullSourceCodeAccess/NullSourceCodeAccess.uplugin
LogPluginManager: Loaded Plugin OneSkyLocalizationService, From S:/Epic Games/4.13/Engine/Plugins/Developer/OneSkyLocalizationService/OneSkyLocalizationService.uplugin
LogPluginManager: Loaded Plugin PerforceSourceControl, From S:/Epic Games/4.13/Engine/Plugins/Developer/PerforceSourceControl/PerforceSourceControl.uplugin
LogPluginManager: Loaded Plugin SubversionSourceControl, From S:/Epic Games/4.13/Engine/Plugins/Developer/SubversionSourceControl/SubversionSourceControl.uplugin
LogPluginManager: Loaded Plugin UObjectPlugin, From S:/Epic Games/4.13/Engine/Plugins/Developer/UObjectPlugin/UObjectPlugin.uplugin
LogPluginManager: Loaded Plugin VisualStudioSourceCodeAccess, From S:/Epic Games/4.13/Engine/Plugins/Developer/VisualStudioSourceCodeAccess/VisualStudioSourceCodeAccess.uplugin
LogPluginManager: Loaded Plugin XCodeSourceCodeAccess, From S:/Epic Games/4.13/Engine/Plugins/Developer/XCodeSourceCodeAccess/XCodeSourceCodeAccess.uplugin
LogPluginManager: Loaded Plugin EpicSurvey, From S:/Epic Games/4.13/Engine/Plugins/Editor/EpicSurvey/EpicSurvey.uplugin
LogPluginManager: Loaded Plugin MacGraphicsSwitching, From S:/Epic Games/4.13/Engine/Plugins/Editor/MacGraphicsSwitching/MacGraphicsSwitching.uplugin
LogPluginManager: Loaded Plugin MobileLauncherProfileWizard, From S:/Epic Games/4.13/Engine/Plugins/Editor/MobileLauncherProfileWizard/MobileLauncherProfileWizard.uplugin
LogPluginManager: Loaded Plugin PluginBrowser, From S:/Epic Games/4.13/Engine/Plugins/Editor/PluginBrowser/PluginBrowser.uplugin
LogPluginManager: Loaded Plugin SpeedTreeImporter, From S:/Epic Games/4.13/Engine/Plugins/Editor/SpeedTreeImporter/SpeedTreeImporter.uplugin
LogPluginManager: Loaded Plugin SuperSearchEditor, From S:/Epic Games/4.13/Engine/Plugins/Editor/SuperSearchEditor/SuperSearchEditor.uplugin
LogPluginManager: Loaded Plugin AlembicImporter, From S:/Epic Games/4.13/Engine/Plugins/Experimental/AlembicImporter/AlembicImporter.uplugin
LogPluginManager: Loaded Plugin BlueprintStats, From S:/Epic Games/4.13/Engine/Plugins/Experimental/BlueprintStats/BlueprintStats.uplugin
LogPluginManager: Loaded Plugin CharacterAI, From S:/Epic Games/4.13/Engine/Plugins/Experimental/CharacterAI/CharacterAI.uplugin
LogPluginManager: Loaded Plugin CodeEditor, From S:/Epic Games/4.13/Engine/Plugins/Experimental/CodeEditor/CodeEditor.uplugin
LogPluginManager: Loaded Plugin CodeView, From S:/Epic Games/4.13/Engine/Plugins/Experimental/CodeView/CodeView.uplugin
LogPluginManager: Loaded Plugin HTML5Networking, From S:/Epic Games/4.13/Engine/Plugins/Experimental/HTML5Networking/HTML5Networking.uplugin
LogPluginManager: Loaded Plugin LiveEditor, From S:/Epic Games/4.13/Engine/Plugins/Experimental/LiveEditor/LiveEditor.uplugin
LogPluginManager: Loaded Plugin OSVR, From S:/Epic Games/4.13/Engine/Plugins/Experimental/OSVR/OSVR.uplugin
LogPluginManager: Loaded Plugin Phya, From S:/Epic Games/4.13/Engine/Plugins/Experimental/Phya/Phya.uplugin
LogPluginManager: Loaded Plugin SignificanceManager, From S:/Epic Games/4.13/Engine/Plugins/Experimental/SignificanceManager/SignificanceManager.uplugin
LogPluginManager: Loaded Plugin SimpleHMD, From S:/Epic Games/4.13/Engine/Plugins/Experimental/SimpleHMD/SimpleHMD.uplugin
LogPluginManager: Loaded Plugin StereoPanorama, From S:/Epic Games/4.13/Engine/Plugins/Experimental/StereoPanorama/StereoPanorama.uplugin
LogPluginManager: Loaded Plugin StructBox, From S:/Epic Games/4.13/Engine/Plugins/Experimental/StructBox/StructBox.uplugin
LogPluginManager: Loaded Plugin AndroidMedia, From S:/Epic Games/4.13/Engine/Plugins/Media/AndroidMedia/AndroidMedia.uplugin
LogPluginManager: Loaded Plugin AvfMedia, From S:/Epic Games/4.13/Engine/Plugins/Media/AvfMedia/AvfMedia.uplugin
LogPluginManager: Loaded Plugin MediaPlayerEditor, From S:/Epic Games/4.13/Engine/Plugins/Media/MediaPlayerEditor/MediaPlayerEditor.uplugin
LogPluginManager: Loaded Plugin WmfMedia, From S:/Epic Games/4.13/Engine/Plugins/Media/WmfMedia/WmfMedia.uplugin
LogPluginManager: Loaded Plugin MessagingDebugger, From S:/Epic Games/4.13/Engine/Plugins/Messaging/MessagingDebugger/MessagingDebugger.uplugin
LogPluginManager: Loaded Plugin TcpMessaging, From S:/Epic Games/4.13/Engine/Plugins/Messaging/TcpMessaging/TcpMessaging.uplugin
LogPluginManager: Loaded Plugin UdpMessaging, From S:/Epic Games/4.13/Engine/Plugins/Messaging/UdpMessaging/UdpMessaging.uplugin
LogPluginManager: Loaded Plugin LevelSequenceEditor, From S:/Epic Games/4.13/Engine/Plugins/MovieScene/LevelSequenceEditor/LevelSequenceEditor.uplugin
LogPluginManager: Loaded Plugin MatineeToLevelSequence, From S:/Epic Games/4.13/Engine/Plugins/MovieScene/MatineeToLevelSequence/MatineeToLevelSequence.uplugin
LogPluginManager: Loaded Plugin NetcodeUnitTest, From S:/Epic Games/4.13/Engine/Plugins/NetcodeUnitTest/NetcodeUnitTest/NetcodeUnitTest.uplugin
LogPluginManager: Loaded Plugin NUTUnrealEngine4, From S:/Epic Games/4.13/Engine/Plugins/NetcodeUnitTest/NUTUnrealEngine4/NUTUnrealEngine4.uplugin
LogPluginManager: Loaded Plugin OnlineSubsystemGooglePlay, From S:/Epic Games/4.13/Engine/Plugins/Online/Android/OnlineSubsystemGooglePlay/OnlineSubsystemGooglePlay.uplugin
LogPluginManager: Loaded Plugin OnlineSubsystemIOS, From S:/Epic Games/4.13/Engine/Plugins/Online/IOS/OnlineSubsystemIOS/OnlineSubsystemIOS.uplugin
LogPluginManager: Loaded Plugin OnlineFramework, From S:/Epic Games/4.13/Engine/Plugins/Online/OnlineFramework/OnlineFramework.uplugin
LogPluginManager: Loaded Plugin OnlineSubsystem, From S:/Epic Games/4.13/Engine/Plugins/Online/OnlineSubsystem/OnlineSubsystem.uplugin
LogPluginManager: Loaded Plugin OnlineSubsystemAmazon, From S:/Epic Games/4.13/Engine/Plugins/Online/OnlineSubsystemAmazon/OnlineSubsystemAmazon.uplugin
LogPluginManager: Loaded Plugin OnlineSubsystemFacebook, From S:/Epic Games/4.13/Engine/Plugins/Online/OnlineSubsystemFacebook/OnlineSubsystemFacebook.uplugin
LogPluginManager: Loaded Plugin OnlineSubsystemNull, From S:/Epic Games/4.13/Engine/Plugins/Online/OnlineSubsystemNull/OnlineSubsystemNull.uplugin
LogPluginManager: Loaded Plugin OnlineSubsystemOculus, From S:/Epic Games/4.13/Engine/Plugins/Online/OnlineSubsystemOculus/OnlineSubsystemOculus.uplugin
LogPluginManager: Loaded Plugin OnlineSubsystemSteam, From S:/Epic Games/4.13/Engine/Plugins/Online/OnlineSubsystemSteam/OnlineSubsystemSteam.uplugin
LogPluginManager: Loaded Plugin OnlineSubsystemUtils, From S:/Epic Games/4.13/Engine/Plugins/Online/OnlineSubsystemUtils/OnlineSubsystemUtils.uplugin
LogPluginManager: Loaded Plugin IOSTapJoy, From S:/Epic Games/4.13/Engine/Plugins/Runtime/Advertising/IOSTapJoy/IOSTapJoy.uplugin
LogPluginManager: Loaded Plugin AnalyticsBlueprintLibrary, From S:/Epic Games/4.13/Engine/Plugins/Runtime/Analytics/AnalyticsBlueprintLibrary/AnalyticsBlueprintLibrary.uplugin
LogPluginManager: Loaded Plugin AnalyticsMulticast, From S:/Epic Games/4.13/Engine/Plugins/Runtime/Analytics/AnalyticsMulticast/AnalyticsMulticast.uplugin
LogPluginManager: Loaded Plugin Apsalar, From S:/Epic Games/4.13/Engine/Plugins/Runtime/Analytics/Apsalar/Apsalar.uplugin
LogPluginManager: Loaded Plugin FileLogging, From S:/Epic Games/4.13/Engine/Plugins/Runtime/Analytics/FileLogging/FileLogging.uplugin
LogPluginManager: Loaded Plugin Flurry, From S:/Epic Games/4.13/Engine/Plugins/Runtime/Analytics/Flurry/Flurry.uplugin
LogPluginManager: Loaded Plugin AndroidDeviceProfileSelector, From S:/Epic Games/4.13/Engine/Plugins/Runtime/AndroidDeviceProfileSelector/AndroidDeviceProfileSelector.uplugin
LogPluginManager: Loaded Plugin AndroidMoviePlayer, From S:/Epic Games/4.13/Engine/Plugins/Runtime/AndroidMoviePlayer/AndroidMoviePlayer.uplugin
LogPluginManager: Loaded Plugin AppleMoviePlayer, From S:/Epic Games/4.13/Engine/Plugins/Runtime/AppleMoviePlayer/AppleMoviePlayer.uplugin
LogPluginManager: Loaded Plugin ArchVisCharacter, From S:/Epic Games/4.13/Engine/Plugins/Runtime/ArchVisCharacter/ArchVisCharacter.uplugin
LogPluginManager: Loaded Plugin CableComponent, From S:/Epic Games/4.13/Engine/Plugins/Runtime/CableComponent/CableComponent.uplugin
LogPluginManager: Loaded Plugin CustomMeshComponent, From S:/Epic Games/4.13/Engine/Plugins/Runtime/CustomMeshComponent/CustomMeshComponent.uplugin
LogPluginManager: Loaded Plugin ExampleDeviceProfileSelector, From S:/Epic Games/4.13/Engine/Plugins/Runtime/ExampleDeviceProfileSelector/ExampleDeviceProfileSelector.uplugin
LogPluginManager: Loaded Plugin GearVR, From S:/Epic Games/4.13/Engine/Plugins/Runtime/GearVR/GearVR.uplugin
LogPluginManager: Loaded Plugin GoogleVRController, From S:/Epic Games/4.13/Engine/Plugins/Runtime/GoogleVR/GoogleVRController/GoogleVRController.uplugin
LogPluginManager: Loaded Plugin GoogleVRHMD, From S:/Epic Games/4.13/Engine/Plugins/Runtime/GoogleVR/GoogleVRHMD/GoogleVRHMD.uplugin
LogPluginManager: Loaded Plugin IOSDeviceProfileSelector, From S:/Epic Games/4.13/Engine/Plugins/Runtime/IOSDeviceProfileSelector/IOSDeviceProfileSelector.uplugin
LogPluginManager: Loaded Plugin LeapMotion, From S:/Epic Games/4.13/Engine/Plugins/Runtime/LeapMotion/LeapMotion.uplugin
LogPluginManager: Loaded Plugin LinuxDeviceProfileSelector, From S:/Epic Games/4.13/Engine/Plugins/Runtime/LinuxDeviceProfileSelector/LinuxDeviceProfileSelector.uplugin
LogPluginManager: Loaded Plugin LiveEditorListenServer, From S:/Epic Games/4.13/Engine/Plugins/Runtime/LiveEditorListenServer/LiveEditorListenServer.uplugin
LogPluginManager: Loaded Plugin OculusAudio, From S:/Epic Games/4.13/Engine/Plugins/Runtime/OculusAudio/OculusAudio.uplugin
LogPluginManager: Loaded Plugin OculusInput, From S:/Epic Games/4.13/Engine/Plugins/Runtime/OculusInput/OculusInput.uplugin
LogPluginManager: Loaded Plugin OculusLibrary, From S:/Epic Games/4.13/Engine/Plugins/Runtime/OculusLibrary/OculusLibrary.uplugin
LogPluginManager: Loaded Plugin OculusRift, From S:/Epic Games/4.13/Engine/Plugins/Runtime/OculusRift/OculusRift.uplugin
LogPluginManager: Loaded Plugin Oodle, From S:/Epic Games/4.13/Engine/Plugins/Runtime/PacketHandlers/CompressionComponents/Oodle/Oodle.uplugin
LogPluginManager: Loaded Plugin ProceduralMeshComponent, From S:/Epic Games/4.13/Engine/Plugins/Runtime/ProceduralMeshComponent/ProceduralMeshComponent.uplugin
LogPluginManager: Loaded Plugin SoundMod, From S:/Epic Games/4.13/Engine/Plugins/Runtime/SoundMod/SoundMod.uplugin
LogPluginManager: Loaded Plugin SoundVisualizations, From S:/Epic Games/4.13/Engine/Plugins/Runtime/SoundVisualizations/SoundVisualizations.uplugin
LogPluginManager: Loaded Plugin SteamController, From S:/Epic Games/4.13/Engine/Plugins/Runtime/Steam/SteamController/SteamController.uplugin
LogPluginManager: Loaded Plugin SteamVR, From S:/Epic Games/4.13/Engine/Plugins/Runtime/Steam/SteamVR/SteamVR.uplugin
LogPluginManager: Loaded Plugin WebBrowserWidget, From S:/Epic Games/4.13/Engine/Plugins/Runtime/WebBrowserWidget/WebBrowserWidget.uplugin
LogPluginManager: Loaded Plugin WindowsDeviceProfileSelector, From S:/Epic Games/4.13/Engine/Plugins/Runtime/WindowsDeviceProfileSelector/WindowsDeviceProfileSelector.uplugin
LogPluginManager: Loaded Plugin WindowsMoviePlayer, From S:/Epic Games/4.13/Engine/Plugins/Runtime/WindowsMoviePlayer/WindowsMoviePlayer.uplugin
LogPluginManager: Loaded Plugin ScriptPlugin, From S:/Epic Games/4.13/Engine/Plugins/ScriptPlugin/ScriptPlugin.uplugin
LogPluginManager: Loaded Plugin SlateRemote, From S:/Epic Games/4.13/Engine/Plugins/Slate/SlateRemote/SlateRemote.uplugin
LogInit: Using libcurl 7.47.1
LogInit:  - built for x86_64-pc-win32
LogInit:  - supports SSL with WinSSL
LogInit:  - other features:
LogInit:      CURL_VERSION_SSL
LogInit:      CURL_VERSION_IPV6
LogInit:      CURL_VERSION_ASYNCHDNS
LogInit:      CURL_VERSION_LARGEFILE
LogInit:      CURL_VERSION_IDN
LogInit:  CurlRequestOptions (configurable via config and command line):
LogInit:  - bVerifyPeer = false  - Libcurl will NOT verify peer certificate
LogInit:  - bUseHttpProxy = false  - Libcurl will NOT use HTTP proxy
LogInit:  - bDontReuseConnections = false  - Libcurl will reuse connections
LogInit:  - CertBundlePath = nullptr  - Libcurl will use whatever was configured at build time.
OCULUS: Info: [CAPI] LibOVR module is located at E:\Oculus\Support\oculus-runtime\LibOVRRT64_1.dll
OCULUS: Info: [HMDState] Requested to SetForegroundWindow(1b0d20ll)
OCULUS: Debug: Connected to the server running version (prod = 1).1.8.0(build = 285271) feature version = 0. Client runs version (prod = 1).1.8.0(build = 285271) feature version = 0
LogInit: Build: ++UE4+Release-4.13-CL-3142249
LogInit: Engine Version: 4.13.1-3142249+++UE4+Release-4.13
LogInit: Compatible Engine Version: 4.13.0-3106830+++UE4+Release-4.13
LogInit: Net CL: 3142249
LogDevObjectVersion: Number of dev versions registered: 13
LogDevObjectVersion:   Dev-Blueprints (B0D832E4-1F89-4F0D-ACCF-7EB736FD4AA2): 5
LogDevObjectVersion:   Dev-Build (E1C64328-A22C-4D53-A36C-8E866417BD8C): 0
LogDevObjectVersion:   Dev-Core (375EC13C-06E4-48FB-B500-84F0262A717E): 1
LogDevObjectVersion:   Dev-Editor (E4B068ED-F494-42E9-A231-DA0B2E46BB41): 6
LogDevObjectVersion:   Dev-Framework (CFFC743F-43B0-4480-9391-14DF171D2073): 12
LogDevObjectVersion:   Dev-Mobile (B02B49B5-BB20-44E9-A304-32B752E40360): 0
LogDevObjectVersion:   Dev-Networking (A4E4105C-59A1-49B5-A7C5-40C4547EDFEE): 0
LogDevObjectVersion:   Dev-Online (39C831C9-5AE6-47DC-9A44-9C173E1C8E7C): 0
LogDevObjectVersion:   Dev-Physics (78F01B33-EBEA-4F98-B9B4-84EACCB95AA2): 0
LogDevObjectVersion:   Dev-Platform (6631380F-2D4D-43E0-8009-CF276956A95A): 0
LogDevObjectVersion:   Dev-Rendering (12F88B9F-8875-4AFC-A67C-D90C383ABD29): 4
LogDevObjectVersion:   Dev-Sequencer (7B5AE74C-D270-4C10-A958-57980B212A5A): 0
LogDevObjectVersion:   Dev-VR (D7296918-1DD6-4BDD-9DE2-64A83CC13884): 0
LogInit: Compiled (64-bit): Sep 28 2016 02:12:12
LogInit: Compiled with Visual C++: 19.00.23026.00
LogInit: Build Configuration: Development
LogInit: Branch Name: ++UE4+Release-4.13
LogInit: Command line:  /Temp/Autosaves/Game/FirstPersonBP/Maps/UEDPCFirstPersonExampleMap -game -PIEVIACONSOLE -ResX=1280 -ResY=720  -Multiprocess -windowed -messaging -SessionName="Play in Standalone Game" 
LogInit: Base directory: S:/Epic Games/4.13/Engine/Binaries/Win64/
LogInit: Installed Engine Build: 1
LogInit: Presizing for max 8388607 objects, including 0 objects not considered by GC, pre-allocating 0 bytes for permanent pool.
LogInit: Object subsystem initialized
[2016.10.08-21.27.15:929][  0]LogInit: Selected Device Profile: [Windows]
[2016.10.08-21.27.15:929][  0]LogInit: Applying CVar settings loaded from the selected device profile: [Windows]
[2016.10.08-21.27.15:942][  0]LogInit: Computer: H-PC
[2016.10.08-21.27.15:942][  0]LogInit: User: Helena
[2016.10.08-21.27.15:942][  0]LogInit: CPU Page size=65536, Cores=4
[2016.10.08-21.27.15:942][  0]LogInit: High frequency timer resolution =3.417974 MHz
[2016.10.08-21.27.15:942][  0]LogMemory: Memory total: Physical=8.0GB (8GB approx)
[2016.10.08-21.27.15:942][  0]LogMemory: Platform Memory Stats for Windows
[2016.10.08-21.27.15:942][  0]LogMemory: Process Physical Memory: 260.19 MB used, 260.19 MB peak
[2016.10.08-21.27.15:943][  0]LogMemory: Process Virtual Memory: 263.10 MB used, 263.10 MB peak
[2016.10.08-21.27.15:943][  0]LogMemory: Physical Memory: 4720.20 MB used, 8143.79 MB total
[2016.10.08-21.27.15:943][  0]LogMemory: Virtual Memory: 663.72 MB used, 134217728.00 MB total
[2016.10.08-21.27.16:318][  0]LogTextLocalizationManager: No specific translations for ('en-US') exist, so ('en') translations will be used.
[2016.10.08-21.27.17:305][  0]LogD3D11RHI: D3D11 adapters:
[2016.10.08-21.27.17:901][  0]LogD3D11RHI:    0. 'NVIDIA GeForce GTX 970' (Feature Level 11_0)
[2016.10.08-21.27.17:901][  0]LogD3D11RHI:       3957/0/4071 MB DedicatedVideo/DedicatedSystem/SharedSystem, Outputs:1, VendorId:0x10de
[2016.10.08-21.27.17:903][  0]LogD3D11RHI:    1. 'Microsoft Basic Render Driver' (Feature Level 11_0)
[2016.10.08-21.27.17:903][  0]LogD3D11RHI:       0/0/4071 MB DedicatedVideo/DedicatedSystem/SharedSystem, Outputs:0, VendorId:0x1414
[2016.10.08-21.27.17:903][  0]LogD3D11RHI: Chosen D3D11 Adapter: 0
[2016.10.08-21.27.17:908][  0]LogD3D11RHI: Creating new Direct3DDevice
[2016.10.08-21.27.17:915][  0]LogD3D11RHI:     GPU DeviceId: 0x13c2 (for the marketing name, search the web for "GPU Device Id")
[2016.10.08-21.27.17:915][  0]LogWindows: EnumDisplayDevices:
[2016.10.08-21.27.17:916][  0]LogWindows:    0. 'NVIDIA GeForce GTX 970' (P:1 D:1)
[2016.10.08-21.27.17:916][  0]LogWindows:    1. 'NVIDIA GeForce GTX 970' (P:0 D:0)
[2016.10.08-21.27.17:916][  0]LogWindows:    2. 'NVIDIA GeForce GTX 970' (P:0 D:0)
[2016.10.08-21.27.17:916][  0]LogWindows:    3. 'NVIDIA GeForce GTX 970' (P:0 D:0)
[2016.10.08-21.27.17:916][  0]LogWindows: DebugString: FoundDriverCount:4 
[2016.10.08-21.27.17:916][  0]LogD3D11RHI:     Adapter Name: NVIDIA GeForce GTX 970
[2016.10.08-21.27.17:924][  0]LogD3D11RHI:   Driver Version: 372.54 (internal:21.21.13.7254, unified:372.54)
[2016.10.08-21.27.17:924][  0]LogD3D11RHI:      Driver Date: 8-11-2016
[2016.10.08-21.27.17:924][  0]LogRHI: Texture pool is 1361 MB (70% of 1945 MB)
[2016.10.08-21.27.18:438][  0]LogD3D11RHI: Async texture creation enabled
[2016.10.08-21.27.18:604][  0]LogD3D11RHI: GPU Timing Frequency: 1000.000000 (Debug: 2 1)
[2016.10.08-21.27.18:649][  0]LogShaderCompilers: Guid format shader working directory is -7 characters bigger than the processId version (../../../../../CodeRed Repo/CodeRed-Repository/CodeRed/Intermediate/Shaders/WorkingDirectory/2460/).
[2016.10.08-21.27.18:649][  0]LogShaderCompilers: Cleaned the shader compiler working directory 'C:/Users/Helena/AppData/Local/Temp/UnrealShaderWorkingDir/FBA8DC354AEFAB6AB10470B026C3B140/'.
[2016.10.08-21.27.18:649][  0]LogShaderCompilers:Display: Using Local Shader Compiler.
[2016.10.08-21.27.20:697][  0]LogTemp:Display: Loaded TP WindowsClientTargetPlatform
[2016.10.08-21.27.20:728][  0]LogTemp:Display: Loaded TP WindowsNoEditorTargetPlatform
[2016.10.08-21.27.20:734][  0]LogTemp:Display: Loaded TP WindowsServerTargetPlatform
[2016.10.08-21.27.20:741][  0]LogTemp:Display: Loaded TP WindowsTargetPlatform
[2016.10.08-21.27.20:741][  0]LogTargetPlatformManager:Display: Building Assets For Windows
[2016.10.08-21.27.21:131][  0]LogDerivedDataCache:Display: Max Cache Size: 512 MB
[2016.10.08-21.27.21:391][  0]LogDerivedDataCache: Loaded boot cache 0.26s 62MB C:/Users/Helena/AppData/Local/UnrealEngine/4.13/DerivedDataCache/Boot.ddc.
[2016.10.08-21.27.21:391][  0]LogDerivedDataCache:Display: Loaded Boot cache: C:/Users/Helena/AppData/Local/UnrealEngine/4.13/DerivedDataCache/Boot.ddc
[2016.10.08-21.27.21:391][  0]LogDerivedDataCache: FDerivedDataBackendGraph:  Pak pak cache file ../../../../../CodeRed Repo/CodeRed-Repository/CodeRed/DerivedDataCache/DDC.ddp not found, will not use a pak cache.
[2016.10.08-21.27.21:391][  0]LogDerivedDataCache: Unable to find inner node Pak for hierarchical cache Hierarchy.
[2016.10.08-21.27.21:391][  0]LogDerivedDataCache: FDerivedDataBackendGraph:  CompressedPak pak cache file ../../../../../CodeRed Repo/CodeRed-Repository/CodeRed/DerivedDataCache/Compressed.ddp not found, will not use a pak cache.
[2016.10.08-21.27.21:391][  0]LogDerivedDataCache: Unable to find inner node CompressedPak for hierarchical cache Hierarchy.
[2016.10.08-21.27.21:425][  0]LogDerivedDataCache:Display: Pak cache opened for reading ../../../Engine/DerivedDataCache/Compressed.ddp.
[2016.10.08-21.27.21:437][  0]LogDerivedDataCache: Using Local data cache path C:/Users/Helena/AppData/Local/UnrealEngine/Common/DerivedDataCache: Writable
[2016.10.08-21.27.26:135][  0]LogAssetRegistry: FAssetRegistry took 0.0001 seconds to start up
[2016.10.08-21.27.26:169][  0]LogPackageLocalizationCache: Processed 3 localized package path(s) for 2 prioritized culture(s) in 0.020672 seconds
[2016.10.08-21.27.26:260][  0]LogInit: Selected Device Profile: [Windows]
[2016.10.08-21.27.26:266][  0]LogContentStreaming: Texture pool size is 1000.00 MB
[2016.10.08-21.27.26:409][  0]LogMeshUtilities: No automatic mesh reduction module available
[2016.10.08-21.27.26:409][  0]LogMeshUtilities: No automatic mesh merging module available
[2016.10.08-21.27.26:409][  0]LogMeshUtilities: No distributed automatic mesh merging module available
[2016.10.08-21.27.27:019][  0]LogMaterial: Uniform references updated for custom material expression Custom.
[2016.10.08-21.27.28:020][  0]LogNetVersion: GetLocalNetworkVersion: CL: 3106830, ProjectName: codered, ProjectVersion: , EngineNetworkVersion: 1, GameNetworkVersion: 0, NetworkChecksum: 438237191
[2016.10.08-21.27.28:114][  0]LogInit: WinSock: version 1.1 (2.2), MaxSocks=32767, MaxUdp=65467
[2016.10.08-21.27.29:782][  0]LogSlate: SlateFontCache - WITH_FREETYPE: 1, WITH_HARFBUZZ: 1
[2016.10.08-21.27.29:782][  0]LogSlate: SlateFontCache - WITH_FREETYPE: 1, WITH_HARFBUZZ: 1
[2016.10.08-21.27.30:364][  0]LogMoviePlayer: Initializing movie player
[2016.10.08-21.27.30:510][  0]LogWindowsMoviePlayer: Unable to load movie: ../../../../../CodeRed Repo/CodeRed-Repository/CodeRed/Content/Movies/Default_Startup.mp4
[2016.10.08-21.27.30:724][  0]LogTcpMessaging: Initializing TcpMessaging bridge
[2016.10.08-21.27.30:757][  0]LogUdpMessaging: Initializing bridge on interface 0.0.0.0:0 to multicast group 230.0.0.1:6666.
[2016.10.08-21.27.30:901][  0]SourceControl: Info Source control is disabled
[2016.10.08-21.27.30:901][  0]SourceControl: Info Source control is disabled
[2016.10.08-21.27.30:989][  0]SourceControl: Info Source control is disabled
[2016.10.08-21.27.31:381][  0]LogUObjectArray: 32656 objects as part of root set at end of initial load.
[2016.10.08-21.27.31:381][  0]LogUObjectAllocator: 7245024 out of 0 bytes used by permanent object pool.
[2016.10.08-21.27.31:381][  0]LogUObjectArray: CloseDisregardForGC: 0/0 objects in disregard for GC pool
[2016.10.08-21.27.31:838][  0]LogEngine: Initializing Engine...
[2016.10.08-21.27.51:573][  0]LogHMD: Oculus plugin initialized. Version: 4.13.1-3142249+++UE4+Release-4.13, LibOVR: 1.8.0, SDK: 1.6.0, built Sep 28 2016, 02:14:12
[2016.10.08-21.27.51:739][  0]LogInit: XAudio2 using 'Desk (Realtek High Definition Audio)' : 2 channels at 48 kHz using 16 bits per sample (channel mask 0x3)
[2016.10.08-21.27.51:756][  0]LogInit: FAudioDevice initialized.
[2016.10.08-21.27.51:767][  0]LogInit: Texture streaming: Enabled
[2016.10.08-21.27.52:035][  0]LogInit:Display: Game Engine Initialized.
[2016.10.08-21.27.52:215][  0]LogInit:Display: Starting Game.
[2016.10.08-21.27.52:215][  0]LogNet: Browse: /Temp/Autosaves/Game/FirstPersonBP/Maps/UEDPCFirstPersonExampleMap?Name=Player
[2016.10.08-21.27.52:238][  0]LogLoadingSplash: Loading begins
[2016.10.08-21.27.52:238][  0]LogHMD: FOculusRiftSplash::PushBlackFrame
[2016.10.08-21.27.52:238][  0]LogHMD: FOculusRiftSplash::Show
[2016.10.08-21.27.52:239][  0]LogLoad: LoadMap: /Temp/Autosaves/Game/FirstPersonBP/Maps/UEDPCFirstPersonExampleMap?Name=Player
[2016.10.08-21.27.52:267][  0]LogMemory: Platform Memory Stats for Windows
[2016.10.08-21.27.52:267][  0]LogMemory: Process Physical Memory: 639.36 MB used, 692.85 MB peak
[2016.10.08-21.27.52:267][  0]LogMemory: Process Virtual Memory: 910.57 MB used, 910.58 MB peak
[2016.10.08-21.27.52:267][  0]LogMemory: Physical Memory: 4956.43 MB used, 8143.79 MB total
[2016.10.08-21.27.52:267][  0]LogMemory: Virtual Memory: 1564.46 MB used, 134217728.00 MB total
[2016.10.08-21.27.52:267][  0]LogMemory: 
[2016.10.08-21.27.52:267][  0]Allocator Stats for TBB: (not implemented)
[2016.10.08-21.27.53:050][  0]LogAIModule: Creating AISystem for world FirstPersonExampleMap
[2016.10.08-21.27.53:050][  0]LogWorld: Game class is 'FirstPersonGameMode_C'
[2016.10.08-21.27.53:059][  0]LogWorld: Bringing World /Temp/Autosaves/Game/FirstPersonBP/Maps/UEDPCFirstPersonExampleMap.FirstPersonExampleMap up for play (max tick rate 0) at 2016.10.08-14.27.53
[2016.10.08-21.27.53:059][  0]LogWorld: Bringing up level for play took: 0.007486
[2016.10.08-21.27.53:082][  0]LogGameMode:Display: Match State Changed from EnteringMap to WaitingToStart
[2016.10.08-21.27.53:082][  0]LogGameState: Match State Changed from EnteringMap to WaitingToStart
[2016.10.08-21.27.53:082][  0]LogGameMode:Display: Match State Changed from WaitingToStart to InProgress
[2016.10.08-21.27.53:083][  0]LogGameState: Match State Changed from WaitingToStart to InProgress
[2016.10.08-21.27.53:083][  0]LogLoadingSplash: Loading ends
[2016.10.08-21.27.53:083][  0]LogHMD: FOculusRiftSplash::Hide
[2016.10.08-21.27.53:083][  0]LogHMD: FOculusRiftSplash::PushBlackFrame
[2016.10.08-21.27.53:083][  0]LogLoad: Took 0.844073 seconds to LoadMap(/Temp/Autosaves/Game/FirstPersonBP/Maps/UEDPCFirstPersonExampleMap)
[2016.10.08-21.27.53:391][  0]LogLoad: (Engine Initialization) Total time: 39.89 seconds
[2016.10.08-21.27.53:391][  0]LogLoad: (Engine Initialization) Total Blueprint compile time: 0.30 seconds
[2016.10.08-21.27.53:398][  0]LogExternalProfiler: Found external profiler: VSPerf
[2016.10.08-21.27.53:398][  0]LogExternalProfiler: Using external profiler: VSPerf
[2016.10.08-21.27.53:426][  0]LogOcInput: OculusInput pre-init called
[2016.10.08-21.27.53:437][  0]LogOcInput: OculusInput is initialized. Init status 0. Runtime version: 1.8.0
[2016.10.08-21.27.53:533][  0]LogRenderer: Reallocating scene render targets to support 128x128 (Frame:1).
[2016.10.08-21.27.53:669][  1]LogRenderer: Reallocating scene render targets to support 1280x720 (Frame:2).
[2016.10.08-21.28.29:765][229]LogWindowsTextInputMethodSystem:Display: IME system now deactivated.
[2016.10.08-21.28.29:768][229]LogEngine: All Windows Closed
[2016.10.08-21.28.29:768][229]LogWindows: FPlatformMisc::RequestExit(0)
[2016.10.08-21.28.30:341][230]LogMoviePlayer: Shutting down movie player
[2016.10.08-21.28.30:621][230]LogExit: Preparing to exit.
[2016.10.08-21.28.31:044][230]LogExit: Game engine shut down
[2016.10.08-21.28.31:533][230]LogObj: Freed 0b from 0 cluster array pools.
[2016.10.08-21.28.31:533][230]LogExit: Object subsystem successfully closed.
[2016.10.08-21.28.31:684][230]LogD3D11RHI: Shutdown
[2016.10.08-21.28.31:684][230]LogD3D11RHI: CleanupD3DDevice
[2016.10.08-21.28.31:867][230]LogD3D11RHI: ~FD3D11DynamicRHI
[2016.10.08-21.28.32:057][230]LogModuleManager: Shutting down and abandoning module SequenceRecorderSections (119)
[2016.10.08-21.28.32:057][230]LogModuleManager: Shutting down and abandoning module SequenceRecorder (118)
[2016.10.08-21.28.32:057][230]LogModuleManager: Shutting down and abandoning module AutomationController (117)
[2016.10.08-21.28.32:057][230]LogModuleManager: Shutting down and abandoning module AutomationWorker (116)
[2016.10.08-21.28.32:057][230]LogModuleManager: Shutting down and abandoning module GameplayDebugger (115)
[2016.10.08-21.28.32:074][230]LogModuleManager: Shutting down and abandoning module AITestSuite (114)
[2016.10.08-21.28.32:074][230]LogModuleManager: Shutting down and abandoning module AIModule (113)
[2016.10.08-21.28.32:074][230]LogModuleManager: Shutting down and abandoning module WmfMediaFactory (112)
[2016.10.08-21.28.32:074][230]LogModuleManager: Shutting down and abandoning module AvfMediaFactory (111)
[2016.10.08-21.28.32:074][230]LogModuleManager: Shutting down and abandoning module Media (110)
[2016.10.08-21.28.32:074][230]LogModuleManager: Shutting down and abandoning module AndroidMediaFactory (109)
[2016.10.08-21.28.32:074][230]LogModuleManager: Shutting down and abandoning module CharacterAI (108)
[2016.10.08-21.28.32:074][230]LogModuleManager: Shutting down and abandoning module SessionServices (107)
[2016.10.08-21.28.32:074][230]LogModuleManager: Shutting down and abandoning module MovieSceneCapture (106)
[2016.10.08-21.28.32:074][230]LogModuleManager: Shutting down and abandoning module Niagara (105)
[2016.10.08-21.28.32:074][230]LogModuleManager: Shutting down and abandoning module StreamingPauseRendering (104)
[2016.10.08-21.28.32:074][230]LogModuleManager: Shutting down and abandoning module PortalServices (103)
[2016.10.08-21.28.32:074][230]LogModuleManager: Shutting down and abandoning module PortalRpc (102)
[2016.10.08-21.28.32:074][230]LogModuleManager: Shutting down and abandoning module MessagingRpc (101)
[2016.10.08-21.28.32:074][230]LogModuleManager: Shutting down and abandoning module ProfilerService (100)
[2016.10.08-21.28.32:179][230]LogModuleManager: Shutting down and abandoning module TaskGraph (99)
[2016.10.08-21.28.32:191][230]LogModuleManager: Shutting down and abandoning module SlateRemote (98)
[2016.10.08-21.28.32:191][230]LogModuleManager: Shutting down and abandoning module SteamVRController (97)
[2016.10.08-21.28.32:191][230]LogModuleManager: Shutting down and abandoning module SteamVR (96)
[2016.10.08-21.28.32:191][230]LogModuleManager: Shutting down and abandoning module ProceduralMeshComponent (95)
[2016.10.08-21.28.32:191][230]LogModuleManager: Shutting down and abandoning module OculusLibrary (94)
[2016.10.08-21.28.32:191][230]LogModuleManager: Shutting down and abandoning module OculusInput (93)
[2016.10.08-21.28.32:191][230]LogModuleManager: Shutting down and abandoning module CustomMeshComponent (92)
[2016.10.08-21.28.32:191][230]LogModuleManager: Shutting down and abandoning module CableComponent (91)
[2016.10.08-21.28.32:191][230]LogModuleManager: Shutting down and abandoning module ArchVisCharacter (90)
[2016.10.08-21.28.32:191][230]LogModuleManager: Shutting down and abandoning module HTML5Networking (88)
[2016.10.08-21.28.32:191][230]LogModuleManager: Shutting down and abandoning module DesktopPlatform (87)
[2016.10.08-21.28.32:194][230]LogModuleManager: Shutting down and abandoning module DirectoryWatcher (86)
[2016.10.08-21.28.32:198][230]LogModuleManager: Shutting down and abandoning module HotReload (85)
[2016.10.08-21.28.32:198][230]LogModuleManager: Shutting down and abandoning module VisualStudioSourceCodeAccess (84)
[2016.10.08-21.28.32:198][230]LogModuleManager: Shutting down and abandoning module UObjectPlugin (83)
[2016.10.08-21.28.32:198][230]LogModuleManager: Shutting down and abandoning module SubversionSourceControl (82)
[2016.10.08-21.28.32:198][230]LogModuleManager: Shutting down and abandoning module SourceControl (81)
[2016.10.08-21.28.32:205][230]LogModuleManager: Shutting down and abandoning module PerforceSourceControl (80)
[2016.10.08-21.28.32:205][230]LogModuleManager: Shutting down and abandoning module UdpMessaging (79)
[2016.10.08-21.28.32:306][230]LogModuleManager: Shutting down and abandoning module TcpMessaging (78)
[2016.10.08-21.28.32:418][230]LogModuleManager: Shutting down and abandoning module LightPropagationVolumeRuntime (77)
[2016.10.08-21.28.32:418][230]LogModuleManager: Shutting down and abandoning module Paper2D (76)
[2016.10.08-21.28.32:418][230]LogModuleManager: Shutting down and abandoning module WindowsMoviePlayer (75)
[2016.10.08-21.28.32:418][230]LogModuleManager: Shutting down and abandoning module WmfMedia (74)
[2016.10.08-21.28.32:445][230]LogModuleManager: Shutting down and abandoning module MediaAssets (73)
[2016.10.08-21.28.32:445][230]LogModuleManager: Shutting down and abandoning module GameLiveStreaming (72)
[2016.10.08-21.28.32:445][230]LogModuleManager: Shutting down and abandoning module GameplayTagsEditor (71)
[2016.10.08-21.28.32:445][230]LogModuleManager: Shutting down and abandoning module VREditor (70)
[2016.10.08-21.28.32:445][230]LogModuleManager: Shutting down and abandoning module GameplayTasksEditor (69)
[2016.10.08-21.28.32:445][230]LogModuleManager: Shutting down and abandoning module PropertyEditor (68)
[2016.10.08-21.28.32:445][230]LogModuleManager: Shutting down and abandoning module BehaviorTreeEditor (67)
[2016.10.08-21.28.32:457][230]LogModuleManager: Shutting down and abandoning module FunctionalTesting (66)
[2016.10.08-21.28.32:457][