Log file open, 10/06/16 19:59:14
LogInit:Display: Running engine for game: CodeRed
LogPlatformFile: Not using cached read wrapper
LogInit:Display: RandInit(990300961) SRandInit(990300961).
LogTaskGraph: Started task graph with 5 named threads and 8 total threads with 1 sets of task threads.
LogStats: Stats thread started at 2.667466
LogPluginManager: Loaded Plugin Paper2D, From S:/Epic Games/4.13/Engine/Plugins/2D/Paper2D/Paper2D.uplugin
LogPluginManager: Loaded Plugin LightPropagationVolume, From S:/Epic Games/4.13/Engine/Plugins/Blendables/LightPropagationVolume/LightPropagationVolume.uplugin
LogPluginManager: Loaded Plugin BlankPlugin, From S:/Epic Games/4.13/Engine/Plugins/Developer/BlankPlugin/BlankPlugin.uplugin
LogPluginManager: Loaded Plugin CodeLiteSourceCodeAccess, From S:/Epic Games/4.13/Engine/Plugins/Developer/CodeLiteSourceCodeAccess/CodeLiteSourceCodeAccess.uplugin
LogPluginManager: Loaded Plugin GitSourceControl, From S:/Epic Games/4.13/Engine/Plugins/Developer/GitSourceControl/GitSourceControl.uplugin
LogPluginManager: Loaded Plugin KDevelopSourceCodeAccess, From S:/Epic Games/4.13/Engine/Plugins/Developer/KDevelopSourceCodeAccess/KDevelopSourceCodeAccess.uplugin
LogPluginManager: Loaded Plugin NullSourceCodeAccess, From S:/Epic Games/4.13/Engine/Plugins/Developer/NullSourceCodeAccess/NullSourceCodeAccess.uplugin
LogPluginManager: Loaded Plugin OneSkyLocalizationService, From S:/Epic Games/4.13/Engine/Plugins/Developer/OneSkyLocalizationService/OneSkyLocalizationService.uplugin
LogPluginManager: Loaded Plugin PerforceSourceControl, From S:/Epic Games/4.13/Engine/Plugins/Developer/PerforceSourceControl/PerforceSourceControl.uplugin
LogPluginManager: Loaded Plugin SubversionSourceControl, From S:/Epic Games/4.13/Engine/Plugins/Developer/SubversionSourceControl/SubversionSourceControl.uplugin
LogPluginManager: Loaded Plugin UObjectPlugin, From S:/Epic Games/4.13/Engine/Plugins/Developer/UObjectPlugin/UObjectPlugin.uplugin
LogPluginManager: Loaded Plugin VisualStudioSourceCodeAccess, From S:/Epic Games/4.13/Engine/Plugins/Developer/VisualStudioSourceCodeAccess/VisualStudioSourceCodeAccess.uplugin
LogPluginManager: Loaded Plugin XCodeSourceCodeAccess, From S:/Epic Games/4.13/Engine/Plugins/Developer/XCodeSourceCodeAccess/XCodeSourceCodeAccess.uplugin
LogPluginManager: Loaded Plugin EpicSurvey, From S:/Epic Games/4.13/Engine/Plugins/Editor/EpicSurvey/EpicSurvey.uplugin
LogPluginManager: Loaded Plugin MacGraphicsSwitching, From S:/Epic Games/4.13/Engine/Plugins/Editor/MacGraphicsSwitching/MacGraphicsSwitching.uplugin
LogPluginManager: Loaded Plugin MobileLauncherProfileWizard, From S:/Epic Games/4.13/Engine/Plugins/Editor/MobileLauncherProfileWizard/MobileLauncherProfileWizard.uplugin
LogPluginManager: Loaded Plugin PluginBrowser, From S:/Epic Games/4.13/Engine/Plugins/Editor/PluginBrowser/PluginBrowser.uplugin
LogPluginManager: Loaded Plugin SpeedTreeImporter, From S:/Epic Games/4.13/Engine/Plugins/Editor/SpeedTreeImporter/SpeedTreeImporter.uplugin
LogPluginManager: Loaded Plugin SuperSearchEditor, From S:/Epic Games/4.13/Engine/Plugins/Editor/SuperSearchEditor/SuperSearchEditor.uplugin
LogPluginManager: Loaded Plugin AlembicImporter, From S:/Epic Games/4.13/Engine/Plugins/Experimental/AlembicImporter/AlembicImporter.uplugin
LogPluginManager: Loaded Plugin BlueprintStats, From S:/Epic Games/4.13/Engine/Plugins/Experimental/BlueprintStats/BlueprintStats.uplugin
LogPluginManager: Loaded Plugin CharacterAI, From S:/Epic Games/4.13/Engine/Plugins/Experimental/CharacterAI/CharacterAI.uplugin
LogPluginManager: Loaded Plugin CodeEditor, From S:/Epic Games/4.13/Engine/Plugins/Experimental/CodeEditor/CodeEditor.uplugin
LogPluginManager: Loaded Plugin CodeView, From S:/Epic Games/4.13/Engine/Plugins/Experimental/CodeView/CodeView.uplugin
LogPluginManager: Loaded Plugin HTML5Networking, From S:/Epic Games/4.13/Engine/Plugins/Experimental/HTML5Networking/HTML5Networking.uplugin
LogPluginManager: Loaded Plugin LiveEditor, From S:/Epic Games/4.13/Engine/Plugins/Experimental/LiveEditor/LiveEditor.uplugin
LogPluginManager: Loaded Plugin OSVR, From S:/Epic Games/4.13/Engine/Plugins/Experimental/OSVR/OSVR.uplugin
LogPluginManager: Loaded Plugin Phya, From S:/Epic Games/4.13/Engine/Plugins/Experimental/Phya/Phya.uplugin
LogPluginManager: Loaded Plugin SignificanceManager, From S:/Epic Games/4.13/Engine/Plugins/Experimental/SignificanceManager/SignificanceManager.uplugin
LogPluginManager: Loaded Plugin SimpleHMD, From S:/Epic Games/4.13/Engine/Plugins/Experimental/SimpleHMD/SimpleHMD.uplugin
LogPluginManager: Loaded Plugin StereoPanorama, From S:/Epic Games/4.13/Engine/Plugins/Experimental/StereoPanorama/StereoPanorama.uplugin
LogPluginManager: Loaded Plugin StructBox, From S:/Epic Games/4.13/Engine/Plugins/Experimental/StructBox/StructBox.uplugin
LogPluginManager: Loaded Plugin AndroidMedia, From S:/Epic Games/4.13/Engine/Plugins/Media/AndroidMedia/AndroidMedia.uplugin
LogPluginManager: Loaded Plugin AvfMedia, From S:/Epic Games/4.13/Engine/Plugins/Media/AvfMedia/AvfMedia.uplugin
LogPluginManager: Loaded Plugin MediaPlayerEditor, From S:/Epic Games/4.13/Engine/Plugins/Media/MediaPlayerEditor/MediaPlayerEditor.uplugin
LogPluginManager: Loaded Plugin WmfMedia, From S:/Epic Games/4.13/Engine/Plugins/Media/WmfMedia/WmfMedia.uplugin
LogPluginManager: Loaded Plugin MessagingDebugger, From S:/Epic Games/4.13/Engine/Plugins/Messaging/MessagingDebugger/MessagingDebugger.uplugin
LogPluginManager: Loaded Plugin TcpMessaging, From S:/Epic Games/4.13/Engine/Plugins/Messaging/TcpMessaging/TcpMessaging.uplugin
LogPluginManager: Loaded Plugin UdpMessaging, From S:/Epic Games/4.13/Engine/Plugins/Messaging/UdpMessaging/UdpMessaging.uplugin
LogPluginManager: Loaded Plugin LevelSequenceEditor, From S:/Epic Games/4.13/Engine/Plugins/MovieScene/LevelSequenceEditor/LevelSequenceEditor.uplugin
LogPluginManager: Loaded Plugin MatineeToLevelSequence, From S:/Epic Games/4.13/Engine/Plugins/MovieScene/MatineeToLevelSequence/MatineeToLevelSequence.uplugin
LogPluginManager: Loaded Plugin NetcodeUnitTest, From S:/Epic Games/4.13/Engine/Plugins/NetcodeUnitTest/NetcodeUnitTest/NetcodeUnitTest.uplugin
LogPluginManager: Loaded Plugin NUTUnrealEngine4, From S:/Epic Games/4.13/Engine/Plugins/NetcodeUnitTest/NUTUnrealEngine4/NUTUnrealEngine4.uplugin
LogPluginManager: Loaded Plugin OnlineSubsystemGooglePlay, From S:/Epic Games/4.13/Engine/Plugins/Online/Android/OnlineSubsystemGooglePlay/OnlineSubsystemGooglePlay.uplugin
LogPluginManager: Loaded Plugin OnlineSubsystemIOS, From S:/Epic Games/4.13/Engine/Plugins/Online/IOS/OnlineSubsystemIOS/OnlineSubsystemIOS.uplugin
LogPluginManager: Loaded Plugin OnlineFramework, From S:/Epic Games/4.13/Engine/Plugins/Online/OnlineFramework/OnlineFramework.uplugin
LogPluginManager: Loaded Plugin OnlineSubsystem, From S:/Epic Games/4.13/Engine/Plugins/Online/OnlineSubsystem/OnlineSubsystem.uplugin
LogPluginManager: Loaded Plugin OnlineSubsystemAmazon, From S:/Epic Games/4.13/Engine/Plugins/Online/OnlineSubsystemAmazon/OnlineSubsystemAmazon.uplugin
LogPluginManager: Loaded Plugin OnlineSubsystemFacebook, From S:/Epic Games/4.13/Engine/Plugins/Online/OnlineSubsystemFacebook/OnlineSubsystemFacebook.uplugin
LogPluginManager: Loaded Plugin OnlineSubsystemNull, From S:/Epic Games/4.13/Engine/Plugins/Online/OnlineSubsystemNull/OnlineSubsystemNull.uplugin
LogPluginManager: Loaded Plugin OnlineSubsystemOculus, From S:/Epic Games/4.13/Engine/Plugins/Online/OnlineSubsystemOculus/OnlineSubsystemOculus.uplugin
LogPluginManager: Loaded Plugin OnlineSubsystemSteam, From S:/Epic Games/4.13/Engine/Plugins/Online/OnlineSubsystemSteam/OnlineSubsystemSteam.uplugin
LogPluginManager: Loaded Plugin OnlineSubsystemUtils, From S:/Epic Games/4.13/Engine/Plugins/Online/OnlineSubsystemUtils/OnlineSubsystemUtils.uplugin
LogPluginManager: Loaded Plugin IOSTapJoy, From S:/Epic Games/4.13/Engine/Plugins/Runtime/Advertising/IOSTapJoy/IOSTapJoy.uplugin
LogPluginManager: Loaded Plugin AnalyticsBlueprintLibrary, From S:/Epic Games/4.13/Engine/Plugins/Runtime/Analytics/AnalyticsBlueprintLibrary/AnalyticsBlueprintLibrary.uplugin
LogPluginManager: Loaded Plugin AnalyticsMulticast, From S:/Epic Games/4.13/Engine/Plugins/Runtime/Analytics/AnalyticsMulticast/AnalyticsMulticast.uplugin
LogPluginManager: Loaded Plugin Apsalar, From S:/Epic Games/4.13/Engine/Plugins/Runtime/Analytics/Apsalar/Apsalar.uplugin
LogPluginManager: Loaded Plugin FileLogging, From S:/Epic Games/4.13/Engine/Plugins/Runtime/Analytics/FileLogging/FileLogging.uplugin
LogPluginManager: Loaded Plugin Flurry, From S:/Epic Games/4.13/Engine/Plugins/Runtime/Analytics/Flurry/Flurry.uplugin
LogPluginManager: Loaded Plugin AndroidDeviceProfileSelector, From S:/Epic Games/4.13/Engine/Plugins/Runtime/AndroidDeviceProfileSelector/AndroidDeviceProfileSelector.uplugin
LogPluginManager: Loaded Plugin AndroidMoviePlayer, From S:/Epic Games/4.13/Engine/Plugins/Runtime/AndroidMoviePlayer/AndroidMoviePlayer.uplugin
LogPluginManager: Loaded Plugin AppleMoviePlayer, From S:/Epic Games/4.13/Engine/Plugins/Runtime/AppleMoviePlayer/AppleMoviePlayer.uplugin
LogPluginManager: Loaded Plugin ArchVisCharacter, From S:/Epic Games/4.13/Engine/Plugins/Runtime/ArchVisCharacter/ArchVisCharacter.uplugin
LogPluginManager: Loaded Plugin CableComponent, From S:/Epic Games/4.13/Engine/Plugins/Runtime/CableComponent/CableComponent.uplugin
LogPluginManager: Loaded Plugin CustomMeshComponent, From S:/Epic Games/4.13/Engine/Plugins/Runtime/CustomMeshComponent/CustomMeshComponent.uplugin
LogPluginManager: Loaded Plugin ExampleDeviceProfileSelector, From S:/Epic Games/4.13/Engine/Plugins/Runtime/ExampleDeviceProfileSelector/ExampleDeviceProfileSelector.uplugin
LogPluginManager: Loaded Plugin GearVR, From S:/Epic Games/4.13/Engine/Plugins/Runtime/GearVR/GearVR.uplugin
LogPluginManager: Loaded Plugin GoogleVRController, From S:/Epic Games/4.13/Engine/Plugins/Runtime/GoogleVR/GoogleVRController/GoogleVRController.uplugin
LogPluginManager: Loaded Plugin GoogleVRHMD, From S:/Epic Games/4.13/Engine/Plugins/Runtime/GoogleVR/GoogleVRHMD/GoogleVRHMD.uplugin
LogPluginManager: Loaded Plugin IOSDeviceProfileSelector, From S:/Epic Games/4.13/Engine/Plugins/Runtime/IOSDeviceProfileSelector/IOSDeviceProfileSelector.uplugin
LogPluginManager: Loaded Plugin LeapMotion, From S:/Epic Games/4.13/Engine/Plugins/Runtime/LeapMotion/LeapMotion.uplugin
LogPluginManager: Loaded Plugin LinuxDeviceProfileSelector, From S:/Epic Games/4.13/Engine/Plugins/Runtime/LinuxDeviceProfileSelector/LinuxDeviceProfileSelector.uplugin
LogPluginManager: Loaded Plugin LiveEditorListenServer, From S:/Epic Games/4.13/Engine/Plugins/Runtime/LiveEditorListenServer/LiveEditorListenServer.uplugin
LogPluginManager: Loaded Plugin OculusAudio, From S:/Epic Games/4.13/Engine/Plugins/Runtime/OculusAudio/OculusAudio.uplugin
LogPluginManager: Loaded Plugin OculusInput, From S:/Epic Games/4.13/Engine/Plugins/Runtime/OculusInput/OculusInput.uplugin
LogPluginManager: Loaded Plugin OculusLibrary, From S:/Epic Games/4.13/Engine/Plugins/Runtime/OculusLibrary/OculusLibrary.uplugin
LogPluginManager: Loaded Plugin OculusRift, From S:/Epic Games/4.13/Engine/Plugins/Runtime/OculusRift/OculusRift.uplugin
LogPluginManager: Loaded Plugin Oodle, From S:/Epic Games/4.13/Engine/Plugins/Runtime/PacketHandlers/CompressionComponents/Oodle/Oodle.uplugin
LogPluginManager: Loaded Plugin ProceduralMeshComponent, From S:/Epic Games/4.13/Engine/Plugins/Runtime/ProceduralMeshComponent/ProceduralMeshComponent.uplugin
LogPluginManager: Loaded Plugin SoundMod, From S:/Epic Games/4.13/Engine/Plugins/Runtime/SoundMod/SoundMod.uplugin
LogPluginManager: Loaded Plugin SoundVisualizations, From S:/Epic Games/4.13/Engine/Plugins/Runtime/SoundVisualizations/SoundVisualizations.uplugin
LogPluginManager: Loaded Plugin SteamController, From S:/Epic Games/4.13/Engine/Plugins/Runtime/Steam/SteamController/SteamController.uplugin
LogPluginManager: Loaded Plugin SteamVR, From S:/Epic Games/4.13/Engine/Plugins/Runtime/Steam/SteamVR/SteamVR.uplugin
LogPluginManager: Loaded Plugin WebBrowserWidget, From S:/Epic Games/4.13/Engine/Plugins/Runtime/WebBrowserWidget/WebBrowserWidget.uplugin
LogPluginManager: Loaded Plugin WindowsDeviceProfileSelector, From S:/Epic Games/4.13/Engine/Plugins/Runtime/WindowsDeviceProfileSelector/WindowsDeviceProfileSelector.uplugin
LogPluginManager: Loaded Plugin WindowsMoviePlayer, From S:/Epic Games/4.13/Engine/Plugins/Runtime/WindowsMoviePlayer/WindowsMoviePlayer.uplugin
LogPluginManager: Loaded Plugin ScriptPlugin, From S:/Epic Games/4.13/Engine/Plugins/ScriptPlugin/ScriptPlugin.uplugin
LogPluginManager: Loaded Plugin SlateRemote, From S:/Epic Games/4.13/Engine/Plugins/Slate/SlateRemote/SlateRemote.uplugin
LogInit: Using libcurl 7.47.1
LogInit:  - built for x86_64-pc-win32
LogInit:  - supports SSL with WinSSL
LogInit:  - other features:
LogInit:      CURL_VERSION_SSL
LogInit:      CURL_VERSION_IPV6
LogInit:      CURL_VERSION_ASYNCHDNS
LogInit:      CURL_VERSION_LARGEFILE
LogInit:      CURL_VERSION_IDN
LogInit:  CurlRequestOptions (configurable via config and command line):
LogInit:  - bVerifyPeer = false  - Libcurl will NOT verify peer certificate
LogInit:  - bUseHttpProxy = false  - Libcurl will NOT use HTTP proxy
LogInit:  - bDontReuseConnections = false  - Libcurl will reuse connections
LogInit:  - CertBundlePath = nullptr  - Libcurl will use whatever was configured at build time.
OCULUS: Info: [CAPI] LibOVR module is located at E:\Oculus\Support\oculus-runtime\LibOVRRT64_1.dll
OCULUS: Debug: Connected to the server running version (prod = 1).1.8.0(build = 285271) feature version = 0. Client runs version (prod = 1).1.8.0(build = 285271) feature version = 0
LogInit: Build: ++UE4+Release-4.13-CL-3142249
LogInit: Engine Version: 4.13.1-3142249+++UE4+Release-4.13
LogInit: Compatible Engine Version: 4.13.0-3106830+++UE4+Release-4.13
LogInit: Net CL: 3142249
LogDevObjectVersion: Number of dev versions registered: 13
LogDevObjectVersion:   Dev-Blueprints (B0D832E4-1F89-4F0D-ACCF-7EB736FD4AA2): 5
LogDevObjectVersion:   Dev-Build (E1C64328-A22C-4D53-A36C-8E866417BD8C): 0
LogDevObjectVersion:   Dev-Core (375EC13C-06E4-48FB-B500-84F0262A717E): 1
LogDevObjectVersion:   Dev-Editor (E4B068ED-F494-42E9-A231-DA0B2E46BB41): 6
LogDevObjectVersion:   Dev-Framework (CFFC743F-43B0-4480-9391-14DF171D2073): 12
LogDevObjectVersion:   Dev-Mobile (B02B49B5-BB20-44E9-A304-32B752E40360): 0
LogDevObjectVersion:   Dev-Networking (A4E4105C-59A1-49B5-A7C5-40C4547EDFEE): 0
LogDevObjectVersion:   Dev-Online (39C831C9-5AE6-47DC-9A44-9C173E1C8E7C): 0
LogDevObjectVersion:   Dev-Physics (78F01B33-EBEA-4F98-B9B4-84EACCB95AA2): 0
LogDevObjectVersion:   Dev-Platform (6631380F-2D4D-43E0-8009-CF276956A95A): 0
LogDevObjectVersion:   Dev-Rendering (12F88B9F-8875-4AFC-A67C-D90C383ABD29): 4
LogDevObjectVersion:   Dev-Sequencer (7B5AE74C-D270-4C10-A958-57980B212A5A): 0
LogDevObjectVersion:   Dev-VR (D7296918-1DD6-4BDD-9DE2-64A83CC13884): 0
LogInit: Compiled (64-bit): Sep 28 2016 02:12:12
LogInit: Compiled with Visual C++: 19.00.23026.00
LogInit: Build Configuration: Development
LogInit: Branch Name: ++UE4+Release-4.13
LogInit: Command line:  
LogInit: Base directory: S:/Epic Games/4.13/Engine/Binaries/Win64/
LogInit: Installed Engine Build: 1
LogInit: Presizing for max 8388607 objects, including 0 objects not considered by GC, pre-allocating 0 bytes for permanent pool.
LogInit: Object subsystem initialized
[2016.10.07-02.59.15:579][  0]LogInit: Selected Device Profile: [Windows]
[2016.10.07-02.59.15:579][  0]LogInit: Applying CVar settings loaded from the selected device profile: [Windows]
[2016.10.07-02.59.15:682][  0]LogInit: Computer: H-PC
[2016.10.07-02.59.15:682][  0]LogInit: User: Helena
[2016.10.07-02.59.15:682][  0]LogInit: CPU Page size=65536, Cores=4
[2016.10.07-02.59.15:682][  0]LogInit: High frequency timer resolution =3.417974 MHz
[2016.10.07-02.59.15:682][  0]LogMemory: Memory total: Physical=8.0GB (8GB approx)
[2016.10.07-02.59.15:682][  0]LogMemory: Platform Memory Stats for Windows
[2016.10.07-02.59.15:683][  0]LogMemory: Process Physical Memory: 262.44 MB used, 262.44 MB peak
[2016.10.07-02.59.15:683][  0]LogMemory: Process Virtual Memory: 263.09 MB used, 263.09 MB peak
[2016.10.07-02.59.15:683][  0]LogMemory: Physical Memory: 4232.34 MB used, 8143.79 MB total
[2016.10.07-02.59.15:683][  0]LogMemory: Virtual Memory: 664.20 MB used, 134217728.00 MB total
[2016.10.07-02.59.16:417][  0]LogTextLocalizationManager: No specific translations for ('en-US') exist, so ('en') translations will be used.
[2016.10.07-02.59.19:037][  0]LogD3D11RHI: D3D11 adapters:
[2016.10.07-02.59.19:635][  0]LogD3D11RHI:    0. 'NVIDIA GeForce GTX 970' (Feature Level 11_0)
[2016.10.07-02.59.19:635][  0]LogD3D11RHI:       3957/0/4071 MB DedicatedVideo/DedicatedSystem/SharedSystem, Outputs:1, VendorId:0x10de
[2016.10.07-02.59.19:637][  0]LogD3D11RHI:    1. 'Microsoft Basic Render Driver' (Feature Level 11_0)
[2016.10.07-02.59.19:637][  0]LogD3D11RHI:       0/0/4071 MB DedicatedVideo/DedicatedSystem/SharedSystem, Outputs:0, VendorId:0x1414
[2016.10.07-02.59.19:637][  0]LogD3D11RHI: Chosen D3D11 Adapter: 0
[2016.10.07-02.59.19:643][  0]LogD3D11RHI: Creating new Direct3DDevice
[2016.10.07-02.59.19:643][  0]LogD3D11RHI:     GPU DeviceId: 0x13c2 (for the marketing name, search the web for "GPU Device Id")
[2016.10.07-02.59.19:643][  0]LogWindows: EnumDisplayDevices:
[2016.10.07-02.59.19:643][  0]LogWindows:    0. 'NVIDIA GeForce GTX 970' (P:1 D:1)
[2016.10.07-02.59.19:644][  0]LogWindows:    1. 'NVIDIA GeForce GTX 970' (P:0 D:0)
[2016.10.07-02.59.19:644][  0]LogWindows:    2. 'NVIDIA GeForce GTX 970' (P:0 D:0)
[2016.10.07-02.59.19:644][  0]LogWindows:    3. 'NVIDIA GeForce GTX 970' (P:0 D:0)
[2016.10.07-02.59.19:644][  0]LogWindows: DebugString: FoundDriverCount:4 
[2016.10.07-02.59.19:644][  0]LogD3D11RHI:     Adapter Name: NVIDIA GeForce GTX 970
[2016.10.07-02.59.19:644][  0]LogD3D11RHI:   Driver Version: 372.54 (internal:21.21.13.7254, unified:372.54)
[2016.10.07-02.59.19:644][  0]LogD3D11RHI:      Driver Date: 8-11-2016
[2016.10.07-02.59.19:644][  0]LogRHI: Texture pool is 1361 MB (70% of 1945 MB)
[2016.10.07-02.59.20:134][  0]LogD3D11RHI: Async texture creation enabled
[2016.10.07-02.59.20:406][  0]LogD3D11RHI: GPU Timing Frequency: 1000.000000 (Debug: 2 1)
[2016.10.07-02.59.20:464][  0]LogShaderCompilers: Guid format shader working directory is -7 characters bigger than the processId version (../../../../../CodeRed Repo/CodeRed-Repository/CodeRed/Intermediate/Shaders/WorkingDirectory/2880/).
[2016.10.07-02.59.20:464][  0]LogShaderCompilers: Cleaned the shader compiler working directory 'C:/Users/Helena/AppData/Local/Temp/UnrealShaderWorkingDir/4523EB83431FD55A3B4B9F926EF127EE/'.
[2016.10.07-02.59.20:464][  0]LogShaderCompilers:Display: Using Local Shader Compiler.
[2016.10.07-02.59.23:391][  0]LogTemp:Display: Loaded TP AllDesktopTargetPlatform
[2016.10.07-02.59.23:399][  0]LogTemp:Display: Loaded TP WindowsClientTargetPlatform
[2016.10.07-02.59.23:406][  0]LogTemp:Display: Loaded TP WindowsNoEditorTargetPlatform
[2016.10.07-02.59.23:412][  0]LogTemp:Display: Loaded TP WindowsServerTargetPlatform
[2016.10.07-02.59.23:418][  0]LogTemp:Display: Loaded TP WindowsTargetPlatform
[2016.10.07-02.59.23:456][  0]LogTemp:Display: Loaded TP AndroidTargetPlatform
[2016.10.07-02.59.23:465][  0]LogTemp:Display: Loaded TP Android_ASTCTargetPlatform
[2016.10.07-02.59.23:472][  0]LogTemp:Display: Loaded TP Android_ATCTargetPlatform
[2016.10.07-02.59.23:478][  0]LogTemp:Display: Loaded TP Android_DXTTargetPlatform
[2016.10.07-02.59.23:483][  0]LogTemp:Display: Loaded TP Android_ETC1TargetPlatform
[2016.10.07-02.59.23:489][  0]LogTemp:Display: Loaded TP Android_ETC2TargetPlatform
[2016.10.07-02.59.23:502][  0]LogTemp:Display: Loaded TP Android_MultiTargetPlatform
[2016.10.07-02.59.23:502][  0]LogTemp:Display: Loaded TP Android_PVRTCTargetPlatform
[2016.10.07-02.59.23:510][  0]LogTemp:Display: Loaded TP HTML5TargetPlatform
[2016.10.07-02.59.23:600][  0]LogTemp:Display: Loaded TP IOSTargetPlatform
[2016.10.07-02.59.23:606][  0]LogTemp:Display: Loaded TP TVOSTargetPlatform
[2016.10.07-02.59.23:611][  0]LogTemp:Display: Loaded TP LinuxClientTargetPlatform
[2016.10.07-02.59.23:618][  0]LogTemp:Display: Loaded TP LinuxNoEditorTargetPlatform
[2016.10.07-02.59.23:624][  0]LogTemp:Display: Loaded TP LinuxServerTargetPlatform
[2016.10.07-02.59.23:639][  0]LogTemp:Display: Loaded TP LinuxTargetPlatform
[2016.10.07-02.59.23:639][  0]LogTargetPlatformManager:Display: Building Assets For Windows
[2016.10.07-02.59.24:371][  0]LogDerivedDataCache:Display: Max Cache Size: 512 MB
[2016.10.07-02.59.24:642][  0]LogDerivedDataCache: Loaded boot cache 0.27s 62MB C:/Users/Helena/AppData/Local/UnrealEngine/4.13/DerivedDataCache/Boot.ddc.
[2016.10.07-02.59.24:642][  0]LogDerivedDataCache:Display: Loaded Boot cache: C:/Users/Helena/AppData/Local/UnrealEngine/4.13/DerivedDataCache/Boot.ddc
[2016.10.07-02.59.24:642][  0]LogDerivedDataCache: FDerivedDataBackendGraph:  Pak pak cache file ../../../../../CodeRed Repo/CodeRed-Repository/CodeRed/DerivedDataCache/DDC.ddp not found, will not use a pak cache.
[2016.10.07-02.59.24:642][  0]LogDerivedDataCache: Unable to find inner node Pak for hierarchical cache Hierarchy.
[2016.10.07-02.59.24:642][  0]LogDerivedDataCache: FDerivedDataBackendGraph:  CompressedPak pak cache file ../../../../../CodeRed Repo/CodeRed-Repository/CodeRed/DerivedDataCache/Compressed.ddp not found, will not use a pak cache.
[2016.10.07-02.59.24:642][  0]LogDerivedDataCache: Unable to find inner node CompressedPak for hierarchical cache Hierarchy.
[2016.10.07-02.59.24:687][  0]LogDerivedDataCache:Display: Pak cache opened for reading ../../../Engine/DerivedDataCache/Compressed.ddp.
[2016.10.07-02.59.24:702][  0]LogDerivedDataCache: Using Local data cache path C:/Users/Helena/AppData/Local/UnrealEngine/Common/DerivedDataCache: Writable
[2016.10.07-02.59.31:025][  0]LogInit: Selected Device Profile: [Windows]
[2016.10.07-02.59.31:136][  0]LogContentStreaming: Texture pool size is 0.00 MB
[2016.10.07-02.59.31:406][  0]LogMeshUtilities: No automatic mesh reduction module available
[2016.10.07-02.59.31:406][  0]LogMeshUtilities: No automatic mesh merging module available
[2016.10.07-02.59.31:406][  0]LogMeshUtilities: No distributed automatic mesh merging module available
[2016.10.07-02.59.32:549][  0]LogMaterial: Uniform references updated for custom material expression Custom.
[2016.10.07-02.59.35:100][  0]LogNetVersion: GetLocalNetworkVersion: CL: 3106830, ProjectName: codered, ProjectVersion: , EngineNetworkVersion: 1, GameNetworkVersion: 0, NetworkChecksum: 438237191
[2016.10.07-02.59.35:233][  0]LogAssetRegistry: FAssetRegistry took 0.0235 seconds to start up
[2016.10.07-02.59.35:457][  0]LogPackageLocalizationCache: Processed 3 localized package path(s) for 2 prioritized culture(s) in 0.129406 seconds
[2016.10.07-02.59.35:463][  0]LogUObjectArray: 29778 objects as part of root set at end of initial load.
[2016.10.07-02.59.35:463][  0]LogUObjectAllocator: 6125456 out of 0 bytes used by permanent object pool.
[2016.10.07-02.59.35:463][  0]LogUObjectArray: CloseDisregardForGC: 0/0 objects in disregard for GC pool
[2016.10.07-02.59.35:479][  0]LogInit: WinSock: version 1.1 (2.2), MaxSocks=32767, MaxUdp=65467
[2016.10.07-02.59.40:812][  0]LogSlate: SlateFontCache - WITH_FREETYPE: 1, WITH_HARFBUZZ: 1
[2016.10.07-02.59.40:812][  0]LogSlate: SlateFontCache - WITH_FREETYPE: 1, WITH_HARFBUZZ: 1
[2016.10.07-02.59.54:508][  0]LogTcpMessaging: Initializing TcpMessaging bridge
[2016.10.07-02.59.54:565][  0]LogUdpMessaging: Initializing bridge on interface 0.0.0.0:0 to multicast group 230.0.0.1:6666.
[2016.10.07-02.59.55:671][  0]SourceControl: Info Source control is disabled
[2016.10.07-02.59.55:677][  0]SourceControl: Info Source control is disabled
[2016.10.07-02.59.55:730][  0]SourceControl: Info Source control is disabled
[2016.10.07-02.59.55:763][  0]SourceControl: Info Source control is disabled
[2016.10.07-02.59.57:069][  0]LogEngine: Initializing Engine...
[2016.10.07-02.59.59:402][  0]LogHMD: Oculus plugin initialized. Version: 4.13.1-3142249+++UE4+Release-4.13, LibOVR: 1.8.0, SDK: 1.6.0, built Sep 28 2016, 02:14:12
[2016.10.07-03.00.00:016][  0]LogAIModule: Creating AISystem for world Untitled
[2016.10.07-03.00.00:102][  0]LogInit: XAudio2 using 'LG ULTRAWIDE-8 (2- NVIDIA High Definition Audio)' : 2 channels at 48 kHz using 16 bits per sample (channel mask 0x3)
[2016.10.07-03.00.00:128][  0]LogInit: FAudioDevice initialized.
[2016.10.07-03.00.00:162][  0]LogDerivedDataCache: Saved boot cache 0.03s 62MB C:/Users/Helena/AppData/Local/UnrealEngine/4.13/DerivedDataCache/Boot.ddc.
[2016.10.07-03.00.00:173][  0]LogInit: Texture streaming: Enabled
[2016.10.07-03.00.00:355][  0]LogInit: Transaction tracking system initialized
[2016.10.07-03.00.00:662][  0]BlueprintLog: New page: Editor Load
[2016.10.07-03.00.01:368][  0]LocalizationService: Info Localization service is disabled
[2016.10.07-03.00.01:841][  0]LogConsoleResponse:Display: 
[2016.10.07-03.00.03:352][  0]LogFileCache: Scanning file cache for directory 'S:/CodeRed Repo/CodeRed-Repository/CodeRed/Content/' took 0.02s
[2016.10.07-03.00.03:352][  0]LogCook:Display: Max memory allowance for cook 16384mb min free memory 0mb
[2016.10.07-03.00.03:352][  0]LogCook:Display: Mobile HDR setting 1
[2016.10.07-03.00.04:309][  0]SourceControl: Info Source control is disabled
[2016.10.07-03.00.04:334][  0]Cmd: MAP LOAD FILE="../../../../../CodeRed Repo/CodeRed-Repository/CodeRed/Content/FirstPersonBP/Maps/FirstPersonExampleMap.umap" TEMPLATE=0 SHOWPROGRESS=1 FEATURELEVEL=3
[2016.10.07-03.00.04:344][  0]LightingResults: New page: Lighting Build
[2016.10.07-03.00.04:456][  0]MapCheck: New page: Map Check
[2016.10.07-03.00.04:456][  0]LightingResults: New page: Lighting Build
[2016.10.07-03.00.05:854][  0]LogAIModule: Creating AISystem for world FirstPersonExampleMap
[2016.10.07-03.00.06:310][  0]LogEditorServer: Finished looking for orphan Actors (0.000 secs)
[2016.10.07-03.00.06:347][  0]Cmd: MAP CHECKDEP NOCLEARLOG
[2016.10.07-03.00.06:396][  0]MapCheck: Info Map check complete: 0 Error(s), 0 Warning(s), took 49ms to complete.
[2016.10.07-03.00.06:396][  0]LogFileHelpers: Loading map 'FirstPersonExampleMap' took 2.066
[2016.10.07-03.00.07:541][  0]LogCollectionManager: Loaded 0 collections in 0.000794 seconds
[2016.10.07-03.00.07:671][  0]LogFileCache: Scanning file cache for directory 'S:/CodeRed Repo/CodeRed-Repository/CodeRed/Saved/Collections/' took 0.01s
[2016.10.07-03.00.07:671][  0]LogFileCache: Scanning file cache for directory 'S:/CodeRed Repo/CodeRed-Repository/CodeRed/Content/Developers/Helena/Collections/' took 0.01s
[2016.10.07-03.00.07:671][  0]LogFileCache: Scanning file cache for directory 'S:/CodeRed Repo/CodeRed-Repository/CodeRed/Content/Collections/' took 0.01s
[2016.10.07-03.00.07:671][  0]LogCollectionManager: Rebuilt the GUID cache for 0 collections in 0.000011 seconds
[2016.10.07-03.00.07:680][  0]LogContentBrowser: Native class hierarchy populated in 0.0080 seconds. Added 2141 classes and 415 folders.
[2016.10.07-03.00.07:704][  0]LogStats: UGameplayTagsManager::ConstructGameplayTagTree: Construct from data asset -  0.000 s
[2016.10.07-03.00.07:704][  0]LogStats: UGameplayTagsManager::ConstructGameplayTagTree: GameplayTagTreeChangedEvent.Broadcast -  0.000 s
[2016.10.07-03.00.07:705][  0]LogContentBrowser: Native class hierarchy updated for 'GameplayTags' in 0.0006 seconds. Added 12 classes and 0 folders.
[2016.10.07-03.00.07:727][  0]LogContentBrowser: Native class hierarchy updated for 'WidgetCarousel' in 0.0005 seconds. Added 0 classes and 0 folders.
[2016.10.07-03.00.08:339][  0]LogContentBrowser: Native class hierarchy updated for 'AddContentDialog' in 0.0005 seconds. Added 0 classes and 0 folders.
[2016.10.07-03.00.08:381][  0]LogContentBrowser: Native class hierarchy updated for 'SceneOutliner' in 0.0005 seconds. Added 1 classes and 2 folders.
[2016.10.07-03.00.08:678][  0]LogCrashTracker: Crashtracker disabled due to settings.
[2016.10.07-03.00.09:162][  0]LogContentBrowser: Native class hierarchy updated for 'HierarchicalLODOutliner' in 0.0009 seconds. Added 1 classes and 2 folders.
[2016.10.07-03.00.09:163][  0]LogLoad: (Engine Initialization) Total time: 61.85 seconds
[2016.10.07-03.00.09:163][  0]LogLoad: (Engine Initialization) Total Blueprint compile time: 0.74 seconds
[2016.10.07-03.00.09:163][  0]LogExternalProfiler: Found external profiler: VSPerf
[2016.10.07-03.00.09:163][  0]LogExternalProfiler: Using external profiler: VSPerf
[2016.10.07-03.00.09:502][  0]LogOcInput: OculusInput pre-init called
[2016.10.07-03.00.09:514][  0]LogOcInput: OculusInput is initialized. Init status 0. Runtime version: 1.8.0
[2016.10.07-03.00.09:616][  0]LogContentStreaming: Texture pool size now 1000 MB
[2016.10.07-03.00.10:384][  0]LogRenderer: Reallocating scene render targets to support 1616x576 (Frame:2).
[2016.10.07-03.00.11:358][  3]LogAssetRegistry: Asset discovery search completed in 36.1475 seconds
[2016.10.07-03.00.11:372][  3]LogCollectionManager: Rebuilt the object cache for 0 collections in 0.000001 seconds (found 