Log file open, 10/27/16 16:26:21
LogInit:Display: Running engine for game: CodeRed
LogPlatformFile: Not using cached read wrapper
LogInit:Display: RandInit(-111007249) SRandInit(-111007249).
LogTaskGraph: Started task graph with 5 named threads and 8 total threads with 1 sets of task threads.
LogStats: Stats thread started at 0.116859
LogPluginManager: Loaded Plugin Paper2D, From S:/Epic Games/4.13/Engine/Plugins/2D/Paper2D/Paper2D.uplugin
LogPluginManager: Loaded Plugin LightPropagationVolume, From S:/Epic Games/4.13/Engine/Plugins/Blendables/LightPropagationVolume/LightPropagationVolume.uplugin
LogPluginManager: Loaded Plugin BlankPlugin, From S:/Epic Games/4.13/Engine/Plugins/Developer/BlankPlugin/BlankPlugin.uplugin
LogPluginManager: Loaded Plugin CodeLiteSourceCodeAccess, From S:/Epic Games/4.13/Engine/Plugins/Developer/CodeLiteSourceCodeAccess/CodeLiteSourceCodeAccess.uplugin
LogPluginManager: Loaded Plugin GitSourceControl, From S:/Epic Games/4.13/Engine/Plugins/Developer/GitSourceControl/GitSourceControl.uplugin
LogPluginManager: Loaded Plugin KDevelopSourceCodeAccess, From S:/Epic Games/4.13/Engine/Plugins/Developer/KDevelopSourceCodeAccess/KDevelopSourceCodeAccess.uplugin
LogPluginManager: Loaded Plugin NullSourceCodeAccess, From S:/Epic Games/4.13/Engine/Plugins/Developer/NullSourceCodeAccess/NullSourceCodeAccess.uplugin
LogPluginManager: Loaded Plugin OneSkyLocalizationService, From S:/Epic Games/4.13/Engine/Plugins/Developer/OneSkyLocalizationService/OneSkyLocalizationService.uplugin
LogPluginManager: Loaded Plugin PerforceSourceControl, From S:/Epic Games/4.13/Engine/Plugins/Developer/PerforceSourceControl/PerforceSourceControl.uplugin
LogPluginManager: Loaded Plugin SubversionSourceControl, From S:/Epic Games/4.13/Engine/Plugins/Developer/SubversionSourceControl/SubversionSourceControl.uplugin
LogPluginManager: Loaded Plugin UObjectPlugin, From S:/Epic Games/4.13/Engine/Plugins/Developer/UObjectPlugin/UObjectPlugin.uplugin
LogPluginManager: Loaded Plugin VisualStudioSourceCodeAccess, From S:/Epic Games/4.13/Engine/Plugins/Developer/VisualStudioSourceCodeAccess/VisualStudioSourceCodeAccess.uplugin
LogPluginManager: Loaded Plugin XCodeSourceCodeAccess, From S:/Epic Games/4.13/Engine/Plugins/Developer/XCodeSourceCodeAccess/XCodeSourceCodeAccess.uplugin
LogPluginManager: Loaded Plugin EpicSurvey, From S:/Epic Games/4.13/Engine/Plugins/Editor/EpicSurvey/EpicSurvey.uplugin
LogPluginManager: Loaded Plugin MacGraphicsSwitching, From S:/Epic Games/4.13/Engine/Plugins/Editor/MacGraphicsSwitching/MacGraphicsSwitching.uplugin
LogPluginManager: Loaded Plugin MobileLauncherProfileWizard, From S:/Epic Games/4.13/Engine/Plugins/Editor/MobileLauncherProfileWizard/MobileLauncherProfileWizard.uplugin
LogPluginManager: Loaded Plugin PluginBrowser, From S:/Epic Games/4.13/Engine/Plugins/Editor/PluginBrowser/PluginBrowser.uplugin
LogPluginManager: Loaded Plugin SpeedTreeImporter, From S:/Epic Games/4.13/Engine/Plugins/Editor/SpeedTreeImporter/SpeedTreeImporter.uplugin
LogPluginManager: Loaded Plugin SuperSearchEditor, From S:/Epic Games/4.13/Engine/Plugins/Editor/SuperSearchEditor/SuperSearchEditor.uplugin
LogPluginManager: Loaded Plugin AlembicImporter, From S:/Epic Games/4.13/Engine/Plugins/Experimental/AlembicImporter/AlembicImporter.uplugin
LogPluginManager: Loaded Plugin BlueprintStats, From S:/Epic Games/4.13/Engine/Plugins/Experimental/BlueprintStats/BlueprintStats.uplugin
LogPluginManager: Loaded Plugin CharacterAI, From S:/Epic Games/4.13/Engine/Plugins/Experimental/CharacterAI/CharacterAI.uplugin
LogPluginManager: Loaded Plugin CodeEditor, From S:/Epic Games/4.13/Engine/Plugins/Experimental/CodeEditor/CodeEditor.uplugin
LogPluginManager: Loaded Plugin CodeView, From S:/Epic Games/4.13/Engine/Plugins/Experimental/CodeView/CodeView.uplugin
LogPluginManager: Loaded Plugin HTML5Networking, From S:/Epic Games/4.13/Engine/Plugins/Experimental/HTML5Networking/HTML5Networking.uplugin
LogPluginManager: Loaded Plugin LiveEditor, From S:/Epic Games/4.13/Engine/Plugins/Experimental/LiveEditor/LiveEditor.uplugin
LogPluginManager: Loaded Plugin OSVR, From S:/Epic Games/4.13/Engine/Plugins/Experimental/OSVR/OSVR.uplugin
LogPluginManager: Loaded Plugin Phya, From S:/Epic Games/4.13/Engine/Plugins/Experimental/Phya/Phya.uplugin
LogPluginManager: Loaded Plugin SignificanceManager, From S:/Epic Games/4.13/Engine/Plugins/Experimental/SignificanceManager/SignificanceManager.uplugin
LogPluginManager: Loaded Plugin SimpleHMD, From S:/Epic Games/4.13/Engine/Plugins/Experimental/SimpleHMD/SimpleHMD.uplugin
LogPluginManager: Loaded Plugin StereoPanorama, From S:/Epic Games/4.13/Engine/Plugins/Experimental/StereoPanorama/StereoPanorama.uplugin
LogPluginManager: Loaded Plugin StructBox, From S:/Epic Games/4.13/Engine/Plugins/Experimental/StructBox/StructBox.uplugin
LogPluginManager: Loaded Plugin Substance, From S:/Epic Games/4.13/Engine/Plugins/Marketplace/Substance/Substance.uplugin
LogPluginManager: Loaded Plugin AndroidMedia, From S:/Epic Games/4.13/Engine/Plugins/Media/AndroidMedia/AndroidMedia.uplugin
LogPluginManager: Loaded Plugin AvfMedia, From S:/Epic Games/4.13/Engine/Plugins/Media/AvfMedia/AvfMedia.uplugin
LogPluginManager: Loaded Plugin MediaPlayerEditor, From S:/Epic Games/4.13/Engine/Plugins/Media/MediaPlayerEditor/MediaPlayerEditor.uplugin
LogPluginManager: Loaded Plugin WmfMedia, From S:/Epic Games/4.13/Engine/Plugins/Media/WmfMedia/WmfMedia.uplugin
LogPluginManager: Loaded Plugin MessagingDebugger, From S:/Epic Games/4.13/Engine/Plugins/Messaging/MessagingDebugger/MessagingDebugger.uplugin
LogPluginManager: Loaded Plugin TcpMessaging, From S:/Epic Games/4.13/Engine/Plugins/Messaging/TcpMessaging/TcpMessaging.uplugin
LogPluginManager: Loaded Plugin UdpMessaging, From S:/Epic Games/4.13/Engine/Plugins/Messaging/UdpMessaging/UdpMessaging.uplugin
LogPluginManager: Loaded Plugin LevelSequenceEditor, From S:/Epic Games/4.13/Engine/Plugins/MovieScene/LevelSequenceEditor/LevelSequenceEditor.uplugin
LogPluginManager: Loaded Plugin MatineeToLevelSequence, From S:/Epic Games/4.13/Engine/Plugins/MovieScene/MatineeToLevelSequence/MatineeToLevelSequence.uplugin
LogPluginManager: Loaded Plugin NetcodeUnitTest, From S:/Epic Games/4.13/Engine/Plugins/NetcodeUnitTest/NetcodeUnitTest/NetcodeUnitTest.uplugin
LogPluginManager: Loaded Plugin NUTUnrealEngine4, From S:/Epic Games/4.13/Engine/Plugins/NetcodeUnitTest/NUTUnrealEngine4/NUTUnrealEngine4.uplugin
LogPluginManager: Loaded Plugin OnlineSubsystemGooglePlay, From S:/Epic Games/4.13/Engine/Plugins/Online/Android/OnlineSubsystemGooglePlay/OnlineSubsystemGooglePlay.uplugin
LogPluginManager: Loaded Plugin OnlineSubsystemIOS, From S:/Epic Games/4.13/Engine/Plugins/Online/IOS/OnlineSubsystemIOS/OnlineSubsystemIOS.uplugin
LogPluginManager: Loaded Plugin OnlineFramework, From S:/Epic Games/4.13/Engine/Plugins/Online/OnlineFramework/OnlineFramework.uplugin
LogPluginManager: Loaded Plugin OnlineSubsystem, From S:/Epic Games/4.13/Engine/Plugins/Online/OnlineSubsystem/OnlineSubsystem.uplugin
LogPluginManager: Loaded Plugin OnlineSubsystemAmazon, From S:/Epic Games/4.13/Engine/Plugins/Online/OnlineSubsystemAmazon/OnlineSubsystemAmazon.uplugin
LogPluginManager: Loaded Plugin OnlineSubsystemFacebook, From S:/Epic Games/4.13/Engine/Plugins/Online/OnlineSubsystemFacebook/OnlineSubsystemFacebook.uplugin
LogPluginManager: Loaded Plugin OnlineSubsystemNull, From S:/Epic Games/4.13/Engine/Plugins/Online/OnlineSubsystemNull/OnlineSubsystemNull.uplugin
LogPluginManager: Loaded Plugin OnlineSubsystemOculus, From S:/Epic Games/4.13/Engine/Plugins/Online/OnlineSubsystemOculus/OnlineSubsystemOculus.uplugin
LogPluginManager: Loaded Plugin OnlineSubsystemSteam, From S:/Epic Games/4.13/Engine/Plugins/Online/OnlineSubsystemSteam/OnlineSubsystemSteam.uplugin
LogPluginManager: Loaded Plugin OnlineSubsystemUtils, From S:/Epic Games/4.13/Engine/Plugins/Online/OnlineSubsystemUtils/OnlineSubsystemUtils.uplugin
LogPluginManager: Loaded Plugin IOSTapJoy, From S:/Epic Games/4.13/Engine/Plugins/Runtime/Advertising/IOSTapJoy/IOSTapJoy.uplugin
LogPluginManager: Loaded Plugin AnalyticsBlueprintLibrary, From S:/Epic Games/4.13/Engine/Plugins/Runtime/Analytics/AnalyticsBlueprintLibrary/AnalyticsBlueprintLibrary.uplugin
LogPluginManager: Loaded Plugin AnalyticsMulticast, From S:/Epic Games/4.13/Engine/Plugins/Runtime/Analytics/AnalyticsMulticast/AnalyticsMulticast.uplugin
LogPluginManager: Loaded Plugin Apsalar, From S:/Epic Games/4.13/Engine/Plugins/Runtime/Analytics/Apsalar/Apsalar.uplugin
LogPluginManager: Loaded Plugin FileLogging, From S:/Epic Games/4.13/Engine/Plugins/Runtime/Analytics/FileLogging/FileLogging.uplugin
LogPluginManager: Loaded Plugin Flurry, From S:/Epic Games/4.13/Engine/Plugins/Runtime/Analytics/Flurry/Flurry.uplugin
LogPluginManager: Loaded Plugin AndroidDeviceProfileSelector, From S:/Epic Games/4.13/Engine/Plugins/Runtime/AndroidDeviceProfileSelector/AndroidDeviceProfileSelector.uplugin
LogPluginManager: Loaded Plugin AndroidMoviePlayer, From S:/Epic Games/4.13/Engine/Plugins/Runtime/AndroidMoviePlayer/AndroidMoviePlayer.uplugin
LogPluginManager: Loaded Plugin AppleMoviePlayer, From S:/Epic Games/4.13/Engine/Plugins/Runtime/AppleMoviePlayer/AppleMoviePlayer.uplugin
LogPluginManager: Loaded Plugin ArchVisCharacter, From S:/Epic Games/4.13/Engine/Plugins/Runtime/ArchVisCharacter/ArchVisCharacter.uplugin
LogPluginManager: Loaded Plugin CableComponent, From S:/Epic Games/4.13/Engine/Plugins/Runtime/CableComponent/CableComponent.uplugin
LogPluginManager: Loaded Plugin CustomMeshComponent, From S:/Epic Games/4.13/Engine/Plugins/Runtime/CustomMeshComponent/CustomMeshComponent.uplugin
LogPluginManager: Loaded Plugin ExampleDeviceProfileSelector, From S:/Epic Games/4.13/Engine/Plugins/Runtime/ExampleDeviceProfileSelector/ExampleDeviceProfileSelector.uplugin
LogPluginManager: Loaded Plugin GearVR, From S:/Epic Games/4.13/Engine/Plugins/Runtime/GearVR/GearVR.uplugin
LogPluginManager: Loaded Plugin GoogleVRController, From S:/Epic Games/4.13/Engine/Plugins/Runtime/GoogleVR/GoogleVRController/GoogleVRController.uplugin
LogPluginManager: Loaded Plugin GoogleVRHMD, From S:/Epic Games/4.13/Engine/Plugins/Runtime/GoogleVR/GoogleVRHMD/GoogleVRHMD.uplugin
LogPluginManager: Loaded Plugin IOSDeviceProfileSelector, From S:/Epic Games/4.13/Engine/Plugins/Runtime/IOSDeviceProfileSelector/IOSDeviceProfileSelector.uplugin
LogPluginManager: Loaded Plugin LeapMotion, From S:/Epic Games/4.13/Engine/Plugins/Runtime/LeapMotion/LeapMotion.uplugin
LogPluginManager: Loaded Plugin LinuxDeviceProfileSelector, From S:/Epic Games/4.13/Engine/Plugins/Runtime/LinuxDeviceProfileSelector/LinuxDeviceProfileSelector.uplugin
LogPluginManager: Loaded Plugin LiveEditorListenServer, From S:/Epic Games/4.13/Engine/Plugins/Runtime/LiveEditorListenServer/LiveEditorListenServer.uplugin
LogPluginManager: Loaded Plugin OculusAudio, From S:/Epic Games/4.13/Engine/Plugins/Runtime/OculusAudio/OculusAudio.uplugin
LogPluginManager: Loaded Plugin OculusInput, From S:/Epic Games/4.13/Engine/Plugins/Runtime/OculusInput/OculusInput.uplugin
LogPluginManager: Loaded Plugin OculusLibrary, From S:/Epic Games/4.13/Engine/Plugins/Runtime/OculusLibrary/OculusLibrary.uplugin
LogPluginManager: Loaded Plugin OculusRift, From S:/Epic Games/4.13/Engine/Plugins/Runtime/OculusRift/OculusRift.uplugin
LogPluginManager: Loaded Plugin Oodle, From S:/Epic Games/4.13/Engine/Plugins/Runtime/PacketHandlers/CompressionComponents/Oodle/Oodle.uplugin
LogPluginManager: Loaded Plugin ProceduralMeshComponent, From S:/Epic Games/4.13/Engine/Plugins/Runtime/ProceduralMeshComponent/ProceduralMeshComponent.uplugin
LogPluginManager: Loaded Plugin SoundMod, From S:/Epic Games/4.13/Engine/Plugins/Runtime/SoundMod/SoundMod.uplugin
LogPluginManager: Loaded Plugin SoundVisualizations, From S:/Epic Games/4.13/Engine/Plugins/Runtime/SoundVisualizations/SoundVisualizations.uplugin
LogPluginManager: Loaded Plugin SteamController, From S:/Epic Games/4.13/Engine/Plugins/Runtime/Steam/SteamController/SteamController.uplugin
LogPluginManager: Loaded Plugin SteamVR, From S:/Epic Games/4.13/Engine/Plugins/Runtime/Steam/SteamVR/SteamVR.uplugin
LogPluginManager: Loaded Plugin WebBrowserWidget, From S:/Epic Games/4.13/Engine/Plugins/Runtime/WebBrowserWidget/WebBrowserWidget.uplugin
LogPluginManager: Loaded Plugin WindowsDeviceProfileSelector, From S:/Epic Games/4.13/Engine/Plugins/Runtime/WindowsDeviceProfileSelector/WindowsDeviceProfileSelector.uplugin
LogPluginManager: Loaded Plugin WindowsMoviePlayer, From S:/Epic Games/4.13/Engine/Plugins/Runtime/WindowsMoviePlayer/WindowsMoviePlayer.uplugin
LogPluginManager: Loaded Plugin ScriptPlugin, From S:/Epic Games/4.13/Engine/Plugins/ScriptPlugin/ScriptPlugin.uplugin
LogPluginManager: Loaded Plugin SlateRemote, From S:/Epic Games/4.13/Engine/Plugins/Slate/SlateRemote/SlateRemote.uplugin
LogConfig:Warning: Failed to saved backup for config[Editor]
LogConfig:Warning: Failed to saved backup for config[EditorPerProjectUserSettings]
LogConfig:Warning: Failed to saved backup for config[EditorSettings]
LogConfig:Warning: Failed to saved backup for config[EditorKeyBindings]
LogConfig:Warning: Failed to saved backup for config[Compat]
LogInit: Using libcurl 7.47.1
LogInit:  - built for x86_64-pc-win32
LogInit:  - supports SSL with WinSSL
LogInit:  - other features:
LogInit:      CURL_VERSION_SSL
LogInit:      CURL_VERSION_IPV6
LogInit:      CURL_VERSION_ASYNCHDNS
LogInit:      CURL_VERSION_LARGEFILE
LogInit:      CURL_VERSION_IDN
LogInit:  CurlRequestOptions (configurable via config and command line):
LogInit:  - bVerifyPeer = false  - Libcurl will NOT verify peer certificate
LogInit:  - bUseHttpProxy = false  - Libcurl will NOT use HTTP proxy
LogInit:  - bDontReuseConnections = false  - Libcurl will reuse connections
LogInit:  - CertBundlePath = nullptr  - Libcurl will use whatever was configured at build time.
OCULUS: Info: [CAPI] LibOVR module is located at E:\Oculus\Support\oculus-runtime\LibOVRRT64_1.dll
OCULUS: Debug: Connected to the server running version (prod = 1).1.9.0(build = 292703) feature version = 0. Client runs version (prod = 1).1.9.0(build = 292703) feature version = 0
LogInit: Build: ++UE4+Release-4.13-CL-3142249
LogInit: Engine Version: 4.13.1-3142249+++UE4+Release-4.13
LogInit: Compatible Engine Version: 4.13.0-3106830+++UE4+Release-4.13
LogInit: Net CL: 3142249
LogDevObjectVersion: Number of dev versions registered: 13
LogDevObjectVersion:   Dev-Blueprints (B0D832E4-1F89-4F0D-ACCF-7EB736FD4AA2): 5
LogDevObjectVersion:   Dev-Build (E1C64328-A22C-4D53-A36C-8E866417BD8C): 0
LogDevObjectVersion:   Dev-Core (375EC13C-06E4-48FB-B500-84F0262A717E): 1
LogDevObjectVersion:   Dev-Editor (E4B068ED-F494-42E9-A231-DA0B2E46BB41): 6
LogDevObjectVersion:   Dev-Framework (CFFC743F-43B0-4480-9391-14DF171D2073): 12
LogDevObjectVersion:   Dev-Mobile (B02B49B5-BB20-44E9-A304-32B752E40360): 0
LogDevObjectVersion:   Dev-Networking (A4E4105C-59A1-49B5-A7C5-40C4547EDFEE): 0
LogDevObjectVersion:   Dev-Online (39C831C9-5AE6-47DC-9A44-9C173E1C8E7C): 0
LogDevObjectVersion:   Dev-Physics (78F01B33-EBEA-4F98-B9B4-84EACCB95AA2): 0
LogDevObjectVersion:   Dev-Platform (6631380F-2D4D-43E0-8009-CF276956A95A): 0
LogDevObjectVersion:   Dev-Rendering (12F88B9F-8875-4AFC-A67C-D90C383ABD29): 4
LogDevObjectVersion:   Dev-Sequencer (7B5AE74C-D270-4C10-A958-57980B212A5A): 0
LogDevObjectVersion:   Dev-VR (D7296918-1DD6-4BDD-9DE2-64A83CC13884): 0
LogInit: Compiled (64-bit): Sep 28 2016 02:12:12
LogInit: Compiled with Visual C++: 19.00.23026.00
LogInit: Build Configuration: Development
LogInit: Branch Name: ++UE4+Release-4.13
LogInit: Command line:  
LogInit: Base directory: S:/Epic Games/4.13/Engine/Binaries/Win64/
LogInit: Installed Engine Build: 1
LogInit: Presizing for max 8388607 objects, including 0 objects not considered by GC, pre-allocating 0 bytes for permanent pool.
LogInit: Object subsystem initialized
[2016.10.27-23.26.24:813][  0]LogInit: Selected Device Profile: [Windows]
[2016.10.27-23.26.24:813][  0]LogInit: Applying CVar settings loaded from the selected device profile: [Windows]
[2016.10.27-23.26.24:859][  0]LogConfig:Warning: Failed to saved backup for config[DeviceProfiles]
[2016.10.27-23.26.24:865][  0]LogInit: Computer: H-PC
[2016.10.27-23.26.24:865][  0]LogInit: User: Helena
[2016.10.27-23.26.24:865][  0]LogInit: CPU Page size=65536, Cores=4
[2016.10.27-23.26.24:865][  0]LogInit: High frequency timer resolution =3.417984 MHz
[2016.10.27-23.26.24:865][  0]LogMemory: Memory total: Physical=8.0GB (8GB approx)
[2016.10.27-23.26.24:865][  0]LogMemory: Platform Memory Stats for Windows
[2016.10.27-23.26.24:865][  0]LogMemory: Process Physical Memory: 264.42 MB used, 264.42 MB peak
[2016.10.27-23.26.24:865][  0]LogMemory: Process Virtual Memory: 266.26 MB used, 266.26 MB peak
[2016.10.27-23.26.24:865][  0]LogMemory: Physical Memory: 4351.40 MB used, 8143.79 MB total
[2016.10.27-23.26.24:865][  0]LogMemory: Virtual Memory: 670.95 MB used, 134217728.00 MB total
[2016.10.27-23.26.25:277][  0]LogTextLocalizationManager: No specific translations for ('en-US') exist, so ('en') translations will be used.
[2016.10.27-23.26.28:181][  0]LogD3D11RHI: D3D11 adapters:
[2016.10.27-23.26.28:272][  0]LogD3D11RHI:    0. 'NVIDIA GeForce GTX 970' (Feature Level 11_0)
[2016.10.27-23.26.28:272][  0]LogD3D11RHI:       3957/0/4071 MB DedicatedVideo/DedicatedSystem/SharedSystem, Outputs:1, VendorId:0x10de
[2016.10.27-23.26.28:273][  0]LogD3D11RHI:    1. 'Microsoft Basic Render Driver' (Feature Level 11_0)
[2016.10.27-23.26.28:273][  0]LogD3D11RHI:       0/0/4071 MB DedicatedVideo/DedicatedSystem/SharedSystem, Outputs:0, VendorId:0x1414
[2016.10.27-23.26.28:273][  0]LogD3D11RHI: Chosen D3D11 Adapter: 0
[2016.10.27-23.26.28:325][  0]LogD3D11RHI: Creating new Direct3DDevice
[2016.10.27-23.26.28:325][  0]LogD3D11RHI:     GPU DeviceId: 0x13c2 (for the marketing name, search the web for "GPU Device Id")
[2016.10.27-23.26.28:325][  0]LogWindows: EnumDisplayDevices:
[2016.10.27-23.26.28:325][  0]LogWindows:    0. 'NVIDIA GeForce GTX 970' (P:1 D:1)
[2016.10.27-23.26.28:326][  0]LogWindows:    1. 'NVIDIA GeForce GTX 970' (P:0 D:0)
[2016.10.27-23.26.28:326][  0]LogWindows:    2. 'NVIDIA GeForce GTX 970' (P:0 D:0)
[2016.10.27-23.26.28:326][  0]LogWindows:    3. 'NVIDIA GeForce GTX 970' (P:0 D:0)
[2016.10.27-23.26.28:326][  0]LogWindows: DebugString: FoundDriverCount:4 
[2016.10.27-23.26.28:326][  0]LogD3D11RHI:     Adapter Name: NVIDIA GeForce GTX 970
[2016.10.27-23.26.28:326][  0]LogD3D11RHI:   Driver Version: 375.57 (internal:21.21.13.7557, unified:375.57)
[2016.10.27-23.26.28:326][  0]LogD3D11RHI:      Driver Date: 10-18-2016
[2016.10.27-23.26.28:326][  0]LogRHI: Texture pool is 1361 MB (70% of 1945 MB)
[2016.10.27-23.26.28:360][  0]LogD3D11RHI: Async texture creation enabled
[2016.10.27-23.26.28:696][  0]LogD3D11RHI: GPU Timing Frequency: 1000.000000 (Debug: 2 1)
[2016.10.27-23.26.28:748][  0]LogShaderCompilers: Guid format shader working directory is 0 characters bigger than the processId version (../../../../../CodeRed Repo/CodeRed-Repository/Intermediate/Shaders/WorkingDirectory/11208/).
[2016.10.27-23.26.28:748][  0]LogShaderCompilers: Cleaned the shader compiler working directory 'C:/Users/Helena/AppData/Local/Temp/UnrealShaderWorkingDir/064C581B4E51AC71D9A06597D8C78D11/'.
[2016.10.27-23.26.28:757][  0]LogShaderCompilers:Display: Using Local Shader Compiler.
[2016.10.27-23.26.31:709][  0]LogTemp:Display: Loaded TP AllDesktopTargetPlatform
[2016.10.27-23.26.31:716][  0]LogTemp:Display: Loaded TP WindowsClientTargetPlatform
[2016.10.27-23.26.31:723][  0]LogTemp:Display: Loaded TP WindowsNoEditorTargetPlatform
[2016.10.27-23.26.31:729][  0]LogTemp:Display: Loaded TP WindowsServerTargetPlatform
[2016.10.27-23.26.31:735][  0]LogTemp:Display: Loaded TP WindowsTargetPlatform
[2016.10.27-23.26.31:744][  0]LogTemp:Display: Loaded TP AndroidTargetPlatform
[2016.10.27-23.26.31:750][  0]LogTemp:Display: Loaded TP Android_ASTCTargetPlatform
[2016.10.27-23.26.31:756][  0]LogTemp:Display: Loaded TP Android_ATCTargetPlatform
[2016.10.27-23.26.31:775][  0]LogTemp:Display: Loaded TP Android_DXTTargetPlatform
[2016.10.27-23.26.31:781][  0]LogTemp:Display: Loaded TP Android_ETC1TargetPlatform
[2016.10.27-23.26.31:792][  0]LogTemp:Display: Loaded TP Android_ETC2TargetPlatform
[2016.10.27-23.26.31:815][  0]LogTemp:Display: Loaded TP Android_MultiTargetPlatform
[2016.10.27-23.26.31:815][  0]LogTemp:Display: Loaded TP Android_PVRTCTargetPlatform
[2016.10.27-23.26.31:815][  0]LogTemp:Display: Loaded TP HTML5TargetPlatform
[2016.10.27-23.26.31:916][  0]LogTemp:Display: Loaded TP IOSTargetPlatform
[2016.10.27-23.26.31:923][  0]LogTemp:Display: Loaded TP TVOSTargetPlatform
[2016.10.27-23.26.31:928][  0]LogTemp:Display: Loaded TP LinuxClientTargetPlatform
[2016.10.27-23.26.31:934][  0]LogTemp:Display: Loaded TP LinuxNoEditorTargetPlatform
[2016.10.27-23.26.31:940][  0]LogTemp:Display: Loaded TP LinuxServerTargetPlatform
[2016.10.27-23.26.31:960][  0]LogTemp:Display: Loaded TP LinuxTargetPlatform
[2016.10.27-23.26.31:960][  0]LogTargetPlatformManager:Display: Building Assets For Windows
[2016.10.27-23.26.32:759][  0]LogDerivedDataCache:Display: Max Cache Size: 512 MB
[2016.10.27-23.26.33:056][  0]LogDerivedDataCache: Loaded boot cache 0.30s 62MB C:/Users/Helena/AppData/Local/UnrealEngine/4.13/DerivedDataCache/Boot.ddc.
[2016.10.27-23.26.33:056][  0]LogDerivedDataCache:Display: Loaded Boot cache: C:/Users/Helena/AppData/Local/UnrealEngine/4.13/DerivedDataCache/Boot.ddc
[2016.10.27-23.26.33:056][  0]LogDerivedDataCache: FDerivedDataBackendGraph:  Pak pak cache file ../../../../../CodeRed Repo/CodeRed-Repository/DerivedDataCache/DDC.ddp not found, will not use a pak cache.
[2016.10.27-23.26.33:056][  0]LogDerivedDataCache: Unable to find inner node Pak for hierarchical cache Hierarchy.
[2016.10.27-23.26.33:056][  0]LogDerivedDataCache: FDerivedDataBackendGraph:  CompressedPak pak cache file ../../../../../CodeRed Repo/CodeRed-Repository/DerivedDataCache/Compressed.ddp not found, will not use a pak cache.
[2016.10.27-23.26.33:056][  0]LogDerivedDataCache: Unable to find inner node CompressedPak for hierarchical cache Hierarchy.
[2016.10.27-23.26.33:131][  0]LogDerivedDataCache:Display: Pak cache opened for reading ../../../Engine/DerivedDataCache/Compressed.ddp.
[2016.10.27-23.26.33:144][  0]LogDerivedDataCache: Using Local data cache path C:/Users/Helena/AppData/Local/UnrealEngine/Common/DerivedDataCache: Writable
[2016.10.27-23.26.40:744][  0]LogInit: Selected Device Profile: [Windows]
[2016.10.27-23.26.40:877][  0]LogContentStreaming: Texture pool size is 0.00 MB
[2016.10.27-23.26.41:166][  0]LogMeshUtilities: No automatic mesh reduction module available
[2016.10.27-23.26.41:166][  0]LogMeshUtilities: No automatic mesh merging module available
[2016.10.27-23.26.41:166][  0]LogMeshUtilities: No distributed automatic mesh merging module available
[2016.10.27-23.26.42:514][  0]LogMaterial: Uniform references updated for custom material expression Custom.
[2016.10.27-23.26.45:534][  0]LogNetVersion: GetLocalNetworkVersion: CL: 3106830, ProjectName: codered, ProjectVersion: , EngineNetworkVersion: 1, GameNetworkVersion: 0, NetworkChecksum: 438237191
[2016.10.27-23.26.45:762][  0]LogAssetRegistry: FAssetRegistry took 0.0243 seconds to start up
[2016.10.27-23.26.46:161][  0]LogAssetRegistry:Error: Failed to open file for write ../../../../../CodeRed Repo/CodeRed-Repository/Intermediate/AssetRegistryCache/2657c409.bin
[2016.10.27-23.26.46:165][  0]LogFileManager:Warning: MoveFile was unable to move '../../../../../CodeRed Repo/CodeRed-Repository/Intermediate/AssetRegistryCache/1d5167fa.bin.tmp' to '../../../../../CodeRed Repo/CodeRed-Repository/Intermediate/AssetRegistryCache/1d5167fa.bin', retrying in .5s...
[2016.10.27-23.26.46:667][  0]LogFileManager:Warning: MoveFile was unable to move '../../../../../CodeRed Repo/CodeRed-Repository/Intermediate/AssetRegistryCache/1d5167fa.bin.tmp' to '../../../../../CodeRed Repo/CodeRed-Repository/Intermediate/AssetRegistryCache/1d5167fa.bin', retrying in .5s...
[2016.10.27-23.26.47:167][  0]LogFileManager:Warning: MoveFile was unable to move '../../../../../CodeRed Repo/CodeRed-Repository/Intermediate/AssetRegistryCache/1d5167fa.bin.tmp' to '../../../../../CodeRed Repo/CodeRed-Repository/Intermediate/AssetRegistryCache/1d5167fa.bin', retrying in .5s...
[2016.10.27-23.26.47:667][  0]LogFileManager:Warning: MoveFile was unable to move '../../../../../CodeRed Repo/CodeRed-Repository/Intermediate/AssetRegistryCache/1d5167fa.bin.tmp' to '../../../../../CodeRed Repo/CodeRed-Repository/Intermediate/AssetRegistryCache/1d5167fa.bin', retrying in .5s...
[2016.10.27-23.26.48:168][  0]LogFileManager:Warning: MoveFile was unable to move '../../../../../CodeRed Repo/CodeRed-Repository/Intermediate/AssetRegistryCache/1d5167fa.bin.tmp' to '../../../../../CodeRed Repo/CodeRed-Repository/Intermediate/AssetRegistryCache/1d5167fa.bin', retrying in .5s...
[2016.10.27-23.26.48:669][  0]LogFileManager:Warning: MoveFile was unable to move '../../../../../CodeRed Repo/CodeRed-Repository/Intermediate/AssetRegistryCache/1d5167fa.bin.tmp' to '../../../../../CodeRed Repo/CodeRed-Repository/Intermediate/AssetRegistryCache/1d5167fa.bin', retrying in .5s...
[2016.10.27-23.26.49:170][  0]LogFileManager:Warning: MoveFile was unable to move '../../../../../CodeRed Repo/CodeRed-Repository/Intermediate/AssetRegistryCache/1d5167fa.bin.tmp' to '../../../../../CodeRed Repo/CodeRed-Repository/Intermediate/AssetRegistryCache/1d5167fa.bin', retrying in .5s...
[2016.10.27-23.26.49:670][  0]LogFileManager:Warning: MoveFile was unable to move '../../../../../CodeRed Repo/CodeRed-Repository/Intermediate/AssetRegistryCache/1d5167fa.bin.tmp' to '../../../../../CodeRed Repo/CodeRed-Repository/Intermediate/AssetRegistryCache/1d5167fa.bin', retrying in .5s...
[2016.10.27-23.26.50:171][  0]LogFileManager:Warning: MoveFile was unable to move '../../../../../CodeRed Repo/CodeRed-Repository/Intermediate/AssetRegistryCache/1d5167fa.bin.tmp' to '../../../../../CodeRed Repo/CodeRed-Repository/Intermediate/AssetRegistryCache/1d5167fa.bin', retrying in .5s...
[2016.10.27-23.26.50:671][  0]LogFileManager:Warning: MoveFile was unable to move '../../../../../CodeRed Repo/CodeRed-Repository/Intermediate/AssetRegistryCache/1d5167fa.bin.tmp' to '../../../../../CodeRed Repo/CodeRed-Repository/Intermediate/AssetRegistryCache/1d5167fa.bin', retrying in .5s...
[2016.10.27-23.26.51:172][  0]LogFileManager:Error: Error moving file '../../../../../CodeRed Repo/CodeRed-Repository/Intermediate/AssetRegistryCache/1d5167fa.bin.tmp' to '../../../../../CodeRed Repo/CodeRed-Repository/Intermediate/AssetRegistryCache/1d5167fa.bin'.
[2016.10.27-23.26.51:188][  0]LogPackageLocalizationCache: Processed 3 localized package path(s) for 2 prioritized culture(s) in 5.167655 seconds
[2016.10.27-23.26.51:193][  0]LogUObjectArray: 29778 objects as part of root set at end of initial load.
[2016.10.27-23.26.51:193][  0]LogUObjectAllocator: 6125448 out of 0 bytes used by permanent object pool.
[2016.10.27-23.26.51:193][  0]LogUObjectArray: CloseDisregardForGC: 0/0 objects in disregard for GC pool
[2016.10.27-23.26.51:196][  0]LogInit: WinSock: version 1.1 (2.2), MaxSocks=32767, MaxUdp=65467
[2016.10.27-23.26.51:369][  0]LogSlate: SlateFontCache - WITH_FREETYPE: 1, WITH_HARFBUZZ: 1
[2016.10.27-23.26.51:369][  0]LogSlate: SlateFontCache - WITH_FREETYPE: 1, WITH_HARFBUZZ: 1
[2016.10.27-23.26.55:401][  0]LogSubstanceCoreModule: Substance CPU Engine Loaded, Max Texture Size 2048
[2016.10.27-23.26.55:463][  0]LogTcpMessaging: Initializing TcpMessaging bridge
[2016.10.27-23.26.55:509][  0]LogUdpMessaging: Initializing bridge on interface 0.0.0.0:0 to multicast group 230.0.0.1:6666.
[2016.10.27-23.26.56:949][  0]SourceControl: Info Source control is disabled
[2016.10.27-23.26.56:967][  0]SourceControl: Info Source control is disabled
[2016.10.27-23.26.57:028][  0]SourceControl: Info Source control is disabled
[2016.10.27-23.26.57:094][  0]SourceControl: Info Source control is disabled
[2016.10.27-23.26.58:876][  0]LogEngine: Initializing Engine...
[2016.10.27-23.26.59:720][  0]LogHMD: Oculus plugin initialized. Version: 4.13.1-3142249+++UE4+Release-4.13, LibOVR: 1.9.0, SDK: 1.6.0, built Sep 28 2016, 02:14:12
[2016.10.27-23.27.00:665][  0]LogAIModule: Creating AISystem for world Untitled
[2016.10.27-23.27.00:895][  0]LogInit: XAudio2 using 'Desk (Realtek High Definition Audio)' : 2 channels at 48 kHz using 16 bits per sample (channel mask 0x3)
[2016.10.27-23.27.00:941][  0]LogInit: FAudioDevice initialized.
[2016.10.27-23.27.00:990][  0]LogDerivedDataCache: Saved boot cache 0.05s 62MB C:/Users/Helena/AppData/Local/UnrealEngine/4.13/DerivedDataCache/Boot.ddc.
[2016.10.27-23.27.01:004][  0]LogInit: Texture streaming: Enabled
[2016.10.27-23.27.03:670][  0]LogInit: Transaction tracking system initialized
[2016.10.27-23.27.04:098][  0]BlueprintLog: New page: Editor Load
[2016.10.27-23.27.06:077][  0]LocalizationService: Info Localization service is disabled
[2016.10.27-23.27.07:493][  0]LogConsoleResponse:Display: 
[2016.10.27-23.27.09:734][  0]LogCook:Display: Max memory allowance for cook 16384mb min free memory 0mb
[2016.10.27-23.27.09:785][  0]LogCook:Display: Mobile HDR setting 1
[2016.10.27-23.27.10:890][  0]LogFileCache: Scanning file cache for directory 'S:/CodeRed Repo/CodeRed-Repository/Content/' took 0.33s
[2016.10.27-23.27.12:861][  0]SourceControl: Info Source control is disabled
[2016.10.27-23.27.12:969][  0]Cmd: MAP LOAD FILE="../../../../../CodeRed Repo/CodeRed-Repository/Content/FirstPersonBP/Maps/FirstPersonExampleMap.umap" TEMPLATE=0 SHOWPROGRESS=1 FEATURELEVEL=3
[2016.10.27-23.27.13:030][  0]LightingResults: New page: Lighting Build
[2016.10.27-23.27.13:477][  0]MapCheck: New page: Map Check
[2016.10.27-23.27.13:477][  0]LightingResults: New page: Lighting Build
[2016.10.27-23.27.18:905][  0]LogAIModule: Creating AISystem for world FirstPersonExampleMap
[2016.10.27-23.27.19:646][  0]LogEditorServer: Finished looking for orphan Actors (0.000 secs)
[2016.10.27-23.27.19:696][  0]Cmd: MAP CHECKDEP NOCLEARLOG
[2016.10.27-23.27.19:832][  0]MapCheck: Info Map check complete: 0 Error(s), 0 Warning(s), took 129.705ms to complete.
[2016.10.27-23.27.19:832][  0]LogFileHelpers: Loading map 'FirstPersonExampleMap' took 6.939
[2016.10.27-23.27.21:624][  0]LogCollectionManager: Loaded 0 collections in 0.001021 seconds
[2016.10.27-23.27.21:768][  0]LogFileCache: Scanning file cache for directory 'S:/CodeRed Repo/CodeRed-Repository/Saved/Collections/' took 0.01s
[2016.10.27-23.27.21:768][  0]LogFileCache: Scanning file cache for directory 'S:/CodeRed Repo/CodeRed-Repository/Content/Developers/Helena/Collections/' took 0.01s
[2016.10.27-23.27.21:768][  0]LogFileCache: Scanning file cache for directory 'S:/CodeRed Repo/CodeRed-Repository/Content/Collections/' took 0.01s
[2016.10.27-23.27.21:768][  0]LogCollectionManager: Rebuilt the GUID cache for 0 collections in 0.000002 seconds
[2016.10.27-23.27.21:791][  0]LogContentBrowser: Native class hierarchy populated in 0.0213 seconds. Added 2156 classes and 421 folders.
[2016.10.27-23.27.21:889][  0]LogStats: UGameplayTagsManager::ConstructGameplayTagTree: Construct from data asset -  0.000 s
[2016.10.27-23.27.21:889][  0]LogStats: UGameplayTagsManager::ConstructGameplayTagTree: GameplayTagTreeChangedEvent.Broadcast -  0.000 s
[2016.10.27-23.27.21:890][  0]LogContentBrowser: Native class hierarchy updated for 'GameplayTags' in 0.0007 seconds. Added 12 classes and 0 folders.
[2016.10.27-23.27.21:906][  0]LogContentBrowser: Native class hierarchy updated for 'WidgetCarousel' in 0.0006 seconds. Added 0 classes and 0 folders.
[2016.10.27-23.27.22:786][  0]LogContentBrowser: Native class hierarchy updated for 'AddContentDialog' in 0.0008 seconds. Added 0 classes and 0 folders.
[2016.10.27-23.27.22:865][  0]LogContentBrowser: Native class hierarchy updated for 'SceneOutliner' in 0.0006 seconds. Added 1 classes and 2 folders.
[2016.10.27-23.27.23:797][  0]LogCrashTracker: Crashtracker disabled due to settings.
[2016.10.27-23.27.24:024][  0]LogUObjectGlobals:Warning: Failed to find object 'Class None.'
[2016.10.27-23.27.24:149][  0]LogContentBrowser: Native class hierarchy updated for 'HierarchicalLODOutliner' in 0.0007 seconds. Added 1 classes and 2 folders.
[2016.10.27-23.27.24:149][  0]LogLoad: (Engine Initialization) Total time: 63.48 seconds
[2016.10.27-23.27.24:149][  0]LogLoad: (Engine Initialization) Total Blueprint compile time: 1.54 seconds
[2016.10.27-23.27.24:158][  0]LogExternalProfiler: Found external profiler: VSPerf
[2016.10.27-23.27.24:158][  0]LogExternalProfiler: Using external profiler: VSPerf
[2016.10.27-23.27.24:519][  0]LogOcInput: OculusInput pre-init called
[2016.10.27-23.27.24:531][  0]LogOcInput: OculusInput is initialized. Init status 0. Runtime version: 1.9.0
[2016.10.27-23.27.26:351][  0]LogContentStreaming: Texture pool size now 800 MB
[2016.10.27-23.27.31:479][  0]LogRenderer: Reallocating scene render targets to support 1444x576 (Frame:2).
[2016.10.27-23.27.35:248][  5]LogAssetRegistry: Asset discovery search completed in 49.5084 seconds
[2016.10.27-23.27.35:248][  5]LogCollectionManager: Rebuilt the object cache for 0 collections in 0.000000 seconds (found 0 objects)
[2016.10.27-23.27.35:263][  5]LogCollectionManager: Fixed up redirectors for 0 collections in 0.014839 seconds (updated 0 objects)
[2016.10.27-23.27.37:903][ 13]LogFileCache: Retrieving MD5 hashes for directory 'S:/CodeRed Repo/CodeRed-Repository/Content/' took 13.30s
[2016.10.27-23.28.24:950][154]LogStats: FPlatformStackWalk::StackWalkAndDump -  0.009 s
[2016.10.27-23.28.24:950][154]LogOutputDevice:Error: === Handled ensure: ===
[2016.10.27-23.28.24:950][154]LogOutputDevice:Error: 
[2016.10.27-23.28.24:950][154]LogOutputDevice:Error: Ensure condition failed: Ar [File:D:\Build\++UE4+Release-4.13+Compile\Sync\Engine\Source\Developer\DirectoryWatcher\Private\FileCache.cpp] [Line: 513]
[2016.10.27-23.28.24:950][154]LogOutputDevice:Error: Unable to write file-cache for 'S:/CodeRed Repo/CodeRed-Repository/Content/' to 'S:/CodeRed Repo/CodeRed-Repository/Intermediate/ReimportCache/3688439234.bin'.
[2016.10.27-23.28.24:950][154]LogOutputDevice:Error: Stack: 
[2016.10.27-23.28.24:950][154]LogOutputDevice:Error: 
[2016.10.27-23.28.24:950][154]LogOutputDevice:Error: 
[2016.10.27-23.28.24:950][154]LogStats:                SubmitErrorReport -  0.000 s
[2016.10.27-23.28.28:948][154]LogStats:                    SendNewReport -  3.998 s
[2016.10.27-23.28.28:948][154]LogStats:             FDebug::EnsureFailed -  4.030 s
[2016.10.27-23.28.29:881][155]LogWindowsTextInputMethodSystem:Display: IME system now deactivated.
[2016.10.27-23.28.30:715][156]Cmd: QUIT_EDITOR
[2016.10.27-23.28.31:161][156]LogExit: Preparing to exit.
[2016.10.27-23.28.32:106][156]LogDirectoryWatcher: A directory notification for 'S:/CodeRed Repo/CodeRed-Repository/Content/' was aborted.
[2016.10.27-23.28.32:285][156]LogExit: Editor shut down
[2016.10.27-23.28.32:286][156]LogExit: Transaction tracking system shut down
[2016.10.27-23.28.33:723][156]LogObj: Freed 0b from 0 cluster array pools.
[2016.10.27-23.28.33:723][156]LogExit: Object subsystem successfully closed.
[2016.10.27-23.28.34:031][156]LogD3D11RHI: Shutdown
[2016.10.27-23.28.34:031][156]LogD3D11RHI: CleanupD3DDevice
[2016.10.27-23.28.34:070][156]LogD3D11RHI: ~FD3D11DynamicRHI
[2016.10.27-23.28.35:132][156]LogModuleManager: Shutting down and abandoning module HierarchicalLODOutliner (235)
[2016.10.27-23.28.35:153][156]LogModuleManager: Shutting down and abandoning module CrashTracker (234)
[2016.10.27-23.28.35:153][156]LogModuleManager: Shutting down and abandoning module SceneOutliner (233)
[2016.10.27-23.28.35:153][156]LogModuleManager: Shutting down and abandoning module WidgetCarousel (232)
[2016.10.27-23.28.35:153][156]LogModuleManager: Shutting down and abandoning module AddContentDialog (231)
[2016.10.27-23.28.35:201][156]LogDirectoryWatcher: A directory notification for 'S:/Epic Games/4.13/FeaturePacks/' was aborted.
[2016.10.27-23.28.35:235][156]LogModuleManager: Shutting down and abandoning module GameplayTags (230)
[2016.10.27-23.28.35:235][156]LogModuleManager: Shutting down and abandoning module EditorWidgets (229)
[2016.10.27-23.28.35:235][156]LogModuleManager: Shutting down and abandoning module CollectionManager (228)
[2016.10.27-23.28.35:247][156]LogDirectoryWatcher: A directory notification for 'S:/CodeRed Repo/CodeRed-Repository/Content/Collections/' was aborted.
[2016.10.27-23.28.35:247][156]LogDirectoryWatcher: A directory notification for 'S:/CodeRed Repo/CodeRed-Repository/Content/Developers/Helena/Collections/' was aborted.
[2016.10.27-23.28.35:247][156]LogDirectoryWatcher: A directory notification for 'S:/CodeRed Repo/CodeRed-Repository/Saved/Collections/' was aborted.
[2016.10.27-23.28.35:247][156]LogModuleManager: Shutting down and abandoning module StatsViewer (227)
[2016.10.27-23.28.35:309][156]LogModuleManager: Shutting down and abandoning module FoliageEdit (226)
[2016.10.27-23.28.35:309][156]LogModuleManager: Shutting down and abandoning module LandscapeEditor (225)
[2016.10.27-23.28.35:322][156]LogModuleManager: Shutting down and abandoning module SceneDepthPickerMode (224)
[2016.10.27-23.28.35:322][156]LogModuleManager: Shutting down and abandoning module ActorPickerMode (223)
[2016.10.27-23.28.35:322][156]LogModuleManager: Shutting down and abandoning module GeometryMode (222)
[2016.10.27-23.28.35:322][156]LogModuleManager: Shutting down and abandoning module TextureAlignMode (221)
[2016.10.27-23.28.35:322][156]LogModuleManager: Shutting down and abandoning module BspMode (220)
[2016.10.27-23.28.35:329][156]LogModuleManager: Shutting down and abandoning module HardwareSurvey (219)
[2016.10.27-23.28.35:329][156]LogModuleManager: Shutting down and abandoning module SequenceRecorderSections (218)
[2016.10.27-23.28.35:329][156]LogModuleManager: Shutting down and abandoning module SequenceRecorder (217)
[2016.10.27-23.28.35:329][156]LogModuleManager: Shutting down and abandoning module AutomationWorker (216)
[2016.10.27-23.28.35:336][156]LogModuleManager: Shutting down and abandoning module MatineeToLevelSequence (215)
[2016.10.27-23.28.35:337][156]LogModuleManager: Shutting down and abandoning module PlacementMode (214)
[2016.10.27-23.28.35:357][156]LogModuleManager: Shutting down and abandoning module LevelSequenceEditor (213)
[2016.10.27-23.28.35:371][156]LogModuleManager: Shutting down and abandoning module WmfMediaFactory (212)
[2016.10.27-23.28.35:371][156]LogModuleManager: Shutting down and abandoning module WmfMediaEditor (211)
[2016.10.27-23.28.35:371][156]LogModuleManager: Shutting down and abandoning module AvfMediaFactory (210)
[2016.10.27-23.28.35:371][156]LogModuleManager: Shutting down and abandoning module AvfMediaEditor (209)
[2016.10.27-23.28.35:371][156]LogModuleManager: Shutting down and abandoning module Media (208)
[2016.10.27-23.28.35:371][156]LogModuleManager: Shutting down and abandoning module AndroidMediaFactory (207)
[2016.10.27-23.28.35:371][156]LogModuleManager: Shutting down and abandoning module AndroidMediaEditor (206)
[2016.10.27-23.28.35:371][156]LogModuleManager: Shutting down and abandoning module CharacterAI (205)
[2016.10.27-23.28.35:371][156]LogModuleManager: Shutting down and abandoning module SmartSnapping (204)
[2016.10.27-23.28.35:371][156]LogModuleManager: Shutting down and abandoning module SessionServices (203)
[2016.10.27-23.28.35:372][156]LogModuleManager: Shutting down and abandoning module ViewportSnapping (202)
[2016.10.27-23.28.35:372][156]LogModuleManager: Shutting down and abandoning module ViewportInteraction (201)
[2016.10.27-23.28.35:372][156]LogModuleManager: Shutting down and abandoning module LogVisualizer (200)
[2016.10.27-23.28.35:382][156]LogModuleManager: Shutting down and abandoning module GameProjectGeneration (199)
[2016.10.27-23.28.35:397][156]LogModuleManager: Shutting down and abandoning module IntroTutorials (198)
[2016.10.27-23.28.35:408][156]LogModuleManager: Shutting down and abandoning module EditorLiveStreaming (197)
[2016.10.27-23.28.35:409][156]LogModuleManager: Shutting down and abandoning module IOSPlatformEditor (196)
[2016.10.27-23.28.35:422][156]LogModuleManager: Shutting down and abandoning module HTML5PlatformEditor (195)
[2016.10.27-23.28.35:422][156]LogModuleManager: Shutting down and abandoning module AndroidDeviceDetection (194)
[2016.10.27-23.28.35:698][156]LogModuleManager: Shutting down and abandoning module AndroidPlatformEditor (193)
[2016.10.27-23.28.35:707][156]LogModuleManager: Shutting down and abandoning module IOSRuntimeSettings (192)
[2016.10.27-23.28.35:707][156]LogModuleManager: Shutting down and abandoning module AndroidRuntimeSettings (191)
[2016.10.27-23.28.35:707][156]LogModuleManager: Shutting down and abandoning module NiagaraEditor (190)
[2016.10.27-23.28.35:735][156]LogModuleManager: Shutting down and abandoning module MergeActors (189)
[2016.10.27-23.28.35:743][156]LogModuleManager: Shutting down and abandoning module SizeMap (188)
[2016.10.27-23.28.35:753][156]LogModuleManager: Shutting down and abandoning module TreeMap (187)
[2016.10.27-23.28.35:759][156]LogModuleManager: Shutting down and abandoning module ReferenceViewer (186)
[2016.10.27-23.28.35:759][156]LogModuleManager: Shutting down and abandoning module LocalizationService (185)
[2016.10.27-23.28.35:764][156]LogModuleManager: Shutting down and abandoning module LocalizationDashboard (184)
[2016.10.27-23.28.35:774][156]LogModuleManager: Shutting down and abandoning module HardwareTargeting (183)
[2016.10.27-23.28.35:783][156]LogModuleManager: Shutting down and abandoning module DeviceProfileEditor (182)
[2016.10.27-23.28.35:815][156]LogModuleManager: Shutting down and abandoning module UndoHistory (181)
[2016.10.27-23.28.35:824][156]LogModuleManager: Shutting down and abandoning module UserFeedback (180)
[2016.10.27-23.28.35:824][156]LogModuleManager: Shutting down and abandoning module XmlParser (179)
[2016.10.27-23.28.35:824][156]LogModuleManager: Shutting down and abandoning module Blutility (178)
[2016.10.27-23.28.35:825][156]LogModuleManager: Shutting down and abandoning module ProjectTargetPlatformEditor (177)
[2016.10.27-23.28.35:831][156]LogModuleManager: Shutting down and abandoning module ProjectSettingsViewer (176)
[2016.10.27-23.28.35:831][156]LogModuleManager: Shutting down and abandoning module InputBindingEditor (175)
[2016.10.27-23.28.35:850][156]LogModuleManager: Shutting down and abandoning module EditorSettingsViewer (174)
[2016.10.27-23.28.35:851][156]LogModuleManager: Shutting down and abandoning module SettingsEditor (173)
[2016.10.27-23.28.35:864][156]LogModuleManager: Shutting down and abandoning module ProjectLauncher (172)
[2016.10.27-23.28.35:878][156]LogModuleManager: Shutting down and abandoning module SessionFrontend (171)
[2016.10.27-23.28.35:891][156]LogModuleManager: Shutting down and abandoning module ProfilerClient (170)
[2016.10.27-23.28.35:903][156]LogModuleManager: Shutting down and abandoning module TargetDeviceServices (169)
[2016.10.27-23.28.35:909][156]LogModuleManager: Shutting down and abandoning module DeviceManager (168)
[2016.10.27-23.28.35:976][156]LogModuleManager: Shutting down and abandoning module AutomationController (167)
[2016.10.27-23.28.35:982][156]LogModuleManager: Shutting down and abandoning module AutomationWindow (166)
[2016.10.27-23.28.35:992][156]LogModuleManager: Shutting down and abandoning module Layers (165)
[2016.10.27-23.28.36:027][156]LogModuleManager: Shutting down and abandoning module ComponentVisualizers (164)
[2016.10.27-23.28.36:027][156]LogModuleManager: Shutting down and abandoning module DetailCustomizations (163)
[2016.10.27-23.28.36:027][156]LogModuleManager: Shutting down and abandoning module PackagesDialog (162)
[2016.10.27-23.28.36:037][156]LogModuleManager: Shutting down and abandoning module AnimGraph (161)
[2016.10.27-23.28.36:042][156]LogModuleManager: Shutting down and abandoning module Persona (160)
[2016.10.27-23.28.36:095][156]LogModuleManager: Shutting down and abandoning module Kismet (159)
[2016.10.27-23.28.36:108][156]LogModuleManager: Shutting down and abandoning module GraphEditor (158)
[2016.10.27-23.28.36:146][156]LogModuleManager: Shutting down and abandoning module ClassViewer (157)
[2016.10.27-23.28.36:154][156]LogModuleManager: Shutting down and abandoning module Toolbox (156)
[2016.10.27-23.28.36:167][156]LogModuleManager: Shutting down and abandoning module ModuleUI (155)
[2016.10.27-23.28.36:179][156]LogModuleManager: Shutting down and abandoning module MovieSceneTools (154)
[2016.10.27-23.28.36:204][156]LogModuleManager: Shutting down and abandoning module OutputLog (153)
[2016.10.27-23.28.36:227][156]LogModuleManager: Shutting down and abandoning module GammaUI (152)
[2016.10.27-23.28.36:262][156]LogModuleManager: Shutting down and abandoning module Documentation (151)
[2016.10.27-23.28.36:262][156]LogModuleManager: Shutting down and abandoning module Niagara (150)
[2016.10.27-23.28.36:267][156]LogModuleManager: Shutting down and abandoning module StreamingPauseRendering (149)
[2016.10.27-23.28.36:267][156]LogModuleManager: Shutting down and abandoning module AnalyticsET (148)
[2016.10.27-23.28.36:267][156]LogModuleManager: Shutting down and abandoning module PortalServices (147)
[2016.10.27-23.28.36:267][156]LogModuleManager: Shutting down and abandoning module PortalRpc (146)
[2016.10.27-23.28.36:267][156]LogModuleManager: Shutting down and abandoning module MessagingRpc (145)
[2016.10.27-23.28.36:267][156]LogModuleManager: Shutting down and abandoning module GameplayDebugger (144)
[2016.10.27-23.28.36:291][156]LogModuleManager: Shutting down and abandoning module AITestSuite (143)
[2016.10.27-23.28.36:299][156]LogModuleManager: Shutting down and abandoning module AIModule (142)
[2016.10.27-23.28.36:299][156]LogModuleManager: Shutting down and abandoning module ProfilerService (141)
[2016.10.27-23.28.36:463][156]LogModuleManager: Shutting down and abandoning module TaskGraph (140)
[2016.10.27-23.28.36:475][156]LogModuleManager: Shutting down and abandoning module SubstanceEditor (139)
[2016.10.27-23.28.36:492][156]LogModuleManager: Shutting down and abandoning module SlateRemote (138)
[2016.10.27-23.28.36:492][156]LogModuleManager: Shutting down and abandoning module SteamVRController (137)
[2016.10.27-23.28.36:492][156]LogModuleManager: Shutting down and abandoning module SteamVR (136)
[2016.10.27-23.28.36:492][156]LogModuleManager: Shutting down and abandoning module ProceduralMeshComponentEditor (135)
[2016.10.27-23.28.36:503][156]LogModuleManager: Shutting down and abandoning module ProceduralMeshComponent (134)
[2016.10.27-23.28.36:503][156]LogModuleManager: Shutting down and abandoning module OculusLibrary (133)
[2016.10.27-23.28.36:503][156]LogModuleManager: Shutting down and abandoning module OculusInput (132)
[2016.10.27-23.28.36:503][156]LogModuleManager: Shutting down and abandoning module CustomMeshComponent (131)
[2016.10.27-23.28.36:503][156]LogModuleManager: Shutting down and abandoning module CableComponent (130)
[2016.10.27-23.28.36:503][156]LogModuleManager: Shutting down and abandoning module ArchVisCharacter (129)
[2016.10.27-23.28.36:503][156]LogModuleManager: Shutting down and abandoning module MediaPlayerEditor (127)
[2016.10.27-23.28.36:535][156]LogModuleManager: Shutting down and abandoning module HTML5Networking (126)
[2016.10.27-23.28.36:535][156]LogModuleManager: Shutting down and abandoning module GeometryCacheEd (125)
[2016.10.27-23.28.36:535][156]LogModuleManager: Shutting down and abandoning module GeometryCache (124)
[2016.10.27-23.28.36:535][156]LogModuleManager: Shutting down and abandoning module AlembicLibrary (123)
[2016.10.27-23.28.36:535][156]LogModuleManager: Shutting down and abandoning module AlembicImporter (122)
[2016.10.27-23.28.36:543][156]LogModuleManager: Shutting down and abandoning module SuperSearch (121)
[2016.10.27-23.28.36:543][156]LogModuleManager: Shutting down and abandoning module SuperSearchEditor (120)
[2016.10.27-23.28.36:543][156]LogModuleManager: Shutting down and abandoning module SpeedTreeImporter (119)
[2016.10.27-23.28.36:543][156]LogModuleManager: Shutting down and abandoning module PluginBrowser (118)
[2016.10.27-23.28.36:554][156]LogModuleManager: Shutting down and abandoning module MobileLauncherProfileWizard (117)
[2016.10.27-23.28.36:578][156]LogModuleManager: Shutting down and abandoning module EpicSurvey (116)
[2016.10.27-23.28.36:588][156]LogModuleManager: Shutting down and abandoning module DesktopPlatform (115)
[2016.10.27-23.28.36:598][156]LogModuleManager: Shutting down and abandoning module VisualStudioSourceCodeAccess (114)
[2016.10.27-23.28.36:607][156]LogModuleManager: Shutting down and abandoning module UObjectPlugin (113)
[2016.10.27-23.28.36:607][156]LogModuleManager: Shutting down and abandoning module SubversionSourceControl (112)
[2016.10.27-23.28.36:610][156]LogModuleManager: Shutting down and abandoning module PerforceSourceControl (111)
[2016.10.27-23.28.36:621][156]LogModuleManager: Shutting down and abandoning module SourceControl (110)
[2016.10.27-23.28.36:627][156]LogModuleManager: Shutting down and abandoning module GitSourceControl (109)
[2016.10.27-23.28.36:638][156]LogModuleManager: Shutting down and abandoning module LightPropagationVolumeEditor (108)
[2016.10.27-23.28.36:638][156]LogModuleManager: Shutting down and abandoning module PaperTiledImporter (107)
[2016.10.27-23.28.36:642][156]LogModuleManager: Shutting down and abandoning module PaperSpriteSheetImporter (106)
[2016.10.27-23.28.36:642][156]LogModuleManager: Shutting down and abandoning module MeshPaint (105)
[2016.10.27-23.28.36:642][156]LogModuleManager: Shutting down and abandoning module FbxAutomationBuilderModule (104)
[2016.10.27-23.28.36:643][156]LogModuleManager: Shutting down and abandoning module PixelInspectorModule (103)
[2016.10.27-23.28.36:661][156]LogModuleManager: Shutting down and abandoning module HotReload (102)
[2016.10.27-23.28.36:663][156]LogModuleManager: Shutting down and abandoning module MainFrame (101)
[2016.10.27-23.28.36:663][156]LogModuleManager: Shutting down and abandoning module LevelEditor (100)
[2016.10.27-23.28.36:664][156]LogModuleManager: Shutting down and abandoning module ContentBrowser (99)
[2016.10.27-23.28.36:665][156]LogModuleManager: Shutting down and abandoning module Paper2DEditor (98)
[2016.10.27-23.28.36:694][156]LogModuleManager: Shutting down and abandoning module UdpMessaging (97)
[2016.10.27-23.28.36:794][156]LogModuleManager: Shutting down and abandoning module TcpMessaging (96)
[2016.10.27-23.28.36:909][156]LogModuleManager: Shutting down and abandoning module SubstanceCore (95)
[2016.10.27-23.28.36:972][156]LogModuleManager: Shutting down and abandoning module LightPropagationVolumeRuntime (94)
[2016.10.27-23.28.36:972][156]LogModuleManager: Shutting down and abandoning module Paper2D (93)
[2016.10.27-23.28.36:990][156]LogModuleManager: Shutting down and abandoning module WindowsMoviePlayer (92)
[2016.10.27-23.28.37:005][156]LogModuleManager: Shutting down and abandoning module WmfMedia (91)
[2016.10.27-23.28.37:024][156]LogModuleManager: Shutting down and abandoning module MediaAssets (90)
[2016.10.27-23.28.37:024][156]LogModuleManager: Shutting down and abandoning module GameLiveStreaming (89)
[2016.10.27-23.28.37:024][156]LogModuleManager: Shutting down and abandoning module GameplayTagsEditor (88)
[2016.10.27-23.28.37:036][156]LogModuleManager: Shutting down and abandoning module VREditor (87)
[2016.10.27-23.28.37:036][156]LogModuleManager: Shutting down and abandoning module GameplayTasksEditor (86)
[2016.10.27-23.28.37:036][156]LogModuleManager: Shutting down and abandoning module PropertyEditor (85)
[2016.10.27-23.28.37:036][156]LogModuleManager: Shutting down and abandoning module BehaviorTreeEditor (84)
[2016.10.27-23.28.37:098][156]LogModuleManager: Shutting down and abandoning module FunctionalTesting (83)
[2016.10.27-23.28.37:098][156]LogModuleManager: Shutting down and abandoning module CollisionAnalyzer (82)
[2016.10.27-23.28.37:140][156]LogModuleManager: Shutting down and abandoning module Sequencer (81)
[2016.10.27-23.28.37:180][156]LogModuleManager: Shutting down and abandoning module WorkspaceMenuStructure (80)
[2016.10.27-23.28.37:180][156]LogModuleManager: Shutting down and abandoning module MessageLog (79)
[2016.10.27-23.28.37:180][156]LogModuleManager: Shutting down and abandoning module AssetTools (78)
[2016.10.27-23.28.37:215][156]LogModuleManager: Shutting down and abandoning module UMGEditor (77)
[2016.10.27-23.28.37:261][156]LogModuleManager: Shutting down and abandoning module UMG (76)
[2016.10.27-23.28.37:289][156]LogModuleManager: Shutting down and abandoning module SlateReflector (75)
[2016.10.27-23.28.37:338][156]LogModuleManager: Shutting down and abandoning module Slate (74)
[2016.10.27-23.28.37:338][156]LogModuleManager: Shutting down and abandoning module EditorStyle (73)
[2016.10.27-23.28.37:340][156]LogModuleManager: Shutting down and abandoning module SourceCodeAccess (72)
[2016.10.27-23.28.37:340][156]LogModuleManager: Shutting down and abandoning module HeadMountedDisplay (71)
[2016.10.27-23.28.37:340][156]LogModuleManager: Shutting down and abandoning module XAudio2 (70)
[2016.10.27-23.28.37:340][156]LogModuleManager: Shutting down and abandoning module Networking (68)
[2016.10.27-23.28.37:340][156]LogModuleManager: Shutting down and abandoning module Core (67)
[2016.10.27-23.28.37:340][156]LogModuleManager: Shutting down and abandoning module DirectoryWatcher (66)
[2016.10.27-23.28.37:340][156]LogDirectoryWatcher: A directory notification for '../../../Engine/Content/' was aborted.
[2016.10.27-23.28.37:340][156]LogDirectoryWatcher: A directory notification for '../../../../../CodeRed Repo/CodeRed-Repository/Content/' was aborted.
[2016.10.27-23.28.37:340][156]LogDirectoryWatcher: A directory notification for '../../../Engine/Plugins/2D/Paper2D/Content/' was aborted.
[2016.10.27-23.28.37:340][156]LogModuleManager: Shutting down and abandoning module AssetRegistry (65)
[2016.10.27-23.28.37:514][156]LogModuleManager: Shutting down and abandoning module KismetCompiler (64)
[2016.10.27-23.28.37:514][156]LogModuleManager: Shutting down and abandoning module PhysXFormats (63)
[2016.10.27-23.28.37:514][156]LogModuleManager: Shutting down and abandoning module MeshUtilities (62)
[2016.10.27-23.28.37:549][156]LogModuleManager: Shutting down and abandoning module DerivedDataCache (61)
[2016.10.27-23.28.37:573][156]LogDerivedDataCache: Shutdown
[2016.10.27-23.28.37:573][156]LogModuleManager: Shutting down and abandoning module VulkanShaderFormat (60)
[2016.10.27-23.28.37:588][156]LogModuleManager: Shutting down and abandoning module ShaderFormatOpenGL (59)
[2016.10.27-23.28.37:603][156]LogModuleManager: Shutting down and abandoning module ShaderFormatD3D (58)
[2016.10.27-23.28.37:603][156]LogModuleManager: Shutting down and abandoning module MetalShaderFormat (57)
[2016.10.27-23.28.37:618][156]LogModuleManager: Shutting down and abandoning module TextureFormatUncompressed (56)
[2016.10.27-23.28.37:618][156]LogModuleManager: Shutting down and abandoning module TextureFormatPVR (55)
[2016.10.27-23.28.37:618][156]LogModuleManager: Shutting down and abandoning module TextureFormatDXT (54)
[2016.10.27-23.28.37:618][156]LogModuleManager: Shutting down and abandoning module TextureFormatIntelISPCTexComp (53)
[2016.10.27-23.28.37:653][156]LogModuleManager: Shutting down and abandoning module ImageWrapper (52)
[2016.10.27-23.28.37:653][156]LogModuleManager: Shutting down and abandoning module TextureFormatASTC (51)
[2016.10.27-23.28.37:653][156]LogModuleManager: Shutting down and abandoning module TextureFormatAndroid (50)
[2016.10.27-23.28.37:653][156]LogModuleManager: Shutting down and abandoning module AudioFormatOpus (49)
[2016.10.27-23.28.37:674][156]LogModuleManager: Shutting down and abandoning module AudioFormatOgg (48)
[2016.10.27-23.28.37:674][156]LogModuleManager: Shutting down and abandoning module AudioFormatADPCM (47)
[2016.10.27-23.28.37:674][156]LogModuleManager: Shutting down and abandoning module LinuxTargetPlatform (46)
[2016.10.27-23.28.37:674][156]LogModuleManager: Shutting down and abandoning module LinuxServerTargetPlatform (45)
[2016.10.27-23.28.37:674][156]LogModuleManager: Shutting down and abandoning module LinuxNoEditorTargetPlatform (44)
[2016.10.27-23.28.37:674][156]LogModuleManager: Shutting down and abandoning module LinuxClientTargetPlatform (43)
[2016.10.27-23.28.37:674][156]LogModuleManager: Shutting down and abandoning module TVOSTargetPlatform (42)
[2016.10.27-23.28.37:674][156]LogModuleManager: Shutting down and abandoning module Messaging (41)
[2016.10.27-23.28.37:674][156]LogModuleManager: Shutting down and abandoning module IOSTargetPlatform (40)
[2016.10.27-23.28.37:674][156]LogModuleManager: Shutting down and abandoning module HTML5TargetPlatform (39)
[2016.10.27-23.28.37:674][156]LogModuleManager: Shutting down and abandoning module Android_PVRTCTargetPlatform (38)
[2016.10.27-23.28.37:674][156]LogModuleManager: Shutting down and abandoning module Android_MultiTargetPlatform (37)
[2016.10.27-23.28.37:674][156]LogModuleManager: Shutting down and abandoning module Android_ETC2TargetPlatform (36)
[2016.10.27-23.28.37:674][156]LogModuleManager: Shutting down and abandoning module Android_ETC1TargetPlatform (35)
[2016.10.27-23.28.37:674][156]LogModuleManager: Shutting down and abandoning module Android_DXTTargetPlatform (34)
[2016.10.27-23.28.37:674][156]LogModuleManager: Shutting down and abandoning module Android_ATCTargetPlatform (33)
[2016.10.27-23.28.37:674][156]LogModuleManager: Shutting down and abandoning module Android_ASTCTargetPlatform (32)
[2016.10.27-23.28.37:674][156]LogModuleManager: Shutting down and abandoning module AndroidTargetPlatform (31)
[2016.10.27-23.28.37:674][156]LogModuleManager: Shutting down and abandoning module WindowsTargetPlatform (30)
[2016.10.27-23.28.37:674][156]LogModuleManager: Shutting down and abandoning module WindowsServerTargetPlatform (29)
[2016.10.27-23.28.37:674][156]LogModuleManager: Shutting down and abandoning module WindowsNoEditorTargetPlatform (28)
[2016.10.27-23.28.37:674][156]LogModuleManager: Shutting down and abandoning module WindowsClientTargetPlatform (27)
[2016.10.27-23.28.37:674][156]LogModuleManager: Shutting down and abandoning module AllDesktopTargetPlatform (26)
[2016.10.27-23.28.37:674][156]LogModuleManager: Shutting down and abandoning module TargetPlatform (25)
[2016.10.27-23.28.37:674][156]LogModuleManager: Shutting down and abandoning module InputCore (24)
[2016.10.27-23.28.37:674][156]LogModuleManager: Shutting down and abandoning module Settings (23)
[2016.10.27-23.28.37:675][156]LogModuleManager: Shutting down and abandoning module OculusRift (22)
[2016.10.27-23.28.37:675][156]LogHMD: Oculus shutdown.
[2016.10.27-23.28.37:675][156]LogModuleManager: Shutting down and abandoning module GearVR (21)
[2016.10.27-23.28.37:675][156]LogModuleManager: Shutting down and abandoning module ExampleDeviceProfileSelector (20)
[2016.10.27-23.28.37:675][156]LogModuleManager: Shutting down and abandoning module OnlineBlueprintSupport (19)
[2016.10.27-23.28.37:675][156]LogModuleManager: Shutting down and abandoning module OnlineSubsystem (17)
[2016.10.27-23.28.37:692][156]LogOnline:Display: Unloading online subsystem: NULL
[2016.10.27-23.28.37:698][156]LogModuleManager: Shutting down and abandoning module HTTP (16)
[2016.10.27-23.28.37:698][156]LogHttp:Display: Http module shutting down, but needs to wait on 1 outstanding Http requests:
[2016.10.27-23.28.37:698][156]LogHttp:Display: 	verb=[POST] url=[https://datarouter.ol.epicgames.com/datarouter/api/v1/public/data?SessionID=%7B6C6B89DF-49EE-D7A0-BCE9-288EE438F834%7D&AppID=UEEditor.Rocket.Release&AppVersion=4.13.1-3142249%2B%2B%2BUE4%2BRelease-4.13&UserID=fc9028ac4d19797dc560c2b6340654ac%7C7e15d6f22b6644f0be08b4c3ecc5a35f%7Ca2319f88-700d-48e4-b7e6-5cc78c0ab2a1&AppEnvironment=datacollector-binary&UploadType=eteventstream] status=Processing
[2016.10.27-23.28.37:699][156]LogModuleManager: Shutting down and abandoning module XMPP (15)
[2016.10.27-23.28.37:716][156]LogModuleManager: Shutting down and abandoning module TextureCompressor (14)
[2016.10.27-23.28.37:717][156]LogModuleManager: Shutting down and abandoning module ShaderCore (13)
[2016.10.27-23.28.37:717][156]LogModuleManager: Shutting down and abandoning module Landscape (12)
[2016.10.27-23.28.37:717][156]LogModuleManager: Shutting down and abandoning module SlateRHIRenderer (11)
[2016.10.27-23.28.37:731][156]LogModuleManager: Shutting down and abandoning module OpenGLDrv (10)
[2016.10.27-23.28.37:749][156]LogModuleManager: Shutting down and abandoning module D3D11RHI (9)
[2016.10.27-23.28.37:749][156]LogModuleManager: Shutting down and abandoning module AnimGraphRuntime (8)
[2016.10.27-23.28.37:768][156]LogModuleManager: Shutting down and abandoning module Renderer (7)
[2016.10.27-23.28.37:768][156]LogModuleManager: Shutting down and abandoning module Engine (6)
[2016.10.27-23.28.37:768][156]LogModuleManager: Shutting down and abandoning module CoreUObject (5)
[2016.10.27-23.28.37:768][156]LogModuleManager: Shutting down and abandoning module NetworkFile (4)
[2016.10.27-23.28.37:783][156]LogModuleManager: Shutting down and abandoning module StreamingFile (3)
[2016.10.27-23.28.37:783][156]LogModuleManager: Shutting down and abandoning module SandboxFile (2)
[2016.10.27-23.28.37:798][156]LogModuleManager: Shutting down and abandoning module PakFile (1)
[2016.10.27-23.28.37:858][156]LogExit: Exiting.
[2016.10.27-23.28.37:859][156]Log file closed, 10/27/16 16:28:37
