Log file open, 10/26/16 21:49:19
LogInit:Display: Running engine for game: CodeRed
LogPlatformFile: Not using cached read wrapper
LogInit:Display: RandInit(-1565291714) SRandInit(-1565291714).
LogTaskGraph: Started task graph with 5 named threads and 8 total threads with 1 sets of task threads.
LogStats: Stats thread started at 0.065578
LogPluginManager: Loaded Plugin Paper2D, From S:/Epic Games/4.13/Engine/Plugins/2D/Paper2D/Paper2D.uplugin
LogPluginManager: Loaded Plugin LightPropagationVolume, From S:/Epic Games/4.13/Engine/Plugins/Blendables/LightPropagationVolume/LightPropagationVolume.uplugin
LogPluginManager: Loaded Plugin BlankPlugin, From S:/Epic Games/4.13/Engine/Plugins/Developer/BlankPlugin/BlankPlugin.uplugin
LogPluginManager: Loaded Plugin CodeLiteSourceCodeAccess, From S:/Epic Games/4.13/Engine/Plugins/Developer/CodeLiteSourceCodeAccess/CodeLiteSourceCodeAccess.uplugin
LogPluginManager: Loaded Plugin GitSourceControl, From S:/Epic Games/4.13/Engine/Plugins/Developer/GitSourceControl/GitSourceControl.uplugin
LogPluginManager: Loaded Plugin KDevelopSourceCodeAccess, From S:/Epic Games/4.13/Engine/Plugins/Developer/KDevelopSourceCodeAccess/KDevelopSourceCodeAccess.uplugin
LogPluginManager: Loaded Plugin NullSourceCodeAccess, From S:/Epic Games/4.13/Engine/Plugins/Developer/NullSourceCodeAccess/NullSourceCodeAccess.uplugin
LogPluginManager: Loaded Plugin OneSkyLocalizationService, From S:/Epic Games/4.13/Engine/Plugins/Developer/OneSkyLocalizationService/OneSkyLocalizationService.uplugin
LogPluginManager: Loaded Plugin PerforceSourceControl, From S:/Epic Games/4.13/Engine/Plugins/Developer/PerforceSourceControl/PerforceSourceControl.uplugin
LogPluginManager: Loaded Plugin SubversionSourceControl, From S:/Epic Games/4.13/Engine/Plugins/Developer/SubversionSourceControl/SubversionSourceControl.uplugin
LogPluginManager: Loaded Plugin UObjectPlugin, From S:/Epic Games/4.13/Engine/Plugins/Developer/UObjectPlugin/UObjectPlugin.uplugin
LogPluginManager: Loaded Plugin VisualStudioSourceCodeAccess, From S:/Epic Games/4.13/Engine/Plugins/Developer/VisualStudioSourceCodeAccess/VisualStudioSourceCodeAccess.uplugin
LogPluginManager: Loaded Plugin XCodeSourceCodeAccess, From S:/Epic Games/4.13/Engine/Plugins/Developer/XCodeSourceCodeAccess/XCodeSourceCodeAccess.uplugin
LogPluginManager: Loaded Plugin EpicSurvey, From S:/Epic Games/4.13/Engine/Plugins/Editor/EpicSurvey/EpicSurvey.uplugin
LogPluginManager: Loaded Plugin MacGraphicsSwitching, From S:/Epic Games/4.13/Engine/Plugins/Editor/MacGraphicsSwitching/MacGraphicsSwitching.uplugin
LogPluginManager: Loaded Plugin MobileLauncherProfileWizard, From S:/Epic Games/4.13/Engine/Plugins/Editor/MobileLauncherProfileWizard/MobileLauncherProfileWizard.uplugin
LogPluginManager: Loaded Plugin PluginBrowser, From S:/Epic Games/4.13/Engine/Plugins/Editor/PluginBrowser/PluginBrowser.uplugin
LogPluginManager: Loaded Plugin SpeedTreeImporter, From S:/Epic Games/4.13/Engine/Plugins/Editor/SpeedTreeImporter/SpeedTreeImporter.uplugin
LogPluginManager: Loaded Plugin SuperSearchEditor, From S:/Epic Games/4.13/Engine/Plugins/Editor/SuperSearchEditor/SuperSearchEditor.uplugin
LogPluginManager: Loaded Plugin AlembicImporter, From S:/Epic Games/4.13/Engine/Plugins/Experimental/AlembicImporter/AlembicImporter.uplugin
LogPluginManager: Loaded Plugin BlueprintStats, From S:/Epic Games/4.13/Engine/Plugins/Experimental/BlueprintStats/BlueprintStats.uplugin
LogPluginManager: Loaded Plugin CharacterAI, From S:/Epic Games/4.13/Engine/Plugins/Experimental/CharacterAI/CharacterAI.uplugin
LogPluginManager: Loaded Plugin CodeEditor, From S:/Epic Games/4.13/Engine/Plugins/Experimental/CodeEditor/CodeEditor.uplugin
LogPluginManager: Loaded Plugin CodeView, From S:/Epic Games/4.13/Engine/Plugins/Experimental/CodeView/CodeView.uplugin
LogPluginManager: Loaded Plugin HTML5Networking, From S:/Epic Games/4.13/Engine/Plugins/Experimental/HTML5Networking/HTML5Networking.uplugin
LogPluginManager: Loaded Plugin LiveEditor, From S:/Epic Games/4.13/Engine/Plugins/Experimental/LiveEditor/LiveEditor.uplugin
LogPluginManager: Loaded Plugin OSVR, From S:/Epic Games/4.13/Engine/Plugins/Experimental/OSVR/OSVR.uplugin
LogPluginManager: Loaded Plugin Phya, From S:/Epic Games/4.13/Engine/Plugins/Experimental/Phya/Phya.uplugin
LogPluginManager: Loaded Plugin SignificanceManager, From S:/Epic Games/4.13/Engine/Plugins/Experimental/SignificanceManager/SignificanceManager.uplugin
LogPluginManager: Loaded Plugin SimpleHMD, From S:/Epic Games/4.13/Engine/Plugins/Experimental/SimpleHMD/SimpleHMD.uplugin
LogPluginManager: Loaded Plugin StereoPanorama, From S:/Epic Games/4.13/Engine/Plugins/Experimental/StereoPanorama/StereoPanorama.uplugin
LogPluginManager: Loaded Plugin StructBox, From S:/Epic Games/4.13/Engine/Plugins/Experimental/StructBox/StructBox.uplugin
LogPluginManager: Loaded Plugin Substance, From S:/Epic Games/4.13/Engine/Plugins/Marketplace/Substance/Substance.uplugin
LogPluginManager: Loaded Plugin AndroidMedia, From S:/Epic Games/4.13/Engine/Plugins/Media/AndroidMedia/AndroidMedia.uplugin
LogPluginManager: Loaded Plugin AvfMedia, From S:/Epic Games/4.13/Engine/Plugins/Media/AvfMedia/AvfMedia.uplugin
LogPluginManager: Loaded Plugin MediaPlayerEditor, From S:/Epic Games/4.13/Engine/Plugins/Media/MediaPlayerEditor/MediaPlayerEditor.uplugin
LogPluginManager: Loaded Plugin WmfMedia, From S:/Epic Games/4.13/Engine/Plugins/Media/WmfMedia/WmfMedia.uplugin
LogPluginManager: Loaded Plugin MessagingDebugger, From S:/Epic Games/4.13/Engine/Plugins/Messaging/MessagingDebugger/MessagingDebugger.uplugin
LogPluginManager: Loaded Plugin TcpMessaging, From S:/Epic Games/4.13/Engine/Plugins/Messaging/TcpMessaging/TcpMessaging.uplugin
LogPluginManager: Loaded Plugin UdpMessaging, From S:/Epic Games/4.13/Engine/Plugins/Messaging/UdpMessaging/UdpMessaging.uplugin
LogPluginManager: Loaded Plugin LevelSequenceEditor, From S:/Epic Games/4.13/Engine/Plugins/MovieScene/LevelSequenceEditor/LevelSequenceEditor.uplugin
LogPluginManager: Loaded Plugin MatineeToLevelSequence, From S:/Epic Games/4.13/Engine/Plugins/MovieScene/MatineeToLevelSequence/MatineeToLevelSequence.uplugin
LogPluginManager: Loaded Plugin NetcodeUnitTest, From S:/Epic Games/4.13/Engine/Plugins/NetcodeUnitTest/NetcodeUnitTest/NetcodeUnitTest.uplugin
LogPluginManager: Loaded Plugin NUTUnrealEngine4, From S:/Epic Games/4.13/Engine/Plugins/NetcodeUnitTest/NUTUnrealEngine4/NUTUnrealEngine4.uplugin
LogPluginManager: Loaded Plugin OnlineSubsystemGooglePlay, From S:/Epic Games/4.13/Engine/Plugins/Online/Android/OnlineSubsystemGooglePlay/OnlineSubsystemGooglePlay.uplugin
LogPluginManager: Loaded Plugin OnlineSubsystemIOS, From S:/Epic Games/4.13/Engine/Plugins/Online/IOS/OnlineSubsystemIOS/OnlineSubsystemIOS.uplugin
LogPluginManager: Loaded Plugin OnlineFramework, From S:/Epic Games/4.13/Engine/Plugins/Online/OnlineFramework/OnlineFramework.uplugin
LogPluginManager: Loaded Plugin OnlineSubsystem, From S:/Epic Games/4.13/Engine/Plugins/Online/OnlineSubsystem/OnlineSubsystem.uplugin
LogPluginManager: Loaded Plugin OnlineSubsystemAmazon, From S:/Epic Games/4.13/Engine/Plugins/Online/OnlineSubsystemAmazon/OnlineSubsystemAmazon.uplugin
LogPluginManager: Loaded Plugin OnlineSubsystemFacebook, From S:/Epic Games/4.13/Engine/Plugins/Online/OnlineSubsystemFacebook/OnlineSubsystemFacebook.uplugin
LogPluginManager: Loaded Plugin OnlineSubsystemNull, From S:/Epic Games/4.13/Engine/Plugins/Online/OnlineSubsystemNull/OnlineSubsystemNull.uplugin
LogPluginManager: Loaded Plugin OnlineSubsystemOculus, From S:/Epic Games/4.13/Engine/Plugins/Online/OnlineSubsystemOculus/OnlineSubsystemOculus.uplugin
LogPluginManager: Loaded Plugin OnlineSubsystemSteam, From S:/Epic Games/4.13/Engine/Plugins/Online/OnlineSubsystemSteam/OnlineSubsystemSteam.uplugin
LogPluginManager: Loaded Plugin OnlineSubsystemUtils, From S:/Epic Games/4.13/Engine/Plugins/Online/OnlineSubsystemUtils/OnlineSubsystemUtils.uplugin
LogPluginManager: Loaded Plugin IOSTapJoy, From S:/Epic Games/4.13/Engine/Plugins/Runtime/Advertising/IOSTapJoy/IOSTapJoy.uplugin
LogPluginManager: Loaded Plugin AnalyticsBlueprintLibrary, From S:/Epic Games/4.13/Engine/Plugins/Runtime/Analytics/AnalyticsBlueprintLibrary/AnalyticsBlueprintLibrary.uplugin
LogPluginManager: Loaded Plugin AnalyticsMulticast, From S:/Epic Games/4.13/Engine/Plugins/Runtime/Analytics/AnalyticsMulticast/AnalyticsMulticast.uplugin
LogPluginManager: Loaded Plugin Apsalar, From S:/Epic Games/4.13/Engine/Plugins/Runtime/Analytics/Apsalar/Apsalar.uplugin
LogPluginManager: Loaded Plugin FileLogging, From S:/Epic Games/4.13/Engine/Plugins/Runtime/Analytics/FileLogging/FileLogging.uplugin
LogPluginManager: Loaded Plugin Flurry, From S:/Epic Games/4.13/Engine/Plugins/Runtime/Analytics/Flurry/Flurry.uplugin
LogPluginManager: Loaded Plugin AndroidDeviceProfileSelector, From S:/Epic Games/4.13/Engine/Plugins/Runtime/AndroidDeviceProfileSelector/AndroidDeviceProfileSelector.uplugin
LogPluginManager: Loaded Plugin AndroidMoviePlayer, From S:/Epic Games/4.13/Engine/Plugins/Runtime/AndroidMoviePlayer/AndroidMoviePlayer.uplugin
LogPluginManager: Loaded Plugin AppleMoviePlayer, From S:/Epic Games/4.13/Engine/Plugins/Runtime/AppleMoviePlayer/AppleMoviePlayer.uplugin
LogPluginManager: Loaded Plugin ArchVisCharacter, From S:/Epic Games/4.13/Engine/Plugins/Runtime/ArchVisCharacter/ArchVisCharacter.uplugin
LogPluginManager: Loaded Plugin CableComponent, From S:/Epic Games/4.13/Engine/Plugins/Runtime/CableComponent/CableComponent.uplugin
LogPluginManager: Loaded Plugin CustomMeshComponent, From S:/Epic Games/4.13/Engine/Plugins/Runtime/CustomMeshComponent/CustomMeshComponent.uplugin
LogPluginManager: Loaded Plugin ExampleDeviceProfileSelector, From S:/Epic Games/4.13/Engine/Plugins/Runtime/ExampleDeviceProfileSelector/ExampleDeviceProfileSelector.uplugin
LogPluginManager: Loaded Plugin GearVR, From S:/Epic Games/4.13/Engine/Plugins/Runtime/GearVR/GearVR.uplugin
LogPluginManager: Loaded Plugin GoogleVRController, From S:/Epic Games/4.13/Engine/Plugins/Runtime/GoogleVR/GoogleVRController/GoogleVRController.uplugin
LogPluginManager: Loaded Plugin GoogleVRHMD, From S:/Epic Games/4.13/Engine/Plugins/Runtime/GoogleVR/GoogleVRHMD/GoogleVRHMD.uplugin
LogPluginManager: Loaded Plugin IOSDeviceProfileSelector, From S:/Epic Games/4.13/Engine/Plugins/Runtime/IOSDeviceProfileSelector/IOSDeviceProfileSelector.uplugin
LogPluginManager: Loaded Plugin LeapMotion, From S:/Epic Games/4.13/Engine/Plugins/Runtime/LeapMotion/LeapMotion.uplugin
LogPluginManager: Loaded Plugin LinuxDeviceProfileSelector, From S:/Epic Games/4.13/Engine/Plugins/Runtime/LinuxDeviceProfileSelector/LinuxDeviceProfileSelector.uplugin
LogPluginManager: Loaded Plugin LiveEditorListenServer, From S:/Epic Games/4.13/Engine/Plugins/Runtime/LiveEditorListenServer/LiveEditorListenServer.uplugin
LogPluginManager: Loaded Plugin OculusAudio, From S:/Epic Games/4.13/Engine/Plugins/Runtime/OculusAudio/OculusAudio.uplugin
LogPluginManager: Loaded Plugin OculusInput, From S:/Epic Games/4.13/Engine/Plugins/Runtime/OculusInput/OculusInput.uplugin
LogPluginManager: Loaded Plugin OculusLibrary, From S:/Epic Games/4.13/Engine/Plugins/Runtime/OculusLibrary/OculusLibrary.uplugin
LogPluginManager: Loaded Plugin OculusRift, From S:/Epic Games/4.13/Engine/Plugins/Runtime/OculusRift/OculusRift.uplugin
LogPluginManager: Loaded Plugin Oodle, From S:/Epic Games/4.13/Engine/Plugins/Runtime/PacketHandlers/CompressionComponents/Oodle/Oodle.uplugin
LogPluginManager: Loaded Plugin ProceduralMeshComponent, From S:/Epic Games/4.13/Engine/Plugins/Runtime/ProceduralMeshComponent/ProceduralMeshComponent.uplugin
LogPluginManager: Loaded Plugin SoundMod, From S:/Epic Games/4.13/Engine/Plugins/Runtime/SoundMod/SoundMod.uplugin
LogPluginManager: Loaded Plugin SoundVisualizations, From S:/Epic Games/4.13/Engine/Plugins/Runtime/SoundVisualizations/SoundVisualizations.uplugin
LogPluginManager: Loaded Plugin SteamController, From S:/Epic Games/4.13/Engine/Plugins/Runtime/Steam/SteamController/SteamController.uplugin
LogPluginManager: Loaded Plugin SteamVR, From S:/Epic Games/4.13/Engine/Plugins/Runtime/Steam/SteamVR/SteamVR.uplugin
LogPluginManager: Loaded Plugin WebBrowserWidget, From S:/Epic Games/4.13/Engine/Plugins/Runtime/WebBrowserWidget/WebBrowserWidget.uplugin
LogPluginManager: Loaded Plugin WindowsDeviceProfileSelector, From S:/Epic Games/4.13/Engine/Plugins/Runtime/WindowsDeviceProfileSelector/WindowsDeviceProfileSelector.uplugin
LogPluginManager: Loaded Plugin WindowsMoviePlayer, From S:/Epic Games/4.13/Engine/Plugins/Runtime/WindowsMoviePlayer/WindowsMoviePlayer.uplugin
LogPluginManager: Loaded Plugin ScriptPlugin, From S:/Epic Games/4.13/Engine/Plugins/ScriptPlugin/ScriptPlugin.uplugin
LogPluginManager: Loaded Plugin SlateRemote, From S:/Epic Games/4.13/Engine/Plugins/Slate/SlateRemote/SlateRemote.uplugin
LogInit: Using libcurl 7.47.1
LogInit:  - built for x86_64-pc-win32
LogInit:  - supports SSL with WinSSL
LogInit:  - other features:
LogInit:      CURL_VERSION_SSL
LogInit:      CURL_VERSION_IPV6
LogInit:      CURL_VERSION_ASYNCHDNS
LogInit:      CURL_VERSION_LARGEFILE
LogInit:      CURL_VERSION_IDN
LogInit:  CurlRequestOptions (configurable via config and command line):
LogInit:  - bVerifyPeer = false  - Libcurl will NOT verify peer certificate
LogInit:  - bUseHttpProxy = false  - Libcurl will NOT use HTTP proxy
LogInit:  - bDontReuseConnections = false  - Libcurl will reuse connections
LogInit:  - CertBundlePath = nullptr  - Libcurl will use whatever was configured at build time.
OCULUS: Info: [CAPI] LibOVR module is located at E:\Oculus\Support\oculus-runtime\LibOVRRT64_1.dll
OCULUS: Debug: Connected to the server running version (prod = 1).1.9.0(build = 292703) feature version = 0. Client runs version (prod = 1).1.9.0(build = 292703) feature version = 0
LogInit: Build: ++UE4+Release-4.13-CL-3142249
LogInit: Engine Version: 4.13.1-3142249+++UE4+Release-4.13
LogInit: Compatible Engine Version: 4.13.0-3106830+++UE4+Release-4.13
LogInit: Net CL: 3142249
LogDevObjectVersion: Number of dev versions registered: 13
LogDevObjectVersion:   Dev-Blueprints (B0D832E4-1F89-4F0D-ACCF-7EB736FD4AA2): 5
LogDevObjectVersion:   Dev-Build (E1C64328-A22C-4D53-A36C-8E866417BD8C): 0
LogDevObjectVersion:   Dev-Core (375EC13C-06E4-48FB-B500-84F0262A717E): 1
LogDevObjectVersion:   Dev-Editor (E4B068ED-F494-42E9-A231-DA0B2E46BB41): 6
LogDevObjectVersion:   Dev-Framework (CFFC743F-43B0-4480-9391-14DF171D2073): 12
LogDevObjectVersion:   Dev-Mobile (B02B49B5-BB20-44E9-A304-32B752E40360): 0
LogDevObjectVersion:   Dev-Networking (A4E4105C-59A1-49B5-A7C5-40C4547EDFEE): 0
LogDevObjectVersion:   Dev-Online (39C831C9-5AE6-47DC-9A44-9C173E1C8E7C): 0
LogDevObjectVersion:   Dev-Physics (78F01B33-EBEA-4F98-B9B4-84EACCB95AA2): 0
LogDevObjectVersion:   Dev-Platform (6631380F-2D4D-43E0-8009-CF276956A95A): 0
LogDevObjectVersion:   Dev-Rendering (12F88B9F-8875-4AFC-A67C-D90C383ABD29): 4
LogDevObjectVersion:   Dev-Sequencer (7B5AE74C-D270-4C10-A958-57980B212A5A): 0
LogDevObjectVersion:   Dev-VR (D7296918-1DD6-4BDD-9DE2-64A83CC13884): 0
LogInit: Compiled (64-bit): Sep 28 2016 02:12:12
LogInit: Compiled with Visual C++: 19.00.23026.00
LogInit: Build Configuration: Development
LogInit: Branch Name: ++UE4+Release-4.13
LogInit: Command line:  
LogInit: Base directory: S:/Epic Games/4.13/Engine/Binaries/Win64/
LogInit: Installed Engine Build: 1
LogInit: Presizing for max 8388607 objects, including 0 objects not considered by GC, pre-allocating 0 bytes for permanent pool.
LogInit: Object subsystem initialized
[2016.10.27-04.49.20:811][  0]LogInit: Selected Device Profile: [Windows]
[2016.10.27-04.49.20:811][  0]LogInit: Applying CVar settings loaded from the selected device profile: [Windows]
[2016.10.27-04.49.20:855][  0]LogInit: Computer: H-PC
[2016.10.27-04.49.20:855][  0]LogInit: User: Helena
[2016.10.27-04.49.20:855][  0]LogInit: CPU Page size=65536, Cores=4
[2016.10.27-04.49.20:855][  0]LogInit: High frequency timer resolution =3.417984 MHz
[2016.10.27-04.49.20:855][  0]LogMemory: Memory total: Physical=8.0GB (8GB approx)
[2016.10.27-04.49.20:855][  0]LogMemory: Platform Memory Stats for Windows
[2016.10.27-04.49.20:855][  0]LogMemory: Process Physical Memory: 264.89 MB used, 264.89 MB peak
[2016.10.27-04.49.20:855][  0]LogMemory: Process Virtual Memory: 266.31 MB used, 266.31 MB peak
[2016.10.27-04.49.20:855][  0]LogMemory: Physical Memory: 3561.69 MB used, 8143.79 MB total
[2016.10.27-04.49.20:855][  0]LogMemory: Virtual Memory: 676.48 MB used, 134217728.00 MB total
[2016.10.27-04.49.21:145][  0]LogTextLocalizationManager: No specific translations for ('en-US') exist, so ('en') translations will be used.
[2016.10.27-04.49.23:146][  0]LogD3D11RHI: D3D11 adapters:
[2016.10.27-04.49.23:202][  0]LogD3D11RHI:    0. 'NVIDIA GeForce GTX 970' (Feature Level 11_0)
[2016.10.27-04.49.23:202][  0]LogD3D11RHI:       3957/0/4071 MB DedicatedVideo/DedicatedSystem/SharedSystem, Outputs:1, VendorId:0x10de
[2016.10.27-04.49.23:205][  0]LogD3D11RHI:    1. 'Microsoft Basic Render Driver' (Feature Level 11_0)
[2016.10.27-04.49.23:205][  0]LogD3D11RHI:       0/0/4071 MB DedicatedVideo/DedicatedSystem/SharedSystem, Outputs:0, VendorId:0x1414
[2016.10.27-04.49.23:205][  0]LogD3D11RHI: Chosen D3D11 Adapter: 0
[2016.10.27-04.49.23:222][  0]LogD3D11RHI: Creating new Direct3DDevice
[2016.10.27-04.49.23:223][  0]LogD3D11RHI:     GPU DeviceId: 0x13c2 (for the marketing name, search the web for "GPU Device Id")
[2016.10.27-04.49.23:236][  0]LogWindows: EnumDisplayDevices:
[2016.10.27-04.49.23:236][  0]LogWindows:    0. 'NVIDIA GeForce GTX 970' (P:1 D:1)
[2016.10.27-04.49.23:236][  0]LogWindows:    1. 'NVIDIA GeForce GTX 970' (P:0 D:0)
[2016.10.27-04.49.23:236][  0]LogWindows:    2. 'NVIDIA GeForce GTX 970' (P:0 D:0)
[2016.10.27-04.49.23:236][  0]LogWindows:    3. 'NVIDIA GeForce GTX 970' (P:0 D:0)
[2016.10.27-04.49.23:236][  0]LogWindows: DebugString: FoundDriverCount:4 
[2016.10.27-04.49.23:236][  0]LogD3D11RHI:     Adapter Name: NVIDIA GeForce GTX 970
[2016.10.27-04.49.23:236][  0]LogD3D11RHI:   Driver Version: 375.57 (internal:21.21.13.7557, unified:375.57)
[2016.10.27-04.49.23:236][  0]LogD3D11RHI:      Driver Date: 10-18-2016
[2016.10.27-04.49.23:237][  0]LogRHI: Texture pool is 1361 MB (70% of 1945 MB)
[2016.10.27-04.49.23:255][  0]LogD3D11RHI: Async texture creation enabled
[2016.10.27-04.49.23:582][  0]LogD3D11RHI: GPU Timing Frequency: 1000.000000 (Debug: 2 1)
[2016.10.27-04.49.23:641][  0]LogShaderCompilers: Guid format shader working directory is 2 characters bigger than the processId version (../../../../../CodeRed Repo/CodeRed-Repository/Intermediate/Shaders/WorkingDirectory/200/).
[2016.10.27-04.49.23:641][  0]LogShaderCompilers: Cleaned the shader compiler working directory 'C:/Users/Helena/AppData/Local/Temp/UnrealShaderWorkingDir/46D87D3543AD5E3C98660CA22DE38760/'.
[2016.10.27-04.49.23:658][  0]LogShaderCompilers:Display: Using Local Shader Compiler.
[2016.10.27-04.49.26:709][  0]LogTemp:Display: Loaded TP AllDesktopTargetPlatform
[2016.10.27-04.49.26:715][  0]LogTemp:Display: Loaded TP WindowsClientTargetPlatform
[2016.10.27-04.49.26:721][  0]LogTemp:Display: Loaded TP WindowsNoEditorTargetPlatform
[2016.10.27-04.49.26:727][  0]LogTemp:Display: Loaded TP WindowsServerTargetPlatform
[2016.10.27-04.49.26:733][  0]LogTemp:Display: Loaded TP WindowsTargetPlatform
[2016.10.27-04.49.26:747][  0]LogTemp:Display: Loaded TP AndroidTargetPlatform
[2016.10.27-04.49.26:758][  0]LogTemp:Display: Loaded TP Android_ASTCTargetPlatform
[2016.10.27-04.49.26:764][  0]LogTemp:Display: Loaded TP Android_ATCTargetPlatform
[2016.10.27-04.49.26:784][  0]LogTemp:Display: Loaded TP Android_DXTTargetPlatform
[2016.10.27-04.49.26:790][  0]LogTemp:Display: Loaded TP Android_ETC1TargetPlatform
[2016.10.27-04.49.26:795][  0]LogTemp:Display: Loaded TP Android_ETC2TargetPlatform
[2016.10.27-04.49.26:832][  0]LogTemp:Display: Loaded TP Android_MultiTargetPlatform
[2016.10.27-04.49.26:832][  0]LogTemp:Display: Loaded TP Android_PVRTCTargetPlatform
[2016.10.27-04.49.26:833][  0]LogTemp:Display: Loaded TP HTML5TargetPlatform
[2016.10.27-04.49.26:925][  0]LogTemp:Display: Loaded TP IOSTargetPlatform
[2016.10.27-04.49.26:930][  0]LogTemp:Display: Loaded TP TVOSTargetPlatform
[2016.10.27-04.49.26:936][  0]LogTemp:Display: Loaded TP LinuxClientTargetPlatform
[2016.10.27-04.49.26:941][  0]LogTemp:Display: Loaded TP LinuxNoEditorTargetPlatform
[2016.10.27-04.49.26:946][  0]LogTemp:Display: Loaded TP LinuxServerTargetPlatform
[2016.10.27-04.49.26:958][  0]LogTemp:Display: Loaded TP LinuxTargetPlatform
[2016.10.27-04.49.26:958][  0]LogTargetPlatformManager:Display: Building Assets For Windows
[2016.10.27-04.49.27:727][  0]LogDerivedDataCache:Display: Max Cache Size: 512 MB
[2016.10.27-04.49.27:965][  0]LogDerivedDataCache: Loaded boot cache 0.24s 62MB C:/Users/Helena/AppData/Local/UnrealEngine/4.13/DerivedDataCache/Boot.ddc.
[2016.10.27-04.49.27:966][  0]LogDerivedDataCache:Display: Loaded Boot cache: C:/Users/Helena/AppData/Local/UnrealEngine/4.13/DerivedDataCache/Boot.ddc
[2016.10.27-04.49.27:966][  0]LogDerivedDataCache: FDerivedDataBackendGraph:  Pak pak cache file ../../../../../CodeRed Repo/CodeRed-Repository/DerivedDataCache/DDC.ddp not found, will not use a pak cache.
[2016.10.27-04.49.27:966][  0]LogDerivedDataCache: Unable to find inner node Pak for hierarchical cache Hierarchy.
[2016.10.27-04.49.27:966][  0]LogDerivedDataCache: FDerivedDataBackendGraph:  CompressedPak pak cache file ../../../../../CodeRed Repo/CodeRed-Repository/DerivedDataCache/Compressed.ddp not found, will not use a pak cache.
[2016.10.27-04.49.27:966][  0]LogDerivedDataCache: Unable to find inner node CompressedPak for hierarchical cache Hierarchy.
[2016.10.27-04.49.28:027][  0]LogDerivedDataCache:Display: Pak cache opened for reading ../../../Engine/DerivedDataCache/Compressed.ddp.
[2016.10.27-04.49.28:040][  0]LogDerivedDataCache: Using Local data cache path C:/Users/Helena/AppData/Local/UnrealEngine/Common/DerivedDataCache: Writable
[2016.10.27-04.49.35:290][  0]LogInit: Selected Device Profile: [Windows]
[2016.10.27-04.49.35:375][  0]LogContentStreaming: Texture pool size is 0.00 MB
[2016.10.27-04.49.35:592][  0]LogMeshUtilities: No automatic mesh reduction module available
[2016.10.27-04.49.35:592][  0]LogMeshUtilities: No automatic mesh merging module available
[2016.10.27-04.49.35:592][  0]LogMeshUtilities: No distributed automatic mesh merging module available
[2016.10.27-04.49.36:701][  0]LogMaterial: Uniform references updated for custom material expression Custom.
[2016.10.27-04.49.39:407][  0]LogNetVersion: GetLocalNetworkVersion: CL: 3106830, ProjectName: codered, ProjectVersion: , EngineNetworkVersion: 1, GameNetworkVersion: 0, NetworkChecksum: 438237191
[2016.10.27-04.49.39:561][  0]LogAssetRegistry: FAssetRegistry took 0.0246 seconds to start up
[2016.10.27-04.49.40:044][  0]LogPackageLocalizationCache: Processed 3 localized package path(s) for 2 prioritized culture(s) in 0.137275 seconds
[2016.10.27-04.49.40:096][  0]LogUObjectArray: 29778 objects as part of root set at end of initial load.
[2016.10.27-04.49.40:096][  0]LogUObjectAllocator: 6125448 out of 0 bytes used by permanent object pool.
[2016.10.27-04.49.40:096][  0]LogUObjectArray: CloseDisregardForGC: 0/0 objects in disregard for GC pool
[2016.10.27-04.49.40:138][  0]LogInit: WinSock: version 1.1 (2.2), MaxSocks=32767, MaxUdp=65467
[2016.10.27-04.49.43:560][  0]LogSlate: SlateFontCache - WITH_FREETYPE: 1, WITH_HARFBUZZ: 1
[2016.10.27-04.49.43:560][  0]LogSlate: SlateFontCache - WITH_FREETYPE: 1, WITH_HARFBUZZ: 1
[2016.10.27-04.50.03:562][  0]LogSubstanceCoreModule: Substance CPU Engine Loaded, Max Texture Size 2048
[2016.10.27-04.50.03:583][  0]LogTcpMessaging: Initializing TcpMessaging bridge
[2016.10.27-04.50.03:658][  0]LogUdpMessaging: Initializing bridge on interface 0.0.0.0:0 to multicast group 230.0.0.1:6666.
[2016.10.27-04.50.05:901][  0]SourceControl: Info Source control is disabled
[2016.10.27-04.50.05:938][  0]SourceControl: Info Source control is disabled
[2016.10.27-04.50.06:181][  0]SourceControl: Info Source control is disabled
[2016.10.27-04.50.06:592][  0]SourceControl: Info Source control is disabled
[2016.10.27-04.50.11:567][  0]LogEngine: Initializing Engine...
[2016.10.27-04.50.13:132][  0]LogHMD: Oculus plugin initialized. Version: 4.13.1-3142249+++UE4+Release-4.13, LibOVR: 1.9.0, SDK: 1.6.0, built Sep 28 2016, 02:14:12
[2016.10.27-04.50.14:897][  0]LogAIModule: Creating AISystem for world Untitled
[2016.10.27-04.50.15:448][  0]LogInit: XAudio2 using 'Desk (Realtek High Definition Audio)' : 2 channels at 48 kHz using 16 bits per sample (channel mask 0x3)
[2016.10.27-04.50.15:501][  0]LogInit: FAudioDevice initialized.
[2016.10.27-04.50.15:536][  0]LogDerivedDataCache: Saved boot cache 0.04s 62MB C:/Users/Helena/AppData/Local/UnrealEngine/4.13/DerivedDataCache/Boot.ddc.
[2016.10.27-04.50.15:546][  0]LogInit: Texture streaming: Enabled
[2016.10.27-04.50.16:323][  0]LogInit: Transaction tracking system initialized
[2016.10.27-04.50.17:117][  0]BlueprintLog: New page: Editor Load
[2016.10.27-04.50.18:434][  0]LocalizationService: Info Localization service is disabled
[2016.10.27-04.50.19:024][  0]LogConsoleResponse:Display: 
[2016.10.27-04.50.19:609][  0]LogFileCache: Scanning file cache for directory 'S:/CodeRed Repo/CodeRed-Repository/Content/' took 0.04s
[2016.10.27-04.50.19:609][  0]LogCook:Display: Max memory allowance for cook 16384mb min free memory 0mb
[2016.10.27-04.50.19:609][  0]LogCook:Display: Mobile HDR setting 1
[2016.10.27-04.50.20:714][  0]SourceControl: Info Source control is disabled
[2016.10.27-04.50.20:756][  0]Cmd: MAP LOAD FILE="../../../../../CodeRed Repo/CodeRed-Repository/Content/FirstPersonBP/Maps/FirstPersonExampleMap.umap" TEMPLATE=0 SHOWPROGRESS=1 FEATURELEVEL=3
[2016.10.27-04.50.20:772][  0]LightingResults: New page: Lighting Build
[2016.10.27-04.50.20:963][  0]MapCheck: New page: Map Check
[2016.10.27-04.50.20:963][  0]LightingResults: New page: Lighting Build
[2016.10.27-04.50.23:312][  0]LogAIModule: Creating AISystem for world FirstPersonExampleMap
[2016.10.27-04.50.24:066][  0]LogEditorServer: Finished looking for orphan Actors (0.000 secs)
[2016.10.27-04.50.24:116][  0]Cmd: MAP CHECKDEP NOCLEARLOG
[2016.10.27-04.50.24:190][  0]MapCheck: Info Map check complete: 0 Error(s), 0 Warning(s), took 67.659ms to complete.
[2016.10.27-04.50.24:190][  0]LogFileHelpers: Loading map 'FirstPersonExampleMap' took 3.473
[2016.10.27-04.50.26:021][  0]LogCollectionManager: Loaded 0 collections in 0.000831 seconds
[2016.10.27-04.50.26:143][  0]LogFileCache: Scanning file cache for directory 'S:/CodeRed Repo/CodeRed-Repository/Saved/Collections/' took 0.01s
[2016.10.27-04.50.26:143][  0]LogFileCache: Scanning file cache for directory 'S:/CodeRed Repo/CodeRed-Repository/Content/Developers/Helena/Collections/' took 0.01s
[2016.10.27-04.50.26:143][  0]LogFileCache: Scanning file cache for directory 'S:/CodeRed Repo/CodeRed-Repository/Content/Collections/' took 0.01s
[2016.10.27-04.50.26:143][  0]LogCollectionManager: Rebuilt the GUID cache for 0 collections in 0.000002 seconds
[2016.10.27-04.50.26:155][  0]LogContentBrowser: Native class hierarchy populated in 0.0097 seconds. Added 2156 classes and 421 folders.
[2016.10.27-04.50.26:253][  0]LogStats: UGameplayTagsManager::ConstructGameplayTagTree: Construct from data asset -  0.000 s
[2016.10.27-04.50.26:254][  0]LogStats: UGameplayTagsManager::ConstructGameplayTagTree: GameplayTagTreeChangedEvent.Broadcast -  0.000 s
[2016.10.27-04.50.26:255][  0]LogContentBrowser: Native class hierarchy updated for 'GameplayTags' in 0.0006 seconds. Added 12 classes and 0 folders.
[2016.10.27-04.50.26:271][  0]LogContentBrowser: Native class hierarchy updated for 'WidgetCarousel' in 0.0005 seconds. Added 0 classes and 0 folders.
[2016.10.27-04.50.27:060][  0]LogContentBrowser: Native class hierarchy updated for 'AddContentDialog' in 0.0005 seconds. Added 0 classes and 0 folders.
[2016.10.27-04.50.27:097][  0]LogContentBrowser: Native class hierarchy updated for 'SceneOutliner' in 0.0006 seconds. Added 1 classes and 2 folders.
[2016.10.27-04.50.27:984][  0]LogCrashTracker: Crashtracker disabled due to settings.
[2016.10.27-04.50.28:200][  0]LogUObjectGlobals:Warning: Failed to find object 'Class None.'
[2016.10.27-04.50.28:335][  0]LogContentBrowser: Native class hierarchy updated for 'HierarchicalLODOutliner' in 0.0006 seconds. Added 1 classes and 2 folders.
[2016.10.27-04.50.28:335][  0]LogLoad: (Engine Initialization) Total time: 70.40 seconds
[2016.10.27-04.50.28:335][  0]LogLoad: (Engine Initialization) Total Blueprint compile time: 0.83 seconds
[2016.10.27-04.50.28:345][  0]LogExternalProfiler: Found external profiler: VSPerf
[2016.10.27-04.50.28:345][  0]LogExternalProfiler: Using external profiler: VSPerf
[2016.10.27-04.50.28:401][  0]LogWindowsTextInputMethodSystem:Display: IME system now deactivated.
[2016.10.27-04.50.28:428][  0]LogOcInput: OculusInput pre-init called
[2016.10.27-04.50.28:440][  0]LogOcInput: OculusInput is initialized. Init status 0. Runtime version: 1.9.0
[2016.10.27-04.50.29:838][  0]LogContentStreaming: Texture pool size now 800 MB
[2016.10.27-04.50.34:063][  0]LogRenderer: Reallocating scene render targets to support 1444x576 (Frame:2).
[2016.10.27-04.50.37:355][  7]LogAssetRegistry: Asset discovery search completed in 57.8168 seconds
[2016.10.27-04.50.37:355][  7]LogCollectionManager: Rebuilt the object cache for 0 collections in 0.000009 seconds (found 0 objects)
[2016.10.27-04.50.37:356][  7]LogCollectionManager: Fixed up redirectors for 0 collections in 0.000411 seconds (updated 0 objects)
[2016.10.27-04.50.40:595][255]LogFileCache: Retrieving MD5 hashes for directory 'S:/CodeRed Repo/CodeRed-Repository/Content/' took 12.04s
[2016.10.27-04.50.48:886][223]AssetReimport: New page: Outstanding source content changes 1:50:48 PM
[2016.10.27-04.50.48:956][224]LogStaticMesh: Building static mesh Spire_Mesh_01...
[2016.10.27-04.50.49:109][224]LogStaticMesh: Built static mesh [0.17s] /Game/Assets/Environment/Buildings/Spire/Spire_Mesh_01.Spire_Mesh_01
[2016.10.27-04.50.49:311][224]LogEditorFactories: Performing atomic reimport of [S:/CodeRed Repo/CodeRed-Repository/Content/Assets/Environment/Buildings/Spire/Spire_Mesh_01.fbx]
[2016.10.27-04.50.49:392][224]LogFbx: Loading FBX Scene from S:/CodeRed Repo/CodeRed-Repository/Content/Assets/Environment/Buildings/Spire/Spire_Mesh_01.fbx
[2016.10.27-04.50.49:442][224]LogFbx: FBX Scene Loaded Succesfully
[2016.10.27-04.50.49:910][224]LogStaticMesh: Building static mesh Spire_Mesh_01...
[2016.10.27-04.50.50:022][224]LogStaticMesh: Built static mesh [0.12s] /Game/Assets/Environment/Buildings/Spire/Spire_Mesh_01.Spire_Mesh_01
[2016.10.27-04.50.50:078][224]LogEditorFactories: -- imported successfully
[2016.10.27-04.50.50:169][225]LogStaticMesh: Building static mesh SM_Grass_01...
[2016.10.27-04.50.50:170][225]LogStaticMesh: Built static mesh [0.00s] /Game/Assets/Environment/Foliage_Rocks/Grass/SM_Grass_01.SM_Grass_01
[2016.10.27-04.50.50:172][225]LogEditorFactories: Performing atomic reimport of [S:/CodeRed Repo/CodeRed-Repository/Content/Assets/Environment/Foliage_Rocks/Grass/SM_Grass_01.fbx]
[2016.10.27-04.50.50:180][225]LogFbx: Loading FBX Scene from S:/CodeRed Repo/CodeRed-Repository/Content/Assets/Environment/Foliage_Rocks/Grass/SM_Grass_01.fbx
[2016.10.27-04.50.50:187][225]LogFbx: FBX Scene Loaded Succesfully
[2016.10.27-04.50.50:196][225]LogStaticMesh: Building static mesh SM_Grass_01...
[2016.10.27-04.50.50:197][225]LogStaticMesh: Built static mesh [0.01s] /Game/Assets/Environment/Foliage_Rocks/Grass/SM_Grass_01.SM_Grass_01
[2016.10.27-04.50.50:200][225]LogEditorFactories: -- imported successfully
[2016.10.27-04.50.50:215][226]LogStaticMesh: Building static mesh SM_Grass_02...
[2016.10.27-04.50.50:218][226]LogStaticMesh: Built static mesh [0.00s] /Game/Assets/Environment/Foliage_Rocks/Grass/SM_Grass_02.SM_Grass_02
[2016.10.27-04.50.50:220][226]LogEditorFactories: Performing atomic reimport of [S:/CodeRed Repo/CodeRed-Repository/Content/Assets/Environment/Foliage_Rocks/Grass/SM_Grass_02.fbx]
[2016.10.27-04.50.50:229][226]LogFbx: Loading FBX Scene from S:/CodeRed Repo/CodeRed-Repository/Content/Assets/Environment/Foliage_Rocks/Grass/SM_Grass_02.fbx
[2016.10.27-04.50.50:236][226]LogFbx: FBX Scene Loaded Succesfully
[2016.10.27-04.50.50:243][226]LogStaticMesh: Building static mesh SM_Grass_02...
[2016.10.27-04.50.50:246][226]LogStaticMesh: Built static mesh [0.00s] /Game/Assets/Environment/Foliage_Rocks/Grass/SM_Grass_02.SM_Grass_02
[2016.10.27-04.50.50:250][226]LogEditorFactories: -- imported successfully
[2016.10.27-04.50.50:263][227]LogStaticMesh: Building static mesh SM_TreeBranches_01...
[2016.10.27-04.50.50:298][227]LogStaticMesh: Built static mesh [0.04s] /Game/Assets/Environment/Foliage_Rocks/Trees/SM_TreeBranches_01.SM_TreeBranches_01
[2016.10.27-04.50.50:300][227]LogEditorFactories: Performing atomic reimport of [S:/CodeRed Repo/CodeRed-Repository/Content/Assets/Environment/Foliage_Rocks/Trees/SM_TreeBranches_01.fbx]
[2016.10.27-04.50.50:309][227]LogFbx: Loading FBX Scene from S:/CodeRed Repo/CodeRed-Repository/Content/Assets/Environment/Foliage_Rocks/Trees/SM_TreeBranches_01.fbx
[2016.10.27-04.50.50:319][227]LogFbx: FBX Scene Loaded Succesfully
[2016.10.27-04.50.50:343][227]LogStaticMesh: Building static mesh SM_TreeBranches_01...
[2016.10.27-04.50.50:375][227]LogStaticMesh: Built static mesh [0.03s] /Game/Assets/Environment/Foliage_Rocks/Trees/SM_TreeBranches_01.SM_TreeBranches_01
[2016.10.27-04.50.50:379][227]LogEditorFactories: -- imported successfully
[2016.10.27-04.50.50:410][228]LogStaticMesh: Building static mesh SM_TreeFull_01...
[2016.10.27-04.50.50:468][228]LogStaticMesh: Built static mesh [0.06s] /Game/Assets/Environment/Foliage_Rocks/Trees/SM_TreeFull_01.SM_TreeFull_01
[2016.10.27-04.50.50:470][228]LogEditorFactories: Performing atomic reimport of [S:/CodeRed Repo/CodeRed-Repository/Content/Assets/Environment/Foliage_Rocks/Trees/SM_TreeCombined_01.fbx]
[2016.10.27-04.50.50:484][228]LogFbx: Loading FBX Scene from S:/CodeRed Repo/CodeRed-Repository/Content/Assets/Environment/Foliage_Rocks/Trees/SM_TreeCombined_01.fbx
[2016.10.27-04.50.50:504][228]LogFbx: FBX Scene Loaded Succesfully
[2016.10.27-04.50.50:728][228]LogStaticMesh: Building static mesh SM_TreeFull_01...
[2016.10.27-04.50.50:785][228]LogStaticMesh: Built static mesh [0.06s] /Game/Assets/Environment/Foliage_Rocks/Trees/SM_TreeFull_01.SM_TreeFull_01
[2016.10.27-04.50.50:792][228]LogEditorFactories: -- imported successfully
[2016.10.27-04.50.50:816][229]LogStaticMesh: Building static mesh SM_DeadTree_01...
[2016.10.27-04.50.50:859][229]LogStaticMesh: Built static mesh [0.04s] /Game/Assets/Environment/Foliage_Rocks/Trees/SM_DeadTree_01.SM_DeadTree_01
[2016.10.27-04.50.50:864][229]LogEditorFactories: Performing atomic reimport of [S:/CodeRed Repo/CodeRed-Repository/Content/Assets/Environment/Foliage_Rocks/Trees/SM_Tree_01.fbx]
[2016.10.27-04.50.50:876][229]LogFbx: Loading FBX Scene from S:/CodeRed Repo/CodeRed-Repository/Content/Assets/Environment/Foliage_Rocks/Trees/SM_Tree_01.fbx
[2016.10.27-04.50.50:893][229]LogFbx: FBX Scene Loaded Succesfully
[2016.10.27-04.50.51:102][229]LogStaticMesh: Building static mesh SM_DeadTree_01...
[2016.10.27-04.50.51:137][229]LogStaticMesh: Built static mesh [0.04s] /Game/Assets/Environment/Foliage_Rocks/Trees/SM_DeadTree_01.SM_DeadTree_01
[2016.10.27-04.50.51:144][229]LogEditorFactories: -- imported successfully
[2016.10.27-04.50.51:161][230]LogStaticMesh: Building static mesh SM_LockerDoor_01_Temp...
[2016.10.27-04.50.51:166][230]LogStaticMesh: Built static mesh [0.01s] /Game/Assets/Dev/Objects/Interactables/Locker/SM_LockerDoor_01_Temp.SM_LockerDoor_01_Temp
[2016.10.27-04.50.51:168][230]LogEditorFactories: Performing atomic reimport of [S:/CodeRed Repo/CodeRed-Repository/Content/Assets/Dev/Objects/Interactables/Locker/SM_LockerDoor_01_Temp.fbx]
[2016.10.27-04.50.51:176][230]LogFbx: Loading FBX Scene from S:/CodeRed Repo/CodeRed-Repository/Content/Assets/Dev/Objects/Interactables/Locker/SM_LockerDoor_01_Temp.fbx
[2016.10.27-04.50.51:183][230]LogFbx: FBX Scene Loaded Succesfully
[2016.10.27-04.50.51:204][230]LogStaticMesh: Building static mesh SM_LockerDoor_01_Temp...
[2016.10.27-04.50.51:209][230]LogStaticMesh: Built static mesh [0.01s] /Game/Assets/Dev/Objects/Interactables/Locker/SM_LockerDoor_01_Temp.SM_LockerDoor_01_Temp
[2016.10.27-04.50.51:212][230]LogEditorFactories: -- imported successfully
[2016.10.27-04.50.51:245][231]LogStaticMesh: Building static mesh SM_Locker_01_Temp...
[2016.10.27-04.50.51:246][231]LogStaticMesh: Built static mesh [0.00s] /Game/Assets/Dev/Objects/Interactables/Locker/SM_Locker_01_Temp.SM_Locker_01_Temp
[2016.10.27-04.50.51:248][231]LogEditorFactories: Performing atomic reimport of [S:/CodeRed Repo/CodeRed-Repository/Content/Assets/Dev/Objects/Interactables/Locker/SM_Locker_01_Temp.fbx]
[2016.10.27-04.50.51:256][231]LogFbx: Loading FBX Scene from S:/CodeRed Repo/CodeRed-Repository/Content/Assets/Dev/Objects/Interactables/Locker/SM_Locker_01_Temp.fbx
[2016.10.27-04.50.51:262][231]LogFbx: FBX Scene Loaded Succesfully
[2016.10.27-04.50.51:270][231]LogStaticMesh: Building static mesh SM_Locker_01_Temp...
[2016.10.27-04.50.51:271][231]LogStaticMesh: Built static mesh [0.00s] /Game/Assets/Dev/Objects/Interactables/Locker/SM_Locker_01_Temp.SM_Locker_01_Temp
[2016.10.27-04.50.51:274][231]LogEditorFactories: -- imported successfully
[2016.10.27-04.50.51:284][232]LogStaticMesh: Building static mesh SM_Boulder_Giant_01...
[2016.10.27-04.50.51:289][232]LogStaticMesh: Built static mesh [0.01s] /Game/Assets/Environment/Foliage_Rocks/Rocks/Meshes/SM_Boulder_Giant_01.SM_Boulder_Giant_01
[2016.10.27-04.50.51:291][232]LogEditorFactories: Performing atomic reimport of [S:/CodeRed Repo/CodeRed-Repository/Content/Assets/Environment/Foliage_Rocks/Rocks/Meshes/SM_Boulder_Giant_01.fbx]
[2016.10.27-04.50.51:301][232]LogFbx: Loading FBX Scene from S:/CodeRed Repo/CodeRed-Repository/Content/Assets/Environment/Foliage_Rocks/Rocks/Meshes/SM_Boulder_Giant_01.fbx
[2016.10.27-04.50.51:308][232]LogFbx: FBX Scene Loaded Succesfully
[2016.10.27-04.50.51:330][232]LogStaticMesh: Building static mesh SM_Boulder_Giant_01...
[2016.10.27-04.50.51:335][232]LogStaticMesh: Built static mesh [0.01s] /Game/Assets/Environment/Foliage_Rocks/Rocks/Meshes/SM_Boulder_Giant_01.SM_Boulder_Giant_01
[2016.10.27-04.50.51:338][232]LogEditorFactories: -- imported successfully
[2016.10.27-04.50.51:348][233]LogStaticMesh: Building static mesh SM_Boulder_Tall_01...
[2016.10.27-04.50.51:359][233]LogStaticMesh: Built static mesh [0.01s] /Game/Assets/Environment/Foliage_Rocks/Rocks/Meshes/SM_Boulder_Tall_01.SM_Boulder_Tall_01
[2016.10.27-04.50.51:362][233]LogEditorFactories: Performing atomic reimport of [S:/CodeRed Repo/CodeRed-Repository/Content/Assets/Environment/Foliage_Rocks/Rocks/Meshes/SM_Boulder_Tall_01.fbx]
[2016.10.27-04.50.51:373][233]LogFbx: Loading FBX Scene from S:/CodeRed Repo/CodeRed-Repository/Content/Assets/Environment/Foliage_Rocks/Rocks/Meshes/SM_Boulder_Tall_01.fbx
[2016.10.27-04.50.51:382][233]LogFbx: FBX Scene Loaded Succesfully
[2016.10.27-04.50.51:450][233]LogStaticMesh: Building static mesh SM_Boulder_Tall_01...
[2016.10.27-04.50.51:461][233]LogStaticMesh: Built static mesh [0.01s] /Game/Assets/Environment/Foliage_Rocks/Rocks/Meshes/SM_Boulder_Tall_01.SM_Boulder_Tall_01
[2016.10.27-04.50.51:465][233]LogEditorFactories: -- imported successfully
[2016.10.27-04.50.51:476][234]LogStaticMesh: Building static mesh SM_Boulder_Tall_02...
[2016.10.27-04.50.51:481][234]LogStaticMesh: Built static mesh [0.01s] /Game/Assets/Environment/Foliage_Rocks/Rocks/Meshes/SM_Boulder_Tall_02.SM_Boulder_Tall_02
[2016.10.27-04.50.51:483][234]LogEditorFactories: Performing atomic reimport of [S:/CodeRed Repo/CodeRed-Repository/Content/Assets/Environment/Foliage_Rocks/Rocks/Meshes/SM_Boulder_Tall_02.fbx]
[2016.10.27-04.50.51:493][234]LogFbx: Loading FBX Scene from S:/CodeRed Repo/CodeRed-Repository/Content/Assets/Environment/Foliage_Rocks/Rocks/Meshes/SM_Boulder_Tall_02.fbx
[2016.10.27-04.50.51:500][234]LogFbx: FBX Scene Loaded Succesfully
[2016.10.27-04.50.51:522][234]LogStaticMesh: Building static mesh SM_Boulder_Tall_02...
[2016.10.27-04.50.51:527][234]LogStaticMesh: Built static mesh [0.01s] /Game/Assets/Environment/Foliage_Rocks/Rocks/Meshes/SM_Boulder_Tall_02.SM_Boulder_Tall_02
[2016.10.27-04.50.51:531][234]LogEditorFactories: -- imported successfully
[2016.10.27-04.50.51:541][235]LogStaticMesh: Building static mesh SM_Rock_Large_01...
[2016.10.27-04.50.51:545][235]LogStaticMesh: Built static mesh [0.00s] /Game/Assets/Environment/Foliage_Rocks/Rocks/Meshes/SM_Rock_Large_01.SM_Rock_Large_01
[2016.10.27-04.50.51:547][235]LogEditorFactories: Performing atomic reimport of [S:/CodeRed Repo/CodeRed-Repository/Content/Assets/Environment/Foliage_Rocks/Rocks/Meshes/SM_Rock_Large_01.fbx]
[2016.10.27-04.50.51:557][235]LogFbx: Loading FBX Scene from S:/CodeRed Repo/CodeRed-Repository/Content/Assets/Environment/Foliage_Rocks/Rocks/Meshes/SM_Rock_Large_01.fbx
[2016.10.27-04.50.51:565][235]LogFbx: FBX Scene Loaded Succesfully
[2016.10.27-04.50.51:585][235]LogStaticMesh: Building static mesh SM_Rock_Large_01...
[2016.10.27-04.50.51:589][235]LogStaticMesh: Built static mesh [0.00s] /Game/Assets/Environment/Foliage_Rocks/Rocks/Meshes/SM_Rock_Large_01.SM_Rock_Large_01
[2016.10.27-04.50.51:592][235]LogEditorFactories: -- imported successfully
[2016.10.27-04.50.51:603][236]LogStaticMesh: Building static mesh SM_Rock_Large_02...
[2016.10.27-04.50.51:608][236]LogStaticMesh: Built static mesh [0.01s] /Game/Assets/Environment/Foliage_Rocks/Rocks/Meshes/SM_Rock_Large_02.SM_Rock_Large_02
[2016.10.27-04.50.51:610][236]LogEditorFactories: Performing atomic reimport of [S:/CodeRed Repo/CodeRed-Repository/Content/Assets/Environment/Foliage_Rocks/Rocks/Meshes/SM_Rock_Large_02.fbx]
[2016.10.27-04.50.51:619][236]LogFbx: Loading FBX Scene from S:/CodeRed Repo/CodeRed-Repository/Content/Assets/Environment/Foliage_Rocks/Rocks/Meshes/SM_Rock_Large_02.fbx
[2016.10.27-04.50.51:626][236]LogFbx: FBX Scene Loaded Succesfully
[2016.10.27-04.50.51:651][236]LogStaticMesh: Building static mesh SM_Rock_Large_02...
[2016.10.27-04.50.51:656][236]LogStaticMesh: Built static mesh [0.01s] /Game/Assets/Environment/Foliage_Rocks/Rocks/Meshes/SM_Rock_Large_02.SM_Rock_Large_02
[2016.10.27-04.50.51:659][236]LogEditorFactories: -- imported successfully
[2016.10.27-04.50.51:670][237]LogStaticMesh: Building static mesh SM_Rock_Large_03...
[2016.10.27-04.50.51:675][237]LogStaticMesh: Built static mesh [0.01s] /Game/Assets/Environment/Foliage_Rocks/Rocks/Meshes/SM_Rock_Large_03.SM_Rock_Large_03
[2016.10.27-04.50.51:676][237]LogEditorFactories: Performing atomic reimport of [S:/CodeRed Repo/CodeRed-Repository/Content/Assets/Environment/Foliage_Rocks/Rocks/Meshes/SM_Rock_Large_03.fbx]
[2016.10.27-04.50.51:686][237]LogFbx: Loading FBX Scene from S:/CodeRed Repo/CodeRed-Repository/Content/Assets/Environment/Foliage_Rocks/Rocks/Meshes/SM_Rock_Large_03.fbx
[2016.10.27-04.50.51:693][237]LogFbx: FBX Scene Loaded Succesfully
[2016.10.27-04.50.51:715][237]LogStaticMesh: Building static mesh SM_Rock_Large_03...
[2016.10.27-04.50.51:719][237]LogStaticMesh: Built static mesh [0.00s] /Game/Assets/Environment/Foliage_Rocks/Rocks/Meshes/SM_Rock_Large_03.SM_Rock_Large_03
[2016.10.27-04.50.51:723][237]LogEditorFactories: -- imported successfully
[2016.10.27-04.50.52:098][238]LogSavePackage: Save=103.51ms
[2016.10.27-04.50.52:098][238]LogSavePackage: Moving '../../../../../CodeRed Repo/CodeRed-Repository/Saved/Spire_Mesh_01D8C04F314F50759E9BE6AD9DC371846D.tmp' to '../../../../../CodeRed Repo/CodeRed-Repository/Content/Assets/Environment/Buildings/Spire/Spire_Mesh_01.uasset'
[2016.10.27-04.50.52:117][238]LogSavePackage:Display: Finished SavePackage ../../../../../CodeRed Repo/CodeRed-Repository/Content/Assets/Environment/Buildings/Spire/Spire_Mesh_01.uasset
[2016.10.27-04.50.52:149][238]LogSavePackage: Save=11.79ms
[2016.10.27-04.50.52:149][238]LogSavePackage: Moving '../../../../../CodeRed Repo/CodeRed-Repository/Saved/SM_Grass_01F3E644C941D52828A3405A8C12ED9151.tmp' to '../../../../../CodeRed Repo/CodeRed-Repository/Content/Assets/Environment/Foliage_Rocks/Grass/SM_Grass_01.uasset'
[2016.10.27-04.50.52:152][238]LogSavePackage:Display: Finished SavePackage ../../../../../CodeRed Repo/CodeRed-Repository/Content/Assets/Environment/Foliage_Rocks/Grass/SM_Grass_01.uasset
[2016.10.27-04.50.52:183][238]LogSavePackage: Save=11.77ms
[2016.10.27-04.50.52:183][238]LogSavePackage: Moving '../../../../../CodeRed Repo/CodeRed-Repository/Saved/SM_Grass_02CA06725A449C8CA07DC76EA801A8E875.tmp' to '../../../../../CodeRed Repo/CodeRed-Repository/Content/Assets/Environment/Foliage_Rocks/Grass/SM_Grass_02.uasset'
[2016.10.27-04.50.52:186][238]LogSavePackage:Display: Finished SavePackage ../../../../../CodeRed Repo/CodeRed-Repository/Content/Assets/Environment/Foliage_Rocks/Grass/SM_Grass_02.uasset
[2016.10.27-04.50.52:217][238]LogSavePackage: Save=12.21ms
[2016.10.27-04.50.52:217][238]LogSavePackage: Moving '../../../../../CodeRed Repo/CodeRed-Repository/Saved/SM_TreeBranches_018DC1B06E43412D1E88F8A693760A8FEF.tmp' to '../../../../../CodeRed Repo/CodeRed-Repository/Content/Assets/Environment/Foliage_Rocks/Trees/SM_TreeBranches_01.uasset'
[2016.10.27-04.50.52:220][238]LogSavePackage:Display: Finished SavePackage ../../../../../CodeRed Repo/CodeRed-Repository/Content/Assets/Environment/Foliage_Rocks/Trees/SM_TreeBranches_01.uasset
[2016.10.27-04.50.52:252][238]LogSavePackage: Save=12.22ms
[2016.10.27-04.50.52:252][238]LogSavePackage: Moving '../../../../../CodeRed Repo/CodeRed-Repository/Saved/SM_TreeFull_01A19CAC7E4375DF817C91159D7E0C3EA6.tmp' to '../../../../../CodeRed Repo/CodeRed-Repository/Content/Assets/Environment/Foliage_Rocks/Trees/SM_TreeFull_01.uasset'
[2016.10.27-04.50.52:254][238]LogSavePackage:Display: Finished SavePackage ../../../../../CodeRed Repo/CodeRed-Repository/Content/Assets/Environment/Foliage_Rocks/Trees/SM_TreeFull_01.uasset
[2016.10.27-04.50.52:285][238]LogSavePackage: Save=12.15ms
[2016.10.27-04.50.52:285][238]LogSavePackage: Moving '../../../../../CodeRed Repo/CodeRed-Repository/Saved/SM_DeadTree_012FDEF52A4108F3FB9199DAAC40259228.tmp' to '../../../../../CodeRed Repo/CodeRed-Repository/Content/Assets/Environment/Foliage_Rocks/Trees/SM_DeadTree_01.uasset'
[2016.10.27-04.50.52:288][238]LogSavePackage:Display: Finished SavePackage ../../../../../CodeRed Repo/CodeRed-Repository/Content/Assets/Environment/Foliage_Rocks/Trees/SM_DeadTree_01.uasset
[2016.10.27-04.50.52:319][238]LogSavePackage: Save=11.35ms
[2016.10.27-04.50.52:319][238]LogSavePackage: Moving '../../../../../CodeRed Repo/CodeRed-Repository/Saved/SM_LockerDoor_01_Temp5A4CF24E4F5BFDC46CCD83B1F59D4F66.tmp' to '../../../../../CodeRed Repo/CodeRed-Repository/Content/Assets/Dev/Objects/Interactables/Locker/SM_LockerDoor_01_Temp.uasset'
[2016.10.27-04.50.52:322][238]LogSavePackage:Display: Finished SavePackage ../../../../../CodeRed Repo/CodeRed-Repository/Content/Assets/Dev/Objects/Interactables/Locker/SM_LockerDoor_01_Temp.uasset
[2016.10.27-04.50.52:353][238]LogSavePackage: Save=11.89ms
[2016.10.27-04.50.52:353][238]LogSavePackage: Moving '../../../../../CodeRed Repo/CodeRed-Repository/Saved/SM_Locker_01_Temp69E1B9A34411025DBEB52BA938C63477.tmp' to '../../../../../CodeRed Repo/CodeRed-Repository/Content/Assets/Dev/Objects/Interactables/Locker/SM_Locker_01_Temp.uasset'
[2016.10.27-04.50.52:356][238]LogSavePackage:Display: Finished SavePackage ../../../../../CodeRed Repo/CodeRed-Repository/Content/Assets/Dev/Objects/Interactables/Locker/SM_Locker_01_Temp.uasset
[2016.10.27-04.50.52:385][238]LogSavePackage: Save=10.87ms
[2016.10.27-04.50.52:385][238]LogSavePackage: Moving '../../../../../CodeRed Repo/CodeRed-Repository/Saved/SM_Boulder_Giant_01EDA002AC404776DE019F6EBFCF6CD10A.tmp' to '../../../../../CodeRed Repo/CodeRed-Repository/Content/Assets/Environment/Foliage_Rocks/Rocks/Meshes/SM_Boulder_Giant_01.uasset'
[2016.10.27-04.50.52:388][238]LogSavePackage:Display: Finished SavePackage ../../../../../CodeRed Repo/CodeRed-Repository/Content/Assets/Environment/Foliage_Rocks/Rocks/Meshes/SM_Boulder_Giant_01.uasset
[2016.10.27-04.50.52:421][238]LogSavePackage: Save=11.86ms
[2016.10.27-04.50.52:421][238]LogSavePackage: Moving '../../../../../CodeRed Repo/CodeRed-Repository/Saved/SM_Boulder_Tall_01ADE35B8A4FF2742ADDD07CB030F625BB.tmp' to '../../../../../CodeRed Repo/CodeRed-Repository/Content/Assets/Environment/Foliage_Rocks/Rocks/Meshes/SM_Boulder_Tall_01.uasset'
[2016.10.27-04.50.52:424][238]LogSavePackage:Display: Finished SavePackage ../../../../../CodeRed Repo/CodeRed-Repository/Content/Assets/Environment/Foliage_Rocks/Rocks/Meshes/SM_Boulder_Tall_01.uasset
[2016.10.27-04.50.52:455][238]LogSavePackage: Save=11.88ms
[2016.10.27-04.50.52:455][238]LogSavePackage: Moving '../../../../../CodeRed Repo/CodeRed-Repository/Saved/SM_Boulder_Tall_0274070C164C807263BB621A9CF45642AF.tmp' to '../../../../../CodeRed Repo/CodeRed-Repository/Content/Assets/Environment/Foliage_Rocks/Rocks/Meshes/SM_Boulder_Tall_02.uasset'
[2016.10.27-04.50.52:458][238]LogSavePackage:Display: Finished SavePackage ../../../../../CodeRed Repo/CodeRed-Repository/Content/Assets/Environment/Foliage_Rocks/Rocks/Meshes/SM_Boulder_Tall_02.uasset
[2016.10.27-04.50.52:495][238]LogSavePackage: Save=17.58ms
[2016.10.27-04.50.52:495][238]LogSavePackage: Moving '../../../../../CodeRed Repo/CodeRed-Repository/Saved/SM_Rock_Large_01197D78B842F60DF64490D3A218356B28.tmp' to '../../../../../CodeRed Repo/CodeRed-Repository/Content/Assets/Environment/Foliage_Rocks/Rocks/Meshes/SM_Rock_Large_01.uasset'
[2016.10.27-04.50.52:498][238]LogSavePackage:Display: Finished SavePackage ../../../../../CodeRed Repo/CodeRed-Repository/Content/Assets/Environment/Foliage_Rocks/Rocks/Meshes/SM_Rock_Large_01.uasset
[2016.10.27-04.50.52:528][238]LogSavePackage: Save=10.95ms
[2016.10.27-04.50.52:528][238]LogSavePackage: Moving '../../../../../CodeRed Repo/CodeRed-Repository/Saved/SM_Rock_Large_02429AF11A44218BC83FA7D680E91AFCC1.tmp' to '../../../../../CodeRed Repo/CodeRed-Repository/Content/Assets/Environment/Foliage_Rocks/Rocks/Meshes/SM_Rock_Large_02.uasset'
[2016.10.27-04.50.52:531][238]LogSavePackage:Display: Finished SavePackage ../../../../../CodeRed Repo/CodeRed-Repository/Content/Assets/Environment/Foliage_Rocks/Rocks/Meshes/SM_Rock_Large_02.uasset
[2016.10.27-04.50.52:562][238]LogSavePackage: Save=11.47ms
[2016.10.27-04.50.52:562][238]LogSavePackage: Moving '../../../../../CodeRed Repo/CodeRed-Repository/Saved/SM_Rock_Large_0340C951A74CDE80D0837FA7AD158D8E40.tmp' to '../../../../../CodeRed Repo/CodeRed-Repository/Content/Assets/Environment/Foliage_Rocks/Rocks/Meshes/SM_Rock_Large_03.uasset'
[2016.10.27-04.50.52:565][238]LogSavePackage:Display: Finished SavePackage ../../../../../CodeRed Repo/CodeRed-Repository/Content/Assets/Environment/Foliage_Rocks/Rocks/Meshes/SM_Rock_Large_03.uasset
[2016.10.27-04.50.55:566][591]AssetReimport: Info Reimported asset Spire_Mesh_01 from S:/CodeRed Repo/CodeRed-Repository/Content/Assets/Environment/Buildings/Spire/Spire_Mesh_01.fbx.
[2016.10.27-04.50.55:566][591]AssetReimport: Info Reimported asset SM_Grass_01 from S:/CodeRed Repo/CodeRed-Repository/Content/Assets/Environment/Foliage_Rocks/Grass/SM_Grass_01.fbx.
[2016.10.27-04.50.55:566][591]AssetReimport: Info Reimported asset SM_Grass_02 from S:/CodeRed Repo/CodeRed-Repository/Content/Assets/Environment/Foliage_Rocks/Grass/SM_Grass_02.fbx.
[2016.10.27-04.50.55:566][591]AssetReimport: Info Reimported asset SM_TreeBranches_01 from S:/CodeRed Repo/CodeRed-Repository/Content/Assets/Environment/Foliage_Rocks/Trees/SM_TreeBranches_01.fbx.
[2016.10.27-04.50.55:566][591]AssetReimport: Info Reimported asset SM_TreeFull_01 from S:/CodeRed Repo/CodeRed-Repository/Content/Assets/Environment/Foliage_Rocks/Trees/SM_TreeCombined_01.fbx.
[2016.10.27-04.50.55:566][591]AssetReimport: Info Reimported asset SM_DeadTree_01 from S:/CodeRed Repo/CodeRed-Repository/Content/Assets/Environment/Foliage_Rocks/Trees/SM_Tree_01.fbx.
[2016.10.27-04.50.55:566][591]AssetReimport: Info Reimported asset SM_LockerDoor_01_Temp from S:/CodeRed Repo/CodeRed-Repository/Content/Assets/Dev/Objects/Interactables/Locker/SM_LockerDoor_01_Temp.fbx.
[2016.10.27-04.50.55:566][591]AssetReimport: Info Reimported asset SM_Locker_01_Temp from S:/CodeRed Repo/CodeRed-Repository/Content/Assets/Dev/Objects/Interactables/Locker/SM_Locker_01_Temp.fbx.
[2016.10.27-04.50.55:566][591]AssetReimport: Info Reimported asset SM_Boulder_Giant_01 from S:/CodeRed Repo/CodeRed-Repository/Content/Assets/Environment/Foliage_Rocks/Rocks/Meshes/SM_Boulder_Giant_01.fbx.
[2016.10.27-04.50.55:566][591]AssetReimport: Info Reimported asset SM_Boulder_Tall_01 from S:/CodeRed Repo/CodeRed-Repository/Content/Assets/Environment/Foliage_Rocks/Rocks/Meshes/SM_Boulder_Tall_01.fbx.
[2016.10.27-04.50.55:566][591]AssetReimport: Info Reimported asset SM_Boulder_Tall_02 from S:/CodeRed Repo/CodeRed-Repository/Content/Assets/Environment/Foliage_Rocks/Rocks/Meshes/SM_Boulder_Tall_02.fbx.
[2016.10.27-04.50.55:566][591]AssetReimport: Info Reimported asset SM_Rock_Large_01 from S:/CodeRed Repo/CodeRed-Repository/Content/Assets/Environment/Foliage_Rocks/Rocks/Meshes/SM_Rock_Large_01.fbx.
[2016.10.27-04.50.55:566][591]AssetReimport: Info Reimported asset SM_Rock_Large_02 from S:/CodeRed Repo/CodeRed-Repository/Content/Assets/Environment/Foliage_Rocks/Rocks/Meshes/SM_Rock_Large_02.fbx.
[2016.10.27-04.50.55:566][591]AssetReimport: Info Reimported asset SM_Rock_Large_03 from S:/CodeRed Repo/CodeRed-Repository/Content/Assets/Environment/Foliage_Rocks/Rocks/Meshes/SM_Rock_Large_03.fbx.
[2016.10.27-04.50.58:585][920]LogLinker:Warning: Can't find file '/Game/Assets/Environment/Landscape/Rocks/SM_Boulder_Tall_01'
[2016.10.27-04.50.58:585][920]LogLinker:Warning: Can't find file for asset '/Game/Assets/Environment/Landscape/Rocks/SM_Boulder_Tall_01' while loading ../../../../../CodeRed Repo/CodeRed-Repository/Content/Levels/CodeRed_Level_v03.umap.
[2016.10.27-04.50.58:585][920]LoadErrors:Error: Error /Game/Levels/CodeRed_Level_v03 : Can't find file for asset. /Game/Assets/Environment/Landscape/Rocks/SM_Boulder_Tall_01
[2016.10.27-04.50.58:585][920]LogLinker:Warning: Can't find file '/Game/Assets/Environment/Landscape/Rocks/SM_Boulder_Tall_02'
[2016.10.27-04.50.58:585][920]LogLinker:Warning: Can't find file for asset '/Game/Assets/Environment/Landscape/Rocks/SM_Boulder_Tall_02' while loading ../../../../../CodeRed Repo/CodeRed-Repository/Content/Levels/CodeRed_Level_v03.umap.
[2016.10.27-04.50.58:600][920]LoadErrors:Error: Error /Game/Levels/CodeRed_Level_v03 : Can't find file for asset. /Game/Assets/Environment/Landscape/Rocks/SM_Boulder_Tall_02
[2016.10.27-04.50.58:600][920]LogLinker:Warning: Can't find file '/Game/Assets/Environment/Landscape/Rocks/SM_Rock_Large_01'
[2016.10.27-04.50.58:600][920]LogLinker:Warning: Can't find file for asset '/Game/Assets/Environment/Landscape/Rocks/SM_Rock_Large_01' while loading ../../../../../CodeRed Repo/CodeRed-Repository/Content/Levels/CodeRed_Level_v03.umap.
[2016.10.27-04.50.58:600][920]LoadErrors:Error: Error /Game/Levels/CodeRed_Level_v03 : Can't find file for asset. /Game/Assets/Environment/Landscape/Rocks/SM_Rock_Large_01
[2016.10.27-04.50.58:600][920]LogLinker:Warning: Can't find file '/Game/Assets/Environment/Landscape/Rocks/SM_Rock_Large_02'
[2016.10.27-04.50.58:600][920]LogLinker:Warning: Can't find file for asset '/Game/Assets/Environment/Landscape/Rocks/SM_Rock_Large_02' while loading ../../../../../CodeRed Repo/CodeRed-Repository/Content/Levels/CodeRed_Level_v03.umap.
[2016.10.27-04.50.58:600][920]LoadErrors:Error: Error /Game/Levels/CodeRed_Level_v03 : Can't find file for asset. /Game/Assets/Environment/Landscape/Rocks/SM_Rock_Large_02
[2016.10.27-04.50.58:600][920]LogLinker:Warning: Can't find file '/Game/Assets/Environment/Landscape/Rocks/SM_Rock_Large_03'
[2016.10.27-04.50.58:601][920]LogLinker:Warning: Can't find file for asset '/Game/Assets/Environment/Landscape/Rocks/SM_Rock_Large_03' while loading ../../../../../CodeRed Repo/CodeRed-Repository/Content/Levels/CodeRed_Level_v03.umap.
[2016.10.27-04.50.58:601][920]LoadErrors:Error: Error /Game/Levels/CodeRed_Level_v03 : Can't find file for asset. /Game/Assets/Environment/Landscape/Rocks/SM_Rock_Large_03
[2016.10.27-04.50.58:602][920]LogLinker:Warning: Can't find file '/Game/Assets/Environment/Landscape/Rocks/SM_Boulder_Tall_01'
[2016.10.27-04.50.58:602][920]LogLinker:Warning: Can't find file for asset '/Game/Assets/Environment/Landscape/Rocks/SM_Boulder_Tall_01' while loading ../../../../../CodeRed Repo/CodeRed-Repository/Content/Levels/CodeRed_Level_v03.umap.
[2016.10.27-04.50.58:602][920]LogLinker:Warning: Can't find file '/Game/Assets/Environment/Landscape/Rocks/SM_Boulder_Tall_02'
[2016.10.27-04.50.58:602][920]LogLinker:Warning: Can't find file for asset '/Game/Assets/Environment/Landscape/Rocks/SM_Boulder_Tall_02' while loading ../../../../../CodeRed Repo/CodeRed-Repository/Content/Levels/CodeRed_Level_v03.umap.
[2016.10.27-04.50.58:602][920]LogLinker:Warning: Can't find file '/Game/Assets/Environment/Landscape/Rocks/SM_Rock_Large_01'
[2016.10.27-04.50.58:602][920]LogLinker:Warning: Can't find file for asset '/Game/Assets/Environment/Landscape/Rocks/SM_Rock_Large_01' while loading ../../../../../CodeRed Repo/CodeRed-Repository/Content/Levels/CodeRed_Level_v03.umap.
[2016.10.27-04.50.58:602][920]LogLinker:Warning: Can't find file '/Game/Assets/Environment/Landscape/Rocks/SM_Rock_Large_02'
[2016.10.27-04.50.58:602][920]LogLinker:Warning: Can't find file for asset '/Game/Assets/Environment/Landscape/Rocks/SM_Rock_Large_02' while loading ../../../../../CodeRed Repo/CodeRed-Repository/Content/Levels/CodeRed_Level_v03.umap.
[2016.10.27-04.50.58:602][920]LogLinker:Warning: Can't find file '/Game/Assets/Environment/Landscape/Rocks/SM_Rock_Large_03'
[2016.10.27-04.50.58:603][920]LogLinker:Warning: Can't find file for asset '/Game/Assets/Environment/Landscape/Rocks/SM_Rock_Large_03' while loading ../../../../../CodeRed Repo/CodeRed-Repository/Content/Levels/CodeRed_Level_v03.umap.
[2016.10.27-04.50.58:703][920]LogLinker:Warning: Can't find file '/Game/Assets/Environment/Landscape/Rocks/SM_Rock_Large_01'
[2016.10.27-04.50.58:715][920]LoadErrors: Info Failed to load /Game/Assets/Environment/Landscape/Rocks/SM_Rock_Large_01.SM_Rock_Large_01 Referenced by FoliageType_InstancedStaticMesh_0
[2016.10.27-04.50.58:715][920]LogLinker:Warning: Can't find file for asset '/Game/Assets/Environment/Landscape/Rocks/SM_Rock_Large_01' while loading NULL.
[2016.10.27-04.50.58:716][920]LogLinker:Warning: Can't find file '/Game/Assets/Environment/Landscape/Rocks/SM_Rock_Large_02'
[2016.10.27-04.50.58:716][920]LoadErrors: Info Failed to load /Game/Assets/Environment/Landscape/Rocks/SM_Rock_Large_02.SM_Rock_Large_02 Referenced by FoliageType_InstancedStaticMesh_1
[2016.10.27-04.50.58:716][920]LogLinker:Warning: Can't find file for asset '/Game/Assets/Environment/Landscape/Rocks/SM_Rock_Large_02' while loading NULL.
[2016.10.27-04.50.58:716][920]LogLinker:Warning: Can't find file '/Game/Assets/Environment/Landscape/Rocks/SM_Rock_Large_03'
[2016.10.27-04.50.58:716][920]LoadErrors: Info Failed to load /Game/Assets/Environment/Landscape/Rocks/SM_Rock_Large_03.SM_Rock_Large_03 Referenced by FoliageType_InstancedStaticMesh_2
[2016.10.27-04.50.58:716][920]LogLinker:Warning: Can't find file for asset '/Game/Assets/Environment/Landscape/Rocks/SM_Rock_Large_03' while loading NULL.
[2016.10.27-04.50.58:832][920]LogLinker:Warning: Can't find file '/Game/Assets/Environment/Landscape/Rocks/SM_Boulder_Tall_01'
[2016.10.27-04.50.58:832][920]LoadErrors: Info Failed to load /Game/Assets/Environment/Landscape/Rocks/SM_Boulder_Tall_01.SM_Boulder_Tall_01 Referenced by SM_Boulder_Tall_01_2
[2016.10.27-04.50.58:832][920]LogLinker:Warning: Can't find file for asset '/Game/Assets/Environment/Landscape/Rocks/SM_Boulder_Tall_01' while loading NULL.
[2016.10.27-04.50.58:832][920]LogLinker:Warning: Can't find file '/Game/Assets/Environment/Landscape/Rocks/SM_Boulder_Tall_02'
[2016.10.27-04.50.58:832][920]LoadErrors: Info Failed to load /Game/Assets/Environment/Landscape/Rocks/SM_Boulder_Tall_02.SM_Boulder_Tall_02 Referenced by SM_Boulder_Tall_02_2
[2016.10.27-04.50.58:832][920]LogLinker:Warning: Can't find file for asset '/Game/Assets/Environment/Landscape/Rocks/SM_Boulder_Tall_02' while loading NULL.
[2016.10.27-04.50.58:832][920]LogLinker:Warning: Can't find file '/Game/Assets/Environment/Landscape/Rocks/SM_Rock_Large_01'
[2016.10.27-04.50.58:832][920]LoadErrors: Info Failed to load /Game/Assets/Environment/Landscape/Rocks/SM_Rock_Large_01.SM_Rock_Large_01 Referenced by SM_Rock_Large_01_11
[2016.10.27-04.50.58:832][920]LogLinker:Warning: Can't find file for asset '/Game/Assets/Environment/Landscape/Rocks/SM_Rock_Large_01' while loading NULL.
[2016.10.27-04.50.58:833][920]LogLinker:Warning: Can't find file '/Game/Assets/Environment/Landscape/Rocks/SM_Rock_Large_02'
[2016.10.27-04.50.58:833][920]LoadErrors: Info Failed to load /Game/Assets/Environment/Landscape/Rocks/SM_Rock_Large_02.SM_Rock_Large_02 Referenced by SM_Rock_Large_02_14
[2016.10.27-04.50.58:833][920]LogLinker:Warning: Can't find file for asset '/Game/Assets/Environment/Landscape/Rocks/SM_Rock_Large_02' while loading NULL.
[2016.10.27-04.50.58:833][920]LogLinker:Warning: Can't find file '/Game/Assets/Environment/Landscape/Rocks/SM_Rock_Large_03'
[2016.10.27-04.50.58:833][920]LoadErrors: Info Failed to load /Game/Assets/Environment/Landscape/Rocks/SM_Rock_Large_03.SM_Rock_Large_03 Referenced by SM_Rock_Large_03_17
[2016.10.27-04.50.58:833][920]LogLinker:Warning: Can't find file for asset '/Game/Assets/Environment/Landscape/Rocks/SM_Rock_Large_03' while loading NULL.
[2016.10.27-04.50.58:916][920]LogStaticMesh: Building static mesh BioDome_Mesh_01...
[2016.10.27-04.50.59:528][920]LogStaticMesh: Built static mesh [0.61s] /Game/Assets/Environment/Buildings/Dome/SM_BioDome_01.BioDome_Mesh_01
[2016.10.27-04.51.00:034][920]LogStaticMesh: Building static mesh SM_WaterPlane_01...
[2016.10.27-04.51.00:035][920]LogStaticMesh: Built static mesh [0.00s] /Game/Assets/Environment/Water/SM_WaterPlane_01.SM_WaterPlane_01
[2016.10.27-04.51.00:037][920]LogAIModule: Creating AISystem for world CodeRed_Level_v03
[2016.10.27-04.51.00:677][920]Cmd: MAP LOAD FILE="../../../../../CodeRed Repo/CodeRed-Repository/Content/Levels/CodeRed_Level_v03.umap" TEMPLATE=0 SHOWPROGRESS=1 FEATURELEVEL=3
[2016.10.27-04.51.00:678][920]LightingResults: New page: Lighting Build
[2016.10.27-04.51.00:678][920]LoadErrors: New page: Loading map: CodeRed_Level_v03.umap
[2016.10.27-04.51.00:715][920]MapCheck: New page: Map Check
[2016.10.27-04.51.00:715][920]LightingResults: New page: Lighting Build
[2016.10.27-04.51.10:609][920]LogEditorServer: Finished looking for orphan Actors (0.000 secs)
[2016.10.27-04.51.10:637][920]Cmd: MAP CHECKDEP NOCLEARLOG
[2016.10.27-04.51.10:690][920]MapCheck: Info Map check complete: 0 Error(s), 0 Warning(s), took 53.054ms to complete.
[2016.10.27-04.51.10:690][920]LogFileHelpers: Loading map 'CodeRed_Level_v03' took 10.049
[2016.10.27-04.51.56:025][270]LogEditorViewport: Clicking on Actor (LMB): StaticMeshActor (Cylinder)
[2016.10.27-04.51.57:050][286]LogEditorViewport: Clicking on Actor (LMB): Character (Character)
[2016.10.27-04.52.11:196][551]LogEditorActor: Deleted Actor: Character
[2016.10.27-04.52.11:258][551]LogEditorActor: Deleted 1 Actors (0.074 secs)
[2016.10.27-04.52.40:265][109]LogPlayLevel: PlayLevel: No blueprints needed recompiling
[2016.10.27-04.52.40:332][109]PIE: New page: PIE session: CodeRed_Level_v03 (Oct 26, 2016, 1:52:40 PM)
[2016.10.27-04.52.40:343][109]LogPlayLevel: Creating play world package: /Game/Levels/UEDPIE_0_CodeRed_Level_v03
[2016.10.27-04.52.40:670][109]LogPlayLevel: PIE: StaticDuplicateObject took: (0.327005s)
[2016.10.27-04.52.40:670][109]LogAIModule: Creating AISystem for world CodeRed_Level_v03
[2016.10.27-04.52.40:685][109]LogPlayLevel: PIE: World Init took: (0.015142s)
[2016.10.27-04.52.40:685][109]LogPlayLevel: PIE: Created PIE world by copying editor world from /Game/Levels/CodeRed_Level_v03.CodeRed_Level_v03 to /Game/Levels/UEDPIE_0_CodeRed_Level_v03.CodeRed_Level_v03 (0.342678s)
[2016.10.27-04.52.40:803][109]LogInit: XAudio2 using 'Desk (Realtek High Definition Audio)' : 2 channels at 48 kHz using 16 bits per sample (channel mask 0x3)
[2016.10.27-04.52.40:814][109]LogInit: FAudioDevice initialized.
[2016.10.27-04.52.40:945][109]LogWorld: Game class is 'FirstPersonGameMode_C'
[2016.10.27-04.52.41:082][109]LogWorld: Bringing World /Game/Levels/UEDPIE_0_CodeRed_Level_v03.CodeRed_Level_v03 up for play (max tick rate 0) at 2016.10.26-21.52.41
[2016.10.27-04.52.41:143][109]LogWorld: Bringing up level for play took: 0.110949
[2016.10.27-04.52.41:238][109]LogContentBrowser: Native class hierarchy updated for 'MovieSceneCapture' in 0.0006 seconds. Added 11 classes and 0 folders.
[2016.10.27-04.52.41:239][109]LogGameMode:Display: Match State Changed from EnteringMap to WaitingToStart
[2016.10.27-04.52.41:239][109]LogGameState: Match State Changed from EnteringMap to WaitingToStart
[2016.10.27-04.52.41:239][109]LogGameMode:Display: Match State Changed from WaitingToStart to InProgress
[2016.10.27-04.52.41:253][109]LogGameState: Match State Changed from WaitingToStart to InProgress
[2016.10.27-04.52.41:262][109]PIE: Info Play in editor start time for /Game/Levels/UEDPIE_0_CodeRed_Level_v03 0.091
[2016.10.27-04.53.04:896][907]Cmd: OBJ SAVEPACKAGE PACKAGE="/Game/Levels/CodeRed_Level_v03" FILE="../../../../../CodeRed Repo/CodeRed-Repository/Content/Levels/CodeRed_Level_v03.umap" SILENT=true AUTOSAVING=false KEEPDIRTY=false
[2016.10.27-04.53.06:946][907]LogSavePackage: Save=1958.88ms
[2016.10.27-04.53.06:946][907]LogSavePackage: Moving '../../../../../CodeRed Repo/CodeRed-Repository/Saved/CodeRed_Level_v03D25D01DA41A10F8105AEAD801979BD62.tmp' to '../../../../../CodeRed Repo/CodeRed-Repository/Content/Levels/CodeRed_Level_v03.umap'
[2016.10.27-04.53.06:956][907]LogSavePackage:Display: Finished SavePackage ../../../../../CodeRed Repo/CodeRed-Repository/Content/Levels/CodeRed_Level_v03.umap
[2016.10.27-04.53.07:002][907]LogFileHelpers: Saving map 'CodeRed_Level_v03' took 2.162
[2016.10.27-04.53.08:487][990]LogWindowsTextInputMethodSystem:Display: IME system now deactivated.
[2016.10.27-04.53.08:936][991]Cmd: QUIT_EDITOR
[2016.10.27-04.53.09:785][991]LogExit: Preparing to exit.
[2016.10.27-04.53.11:045][991]LogDirectoryWatcher: A directory notification for 'S:/CodeRed Repo/CodeRed-Repository/Content/' was aborted.
[2016.10.27-04.53.11:164][991]LogExit: Editor shut down
[2016.10.27-04.53.11:165][991]LogExit: Transaction tracking system shut down
[2016.10.27-04.53.12:581][991]LogObj: Freed 0b from 0 cluster array pools.
[2016.10.27-04.53.12:581][991]LogExit: Object subsystem successfully closed.
[2016.10.27-04.53.12:759][991]LogD3D11RHI: Shutdown
[2016.10.27-04.53.12:759][991]LogD3D11RHI: CleanupD3DDevice
[2016.10.27-04.53.12:973][991]LogD3D11RHI: ~FD3D11DynamicRHI
[2016.10.27-04.53.13:682][991]LogModuleManager: Shutting down and abandoning module MovieSceneCapture (236)
[2016.10.27-04.53.13:682][991]LogModuleManager: Shutting down and abandoning module HierarchicalLODOutliner (235)
[2016.10.27-04.53.13:689][991]LogModuleManager: Shutting down and abandoning module CrashTracker (234)
[2016.10.27-04.53.13:689][991]LogModuleManager: Shutting down and abandoning module SceneOutliner (233)
[2016.10.27-04.53.13:689][991]LogModuleManager: Shutting down and abandoning module WidgetCarousel (232)
[2016.10.27-04.53.13:689][991]LogModuleManager: Shutting down and abandoning module AddContentDialog (231)
[2016.10.27-04.53.13:704][991]LogDirectoryWatcher: A directory notification for 'S:/Epic Games/4.13/FeaturePacks/' was aborted.
[2016.10.27-04.53.13:705][991]LogModuleManager: Shutting down and abandoning module GameplayTags (230)
[2016.10.27-04.53.13:705][991]LogModuleManager: Shutting down and abandoning module EditorWidgets (229)
[2016.10.27-04.53.13:705][991]LogModuleManager: Shutting down and abandoning module CollectionManager (228)
[2016.10.27-04.53.13:717][991]LogDirectoryWatcher: A directory notification for 'S:/CodeRed Repo/CodeRed-Repository/Content/Collections/' was aborted.
[2016.10.27-04.53.13:717][991]LogDirectoryWatcher: A directory notification for 'S:/CodeRed Repo/CodeRed-Repository/Content/Developers/Helena/Collections/' was aborted.
[2016.10.27-04.53.13:717][991]LogDirectoryWatcher: A directory notification for 'S:/CodeRed Repo/CodeRed-Repository/Saved/Collections/' was aborted.
[2016.10.27-04.53.13:717][991]LogModuleManager: Shutting down and abandoning module StatsViewer (227)
[2016.10.27-04.53.13:724][991]LogModuleManager: Shutting down and abandoning module FoliageEdit (226)
[2016.10.27-04.53.13:732][991]LogModuleManager: Shutting down and abandoning module LandscapeEditor (225)
[2016.10.27-04.53.13:747][991]LogModuleManager: Shutting down and abandoning module SceneDepthPickerMode (224)
[2016.10.27-04.53.13:747][991]LogModuleManager: Shutting down and abandoning module ActorPickerMode (223)
[2016.10.27-04.53.13:747][991]LogModuleManager: Shutting down and abandoning module GeometryMode (222)
[2016.10.27-04.53.13:747][991]LogModuleManager: Shutting down and abandoning module TextureAlignMode (221)
[2016.10.27-04.53.13:747][991]LogModuleManager: Shutting down and abandoning module BspMode (220)
[2016.10.27-04.53.13:755][991]LogModuleManager: Shutting down and abandoning module HardwareSurvey (219)
[2016.10.27-04.53.13:755][991]LogModuleManager: Shutting down and abandoning module SequenceRecorderSections (218)
[2016.10.27-04.53.13:755][991]LogModuleManager: Shutting down and abandoning module SequenceRecorder (217)
[2016.10.27-04.53.13:767][991]LogModuleManager: Shutting down and abandoning module AutomationWorker (216)
[2016.10.27-04.53.13:773][991]LogModuleManager: Shutting down and abandoning module MatineeToLevelSequence (215)
[2016.10.27-04.53.13:773][991]LogModuleManager: Shutting down and abandoning module PlacementMode (214)
[2016.10.27-04.53.13:793][991]LogModuleManager: Shutting down and abandoning module LevelSequenceEditor (213)
[2016.10.27-04.53.13:808][991]LogModuleManager: Shutting down and abandoning module WmfMediaFactory (212)
[2016.10.27-04.53.13:808][991]LogModuleManager: Shutting down and abandoning module WmfMediaEditor (211)
[2016.10.27-04.53.13:808][991]LogModuleManager: Shutting down and abandoning module AvfMediaFactory (210)
[2016.10.27-04.53.13:808][991]LogModuleManager: Shutting down and abandoning module AvfMediaEditor (209)
[2016.10.27-04.53.13:808][991]LogModuleManager: Shutting down and abandoning module Media (208)
[2016.10.27-04.53.13:808][991]LogModuleManager: Shutting down and abandoning module AndroidMediaFactory (207)
[2016.10.27-04.53.13:808][991]LogModuleManager: Shutting down and abandoning module AndroidMediaEditor (206)
[2016.10.27-04.53.13:808][991]LogModuleManager: Shutting down and abandoning module CharacterAI (205)
[2016.10.27-04.53.13:808][991]LogModuleManager: Shutting down and abandoning module SmartSnapping (204)
[2016.10.27-04.53.13:808][991]LogModuleManager: Shutting down and abandoning module SessionServices (203)
[2016.10.27-04.53.13:808][991]LogModuleManager: Shutting down and abandoning module ViewportSnapping (202)
[2016.10.27-04.53.13:808][991]LogModuleManager: Shutting down and abandoning module ViewportInteraction (201)
[2016.10.27-04.53.13:808][991]LogModuleManager: Shutting down and abandoning module LogVisualizer (200)
[2016.10.27-04.53.13:819][991]LogModuleManager: Shutting down and abandoning module GameProjectGeneration (199)
[2016.10.27-04.53.13:833][991]LogModuleManager: Shutting down and abandoning module IntroTutorials (198)
[2016.10.27-04.53.13:844][991]LogModuleManager: Shutting down and abandoning module EditorLiveStreaming (197)
[2016.10.27-04.53.13:845][991]LogModuleManager: Shutting down and abandoning module IOSPlatformEditor (196)
[2016.10.27-04.53.13:858][991]LogModuleManager: Shutting down and abandoning module HTML5PlatformEditor (195)
[2016.10.27-04.53.13:858][991]LogModuleManager: Shutting down and abandoning module AndroidDeviceDetection (194)
[2016.10.27-04.53.14:755][991]LogModuleManager: Shutting down and abandoning module AndroidPlatformEditor (193)
[2016.10.27-04.53.14:766][991]LogModuleManager: Shutting down and abandoning module IOSRuntimeSettings (192)
[2016.10.27-04.53.14:766][991]LogModuleManager: Shutting down and abandoning module AndroidRuntimeSettings (191)
[2016.10.27-04.53.14:766][991]LogModuleManager: Shutting down and abandoning module NiagaraEditor (190)
[2016.10.27-04.53.14:794][991]LogModuleManager: Shutting down and abandoning module MergeActors (189)
[2016.10.27-04.53.14:802][991]LogModuleManager: Shutting down and abandoning module SizeMap (188)
[2016.10.27-04.53.14:811][991]LogModuleManager: Shutting down and abandoning module TreeMap (187)
[2016.10.27-04.53.14:817][991]LogModuleManager: Shutting down and abandoning module ReferenceViewer (186)
[2016.10.27-04.53.14:817][991]LogModuleManager: Shutting down and abandoning module LocalizationService (185)
[2016.10.27-04.53.14:823][991]LogModuleManager: Shutting down and abandoning module LocalizationDashboard (184)
[2016.10.27-04.53.14:833][991]LogModuleManager: Shutting down and abandoning module HardwareTargeting (183)
[2016.10.27-04.53.14:841][991]LogModuleManager: Shutting down and abandoning module DeviceProfileEditor (182)
[2016.10.27-04.53.14:873][991]LogModuleManager: Shutting down and abandoning module UndoHistory (181)
[2016.10.27-04.53.14:882][991]LogModuleManager: Shutting down and abandoning module UserFeedback (180)
[2016.10.27-04.53.14:882][991]LogModuleManager: Shutting down and abandoning module XmlParser (179)
[2016.10.27-04.53.14:882][991]LogModuleManager: Shutting down and abandoning module Blutility (178)
[2016.10.27-04.53.14:884][991]LogModuleManager: Shutting down and abandoning module ProjectTargetPlatformEditor (177)
[2016.10.27-04.53.14:889][991]LogModuleManager: Shutting down and abandoning module ProjectSettingsViewer (176)
[2016.10.27-04.53.14:889][991]LogModuleManager: Shutting down and abandoning module InputBindingEditor (175)
[2016.10.27-04.53.14:909][991]LogModuleManager: Shutting down and abandoning module EditorSettingsViewer (174)
[2016.10.27-04.53.14:909][991]LogModuleManager: Shutting down and abandoning module SettingsEditor (173)
[2016.10.27-04.53.14:922][991]LogModuleManager: Shutting down and abandoning module ProjectLauncher (172)
[2016.10.27-04.53.14:936][991]LogModuleManager: Shutting down and abandoning module SessionFrontend (171)
[2016.10.27-04.53.14:950][991]LogModuleManager: Shutting down and abandoning module ProfilerClient (170)
[2016.10.27-04.53.14:962][991]LogModuleManager: Shutting down and abandoning module TargetDeviceServices (169)
[2016.10.27-04.53.14:962][991]LogModuleManager: Shutting down and abandoning module DeviceManager (168)
[2016.10.27-04.53.15:025][991]LogModuleManager: Shutting down and abandoning module AutomationController (167)
[2016.10.27-04.53.15:029][991]LogModuleManager: Shutting down and abandoning module AutomationWindow (166)
[2016.10.27-04.53.15:040][991]LogModuleManager: Shutting down and abandoning module Layers (165)
[2016.10.27-04.53.15:074][991]LogModuleManager: Shutting down and abandoning module ComponentVisualizers (164)
[2016.10.27-04.53.15:074][991]LogModuleManager: Shutting down and abandoning module DetailCustomizations (163)
[2016.10.27-04.53.15:079][991]LogModuleManager: Shutting down and abandoning module PackagesDialog (162)
[2016.10.27-04.53.15:080][991]LogModuleManager: Shutting down and abandoning module AnimGraph (161)
[2016.10.27-04.53.15:089][991]LogModuleManager: Shutting down and abandoning module Persona (160)
[2016.10.27-04.53.15:153][991]LogModuleManager: Shutting down and abandoning module Kismet (159)
[2016.10.27-04.53.15:167][991]LogModuleManager: Shutting down and abandoning module GraphEditor (158)
[2016.10.27-04.53.15:205][991]LogModuleManager: Shutting down and abandoning module ClassViewer (157)
[2016.10.27-04.53.15:212][991]LogModuleManager: Shutting down and abandoning module Toolbox (156)
[2016.10.27-04.53.15:226][991]LogModuleManager: Shutting down and abandoning module ModuleUI (155)
[2016.10.27-04.53.15:238][991]LogModuleManager: Shutting down and abandoning module MovieSceneTools (154)
[2016.10.27-04.53.15:263][991]LogModuleManager: Shutting down and abandoning module OutputLog (153)
[2016.10.27-04.53.15:274][991]LogModuleManager: Shutting down and abandoning module GammaUI (152)
[2016.10.27-04.53.15:288][991]LogModuleManager: Shutting down and abandoning module Documentation (151)
[2016.10.27-04.53.15:288][991]LogModuleManager: Shutting down and abandoning module Niagara (150)
[2016.10.27-04.53.15:292][991]LogModuleManager: Shutting down and abandoning module StreamingPauseRendering (149)
[2016.10.27-04.53.15:292][991]LogModuleManager: Shutting down and abandoning module AnalyticsET (148)
[2016.10.27-04.53.15:292][991]LogModuleManager: Shutting down and abandoning module PortalServices (147)
[2016.10.27-04.53.15:292][991]LogModuleManager: Shutting down and abandoning module PortalRpc (146)
[2016.10.27-04.53.15:292][991]LogModuleManager: Shutting down and abandoning module MessagingRpc (145)
[2016.10.27-04.53.15:292][991]LogModuleManager: Shutting down and abandoning module GameplayDebugger (144)
[2016.10.27-04.53.15:317][991]LogModuleManager: Shutting down and abandoning module AITestSuite (143)
[2016.10.27-04.53.15:324][991]LogModuleManager: Shutting down and abandoning module AIModule (142)
[2016.10.27-04.53.15:332][991]LogModuleManager: Shutting down and abandoning module ProfilerService (141)
[2016.10.27-04.53.15:399][991]LogModuleManager: Shutting down and abandoning module TaskGraph (140)
[2016.10.27-04.53.15:411][991]LogModuleManager: Shutting down and abandoning module SubstanceEditor (139)
[2016.10.27-04.53.15:417][991]LogModuleManager: Shutting down and abandoning module SlateRemote (138)
[2016.10.27-04.53.15:417][991]LogModuleManager: Shutting down and abandoning module SteamVRController (137)
[2016.10.27-04.53.15:417][991]LogModuleManager: Shutting down and abandoning module SteamVR (136)
[2016.10.27-04.53.15:417][991]LogModuleManager: Shutting down and abandoning module ProceduralMeshComponentEditor (135)
[2016.10.27-04.53.15:428][991]LogModuleManager: Shutting down and abandoning module ProceduralMeshComponent (134)
[2016.10.27-04.53.15:428][991]LogModuleManager: Shutting down and abandoning module OculusLibrary (133)
[2016.10.27-04.53.15:428][991]LogModuleManager: Shutting down and abandoning module OculusInput (132)
[2016.10.27-04.53.15:428][991]LogModuleManager: Shutting down and abandoning module CustomMeshComponent (131)
[2016.10.27-04.53.15:428][991]LogModuleManager: Shutting down and abandoning module CableComponent (130)
[2016.10.27-04.53.15:428][991]LogModuleManager: Shutting down and abandoning module ArchVisCharacter (129)
[2016.10.27-04.53.15:428][991]LogModuleManager: Shutting down and abandoning module MediaPlayerEditor (127)
[2016.10.27-04.53.15:443][991]LogModuleManager: Shutting down and abandoning module HTML5Networking (126)
[2016.10.27-04.53.15:443][991]LogModuleManager: Shutting down and abandoning module GeometryCacheEd (125)
[2016.10.27-04.53.15:443][991]LogModuleManager: Shutting down and abandoning module GeometryCache (124)
[2016.10.27-04.53.15:443][991]LogModuleManager: Shutting down and abandoning module AlembicLibrary (123)
[2016.10.27-04.53.15:443][991]LogModuleManager: Shutting down and abandoning module AlembicImporter (122)
[2016.10.27-04.53.15:446][991]LogModuleManager: Shutting down and abandoning module SuperSearch (121)
[2016.10.27-04.53.15:446][991]LogModuleManager: Shutting down and abandoning module SuperSearchEditor (120)
[2016.10.27-04.53.15:446][991]LogModuleManager: Shutting down and abandoning module SpeedTreeImporter (119)
[2016.10.27-04.53.15:446][991]LogModuleManager: Shutting down and abandoning module PluginBrowser (118)
[2016.10.27-04.53.15:457][991]LogModuleManager: Shutting down and abandoning module MobileLauncherProfileWizard (117)
[2016.10.27-04.53.15:481][991]LogModuleManager: Shutting down and abandoning module EpicSurvey (116)
[2016.10.27-04.53.15:491][991]LogModuleManager: Shutting down and abandoning module DesktopPlatform (115)
[2016.10.27-04.53.15:501][991]LogModuleManager: Shutting down and abandoning module VisualStudioSourceCodeAccess (114)
[2016.10.27-04.53.15:510][991]LogModuleManager: Shutting down and abandoning module UObjectPlugin (113)
[2016.10.27-04.53.15:510][991]LogModuleManager: Shutting down and abandoning module SubversionSourceControl (112)
[2016.10.27-04.53.15:513][991]LogModuleManager: Shutting down and abandoning module PerforceSourceControl (111)
[2016.10.27-04.53.15:524][991]LogModuleManager: Shutting down and abandoning module SourceControl (110)
[2016.10.27-04.53.15:530][991]LogModuleManager: Shutting down and abandoning module GitSourceControl (109)
[2016.10.27-04.53.15:541][991]LogModuleManager: Shutting down and abandoning module LightPropagationVolumeEditor (108)
[2016.10.27-04.53.15:541][991]LogModuleManager: Shutting down and abandoning module PaperTiledImporter (107)
[2016.10.27-04.53.15:541][991]LogModuleManager: Shutting down and abandoning module PaperSpriteSheetImporter (106)
[2016.10.27-04.53.15:541][991]LogModuleManager: Shutting down and abandoning module MeshPaint (105)
[2016.10.27-04.53.15:541][991]LogModuleManager: Shutting down and abandoning module FbxAutomationBuilderModule (104)
[2016.10.27-04.53.15:552][991]LogModuleManager: Shutting down and abandoning module PixelInspectorModule (103)
[2016.10.27-04.53.15:564][991]LogModuleManager: Shutting down and abandoning module HotReload (102)
[2016.10.27-04.53.15:566][991]LogModuleManager: Shutting down and abandoning module MainFrame (101)
[2016.10.27-04.53.15:566][991]LogModuleManager: Shutting down and abandoning module LevelEditor (100)
[2016.10.27-04.53.15:567][991]LogModuleManager: Shutting down and abandoning module ContentBrowser (99)
[2016.10.27-04.53.15:567][991]LogModuleManager: Shutting down and abandoning module Paper2DEditor (98)
[2016.10.27-04.53.15:597][991]LogModuleManager: Shutting down and abandoning module UdpMessaging (97)
[2016.10.27-04.53.15:698][991]LogModuleManager: Shutting down and abandoning module TcpMessaging (96)
[2016.10.27-04.53.15:800][991]LogModuleManager: Shutting down and abandoning module SubstanceCore (95)
[2016.10.27-04.53.15:801][991]LogModuleManager: Shutting down and abandoning module LightPropagationVolumeRuntime (94)
[2016.10.27-04.53.15:802][991]LogModuleManager: Shutting down and abandoning module Paper2D (93)
[2016.10.27-04.53.15:804][991]LogModuleManager: Shutting down and abandoning module WindowsMoviePlayer (92)
[2016.10.27-04.53.15:808][991]LogModuleManager: Shutting down and abandoning module WmfMedia (91)
[2016.10.27-04.53.15:816][991]LogModuleManager: Shutting down and abandoning module MediaAssets (90)
[2016.10.27-04.53.15:816][991]LogModuleManager: Shutting down and abandoning module GameLiveStreaming (89)
[2016.10.27-04.53.15:816][991]LogModuleManager: Shutting down and abandoning module GameplayTagsEditor (88)
[2016.10.27-04.53.15:827][991]LogModuleManager: Shutting down and abandoning module VREditor (87)
[2016.10.27-04.53.15:827][991]LogModuleManager: Shutting down and abandoning module GameplayTasksEditor (86)
[2016.10.27-04.53.15:827][991]LogModuleManager: Shutting down and abandoning module PropertyEditor (85)
[2016.10.27-04.53.15:827][991]LogModuleManager: Shutting down and abandoning module BehaviorTreeEditor (84)
[2016.10.27-04.53.15:845][991]LogModuleManager: Shutting down and abandoning module FunctionalTesting (83)
[2016.10.27-04.53.15:845][991]LogModuleManager: Shutting down and abandoning module CollisionAnalyzer (82)
[2016.10.27-04.53.15:855][991]LogModuleManager: Shutting down and abandoning module Sequencer (81)
[2016.10.27-04.53.15:882][991]LogModuleManager: Shutting down and abandoning module WorkspaceMenuStructure (80)
[2016.10.27-04.53.15:882][991]LogModuleManager: Shutting down and abandoning module MessageLog (79)
[2016.10.27-04.53.15:882][991]LogModuleManager: Shutting down and abandoning module AssetTools (78)
[2016.10.27-04.53.15:894][991]LogModuleManager: Shutting down and abandoning module UMGEditor (77)
[2016.10.27-04.53.15:908][991]LogModuleManager: Shutting down and abandoning module UMG (76)
[2016.10.27-04.53.15:926][991]LogModuleManager: Shutting down and abandoning module SlateReflector (75)
[2016.10.27-04.53.15:964][991]LogModuleManager: Shutting down and abandoning module Slate (74)
[2016.10.27-04.53.15:964][991]LogModuleManager: Shutting down and abandoning module EditorStyle (73)
[2016.10.27-04.53.15:966][991]LogModuleManager: Shutting down and abandoning module SourceCodeAccess (72)
[2016.10.27-04.53.15:966][991]LogModuleManager: Shutting down and abandoning module HeadMountedDisplay (71)
[2016.10.27-04.53.15:966][991]LogModuleManager: Shutting down and abandoning module XAudio2 (70)
[2016.10.27-04.53.15:966][991]LogModuleManager: Shutting down and abandoning module Networking (68)
[2016.10.27-04.53.15:966][991]LogModuleManager: Shutting down and abandoning module Core (67)
[2016.10.27-04.53.15:966][991]LogModuleManager: Shutting down and abandoning module DirectoryWatcher (66)
[2016.10.27-04.53.15:966][991]LogDirectoryWatcher: A directory notification for '../../../Engine/Content/' was aborted.
[2016.10.27-04.53.15:966][991]LogDirectoryWatcher: A directory notification for '../../../../../CodeRed Repo/CodeRed-Repository/Content/' was aborted.
[2016.10.27-04.53.15:966][991]LogDirectoryWatcher: A directory notification for '../../../Engine/Plugins/2D/Paper2D/Content/' was aborted.
[2016.10.27-04.53.15:966][991]LogModuleManager: Shutting down and abandoning module AssetRegistry (65)
[2016.10.27-04.53.16:128][991]LogModuleManager: Shutting down and abandoning module KismetCompiler (64)
[2016.10.27-04.53.16:128][991]LogModuleManager: Shutting down and abandoning module PhysXFormats (63)
[2016.10.27-04.53.16:128][991]LogModuleManager: Shutting down and abandoning module MeshUtilities (62)
[2016.10.27-04.53.16:140][991]LogModuleManager: Shutting down and abandoning module DerivedDataCache (61)
[2016.10.27-04.53.16:187][991]LogDerivedDataCache: Shutdown
[2016.10.27-04.53.16:187][991]LogModuleManager: Shutting down and abandoning module VulkanShaderFormat (60)
[2016.10.27-04.53.16:191][991]LogModuleManager: Shutting down and abandoning module ShaderFormatOpenGL (59)
[2016.10.27-04.53.16:194][991]LogModuleManager: Shutting down and abandoning module ShaderFormatD3D (58)
[2016.10.27-04.53.16:194][991]LogModuleManager: Shutting down and abandoning module MetalShaderFormat (57)
[2016.10.27-04.53.16:220][991]LogModuleManager: Shutting down and abandoning module TextureFormatUncompressed (56)
[2016.10.27-04.53.16:220][991]LogModuleManager: Shutting down and abandoning module TextureFormatPVR (55)
[2016.10.27-04.53.16:220][991]LogModuleManager: Shutting down and abandoning module TextureFormatDXT (54)
[2016.10.27-04.53.16:220][991]LogModuleManager: Shutting down and abandoning module TextureFormatIntelISPCTexComp (53)
[2016.10.27-04.53.16:228][991]LogModuleManager: Shutting down and abandoning module ImageWrapper (52)
[2016.10.27-04.53.16:228][991]LogModuleManager: Shutting down and abandoning module TextureFormatASTC (51)
[2016.10.27-04.53.16:228][991]LogModuleManager: Shutting down and abandoning module TextureFormatAndroid (50)
[2016.10.27-04.53.16:228][991]LogModuleManager: Shutting down and abandoning module AudioFormatOpus (49)
[2016.10.27-04.53.16:266][991]LogModuleManager: Shutting down and abandoning module AudioFormatOgg (48)
[2016.10.27-04.53.16:266][991]LogModuleManager: Shutting down and abandoning module AudioFormatADPCM (47)
[2016.10.27-04.53.16:266][991]LogModuleManager: Shutting down and abandoning module LinuxTargetPlatform (46)
[2016.10.27-04.53.16:266][991]LogModuleManager: Shutting down and abandoning module LinuxServerTargetPlatform (45)
[2016.10.27-04.53.16:266][991]LogModuleManager: Shutting down and abandoning module LinuxNoEditorTargetPlatform (44)
[2016.10.27-04.53.16:266][991]LogModuleManager: Shutting down and abandoning module LinuxClientTargetPlatform (43)
[2016.10.27-04.53.16:266][991]LogModuleManager: Shutting down and abandoning module TVOSTargetPlatform (42)
[2016.10.27-04.53.16:266][991]LogModuleManager: Shutting down and abandoning module Messaging (41)
[2016.10.27-04.53.16:266][991]LogModuleManager: Shutting down and abandoning module IOSTargetPlatform (40)
[2016.10.27-04.53.16:266][991]LogModuleManager: Shutting down and abandoning module HTML5TargetPlatform (39)
[2016.10.27-04.53.16:266][991]LogModuleManager: Shutting down and abandoning module Android_PVRTCTargetPlatform (38)
[2016.10.27-04.53.16:266][991]LogModuleManager: Shutting down and abandoning module Android_MultiTargetPlatform (37)
[2016.10.27-04.53.16:266][991]LogModuleManager: Shutting down and abandoning module Android_ETC2TargetPlatform (36)
[2016.10.27-04.53.16:266][991]LogModuleManager: Shutting down and abandoning module Android_ETC1TargetPlatform (35)
[2016.10.27-04.53.16:266][991]LogModuleManager: Shutting down and abandoning module Android_DXTTargetPlatform (34)
[2016.10.27-04.53.16:266][991]LogModuleManager: Shutting down and abandoning module Android_ATCTargetPlatform (33)
[2016.10.27-04.53.16:266][991]LogModuleManager: Shutting down and abandoning module Android_ASTCTargetPlatform (32)
[2016.10.27-04.53.16:266][991]LogModuleManager: Shutting down and abandoning module AndroidTargetPlatform (31)
[2016.10.27-04.53.16:266][991]LogModuleManager: Shutting down and abandoning module WindowsTargetPlatform (30)
[2016.10.27-04.53.16:266][991]LogModuleManager: Shutting down and abandoning module WindowsServerTargetPlatform (29)
[2016.10.27-04.53.16:266][991]LogModuleManager: Shutting down and abandoning module WindowsNoEditorTargetPlatform (28)
[2016.10.27-04.53.16:266][991]LogModuleManager: Shutting down and abandoning module WindowsClientTargetPlatform (27)
[2016.10.27-04.53.16:266][991]LogModuleManager: Shutting down and abandoning module AllDesktopTargetPlatform (26)
[2016.10.27-04.53.16:266][991]LogModuleManager: Shutting down and abandoning module TargetPlatform (25)
[2016.10.27-04.53.16:266][991]LogModuleManager: Shutting down and abandoning module InputCore (24)
[2016.10.27-04.53.16:266][991]LogModuleManager: Shutting down and abandoning module Settings (23)
[2016.10.27-04.53.16:266][991]LogModuleManager: Shutting down and abandoning module OculusRift (22)
[2016.10.27-04.53.16:267][991]LogHMD: Oculus shutdown.
[2016.10.27-04.53.16:267][991]LogModuleManager: Shutting down and abandoning module GearVR (21)
[2016.10.27-04.53.16:267][991]LogModuleManager: Shutting down and abandoning module ExampleDeviceProfileSelector (20)
[2016.10.27-04.53.16:267][991]LogModuleManager: Shutting down and abandoning module OnlineBlueprintSupport (19)
[2016.10.27-04.53.16:267][991]LogModuleManager: Shutting down and abandoning module OnlineSubsystem (17)
[2016.10.27-04.53.16:284][991]LogOnline:Display: Unloading online subsystem: NULL
[2016.10.27-04.53.16:290][991]LogModuleManager: Shutting down and abandoning module HTTP (16)
[2016.10.27-04.53.16:290][991]LogHttp:Display: Http module shutting down, but needs to wait on 1 outstanding Http requests:
[2016.10.27-04.53.16:290][991]LogHttp:Display: 	verb=[POST] url=[https://datarouter.ol.epicgames.com/datarouter/api/v1/public/data?SessionID=%7BC8D2A6E4-49E4-7A83-68CF-3FBBDF2934C6%7D&AppID=UEEditor.Rocket.Release&AppVersion=4.13.1-3142249%2B%2B%2BUE4%2BRelease-4.13&UserID=fc9028ac4d19797dc560c2b6340654ac%7C7e15d6f22b6644f0be08b4c3ecc5a35f%7Ca2319f88-700d-48e4-b7e6-5cc78c0ab2a1&AppEnvironment=datacollector-binary&UploadType=eteventstream] status=Processing
[2016.10.27-04.53.16:303][991]LogModuleManager: Shutting down and abandoning module XMPP (15)
[2016.10.27-04.53.16:303][991]LogModuleManager: Shutting down and abandoning module TextureCompressor (14)
[2016.10.27-04.53.16:304][991]LogModuleManager: Shutting down and abandoning module ShaderCore (13)
[2016.10.27-04.53.16:304][991]LogModuleManager: Shutting down and abandoning module Landscape (12)
[2016.10.27-04.53.16:304][991]LogModuleManager: Shutting down and abandoning module SlateRHIRenderer (11)
[2016.10.27-04.53.16:322][991]LogModuleManager: Shutting down and abandoning module OpenGLDrv (10)
[2016.10.27-04.53.16:322][991]LogModuleManager: Shutting down and abandoning module D3D11RHI (9)
[2016.10.27-04.53.16:322][991]LogModuleManager: Shutting down and abandoning module AnimGraphRuntime (8)
[2016.10.27-04.53.16:322][991]LogModuleManager: Shutting down and abandoning module Renderer (7)
[2016.10.27-04.53.16:322][991]LogModuleManager: Shutting down and abandoning module Engine (6)
[2016.10.27-04.53.16:322][991]LogModuleManager: Shutting down and abandoning module CoreUObject (5)
[2016.10.27-04.53.16:322][991]LogModuleManager: Shutting down and abandoning module NetworkFile (4)
[2016.10.27-04.53.16:322][991]LogModuleManager: Shutting down and abandoning module StreamingFile (3)
[2016.10.27-04.53.16:322][991]LogModuleManager: Shutting down and abandoning module SandboxFile (2)
[2016.10.27-04.53.16:322][991]LogModuleManager: Shutting down and abandoning module PakFile (1)
[2016.10.27-04.53.16:324][991]LogExit: Exiting.
[2016.10.27-04.53.16:338][991]Log file closed, 10/26/16 21:53:16
