Log file open, 10/26/16 21:54:39
LogInit:Display: Running engine for game: CodeRed
LogPlatformFile: Not using cached read wrapper
LogInit:Display: RandInit(-467982196) SRandInit(-467982196).
LogTaskGraph: Started task graph with 5 named threads and 8 total threads with 1 sets of task threads.
LogStats: Stats thread started at 0.064105
LogPluginManager: Loaded Plugin Paper2D, From S:/Epic Games/4.13/Engine/Plugins/2D/Paper2D/Paper2D.uplugin
LogPluginManager: Loaded Plugin LightPropagationVolume, From S:/Epic Games/4.13/Engine/Plugins/Blendables/LightPropagationVolume/LightPropagationVolume.uplugin
LogPluginManager: Loaded Plugin BlankPlugin, From S:/Epic Games/4.13/Engine/Plugins/Developer/BlankPlugin/BlankPlugin.uplugin
LogPluginManager: Loaded Plugin CodeLiteSourceCodeAccess, From S:/Epic Games/4.13/Engine/Plugins/Developer/CodeLiteSourceCodeAccess/CodeLiteSourceCodeAccess.uplugin
LogPluginManager: Loaded Plugin GitSourceControl, From S:/Epic Games/4.13/Engine/Plugins/Developer/GitSourceControl/GitSourceControl.uplugin
LogPluginManager: Loaded Plugin KDevelopSourceCodeAccess, From S:/Epic Games/4.13/Engine/Plugins/Developer/KDevelopSourceCodeAccess/KDevelopSourceCodeAccess.uplugin
LogPluginManager: Loaded Plugin NullSourceCodeAccess, From S:/Epic Games/4.13/Engine/Plugins/Developer/NullSourceCodeAccess/NullSourceCodeAccess.uplugin
LogPluginManager: Loaded Plugin OneSkyLocalizationService, From S:/Epic Games/4.13/Engine/Plugins/Developer/OneSkyLocalizationService/OneSkyLocalizationService.uplugin
LogPluginManager: Loaded Plugin PerforceSourceControl, From S:/Epic Games/4.13/Engine/Plugins/Developer/PerforceSourceControl/PerforceSourceControl.uplugin
LogPluginManager: Loaded Plugin SubversionSourceControl, From S:/Epic Games/4.13/Engine/Plugins/Developer/SubversionSourceControl/SubversionSourceControl.uplugin
LogPluginManager: Loaded Plugin UObjectPlugin, From S:/Epic Games/4.13/Engine/Plugins/Developer/UObjectPlugin/UObjectPlugin.uplugin
LogPluginManager: Loaded Plugin VisualStudioSourceCodeAccess, From S:/Epic Games/4.13/Engine/Plugins/Developer/VisualStudioSourceCodeAccess/VisualStudioSourceCodeAccess.uplugin
LogPluginManager: Loaded Plugin XCodeSourceCodeAccess, From S:/Epic Games/4.13/Engine/Plugins/Developer/XCodeSourceCodeAccess/XCodeSourceCodeAccess.uplugin
LogPluginManager: Loaded Plugin EpicSurvey, From S:/Epic Games/4.13/Engine/Plugins/Editor/EpicSurvey/EpicSurvey.uplugin
LogPluginManager: Loaded Plugin MacGraphicsSwitching, From S:/Epic Games/4.13/Engine/Plugins/Editor/MacGraphicsSwitching/MacGraphicsSwitching.uplugin
LogPluginManager: Loaded Plugin MobileLauncherProfileWizard, From S:/Epic Games/4.13/Engine/Plugins/Editor/MobileLauncherProfileWizard/MobileLauncherProfileWizard.uplugin
LogPluginManager: Loaded Plugin PluginBrowser, From S:/Epic Games/4.13/Engine/Plugins/Editor/PluginBrowser/PluginBrowser.uplugin
LogPluginManager: Loaded Plugin SpeedTreeImporter, From S:/Epic Games/4.13/Engine/Plugins/Editor/SpeedTreeImporter/SpeedTreeImporter.uplugin
LogPluginManager: Loaded Plugin SuperSearchEditor, From S:/Epic Games/4.13/Engine/Plugins/Editor/SuperSearchEditor/SuperSearchEditor.uplugin
LogPluginManager: Loaded Plugin AlembicImporter, From S:/Epic Games/4.13/Engine/Plugins/Experimental/AlembicImporter/AlembicImporter.uplugin
LogPluginManager: Loaded Plugin BlueprintStats, From S:/Epic Games/4.13/Engine/Plugins/Experimental/BlueprintStats/BlueprintStats.uplugin
LogPluginManager: Loaded Plugin CharacterAI, From S:/Epic Games/4.13/Engine/Plugins/Experimental/CharacterAI/CharacterAI.uplugin
LogPluginManager: Loaded Plugin CodeEditor, From S:/Epic Games/4.13/Engine/Plugins/Experimental/CodeEditor/CodeEditor.uplugin
LogPluginManager: Loaded Plugin CodeView, From S:/Epic Games/4.13/Engine/Plugins/Experimental/CodeView/CodeView.uplugin
LogPluginManager: Loaded Plugin HTML5Networking, From S:/Epic Games/4.13/Engine/Plugins/Experimental/HTML5Networking/HTML5Networking.uplugin
LogPluginManager: Loaded Plugin LiveEditor, From S:/Epic Games/4.13/Engine/Plugins/Experimental/LiveEditor/LiveEditor.uplugin
LogPluginManager: Loaded Plugin OSVR, From S:/Epic Games/4.13/Engine/Plugins/Experimental/OSVR/OSVR.uplugin
LogPluginManager: Loaded Plugin Phya, From S:/Epic Games/4.13/Engine/Plugins/Experimental/Phya/Phya.uplugin
LogPluginManager: Loaded Plugin SignificanceManager, From S:/Epic Games/4.13/Engine/Plugins/Experimental/SignificanceManager/SignificanceManager.uplugin
LogPluginManager: Loaded Plugin SimpleHMD, From S:/Epic Games/4.13/Engine/Plugins/Experimental/SimpleHMD/SimpleHMD.uplugin
LogPluginManager: Loaded Plugin StereoPanorama, From S:/Epic Games/4.13/Engine/Plugins/Experimental/StereoPanorama/StereoPanorama.uplugin
LogPluginManager: Loaded Plugin StructBox, From S:/Epic Games/4.13/Engine/Plugins/Experimental/StructBox/StructBox.uplugin
LogPluginManager: Loaded Plugin Substance, From S:/Epic Games/4.13/Engine/Plugins/Marketplace/Substance/Substance.uplugin
LogPluginManager: Loaded Plugin AndroidMedia, From S:/Epic Games/4.13/Engine/Plugins/Media/AndroidMedia/AndroidMedia.uplugin
LogPluginManager: Loaded Plugin AvfMedia, From S:/Epic Games/4.13/Engine/Plugins/Media/AvfMedia/AvfMedia.uplugin
LogPluginManager: Loaded Plugin MediaPlayerEditor, From S:/Epic Games/4.13/Engine/Plugins/Media/MediaPlayerEditor/MediaPlayerEditor.uplugin
LogPluginManager: Loaded Plugin WmfMedia, From S:/Epic Games/4.13/Engine/Plugins/Media/WmfMedia/WmfMedia.uplugin
LogPluginManager: Loaded Plugin MessagingDebugger, From S:/Epic Games/4.13/Engine/Plugins/Messaging/MessagingDebugger/MessagingDebugger.uplugin
LogPluginManager: Loaded Plugin TcpMessaging, From S:/Epic Games/4.13/Engine/Plugins/Messaging/TcpMessaging/TcpMessaging.uplugin
LogPluginManager: Loaded Plugin UdpMessaging, From S:/Epic Games/4.13/Engine/Plugins/Messaging/UdpMessaging/UdpMessaging.uplugin
LogPluginManager: Loaded Plugin LevelSequenceEditor, From S:/Epic Games/4.13/Engine/Plugins/MovieScene/LevelSequenceEditor/LevelSequenceEditor.uplugin
LogPluginManager: Loaded Plugin MatineeToLevelSequence, From S:/Epic Games/4.13/Engine/Plugins/MovieScene/MatineeToLevelSequence/MatineeToLevelSequence.uplugin
LogPluginManager: Loaded Plugin NetcodeUnitTest, From S:/Epic Games/4.13/Engine/Plugins/NetcodeUnitTest/NetcodeUnitTest/NetcodeUnitTest.uplugin
LogPluginManager: Loaded Plugin NUTUnrealEngine4, From S:/Epic Games/4.13/Engine/Plugins/NetcodeUnitTest/NUTUnrealEngine4/NUTUnrealEngine4.uplugin
LogPluginManager: Loaded Plugin OnlineSubsystemGooglePlay, From S:/Epic Games/4.13/Engine/Plugins/Online/Android/OnlineSubsystemGooglePlay/OnlineSubsystemGooglePlay.uplugin
LogPluginManager: Loaded Plugin OnlineSubsystemIOS, From S:/Epic Games/4.13/Engine/Plugins/Online/IOS/OnlineSubsystemIOS/OnlineSubsystemIOS.uplugin
LogPluginManager: Loaded Plugin OnlineFramework, From S:/Epic Games/4.13/Engine/Plugins/Online/OnlineFramework/OnlineFramework.uplugin
LogPluginManager: Loaded Plugin OnlineSubsystem, From S:/Epic Games/4.13/Engine/Plugins/Online/OnlineSubsystem/OnlineSubsystem.uplugin
LogPluginManager: Loaded Plugin OnlineSubsystemAmazon, From S:/Epic Games/4.13/Engine/Plugins/Online/OnlineSubsystemAmazon/OnlineSubsystemAmazon.uplugin
LogPluginManager: Loaded Plugin OnlineSubsystemFacebook, From S:/Epic Games/4.13/Engine/Plugins/Online/OnlineSubsystemFacebook/OnlineSubsystemFacebook.uplugin
LogPluginManager: Loaded Plugin OnlineSubsystemNull, From S:/Epic Games/4.13/Engine/Plugins/Online/OnlineSubsystemNull/OnlineSubsystemNull.uplugin
LogPluginManager: Loaded Plugin OnlineSubsystemOculus, From S:/Epic Games/4.13/Engine/Plugins/Online/OnlineSubsystemOculus/OnlineSubsystemOculus.uplugin
LogPluginManager: Loaded Plugin OnlineSubsystemSteam, From S:/Epic Games/4.13/Engine/Plugins/Online/OnlineSubsystemSteam/OnlineSubsystemSteam.uplugin
LogPluginManager: Loaded Plugin OnlineSubsystemUtils, From S:/Epic Games/4.13/Engine/Plugins/Online/OnlineSubsystemUtils/OnlineSubsystemUtils.uplugin
LogPluginManager: Loaded Plugin IOSTapJoy, From S:/Epic Games/4.13/Engine/Plugins/Runtime/Advertising/IOSTapJoy/IOSTapJoy.uplugin
LogPluginManager: Loaded Plugin AnalyticsBlueprintLibrary, From S:/Epic Games/4.13/Engine/Plugins/Runtime/Analytics/AnalyticsBlueprintLibrary/AnalyticsBlueprintLibrary.uplugin
LogPluginManager: Loaded Plugin AnalyticsMulticast, From S:/Epic Games/4.13/Engine/Plugins/Runtime/Analytics/AnalyticsMulticast/AnalyticsMulticast.uplugin
LogPluginManager: Loaded Plugin Apsalar, From S:/Epic Games/4.13/Engine/Plugins/Runtime/Analytics/Apsalar/Apsalar.uplugin
LogPluginManager: Loaded Plugin FileLogging, From S:/Epic Games/4.13/Engine/Plugins/Runtime/Analytics/FileLogging/FileLogging.uplugin
LogPluginManager: Loaded Plugin Flurry, From S:/Epic Games/4.13/Engine/Plugins/Runtime/Analytics/Flurry/Flurry.uplugin
LogPluginManager: Loaded Plugin AndroidDeviceProfileSelector, From S:/Epic Games/4.13/Engine/Plugins/Runtime/AndroidDeviceProfileSelector/AndroidDeviceProfileSelector.uplugin
LogPluginManager: Loaded Plugin AndroidMoviePlayer, From S:/Epic Games/4.13/Engine/Plugins/Runtime/AndroidMoviePlayer/AndroidMoviePlayer.uplugin
LogPluginManager: Loaded Plugin AppleMoviePlayer, From S:/Epic Games/4.13/Engine/Plugins/Runtime/AppleMoviePlayer/AppleMoviePlayer.uplugin
LogPluginManager: Loaded Plugin ArchVisCharacter, From S:/Epic Games/4.13/Engine/Plugins/Runtime/ArchVisCharacter/ArchVisCharacter.uplugin
LogPluginManager: Loaded Plugin CableComponent, From S:/Epic Games/4.13/Engine/Plugins/Runtime/CableComponent/CableComponent.uplugin
LogPluginManager: Loaded Plugin CustomMeshComponent, From S:/Epic Games/4.13/Engine/Plugins/Runtime/CustomMeshComponent/CustomMeshComponent.uplugin
LogPluginManager: Loaded Plugin ExampleDeviceProfileSelector, From S:/Epic Games/4.13/Engine/Plugins/Runtime/ExampleDeviceProfileSelector/ExampleDeviceProfileSelector.uplugin
LogPluginManager: Loaded Plugin GearVR, From S:/Epic Games/4.13/Engine/Plugins/Runtime/GearVR/GearVR.uplugin
LogPluginManager: Loaded Plugin GoogleVRController, From S:/Epic Games/4.13/Engine/Plugins/Runtime/GoogleVR/GoogleVRController/GoogleVRController.uplugin
LogPluginManager: Loaded Plugin GoogleVRHMD, From S:/Epic Games/4.13/Engine/Plugins/Runtime/GoogleVR/GoogleVRHMD/GoogleVRHMD.uplugin
LogPluginManager: Loaded Plugin IOSDeviceProfileSelector, From S:/Epic Games/4.13/Engine/Plugins/Runtime/IOSDeviceProfileSelector/IOSDeviceProfileSelector.uplugin
LogPluginManager: Loaded Plugin LeapMotion, From S:/Epic Games/4.13/Engine/Plugins/Runtime/LeapMotion/LeapMotion.uplugin
LogPluginManager: Loaded Plugin LinuxDeviceProfileSelector, From S:/Epic Games/4.13/Engine/Plugins/Runtime/LinuxDeviceProfileSelector/LinuxDeviceProfileSelector.uplugin
LogPluginManager: Loaded Plugin LiveEditorListenServer, From S:/Epic Games/4.13/Engine/Plugins/Runtime/LiveEditorListenServer/LiveEditorListenServer.uplugin
LogPluginManager: Loaded Plugin OculusAudio, From S:/Epic Games/4.13/Engine/Plugins/Runtime/OculusAudio/OculusAudio.uplugin
LogPluginManager: Loaded Plugin OculusInput, From S:/Epic Games/4.13/Engine/Plugins/Runtime/OculusInput/OculusInput.uplugin
LogPluginManager: Loaded Plugin OculusLibrary, From S:/Epic Games/4.13/Engine/Plugins/Runtime/OculusLibrary/OculusLibrary.uplugin
LogPluginManager: Loaded Plugin OculusRift, From S:/Epic Games/4.13/Engine/Plugins/Runtime/OculusRift/OculusRift.uplugin
LogPluginManager: Loaded Plugin Oodle, From S:/Epic Games/4.13/Engine/Plugins/Runtime/PacketHandlers/CompressionComponents/Oodle/Oodle.uplugin
LogPluginManager: Loaded Plugin ProceduralMeshComponent, From S:/Epic Games/4.13/Engine/Plugins/Runtime/ProceduralMeshComponent/ProceduralMeshComponent.uplugin
LogPluginManager: Loaded Plugin SoundMod, From S:/Epic Games/4.13/Engine/Plugins/Runtime/SoundMod/SoundMod.uplugin
LogPluginManager: Loaded Plugin SoundVisualizations, From S:/Epic Games/4.13/Engine/Plugins/Runtime/SoundVisualizations/SoundVisualizations.uplugin
LogPluginManager: Loaded Plugin SteamController, From S:/Epic Games/4.13/Engine/Plugins/Runtime/Steam/SteamController/SteamController.uplugin
LogPluginManager: Loaded Plugin SteamVR, From S:/Epic Games/4.13/Engine/Plugins/Runtime/Steam/SteamVR/SteamVR.uplugin
LogPluginManager: Loaded Plugin WebBrowserWidget, From S:/Epic Games/4.13/Engine/Plugins/Runtime/WebBrowserWidget/WebBrowserWidget.uplugin
LogPluginManager: Loaded Plugin WindowsDeviceProfileSelector, From S:/Epic Games/4.13/Engine/Plugins/Runtime/WindowsDeviceProfileSelector/WindowsDeviceProfileSelector.uplugin
LogPluginManager: Loaded Plugin WindowsMoviePlayer, From S:/Epic Games/4.13/Engine/Plugins/Runtime/WindowsMoviePlayer/WindowsMoviePlayer.uplugin
LogPluginManager: Loaded Plugin ScriptPlugin, From S:/Epic Games/4.13/Engine/Plugins/ScriptPlugin/ScriptPlugin.uplugin
LogPluginManager: Loaded Plugin SlateRemote, From S:/Epic Games/4.13/Engine/Plugins/Slate/SlateRemote/SlateRemote.uplugin
LogInit: Using libcurl 7.47.1
LogInit:  - built for x86_64-pc-win32
LogInit:  - supports SSL with WinSSL
LogInit:  - other features:
LogInit:      CURL_VERSION_SSL
LogInit:      CURL_VERSION_IPV6
LogInit:      CURL_VERSION_ASYNCHDNS
LogInit:      CURL_VERSION_LARGEFILE
LogInit:      CURL_VERSION_IDN
LogInit:  CurlRequestOptions (configurable via config and command line):
LogInit:  - bVerifyPeer = false  - Libcurl will NOT verify peer certificate
LogInit:  - bUseHttpProxy = false  - Libcurl will NOT use HTTP proxy
LogInit:  - bDontReuseConnections = false  - Libcurl will reuse connections
LogInit:  - CertBundlePath = nullptr  - Libcurl will use whatever was configured at build time.
OCULUS: Info: [CAPI] LibOVR module is located at E:\Oculus\Support\oculus-runtime\LibOVRRT64_1.dll
OCULUS: Debug: Connected to the server running version (prod = 1).1.9.0(build = 292703) feature version = 0. Client runs version (prod = 1).1.9.0(build = 292703) feature version = 0
LogInit: Build: ++UE4+Release-4.13-CL-3142249
LogInit: Engine Version: 4.13.1-3142249+++UE4+Release-4.13
LogInit: Compatible Engine Version: 4.13.0-3106830+++UE4+Release-4.13
LogInit: Net CL: 3142249
LogDevObjectVersion: Number of dev versions registered: 13
LogDevObjectVersion:   Dev-Blueprints (B0D832E4-1F89-4F0D-ACCF-7EB736FD4AA2): 5
LogDevObjectVersion:   Dev-Build (E1C64328-A22C-4D53-A36C-8E866417BD8C): 0
LogDevObjectVersion:   Dev-Core (375EC13C-06E4-48FB-B500-84F0262A717E): 1
LogDevObjectVersion:   Dev-Editor (E4B068ED-F494-42E9-A231-DA0B2E46BB41): 6
LogDevObjectVersion:   Dev-Framework (CFFC743F-43B0-4480-9391-14DF171D2073): 12
LogDevObjectVersion:   Dev-Mobile (B02B49B5-BB20-44E9-A304-32B752E40360): 0
LogDevObjectVersion:   Dev-Networking (A4E4105C-59A1-49B5-A7C5-40C4547EDFEE): 0
LogDevObjectVersion:   Dev-Online (39C831C9-5AE6-47DC-9A44-9C173E1C8E7C): 0
LogDevObjectVersion:   Dev-Physics (78F01B33-EBEA-4F98-B9B4-84EACCB95AA2): 0
LogDevObjectVersion:   Dev-Platform (6631380F-2D4D-43E0-8009-CF276956A95A): 0
LogDevObjectVersion:   Dev-Rendering (12F88B9F-8875-4AFC-A67C-D90C383ABD29): 4
LogDevObjectVersion:   Dev-Sequencer (7B5AE74C-D270-4C10-A958-57980B212A5A): 0
LogDevObjectVersion:   Dev-VR (D7296918-1DD6-4BDD-9DE2-64A83CC13884): 0
LogInit: Compiled (64-bit): Sep 28 2016 02:12:12
LogInit: Compiled with Visual C++: 19.00.23026.00
LogInit: Build Configuration: Development
LogInit: Branch Name: ++UE4+Release-4.13
LogInit: Command line:  
LogInit: Base directory: S:/Epic Games/4.13/Engine/Binaries/Win64/
LogInit: Installed Engine Build: 1
LogInit: Presizing for max 8388607 objects, including 0 objects not considered by GC, pre-allocating 0 bytes for permanent pool.
LogInit: Object subsystem initialized
[2016.10.27-04.54.40:296][  0]LogInit: Selected Device Profile: [Windows]
[2016.10.27-04.54.40:296][  0]LogInit: Applying CVar settings loaded from the selected device profile: [Windows]
[2016.10.27-04.54.40:305][  0]LogInit: Computer: H-PC
[2016.10.27-04.54.40:305][  0]LogInit: User: Helena
[2016.10.27-04.54.40:305][  0]LogInit: CPU Page size=65536, Cores=4
[2016.10.27-04.54.40:305][  0]LogInit: High frequency timer resolution =3.417984 MHz
[2016.10.27-04.54.40:306][  0]LogMemory: Memory total: Physical=8.0GB (8GB approx)
[2016.10.27-04.54.40:306][  0]LogMemory: Platform Memory Stats for Windows
[2016.10.27-04.54.40:306][  0]LogMemory: Process Physical Memory: 265.05 MB used, 265.05 MB peak
[2016.10.27-04.54.40:306][  0]LogMemory: Process Virtual Memory: 266.35 MB used, 266.35 MB peak
[2016.10.27-04.54.40:306][  0]LogMemory: Physical Memory: 3620.56 MB used, 8143.79 MB total
[2016.10.27-04.54.40:306][  0]LogMemory: Virtual Memory: 676.51 MB used, 134217728.00 MB total
[2016.10.27-04.54.40:331][  0]LogTextLocalizationManager: No specific translations for ('en-US') exist, so ('en') translations will be used.
[2016.10.27-04.54.40:892][  0]LogD3D11RHI: D3D11 adapters:
[2016.10.27-04.54.40:940][  0]LogD3D11RHI:    0. 'NVIDIA GeForce GTX 970' (Feature Level 11_0)
[2016.10.27-04.54.40:940][  0]LogD3D11RHI:       3957/0/4071 MB DedicatedVideo/DedicatedSystem/SharedSystem, Outputs:1, VendorId:0x10de
[2016.10.27-04.54.40:941][  0]LogD3D11RHI:    1. 'Microsoft Basic Render Driver' (Feature Level 11_0)
[2016.10.27-04.54.40:941][  0]LogD3D11RHI:       0/0/4071 MB DedicatedVideo/DedicatedSystem/SharedSystem, Outputs:0, VendorId:0x1414
[2016.10.27-04.54.40:941][  0]LogD3D11RHI: Chosen D3D11 Adapter: 0
[2016.10.27-04.54.40:945][  0]LogD3D11RHI: Creating new Direct3DDevice
[2016.10.27-04.54.40:945][  0]LogD3D11RHI:     GPU DeviceId: 0x13c2 (for the marketing name, search the web for "GPU Device Id")
[2016.10.27-04.54.40:945][  0]LogWindows: EnumDisplayDevices:
[2016.10.27-04.54.40:945][  0]LogWindows:    0. 'NVIDIA GeForce GTX 970' (P:1 D:1)
[2016.10.27-04.54.40:945][  0]LogWindows:    1. 'NVIDIA GeForce GTX 970' (P:0 D:0)
[2016.10.27-04.54.40:946][  0]LogWindows:    2. 'NVIDIA GeForce GTX 970' (P:0 D:0)
[2016.10.27-04.54.40:946][  0]LogWindows:    3. 'NVIDIA GeForce GTX 970' (P:0 D:0)
[2016.10.27-04.54.40:946][  0]LogWindows: DebugString: FoundDriverCount:4 
[2016.10.27-04.54.40:946][  0]LogD3D11RHI:     Adapter Name: NVIDIA GeForce GTX 970
[2016.10.27-04.54.40:946][  0]LogD3D11RHI:   Driver Version: 375.57 (internal:21.21.13.7557, unified:375.57)
[2016.10.27-04.54.40:946][  0]LogD3D11RHI:      Driver Date: 10-18-2016
[2016.10.27-04.54.40:946][  0]LogRHI: Texture pool is 1361 MB (70% of 1945 MB)
[2016.10.27-04.54.40:963][  0]LogD3D11RHI: Async texture creation enabled
[2016.10.27-04.54.40:974][  0]LogD3D11RHI: GPU Timing Frequency: 1000.000000 (Debug: 2 1)
[2016.10.27-04.54.40:974][  0]LogShaderCompilers: Guid format shader working directory is 1 characters bigger than the processId version (../../../../../CodeRed Repo/CodeRed-Repository/Intermediate/Shaders/WorkingDirectory/3444/).
[2016.10.27-04.54.40:974][  0]LogShaderCompilers: Cleaned the shader compiler working directory 'C:/Users/Helena/AppData/Local/Temp/UnrealShaderWorkingDir/9316C74A4C91AEC05B56C69AF69D946F/'.
[2016.10.27-04.54.40:974][  0]LogShaderCompilers:Display: Using Local Shader Compiler.
[2016.10.27-04.54.41:774][  0]LogTemp:Display: Loaded TP AllDesktopTargetPlatform
[2016.10.27-04.54.41:780][  0]LogTemp:Display: Loaded TP WindowsClientTargetPlatform
[2016.10.27-04.54.41:786][  0]LogTemp:Display: Loaded TP WindowsNoEditorTargetPlatform
[2016.10.27-04.54.41:792][  0]LogTemp:Display: Loaded TP WindowsServerTargetPlatform
[2016.10.27-04.54.41:798][  0]LogTemp:Display: Loaded TP WindowsTargetPlatform
[2016.10.27-04.54.41:804][  0]LogTemp:Display: Loaded TP AndroidTargetPlatform
[2016.10.27-04.54.41:809][  0]LogTemp:Display: Loaded TP Android_ASTCTargetPlatform
[2016.10.27-04.54.41:815][  0]LogTemp:Display: Loaded TP Android_ATCTargetPlatform
[2016.10.27-04.54.41:820][  0]LogTemp:Display: Loaded TP Android_DXTTargetPlatform
[2016.10.27-04.54.41:826][  0]LogTemp:Display: Loaded TP Android_ETC1TargetPlatform
[2016.10.27-04.54.41:831][  0]LogTemp:Display: Loaded TP Android_ETC2TargetPlatform
[2016.10.27-04.54.41:841][  0]LogTemp:Display: Loaded TP Android_MultiTargetPlatform
[2016.10.27-04.54.41:841][  0]LogTemp:Display: Loaded TP Android_PVRTCTargetPlatform
[2016.10.27-04.54.41:842][  0]LogTemp:Display: Loaded TP HTML5TargetPlatform
[2016.10.27-04.54.41:860][  0]LogTemp:Display: Loaded TP IOSTargetPlatform
[2016.10.27-04.54.41:865][  0]LogTemp:Display: Loaded TP TVOSTargetPlatform
[2016.10.27-04.54.41:870][  0]LogTemp:Display: Loaded TP LinuxClientTargetPlatform
[2016.10.27-04.54.41:875][  0]LogTemp:Display: Loaded TP LinuxNoEditorTargetPlatform
[2016.10.27-04.54.41:881][  0]LogTemp:Display: Loaded TP LinuxServerTargetPlatform
[2016.10.27-04.54.41:886][  0]LogTemp:Display: Loaded TP LinuxTargetPlatform
[2016.10.27-04.54.41:886][  0]LogTargetPlatformManager:Display: Building Assets For Windows
[2016.10.27-04.54.41:941][  0]LogDerivedDataCache:Display: Max Cache Size: 512 MB
[2016.10.27-04.54.42:004][  0]LogDerivedDataCache: Loaded boot cache 0.06s 62MB C:/Users/Helena/AppData/Local/UnrealEngine/4.13/DerivedDataCache/Boot.ddc.
[2016.10.27-04.54.42:004][  0]LogDerivedDataCache:Display: Loaded Boot cache: C:/Users/Helena/AppData/Local/UnrealEngine/4.13/DerivedDataCache/Boot.ddc
[2016.10.27-04.54.42:004][  0]LogDerivedDataCache: FDerivedDataBackendGraph:  Pak pak cache file ../../../../../CodeRed Repo/CodeRed-Repository/DerivedDataCache/DDC.ddp not found, will not use a pak cache.
[2016.10.27-04.54.42:004][  0]LogDerivedDataCache: Unable to find inner node Pak for hierarchical cache Hierarchy.
[2016.10.27-04.54.42:004][  0]LogDerivedDataCache: FDerivedDataBackendGraph:  CompressedPak pak cache file ../../../../../CodeRed Repo/CodeRed-Repository/DerivedDataCache/Compressed.ddp not found, will not use a pak cache.
[2016.10.27-04.54.42:004][  0]LogDerivedDataCache: Unable to find inner node CompressedPak for hierarchical cache Hierarchy.
[2016.10.27-04.54.42:019][  0]LogDerivedDataCache:Display: Pak cache opened for reading ../../../Engine/DerivedDataCache/Compressed.ddp.
[2016.10.27-04.54.42:031][  0]LogDerivedDataCache: Using Local data cache path C:/Users/Helena/AppData/Local/UnrealEngine/Common/DerivedDataCache: Writable
[2016.10.27-04.54.42:203][  0]LogInit: Selected Device Profile: [Windows]
[2016.10.27-04.54.42:205][  0]LogContentStreaming: Texture pool size is 0.00 MB
[2016.10.27-04.54.42:288][  0]LogMeshUtilities: No automatic mesh reduction module available
[2016.10.27-04.54.42:288][  0]LogMeshUtilities: No automatic mesh merging module available
[2016.10.27-04.54.42:288][  0]LogMeshUtilities: No distributed automatic mesh merging module available
[2016.10.27-04.54.42:350][  0]LogMaterial: Uniform references updated for custom material expression Custom.
[2016.10.27-04.54.42:611][  0]LogNetVersion: GetLocalNetworkVersion: CL: 3106830, ProjectName: codered, ProjectVersion: , EngineNetworkVersion: 1, GameNetworkVersion: 0, NetworkChecksum: 438237191
[2016.10.27-04.54.42:651][  0]LogAssetRegistry: FAssetRegistry took 0.0214 seconds to start up
[2016.10.27-04.54.42:674][  0]LogPackageLocalizationCache: Processed 3 localized package path(s) for 2 prioritized culture(s) in 0.022129 seconds
[2016.10.27-04.54.42:679][  0]LogUObjectArray: 29778 objects as part of root set at end of initial load.
[2016.10.27-04.54.42:679][  0]LogUObjectAllocator: 6125448 out of 0 bytes used by permanent object pool.
[2016.10.27-04.54.42:679][  0]LogUObjectArray: CloseDisregardForGC: 0/0 objects in disregard for GC pool
[2016.10.27-04.54.42:682][  0]LogInit: WinSock: version 1.1 (2.2), MaxSocks=32767, MaxUdp=65467
[2016.10.27-04.54.42:835][  0]LogSlate: SlateFontCache - WITH_FREETYPE: 1, WITH_HARFBUZZ: 1
[2016.10.27-04.54.42:835][  0]LogSlate: SlateFontCache - WITH_FREETYPE: 1, WITH_HARFBUZZ: 1
[2016.10.27-04.54.43:466][  0]LogSubstanceCoreModule: Substance CPU Engine Loaded, Max Texture Size 2048
[2016.10.27-04.54.43:475][  0]LogTcpMessaging: Initializing TcpMessaging bridge
[2016.10.27-04.54.43:495][  0]LogUdpMessaging: Initializing bridge on interface 0.0.0.0:0 to multicast group 230.0.0.1:6666.
[2016.10.27-04.54.43:693][  0]SourceControl: Info Source control is disabled
[2016.10.27-04.54.43:694][  0]SourceControl: Info Source control is disabled
[2016.10.27-04.54.43:701][  0]SourceControl: Info Source control is disabled
[2016.10.27-04.54.43:710][  0]SourceControl: Info Source control is disabled
[2016.10.27-04.54.43:970][  0]LogEngine: Initializing Engine...
[2016.10.27-04.54.44:178][  0]LogHMD: Oculus plugin initialized. Version: 4.13.1-3142249+++UE4+Release-4.13, LibOVR: 1.9.0, SDK: 1.6.0, built Sep 28 2016, 02:14:12
[2016.10.27-04.54.44:290][  0]LogAIModule: Creating AISystem for world Untitled
[2016.10.27-04.54.44:307][  0]LogInit: XAudio2 using 'Desk (Realtek High Definition Audio)' : 2 channels at 48 kHz using 16 bits per sample (channel mask 0x3)
[2016.10.27-04.54.44:337][  0]LogInit: FAudioDevice initialized.
[2016.10.27-04.54.44:372][  0]LogDerivedDataCache: Saved boot cache 0.03s 62MB C:/Users/Helena/AppData/Local/UnrealEngine/4.13/DerivedDataCache/Boot.ddc.
[2016.10.27-04.54.44:384][  0]LogInit: Texture streaming: Enabled
[2016.10.27-04.54.44:400][  0]LogInit: Transaction tracking system initialized
[2016.10.27-04.54.44:411][  0]BlueprintLog: New page: Editor Load
[2016.10.27-04.54.44:453][  0]LocalizationService: Info Localization service is disabled
[2016.10.27-04.54.44:510][  0]LogConsoleResponse:Display: 
[2016.10.27-04.54.44:594][  0]LogCook:Display: Max memory allowance for cook 16384mb min free memory 0mb
[2016.10.27-04.54.44:595][  0]LogCook:Display: Mobile HDR setting 1
[2016.10.27-04.54.44:726][  0]LogFileCache: Scanning file cache for directory 'S:/CodeRed Repo/CodeRed-Repository/Content/' took 0.02s
[2016.10.27-04.54.44:726][  0]SourceControl: Info Source control is disabled
[2016.10.27-04.54.44:727][  0]Cmd: MAP LOAD FILE="../../../../../CodeRed Repo/CodeRed-Repository/Content/FirstPersonBP/Maps/FirstPersonExampleMap.umap" TEMPLATE=0 SHOWPROGRESS=1 FEATURELEVEL=3
[2016.10.27-04.54.44:727][  0]LightingResults: New page: Lighting Build
[2016.10.27-04.54.44:728][  0]MapCheck: New page: Map Check
[2016.10.27-04.54.44:728][  0]LightingResults: New page: Lighting Build
[2016.10.27-04.54.45:827][  0]LogTexture:Display: Building textures: HQ_Lightmap0_4 (AutoDXT)
[2016.10.27-04.54.46:671][  0]LogTexture:Display: Building textures: HQ_Lightmap1_1 (AutoDXT)
[2016.10.27-04.54.47:630][  0]LogTexture:Display: Building textures: HQ_Lightmap1_2 (AutoDXT)
[2016.10.27-04.54.48:672][  0]LogTexture:Display: Building textures: HQ_Lightmap1_3 (AutoDXT)
[2016.10.27-04.54.50:322][  0]LogTexture:Display: Building textures: HQ_Lightmap1_5 (AutoDXT)
[2016.10.27-04.54.50:360][  0]LogTexture:Display: Building textures: LQ_Lightmap_0_4 (DXT1)
[2016.10.27-04.54.50:666][  0]LogTexture:Display: Building textures: LQ_Lightmap_1_1 (DXT1)
[2016.10.27-04.54.50:943][  0]LogTexture:Display: Building textures: LQ_Lightmap_1_2 (DXT1)
[2016.10.27-04.54.51:260][  0]LogTexture:Display: Building textures: LQ_Lightmap_1_3 (DXT1)
[2016.10.27-04.54.51:679][  0]LogTexture:Display: Building textures: LQ_Lightmap_1_5 (DXT1)
[2016.10.27-04.54.51:701][  0]LogTexture:Display: Building textures: SkyOcclusion0_4 (AutoDXT)
[2016.10.27-04.54.52:068][  0]LogTexture:Display: Building textures: SkyOcclusion1_1 (AutoDXT)
[2016.10.27-04.54.52:416][  0]LogTexture:Display: Building textures: SkyOcclusion1_2 (AutoDXT)
[2016.10.27-04.54.52:835][  0]LogTexture:Display: Building textures: SkyOcclusion1_3 (AutoDXT)
[2016.10.27-04.54.53:386][  0]LogTexture:Display: Building textures: SkyOcclusion1_5 (AutoDXT)
[2016.10.27-04.54.53:749][  0]LogAIModule: Creating AISystem for world FirstPersonExampleMap
[2016.10.27-04.54.53:781][  0]LogEditorServer: Finished looking for orphan Actors (0.000 secs)
[2016.10.27-04.54.53:810][  0]Cmd: MAP CHECKDEP NOCLEARLOG
[2016.10.27-04.54.53:856][  0]MapCheck: Info Map check complete: 0 Error(s), 0 Warning(s), took 45.728ms to complete.
[2016.10.27-04.54.53:856][  0]LogFileHelpers: Loading map 'FirstPersonExampleMap' took 9.130
[2016.10.27-04.54.53:970][  0]LogCollectionManager: Loaded 0 collections in 0.000871 seconds
[2016.10.27-04.54.54:007][  0]LogFileCache: Scanning file cache for directory 'S:/CodeRed Repo/CodeRed-Repository/Saved/Collections/' took 0.01s
[2016.10.27-04.54.54:007][  0]LogFileCache: Scanning file cache for directory 'S:/CodeRed Repo/CodeRed-Repository/Content/Developers/Helena/Collections/' took 0.01s
[2016.10.27-04.54.54:007][  0]LogFileCache: Scanning file cache for directory 'S:/CodeRed Repo/CodeRed-Repository/Content/Collections/' took 0.01s
[2016.10.27-04.54.54:007][  0]LogCollectionManager: Rebuilt the GUID cache for 0 collections in 0.000002 seconds
[2016.10.27-04.54.54:015][  0]LogContentBrowser: Native class hierarchy populated in 0.0077 seconds. Added 2156 classes and 421 folders.
[2016.10.27-04.54.54:017][  0]LogStats: UGameplayTagsManager::ConstructGameplayTagTree: Construct from data asset -  0.000 s
[2016.10.27-04.54.54:017][  0]LogStats: UGameplayTagsManager::ConstructGameplayTagTree: GameplayTagTreeChangedEvent.Broadcast -  0.000 s
[2016.10.27-04.54.54:018][  0]LogContentBrowser: Native class hierarchy updated for 'GameplayTags' in 0.0005 seconds. Added 12 classes and 0 folders.
[2016.10.27-04.54.54:020][  0]LogContentBrowser: Native class hierarchy updated for 'WidgetCarousel' in 0.0004 seconds. Added 0 classes and 0 folders.
[2016.10.27-04.54.54:070][  0]LogContentBrowser: Native class hierarchy updated for 'AddContentDialog' in 0.0005 seconds. Added 0 classes and 0 folders.
[2016.10.27-04.54.54:074][  0]LogContentBrowser: Native class hierarchy updated for 'SceneOutliner' in 0.0005 seconds. Added 1 classes and 2 folders.
[2016.10.27-04.54.54:135][  0]LogCrashTracker: Crashtracker disabled due to settings.
[2016.10.27-04.54.54:142][  0]LogUObjectGlobals:Warning: Failed to find object 'Class None.'
[2016.10.27-04.54.54:167][  0]LogContentBrowser: Native class hierarchy updated for 'HierarchicalLODOutliner' in 0.0006 seconds. Added 1 classes and 2 folders.
[2016.10.27-04.54.54:167][  0]LogLoad: (Engine Initialization) Total time: 15.19 seconds
[2016.10.27-04.54.54:167][  0]LogLoad: (Engine Initialization) Total Blueprint compile time: 0.22 seconds
[2016.10.27-04.54.54:167][  0]LogExternalProfiler: Found external profiler: VSPerf
[2016.10.27-04.54.54:167][  0]LogExternalProfiler: Using external profiler: VSPerf
[2016.10.27-04.54.54:176][  0]LogWindowsTextInputMethodSystem:Display: IME system now deactivated.
[2016.10.27-04.54.54:176][  0]LogOcInput: OculusInput pre-init called
[2016.10.27-04.54.54:187][  0]LogOcInput: OculusInput is initialized. Init status 0. Runtime version: 1.9.0
[2016.10.27-04.54.54:237][  0]LogContentStreaming: Texture pool size now 800 MB
[2016.10.27-04.54.54:400][  0]LogRenderer: Reallocating scene render targets to support 1444x576 (Frame:2).
[2016.10.27-04.54.54:623][  1]LogAssetRegistry: Asset discovery search completed in 11.9941 seconds
[2016.10.27-04.54.54:623][  1]LogCollectionManager: Rebuilt the object cache for 0 collections in 0.000001 seconds (found 0 objects)
[2016.10.27-04.54.54:623][  1]LogCollectionManager: Fixed up redirectors for 0 collections in 0.000020 seconds (updated 0 objects)
[2016.10.27-04.54.59:613][538]LogFileCache: Retrieving MD5 hashes for directory 'S:/CodeRed Repo/CodeRed-Repository/Content/' took 5.41s
[2016.10.27-04.55.01:898][810]AssetReimport: New page: Outstanding source content changes 1:55:01 PM
[2016.10.27-04.55.01:955][810]LogEditorFactories: Performing atomic reimport of [S:/CodeRed Repo/CodeRed-Repository/Content/Assets/Environment/Buildings/Dome/BioDome_Mesh_01.fbx]
[2016.10.27-04.55.01:996][810]LogFbx: Loading FBX Scene from S:/CodeRed Repo/CodeRed-Repository/Content/Assets/Environment/Buildings/Dome/BioDome_Mesh_01.fbx
[2016.10.27-04.55.02:054][810]LogFbx: FBX Scene Loaded Succesfully
[2016.10.27-04.55.02:602][810]LogStaticMesh: Building static mesh BioDome_Mesh_01...
[2016.10.27-04.55.03:192][810]LogStaticMesh: Built static mesh [0.59s] /Game/Assets/Environment/Buildings/Dome/BioDome_Mesh_01.BioDome_Mesh_01
[2016.10.27-04.55.03:213][810]LogEditorFactories: -- imported successfully
[2016.10.27-04.55.03:233][810]LogEditorFactories: Performing atomic reimport of [S:/CodeRed Repo/CodeRed-Repository/Content/Assets/Environment/Buildings/Dome/BioDome_Mesh_01.fbx]
[2016.10.27-04.55.03:273][810]LogFbx: Loading FBX Scene from S:/CodeRed Repo/CodeRed-Repository/Content/Assets/Environment/Buildings/Dome/BioDome_Mesh_01.fbx
[2016.10.27-04.55.03:329][810]LogFbx: FBX Scene Loaded Succesfully
[2016.10.27-04.55.03:875][810]LogStaticMesh: Building static mesh BioDome_Mesh_01...
[2016.10.27-04.55.04:470][810]LogStaticMesh: Built static mesh [0.60s] /Game/Assets/Environment/Buildings/Dome/BioDome_Mesh_01.BioDome_Mesh_01
[2016.10.27-04.55.04:486][810]LogEditorFactories: -- imported successfully
[2016.10.27-04.55.04:573][811]LogEditorFactories: Performing atomic reimport of [S:/CodeRed Repo/CodeRed-Repository/Content/Assets/Environment/Buildings/Spire/Spire_Mesh_01.fbx]
[2016.10.27-04.55.04:607][811]LogFbx: Loading FBX Scene from S:/CodeRed Repo/CodeRed-Repository/Content/Assets/Environment/Buildings/Spire/Spire_Mesh_01.fbx
[2016.10.27-04.55.04:654][811]LogFbx: FBX Scene Loaded Succesfully
[2016.10.27-04.55.05:058][811]LogStaticMesh: Building static mesh Spire_Mesh_01...
[2016.10.27-04.55.05:174][811]LogStaticMesh: Built static mesh [0.12s] /Game/Assets/Environment/Buildings/Spire/Spire_Mesh_01.Spire_Mesh_01
[2016.10.27-04.55.05:186][811]LogEditorFactories: -- imported successfully
[2016.10.27-04.55.07:408][812]LogSavePackage:Warning: 
Referencers of FbxStaticMeshImportData /Game/Assets/Environment/Buildings/Dome/SM_BioDome_01.BioDome_Mesh_01:FbxStaticMeshImportData_0:
[2016.10.27-04.55.07:531][812]LogSavePackage:Warning: 	StaticMesh /Game/Assets/Environment/Buildings/Dome/BioDome_Mesh_01.BioDome_Mesh_01 (1 refs)
[2016.10.27-04.55.07:531][812]LogSavePackage:Warning: 		0) ObjectProperty /Script/Engine.StaticMesh:AssetImportData
[2016.10.27-04.55.07:531][812]LogSavePackage:Warning: 	StaticMesh /Game/Assets/Environment/Buildings/Dome/SM_BioDome_01.BioDome_Mesh_01 (1 refs)
[2016.10.27-04.55.07:531][812]LogSavePackage:Warning: 		0) ObjectProperty /Script/Engine.StaticMesh:AssetImportData
[2016.10.27-04.55.07:531][812]LogSavePackage:Warning: 
Referencers of SceneThumbnailInfo /Game/Assets/Environment/Buildings/Dome/SM_BioDome_01.BioDome_Mesh_01:SceneThumbnailInfo_0:
[2016.10.27-04.55.07:555][812]LogSavePackage:Warning: 	StaticMesh /Game/Assets/Environment/Buildings/Dome/BioDome_Mesh_01.BioDome_Mesh_01 (1 refs)
[2016.10.27-04.55.07:555][812]LogSavePackage:Warning: 		0) ObjectProperty /Script/Engine.StaticMesh:ThumbnailInfo
[2016.10.27-04.55.07:555][812]LogSavePackage:Warning: 	StaticMesh /Game/Assets/Environment/Buildings/Dome/SM_BioDome_01.BioDome_Mesh_01 (1 refs)
[2016.10.27-04.55.07:555][812]LogSavePackage:Warning: 		0) ObjectProperty /Script/Engine.StaticMesh:ThumbnailInfo
[2016.10.27-04.55.10:418][812]LogSavePackage:Warning: 
Referencers of FbxStaticMeshImportData /Game/Assets/Environment/Buildings/Dome/SM_BioDome_01.BioDome_Mesh_01:FbxStaticMeshImportData_0:
[2016.10.27-04.55.10:443][812]LogSavePackage:Warning: 	StaticMesh /Game/Assets/Environment/Buildings/Dome/BioDome_Mesh_01.BioDome_Mesh_01 (1 refs)
[2016.10.27-04.55.10:443][812]LogSavePackage:Warning: 		0) ObjectProperty /Script/Engine.StaticMesh:AssetImportData
[2016.10.27-04.55.10:443][812]LogSavePackage:Warning: 	StaticMesh /Game/Assets/Environment/Buildings/Dome/SM_BioDome_01.BioDome_Mesh_01 (1 refs)
[2016.10.27-04.55.10:443][812]LogSavePackage:Warning: 		0) ObjectProperty /Script/Engine.StaticMesh:AssetImportData
[2016.10.27-04.55.10:443][812]LogSavePackage:Warning: 
Referencers of SceneThumbnailInfo /Game/Assets/Environment/Buildings/Dome/SM_BioDome_01.BioDome_Mesh_01:SceneThumbnailInfo_0:
[2016.10.27-04.55.10:469][812]LogSavePackage:Warning: 	StaticMesh /Game/Assets/Environment/Buildings/Dome/BioDome_Mesh_01.BioDome_Mesh_01 (1 refs)
[2016.10.27-04.55.10:469][812]LogSavePackage:Warning: 		0) ObjectProperty /Script/Engine.StaticMesh:ThumbnailInfo
[2016.10.27-04.55.10:469][812]LogSavePackage:Warning: 	StaticMesh /Game/Assets/Environment/Buildings/Dome/SM_BioDome_01.BioDome_Mesh_01 (1 refs)
[2016.10.27-04.55.10:469][812]LogSavePackage:Warning: 		0) ObjectProperty /Script/Engine.StaticMesh:ThumbnailInfo
[2016.10.27-04.55.11:709][812]LogSavePackage: Save=9.85ms
[2016.10.27-04.55.11:709][812]LogSavePackage: Moving '../../../../../CodeRed Repo/CodeRed-Repository/Saved/SM_BioDome_011EBE0C654E237670637D7D8B36EF3DCC.tmp' to '../../../../../CodeRed Repo/CodeRed-Repository/Content/Assets/Environment/Buildings/Dome/SM_BioDome_01.uasset'
[2016.10.27-04.55.11:712][812]LogSavePackage:Display: Finished SavePackage ../../../../../CodeRed Repo/CodeRed-Repository/Content/Assets/Environment/Buildings/Dome/SM_BioDome_01.uasset
[2016.10.27-04.55.11:745][812]LogSavePackage: Save=10.93ms
[2016.10.27-04.55.11:745][812]LogSavePackage: Moving '../../../../../CodeRed Repo/CodeRed-Repository/Saved/Spire_Mesh_017028BF87443269E4A9D6D1BE592D8E5E.tmp' to '../../../../../CodeRed Repo/CodeRed-Repository/Content/Assets/Environment/Buildings/Spire/Spire_Mesh_01.uasset'
[2016.10.27-04.55.11:748][812]LogSavePackage:Display: Finished SavePackage ../../../../../CodeRed Repo/CodeRed-Repository/Content/Assets/Environment/Buildings/Spire/Spire_Mesh_01.uasset
[2016.10.27-04.55.11:748][812]EditorErrors: New page: Save Output
[2016.10.27-04.55.11:748][812]EditorErrors:Warning: Warning Can't save ../../../../../CodeRed Repo/CodeRed-Repository/Content/Assets/Environment/Buildings/Dome/BioDome_Mesh_01.uasset: Graph is linked to external private object SceneThumbnailInfo /Game/Assets/Environment/Buildings/Dome/SM_BioDome_01.BioDome_Mesh_01:SceneThumbnailInfo_0 (ThumbnailInfo)
[2016.10.27-04.55.11:748][812]EditorErrors:Warning: Warning Can't save ../../../../../CodeRed Repo/CodeRed-Repository/Content/Assets/Environment/Buildings/Dome/BioDome_Mesh_01.uasset: Graph is linked to external private object SceneThumbnailInfo /Game/Assets/Environment/Buildings/Dome/SM_BioDome_01.BioDome_Mesh_01:SceneThumbnailInfo_0 (ThumbnailInfo)
[2016.10.27-04.55.15:531][160]AssetReimport: Info Reimported asset BioDome_Mesh_01 from S:/CodeRed Repo/CodeRed-Repository/Content/Assets/Environment/Buildings/Dome/BioDome_Mesh_01.fbx.
[2016.10.27-04.55.15:531][160]AssetReimport: Info Reimported asset BioDome_Mesh_01 from S:/CodeRed Repo/CodeRed-Repository/Content/Assets/Environment/Buildings/Dome/BioDome_Mesh_01.fbx.
[2016.10.27-04.55.15:531][160]AssetReimport: Info Reimported asset Spire_Mesh_01 from S:/CodeRed Repo/CodeRed-Repository/Content/Assets/Environment/Buildings/Spire/Spire_Mesh_01.fbx.
[2016.10.27-04.55.23:534][ 96]LogLinker:Warning: Can't find file '/Game/Assets/Environment/Landscape/Rocks/SM_Boulder_Tall_01'
[2016.10.27-04.55.23:534][ 96]LogLinker:Warning: Can't find file for asset '/Game/Assets/Environment/Landscape/Rocks/SM_Boulder_Tall_01' while loading ../../../../../CodeRed Repo/CodeRed-Repository/Content/Levels/CodeRed_Level_v03.umap.
[2016.10.27-04.55.23:534][ 96]LoadErrors:Error: Error /Game/Levels/CodeRed_Level_v03 : Can't find file for asset. /Game/Assets/Environment/Landscape/Rocks/SM_Boulder_Tall_01
[2016.10.27-04.55.23:534][ 96]LogLinker:Warning: Can't find file '/Game/Assets/Environment/Landscape/Rocks/SM_Boulder_Tall_02'
[2016.10.27-04.55.23:534][ 96]LogLinker:Warning: Can't find file for asset '/Game/Assets/Environment/Landscape/Rocks/SM_Boulder_Tall_02' while loading ../../../../../CodeRed Repo/CodeRed-Repository/Content/Levels/CodeRed_Level_v03.umap.
[2016.10.27-04.55.23:534][ 96]LoadErrors:Error: Error /Game/Levels/CodeRed_Level_v03 : Can't find file for asset. /Game/Assets/Environment/Landscape/Rocks/SM_Boulder_Tall_02
[2016.10.27-04.55.23:534][ 96]LogLinker:Warning: Can't find file '/Game/Assets/Environment/Landscape/Rocks/SM_Rock_Large_01'
[2016.10.27-04.55.23:534][ 96]LogLinker:Warning: Can't find file for asset '/Game/Assets/Environment/Landscape/Rocks/SM_Rock_Large_01' while loading ../../../../../CodeRed Repo/CodeRed-Repository/Content/Levels/CodeRed_Level_v03.umap.
[2016.10.27-04.55.23:534][ 96]LoadErrors:Error: Error /Game/Levels/CodeRed_Level_v03 : Can't find file for asset. /Game/Assets/Environment/Landscape/Rocks/SM_Rock_Large_01
[2016.10.27-04.55.23:534][ 96]LogLinker:Warning: Can't find file '/Game/Assets/Environment/Landscape/Rocks/SM_Rock_Large_02'
[2016.10.27-04.55.23:534][ 96]LogLinker:Warning: Can't find file for asset '/Game/Assets/Environment/Landscape/Rocks/SM_Rock_Large_02' while loading ../../../../../CodeRed Repo/CodeRed-Repository/Content/Levels/CodeRed_Level_v03.umap.
[2016.10.27-04.55.23:534][ 96]LoadErrors:Error: Error /Game/Levels/CodeRed_Level_v03 : Can't find file for asset. /Game/Assets/Environment/Landscape/Rocks/SM_Rock_Large_02
[2016.10.27-04.55.23:535][ 96]LogLinker:Warning: Can't find file '/Game/Assets/Environment/Landscape/Rocks/SM_Rock_Large_03'
[2016.10.27-04.55.23:535][ 96]LogLinker:Warning: Can't find file for asset '/Game/Assets/Environment/Landscape/Rocks/SM_Rock_Large_03' while loading ../../../../../CodeRed Repo/CodeRed-Repository/Content/Levels/CodeRed_Level_v03.umap.
[2016.10.27-04.55.23:535][ 96]LoadErrors:Error: Error /Game/Levels/CodeRed_Level_v03 : Can't find file for asset. /Game/Assets/Environment/Landscape/Rocks/SM_Rock_Large_03
[2016.10.27-04.55.23:536][ 96]LogLinker:Warning: Can't find file '/Game/Assets/Environment/Landscape/Rocks/SM_Boulder_Tall_01'
[2016.10.27-04.55.23:536][ 96]LogLinker:Warning: Can't find file for asset '/Game/Assets/Environment/Landscape/Rocks/SM_Boulder_Tall_01' while loading ../../../../../CodeRed Repo/CodeRed-Repository/Content/Levels/CodeRed_Level_v03.umap.
[2016.10.27-04.55.23:536][ 96]LogLinker:Warning: Can't find file '/Game/Assets/Environment/Landscape/Rocks/SM_Boulder_Tall_02'
[2016.10.27-04.55.23:536][ 96]LogLinker:Warning: Can't find file for asset '/Game/Assets/Environment/Landscape/Rocks/SM_Boulder_Tall_02' while loading ../../../../../CodeRed Repo/CodeRed-Repository/Content/Levels/CodeRed_Level_v03.umap.
[2016.10.27-04.55.23:536][ 96]LogLinker:Warning: Can't find file '/Game/Assets/Environment/Landscape/Rocks/SM_Rock_Large_01'
[2016.10.27-04.55.23:536][ 96]LogLinker:Warning: Can't find file for asset '/Game/Assets/Environment/Landscape/Rocks/SM_Rock_Large_01' while loading ../../../../../CodeRed Repo/CodeRed-Repository/Content/Levels/CodeRed_Level_v03.umap.
[2016.10.27-04.55.23:536][ 96]LogLinker:Warning: Can't find file '/Game/Assets/Environment/Landscape/Rocks/SM_Rock_Large_02'
[2016.10.27-04.55.23:536][ 96]LogLinker:Warning: Can't find file for asset '/Game/Assets/Environment/Landscape/Rocks/SM_Rock_Large_02' while loading ../../../../../CodeRed Repo/CodeRed-Repository/Content/Levels/CodeRed_Level_v03.umap.
[2016.10.27-04.55.23:536][ 96]LogLinker:Warning: Can't find file '/Game/Assets/Environment/Landscape/Rocks/SM_Rock_Large_03'
[2016.10.27-04.55.23:536][ 96]LogLinker:Warning: Can't find file for asset '/Game/Assets/Environment/Landscape/Rocks/SM_Rock_Large_03' while loading ../../../../../CodeRed Repo/CodeRed-Repository/Content/Levels/CodeRed_Level_v03.umap.
[2016.10.27-04.55.23:611][ 96]LogLinker:Warning: Can't find file '/Game/Assets/Environment/Landscape/Rocks/SM_Rock_Large_01'
[2016.10.27-04.55.23:611][ 96]LoadErrors: Info Failed to load /Game/Assets/Environment/Landscape/Rocks/SM_Rock_Large_01.SM_Rock_Large_01 Referenced by FoliageType_InstancedStaticMesh_0
[2016.10.27-04.55.23:611][ 96]LogLinker:Warning: Can't find file for asset '/Game/Assets/Environment/Landscape/Rocks/SM_Rock_Large_01' while loading NULL.
[2016.10.27-04.55.23:611][ 96]LogLinker:Warning: Can't find file '/Game/Assets/Environment/Landscape/Rocks/SM_Rock_Large_02'
[2016.10.27-04.55.23:611][ 96]LoadErrors: Info Failed to load /Game/Assets/Environment/Landscape/Rocks/SM_Rock_Large_02.SM_Rock_Large_02 Referenced by FoliageType_InstancedStaticMesh_1
[2016.10.27-04.55.23:611][ 96]LogLinker:Warning: Can't find file for asset '/Game/Assets/Environment/Landscape/Rocks/SM_Rock_Large_02' while loading NULL.
[2016.10.27-04.55.23:611][ 96]LogLinker:Warning: Can't find file '/Game/Assets/Environment/Landscape/Rocks/SM_Rock_Large_03'
[2016.10.27-04.55.23:611][ 96]LoadErrors: Info Failed to load /Game/Assets/Environment/Landscape/Rocks/SM_Rock_Large_03.SM_Rock_Large_03 Referenced by FoliageType_InstancedStaticMesh_2
[2016.10.27-04.55.23:611][ 96]LogLinker:Warning: Can't find file for asset '/Game/Assets/Environment/Landscape/Rocks/SM_Rock_Large_03' while loading NULL.
[2016.10.27-04.55.23:785][ 96]LogLinker:Warning: Can't find file '/Game/Assets/Environment/Landscape/Rocks/SM_Boulder_Tall_01'
[2016.10.27-04.55.23:785][ 96]LoadErrors: Info Failed to load /Game/Assets/Environment/Landscape/Rocks/SM_Boulder_Tall_01.SM_Boulder_Tall_01 Referenced by SM_Boulder_Tall_01_2
[2016.10.27-04.55.23:785][ 96]LogLinker:Warning: Can't find file for asset '/Game/Assets/Environment/Landscape/Rocks/SM_Boulder_Tall_01' while loading NULL.
[2016.10.27-04.55.23:786][ 96]LogLinker:Warning: Can't find file '/Game/Assets/Environment/Landscape/Rocks/SM_Boulder_Tall_02'
[2016.10.27-04.55.23:786][ 96]LoadErrors: Info Failed to load /Game/Assets/Environment/Landscape/Rocks/SM_Boulder_Tall_02.SM_Boulder_Tall_02 Referenced by SM_Boulder_Tall_02_2
[2016.10.27-04.55.23:786][ 96]LogLinker:Warning: Can't find file for asset '/Game/Assets/Environment/Landscape/Rocks/SM_Boulder_Tall_02' while loading NULL.
[2016.10.27-04.55.23:786][ 96]LogLinker:Warning: Can't find file '/Game/Assets/Environment/Landscape/Rocks/SM_Rock_Large_01'
[2016.10.27-04.55.23:786][ 96]LoadErrors: Info Failed to load /Game/Assets/Environment/Landscape/Rocks/SM_Rock_Large_01.SM_Rock_Large_01 Referenced by SM_Rock_Large_01_11
[2016.10.27-04.55.23:786][ 96]LogLinker:Warning: Can't find file for asset '/Game/Assets/Environment/Landscape/Rocks/SM_Rock_Large_01' while loading NULL.
[2016.10.27-04.55.23:786][ 96]LogLinker:Warning: Can't find file '/Game/Assets/Environment/Landscape/Rocks/SM_Rock_Large_02'
[2016.10.27-04.55.23:786][ 96]LoadErrors: Info Failed to load /Game/Assets/Environment/Landscape/Rocks/SM_Rock_Large_02.SM_Rock_Large_02 Referenced by SM_Rock_Large_02_14
[2016.10.27-04.55.23:786][ 96]LogLinker:Warning: Can't find file for asset '/Game/Assets/Environment/Landscape/Rocks/SM_Rock_Large_02' while loading NULL.
[2016.10.27-04.55.23:786][ 96]LogLinker:Warning: Can't find file '/Game/Assets/Environment/Landscape/Rocks/SM_Rock_Large_03'
[2016.10.27-04.55.23:786][ 96]LoadErrors: Info Failed to load /Game/Assets/Environment/Landscape/Rocks/SM_Rock_Large_03.SM_Rock_Large_03 Referenced by SM_Rock_Large_03_17
[2016.10.27-04.55.23:786][ 96]LogLinker:Warning: Can't find file for asset '/Game/Assets/Environment/Landscape/Rocks/SM_Rock_Large_03' while loading NULL.
[2016.10.27-04.55.23:886][ 96]LogAIModule: Creating AISystem for world CodeRed_Level_v03
[2016.10.27-04.55.39:476][ 96]LogSavePackage:Warning: 
Referencers of FbxStaticMeshImportData /Game/Assets/Environment/Buildings/Dome/SM_BioDome_01.BioDome_Mesh_01:FbxStaticMeshImportData_0:
[2016.10.27-04.55.39:503][ 96]LogSavePackage:Warning: 	StaticMesh /Game/Assets/Environment/Buildings/Dome/BioDome_Mesh_01.BioDome_Mesh_01 (1 refs)
[2016.10.27-04.55.39:503][ 96]LogSavePackage:Warning: 		0) ObjectProperty /Script/Engine.StaticMesh:AssetImportData
[2016.10.27-04.55.39:503][ 96]LogSavePackage:Warning: 	StaticMesh /Game/Assets/Environment/Buildings/Dome/SM_BioDome_01.BioDome_Mesh_01 (1 refs)
[2016.10.27-04.55.39:503][ 96]LogSavePackage:Warning: 		0) ObjectProperty /Script/Engine.StaticMesh:AssetImportData
[2016.10.27-04.55.39:503][ 96]LogSavePackage:Warning: 
Referencers of SceneThumbnailInfo /Game/Assets/Environment/Buildings/Dome/SM_BioDome_01.BioDome_Mesh_01:SceneThumbnailInfo_0:
[2016.10.27-04.55.39:530][ 96]LogSavePackage:Warning: 	StaticMesh /Game/Assets/Environment/Buildings/Dome/BioDome_Mesh_01.BioDome_Mesh_01 (1 refs)
[2016.10.27-04.55.39:530][ 96]LogSavePackage:Warning: 		0) ObjectProperty /Script/Engine.StaticMesh:ThumbnailInfo
[2016.10.27-04.55.39:530][ 96]LogSavePackage:Warning: 	StaticMesh /Game/Assets/Environment/Buildings/Dome/SM_BioDome_01.BioDome_Mesh_01 (1 refs)
[2016.10.27-04.55.39:530][ 96]LogSavePackage:Warning: 		0) ObjectProperty /Script/Engine.StaticMesh:ThumbnailInfo
[2016.10.27-04.55.40:394][ 96]EditorErrors: New page: Save Output
[2016.10.27-04.55.40:394][ 96]EditorErrors:Warning: Warning Can't save ../../../../../CodeRed Repo/CodeRed-Repository/Content/Assets/Environment/Buildings/Dome/BioDome_Mesh_01.uasset: Graph is linked to external private object SceneThumbnailInfo /Game/Assets/Environment/Buildings/Dome/SM_BioDome_01.BioDome_Mesh_01:SceneThumbnailInfo_0 (ThumbnailInfo)
[2016.10.27-04.55.41:151][ 96]Cmd: MAP LOAD FILE="../../../../../CodeRed Repo/CodeRed-Repository/Content/Levels/CodeRed_Level_v03.umap" TEMPLATE=0 SHOWPROGRESS=1 FEATURELEVEL=3
[2016.10.27-04.55.41:151][ 96]LightingResults: New page: Lighting Build
[2016.10.27-04.55.41:152][ 96]LoadErrors: New page: Loading map: CodeRed_Level_v03.umap
[2016.10.27-04.55.41:152][ 96]MapCheck: New page: Map Check
[2016.10.27-04.55.41:152][ 96]LightingResults: New page: Lighting Build
[2016.10.27-04.55.41:657][ 96]LogEditorServer: Finished looking for orphan Actors (0.000 secs)
[2016.10.27-04.55.41:684][ 96]Cmd: MAP CHECKDEP NOCLEARLOG
[2016.10.27-04.55.41:733][ 96]MapCheck: Info Map check complete: 0 Error(s), 0 Warning(s), took 49.072ms to complete.
[2016.10.27-04.55.41:733][ 96]LogFileHelpers: Loading map 'CodeRed_Level_v03' took 0.584
[2016.10.27-04.55.53:381][335]Cmd: POLY SELECT ALL
[2016.10.27-04.55.54:529][383]Cmd: POLY SELECT ADJACENT WALLS
[2016.10.27-04.56.14:158][169]LogEditorViewport: Clicking on Actor (LMB): Character (Character)
[2016.10.27-04.56.15:992][279]Cmd: DELETE
[2016.10.27-04.56.15:992][279]Cmd: ACTOR DELETE
[2016.10.27-04.56.16:117][279]LogEditorActor: Deleted Actor: Character
[2016.10.27-04.56.16:125][279]LogEditorActor: Deleted 1 Actors (0.010 secs)
[2016.10.27-04.56.33:639][258]Cmd: OBJ SAVEPACKAGE PACKAGE="/Game/Levels/CodeRed_Level_v03" FILE="../../../../../CodeRed Repo/CodeRed-Repository/Content/Levels/CodeRed_Level_v03.umap" SILENT=true AUTOSAVING=false KEEPDIRTY=false
[2016.10.27-04.56.35:531][258]LogSavePackage: Save=1880.77ms
[2016.10.27-04.56.35:531][258]LogSavePackage: Moving '../../../../../CodeRed Repo/CodeRed-Repository/Saved/CodeRed_Level_v0367253F184C9D1BA993CB2CA98E62722D.tmp' to '../../../../../CodeRed Repo/CodeRed-Repository/Content/Levels/CodeRed_Level_v03.umap'
[2016.10.27-04.56.35:543][258]LogSavePackage:Display: Finished SavePackage ../../../../../CodeRed Repo/CodeRed-Repository/Content/Levels/CodeRed_Level_v03.umap
[2016.10.27-04.56.35:571][258]LogFileHelpers: Saving map 'CodeRed_Level_v03' took 1.982
