Log file open, 10/19/16 20:30:59
LogInit:Display: Running engine for game: CodeRed
LogPlatformFile: Not using cached read wrapper
LogInit:Display: RandInit(-1184135838) SRandInit(-1184135838).
LogTaskGraph: Started task graph with 5 named threads and 8 total threads with 1 sets of task threads.
LogStats: Stats thread started at 0.066003
LogPluginManager: Loaded Plugin Paper2D, From S:/Epic Games/4.13/Engine/Plugins/2D/Paper2D/Paper2D.uplugin
LogPluginManager: Loaded Plugin LightPropagationVolume, From S:/Epic Games/4.13/Engine/Plugins/Blendables/LightPropagationVolume/LightPropagationVolume.uplugin
LogPluginManager: Loaded Plugin BlankPlugin, From S:/Epic Games/4.13/Engine/Plugins/Developer/BlankPlugin/BlankPlugin.uplugin
LogPluginManager: Loaded Plugin CodeLiteSourceCodeAccess, From S:/Epic Games/4.13/Engine/Plugins/Developer/CodeLiteSourceCodeAccess/CodeLiteSourceCodeAccess.uplugin
LogPluginManager: Loaded Plugin GitSourceControl, From S:/Epic Games/4.13/Engine/Plugins/Developer/GitSourceControl/GitSourceControl.uplugin
LogPluginManager: Loaded Plugin KDevelopSourceCodeAccess, From S:/Epic Games/4.13/Engine/Plugins/Developer/KDevelopSourceCodeAccess/KDevelopSourceCodeAccess.uplugin
LogPluginManager: Loaded Plugin NullSourceCodeAccess, From S:/Epic Games/4.13/Engine/Plugins/Developer/NullSourceCodeAccess/NullSourceCodeAccess.uplugin
LogPluginManager: Loaded Plugin OneSkyLocalizationService, From S:/Epic Games/4.13/Engine/Plugins/Developer/OneSkyLocalizationService/OneSkyLocalizationService.uplugin
LogPluginManager: Loaded Plugin PerforceSourceControl, From S:/Epic Games/4.13/Engine/Plugins/Developer/PerforceSourceControl/PerforceSourceControl.uplugin
LogPluginManager: Loaded Plugin SubversionSourceControl, From S:/Epic Games/4.13/Engine/Plugins/Developer/SubversionSourceControl/SubversionSourceControl.uplugin
LogPluginManager: Loaded Plugin UObjectPlugin, From S:/Epic Games/4.13/Engine/Plugins/Developer/UObjectPlugin/UObjectPlugin.uplugin
LogPluginManager: Loaded Plugin VisualStudioSourceCodeAccess, From S:/Epic Games/4.13/Engine/Plugins/Developer/VisualStudioSourceCodeAccess/VisualStudioSourceCodeAccess.uplugin
LogPluginManager: Loaded Plugin XCodeSourceCodeAccess, From S:/Epic Games/4.13/Engine/Plugins/Developer/XCodeSourceCodeAccess/XCodeSourceCodeAccess.uplugin
LogPluginManager: Loaded Plugin EpicSurvey, From S:/Epic Games/4.13/Engine/Plugins/Editor/EpicSurvey/EpicSurvey.uplugin
LogPluginManager: Loaded Plugin MacGraphicsSwitching, From S:/Epic Games/4.13/Engine/Plugins/Editor/MacGraphicsSwitching/MacGraphicsSwitching.uplugin
LogPluginManager: Loaded Plugin MobileLauncherProfileWizard, From S:/Epic Games/4.13/Engine/Plugins/Editor/MobileLauncherProfileWizard/MobileLauncherProfileWizard.uplugin
LogPluginManager: Loaded Plugin PluginBrowser, From S:/Epic Games/4.13/Engine/Plugins/Editor/PluginBrowser/PluginBrowser.uplugin
LogPluginManager: Loaded Plugin SpeedTreeImporter, From S:/Epic Games/4.13/Engine/Plugins/Editor/SpeedTreeImporter/SpeedTreeImporter.uplugin
LogPluginManager: Loaded Plugin SuperSearchEditor, From S:/Epic Games/4.13/Engine/Plugins/Editor/SuperSearchEditor/SuperSearchEditor.uplugin
LogPluginManager: Loaded Plugin AlembicImporter, From S:/Epic Games/4.13/Engine/Plugins/Experimental/AlembicImporter/AlembicImporter.uplugin
LogPluginManager: Loaded Plugin BlueprintStats, From S:/Epic Games/4.13/Engine/Plugins/Experimental/BlueprintStats/BlueprintStats.uplugin
LogPluginManager: Loaded Plugin CharacterAI, From S:/Epic Games/4.13/Engine/Plugins/Experimental/CharacterAI/CharacterAI.uplugin
LogPluginManager: Loaded Plugin CodeEditor, From S:/Epic Games/4.13/Engine/Plugins/Experimental/CodeEditor/CodeEditor.uplugin
LogPluginManager: Loaded Plugin CodeView, From S:/Epic Games/4.13/Engine/Plugins/Experimental/CodeView/CodeView.uplugin
LogPluginManager: Loaded Plugin HTML5Networking, From S:/Epic Games/4.13/Engine/Plugins/Experimental/HTML5Networking/HTML5Networking.uplugin
LogPluginManager: Loaded Plugin LiveEditor, From S:/Epic Games/4.13/Engine/Plugins/Experimental/LiveEditor/LiveEditor.uplugin
LogPluginManager: Loaded Plugin OSVR, From S:/Epic Games/4.13/Engine/Plugins/Experimental/OSVR/OSVR.uplugin
LogPluginManager: Loaded Plugin Phya, From S:/Epic Games/4.13/Engine/Plugins/Experimental/Phya/Phya.uplugin
LogPluginManager: Loaded Plugin SignificanceManager, From S:/Epic Games/4.13/Engine/Plugins/Experimental/SignificanceManager/SignificanceManager.uplugin
LogPluginManager: Loaded Plugin SimpleHMD, From S:/Epic Games/4.13/Engine/Plugins/Experimental/SimpleHMD/SimpleHMD.uplugin
LogPluginManager: Loaded Plugin StereoPanorama, From S:/Epic Games/4.13/Engine/Plugins/Experimental/StereoPanorama/StereoPanorama.uplugin
LogPluginManager: Loaded Plugin StructBox, From S:/Epic Games/4.13/Engine/Plugins/Experimental/StructBox/StructBox.uplugin
LogPluginManager: Loaded Plugin AndroidMedia, From S:/Epic Games/4.13/Engine/Plugins/Media/AndroidMedia/AndroidMedia.uplugin
LogPluginManager: Loaded Plugin AvfMedia, From S:/Epic Games/4.13/Engine/Plugins/Media/AvfMedia/AvfMedia.uplugin
LogPluginManager: Loaded Plugin MediaPlayerEditor, From S:/Epic Games/4.13/Engine/Plugins/Media/MediaPlayerEditor/MediaPlayerEditor.uplugin
LogPluginManager: Loaded Plugin WmfMedia, From S:/Epic Games/4.13/Engine/Plugins/Media/WmfMedia/WmfMedia.uplugin
LogPluginManager: Loaded Plugin MessagingDebugger, From S:/Epic Games/4.13/Engine/Plugins/Messaging/MessagingDebugger/MessagingDebugger.uplugin
LogPluginManager: Loaded Plugin TcpMessaging, From S:/Epic Games/4.13/Engine/Plugins/Messaging/TcpMessaging/TcpMessaging.uplugin
LogPluginManager: Loaded Plugin UdpMessaging, From S:/Epic Games/4.13/Engine/Plugins/Messaging/UdpMessaging/UdpMessaging.uplugin
LogPluginManager: Loaded Plugin LevelSequenceEditor, From S:/Epic Games/4.13/Engine/Plugins/MovieScene/LevelSequenceEditor/LevelSequenceEditor.uplugin
LogPluginManager: Loaded Plugin MatineeToLevelSequence, From S:/Epic Games/4.13/Engine/Plugins/MovieScene/MatineeToLevelSequence/MatineeToLevelSequence.uplugin
LogPluginManager: Loaded Plugin NetcodeUnitTest, From S:/Epic Games/4.13/Engine/Plugins/NetcodeUnitTest/NetcodeUnitTest/NetcodeUnitTest.uplugin
LogPluginManager: Loaded Plugin NUTUnrealEngine4, From S:/Epic Games/4.13/Engine/Plugins/NetcodeUnitTest/NUTUnrealEngine4/NUTUnrealEngine4.uplugin
LogPluginManager: Loaded Plugin OnlineSubsystemGooglePlay, From S:/Epic Games/4.13/Engine/Plugins/Online/Android/OnlineSubsystemGooglePlay/OnlineSubsystemGooglePlay.uplugin
LogPluginManager: Loaded Plugin OnlineSubsystemIOS, From S:/Epic Games/4.13/Engine/Plugins/Online/IOS/OnlineSubsystemIOS/OnlineSubsystemIOS.uplugin
LogPluginManager: Loaded Plugin OnlineFramework, From S:/Epic Games/4.13/Engine/Plugins/Online/OnlineFramework/OnlineFramework.uplugin
LogPluginManager: Loaded Plugin OnlineSubsystem, From S:/Epic Games/4.13/Engine/Plugins/Online/OnlineSubsystem/OnlineSubsystem.uplugin
LogPluginManager: Loaded Plugin OnlineSubsystemAmazon, From S:/Epic Games/4.13/Engine/Plugins/Online/OnlineSubsystemAmazon/OnlineSubsystemAmazon.uplugin
LogPluginManager: Loaded Plugin OnlineSubsystemFacebook, From S:/Epic Games/4.13/Engine/Plugins/Online/OnlineSubsystemFacebook/OnlineSubsystemFacebook.uplugin
LogPluginManager: Loaded Plugin OnlineSubsystemNull, From S:/Epic Games/4.13/Engine/Plugins/Online/OnlineSubsystemNull/OnlineSubsystemNull.uplugin
LogPluginManager: Loaded Plugin OnlineSubsystemOculus, From S:/Epic Games/4.13/Engine/Plugins/Online/OnlineSubsystemOculus/OnlineSubsystemOculus.uplugin
LogPluginManager: Loaded Plugin OnlineSubsystemSteam, From S:/Epic Games/4.13/Engine/Plugins/Online/OnlineSubsystemSteam/OnlineSubsystemSteam.uplugin
LogPluginManager: Loaded Plugin OnlineSubsystemUtils, From S:/Epic Games/4.13/Engine/Plugins/Online/OnlineSubsystemUtils/OnlineSubsystemUtils.uplugin
LogPluginManager: Loaded Plugin IOSTapJoy, From S:/Epic Games/4.13/Engine/Plugins/Runtime/Advertising/IOSTapJoy/IOSTapJoy.uplugin
LogPluginManager: Loaded Plugin AnalyticsBlueprintLibrary, From S:/Epic Games/4.13/Engine/Plugins/Runtime/Analytics/AnalyticsBlueprintLibrary/AnalyticsBlueprintLibrary.uplugin
LogPluginManager: Loaded Plugin AnalyticsMulticast, From S:/Epic Games/4.13/Engine/Plugins/Runtime/Analytics/AnalyticsMulticast/AnalyticsMulticast.uplugin
LogPluginManager: Loaded Plugin Apsalar, From S:/Epic Games/4.13/Engine/Plugins/Runtime/Analytics/Apsalar/Apsalar.uplugin
LogPluginManager: Loaded Plugin FileLogging, From S:/Epic Games/4.13/Engine/Plugins/Runtime/Analytics/FileLogging/FileLogging.uplugin
LogPluginManager: Loaded Plugin Flurry, From S:/Epic Games/4.13/Engine/Plugins/Runtime/Analytics/Flurry/Flurry.uplugin
LogPluginManager: Loaded Plugin AndroidDeviceProfileSelector, From S:/Epic Games/4.13/Engine/Plugins/Runtime/AndroidDeviceProfileSelector/AndroidDeviceProfileSelector.uplugin
LogPluginManager: Loaded Plugin AndroidMoviePlayer, From S:/Epic Games/4.13/Engine/Plugins/Runtime/AndroidMoviePlayer/AndroidMoviePlayer.uplugin
LogPluginManager: Loaded Plugin AppleMoviePlayer, From S:/Epic Games/4.13/Engine/Plugins/Runtime/AppleMoviePlayer/AppleMoviePlayer.uplugin
LogPluginManager: Loaded Plugin ArchVisCharacter, From S:/Epic Games/4.13/Engine/Plugins/Runtime/ArchVisCharacter/ArchVisCharacter.uplugin
LogPluginManager: Loaded Plugin CableComponent, From S:/Epic Games/4.13/Engine/Plugins/Runtime/CableComponent/CableComponent.uplugin
LogPluginManager: Loaded Plugin CustomMeshComponent, From S:/Epic Games/4.13/Engine/Plugins/Runtime/CustomMeshComponent/CustomMeshComponent.uplugin
LogPluginManager: Loaded Plugin ExampleDeviceProfileSelector, From S:/Epic Games/4.13/Engine/Plugins/Runtime/ExampleDeviceProfileSelector/ExampleDeviceProfileSelector.uplugin
LogPluginManager: Loaded Plugin GearVR, From S:/Epic Games/4.13/Engine/Plugins/Runtime/GearVR/GearVR.uplugin
LogPluginManager: Loaded Plugin GoogleVRController, From S:/Epic Games/4.13/Engine/Plugins/Runtime/GoogleVR/GoogleVRController/GoogleVRController.uplugin
LogPluginManager: Loaded Plugin GoogleVRHMD, From S:/Epic Games/4.13/Engine/Plugins/Runtime/GoogleVR/GoogleVRHMD/GoogleVRHMD.uplugin
LogPluginManager: Loaded Plugin IOSDeviceProfileSelector, From S:/Epic Games/4.13/Engine/Plugins/Runtime/IOSDeviceProfileSelector/IOSDeviceProfileSelector.uplugin
LogPluginManager: Loaded Plugin LeapMotion, From S:/Epic Games/4.13/Engine/Plugins/Runtime/LeapMotion/LeapMotion.uplugin
LogPluginManager: Loaded Plugin LinuxDeviceProfileSelector, From S:/Epic Games/4.13/Engine/Plugins/Runtime/LinuxDeviceProfileSelector/LinuxDeviceProfileSelector.uplugin
LogPluginManager: Loaded Plugin LiveEditorListenServer, From S:/Epic Games/4.13/Engine/Plugins/Runtime/LiveEditorListenServer/LiveEditorListenServer.uplugin
LogPluginManager: Loaded Plugin OculusAudio, From S:/Epic Games/4.13/Engine/Plugins/Runtime/OculusAudio/OculusAudio.uplugin
LogPluginManager: Loaded Plugin OculusInput, From S:/Epic Games/4.13/Engine/Plugins/Runtime/OculusInput/OculusInput.uplugin
LogPluginManager: Loaded Plugin OculusLibrary, From S:/Epic Games/4.13/Engine/Plugins/Runtime/OculusLibrary/OculusLibrary.uplugin
LogPluginManager: Loaded Plugin OculusRift, From S:/Epic Games/4.13/Engine/Plugins/Runtime/OculusRift/OculusRift.uplugin
LogPluginManager: Loaded Plugin Oodle, From S:/Epic Games/4.13/Engine/Plugins/Runtime/PacketHandlers/CompressionComponents/Oodle/Oodle.uplugin
LogPluginManager: Loaded Plugin ProceduralMeshComponent, From S:/Epic Games/4.13/Engine/Plugins/Runtime/ProceduralMeshComponent/ProceduralMeshComponent.uplugin
LogPluginManager: Loaded Plugin SoundMod, From S:/Epic Games/4.13/Engine/Plugins/Runtime/SoundMod/SoundMod.uplugin
LogPluginManager: Loaded Plugin SoundVisualizations, From S:/Epic Games/4.13/Engine/Plugins/Runtime/SoundVisualizations/SoundVisualizations.uplugin
LogPluginManager: Loaded Plugin SteamController, From S:/Epic Games/4.13/Engine/Plugins/Runtime/Steam/SteamController/SteamController.uplugin
LogPluginManager: Loaded Plugin SteamVR, From S:/Epic Games/4.13/Engine/Plugins/Runtime/Steam/SteamVR/SteamVR.uplugin
LogPluginManager: Loaded Plugin WebBrowserWidget, From S:/Epic Games/4.13/Engine/Plugins/Runtime/WebBrowserWidget/WebBrowserWidget.uplugin
LogPluginManager: Loaded Plugin WindowsDeviceProfileSelector, From S:/Epic Games/4.13/Engine/Plugins/Runtime/WindowsDeviceProfileSelector/WindowsDeviceProfileSelector.uplugin
LogPluginManager: Loaded Plugin WindowsMoviePlayer, From S:/Epic Games/4.13/Engine/Plugins/Runtime/WindowsMoviePlayer/WindowsMoviePlayer.uplugin
LogPluginManager: Loaded Plugin ScriptPlugin, From S:/Epic Games/4.13/Engine/Plugins/ScriptPlugin/ScriptPlugin.uplugin
LogPluginManager: Loaded Plugin SlateRemote, From S:/Epic Games/4.13/Engine/Plugins/Slate/SlateRemote/SlateRemote.uplugin
LogInit: Using libcurl 7.47.1
LogInit:  - built for x86_64-pc-win32
LogInit:  - supports SSL with WinSSL
LogInit:  - other features:
LogInit:      CURL_VERSION_SSL
LogInit:      CURL_VERSION_IPV6
LogInit:      CURL_VERSION_ASYNCHDNS
LogInit:      CURL_VERSION_LARGEFILE
LogInit:      CURL_VERSION_IDN
LogInit:  CurlRequestOptions (configurable via config and command line):
LogInit:  - bVerifyPeer = false  - Libcurl will NOT verify peer certificate
LogInit:  - bUseHttpProxy = false  - Libcurl will NOT use HTTP proxy
LogInit:  - bDontReuseConnections = false  - Libcurl will reuse connections
LogInit:  - CertBundlePath = nullptr  - Libcurl will use whatever was configured at build time.
OCULUS: Info: [CAPI] LibOVR module is located at E:\Oculus\Support\oculus-runtime\LibOVRRT64_1.dll
OCULUS: Debug: Connected to the server running version (prod = 1).1.9.0(build = 292703) feature version = 0. Client runs version (prod = 1).1.9.0(build = 292703) feature version = 0
LogInit: Build: ++UE4+Release-4.13-CL-3142249
LogInit: Engine Version: 4.13.1-3142249+++UE4+Release-4.13
LogInit: Compatible Engine Version: 4.13.0-3106830+++UE4+Release-4.13
LogInit: Net CL: 3142249
LogDevObjectVersion: Number of dev versions registered: 13
LogDevObjectVersion:   Dev-Blueprints (B0D832E4-1F89-4F0D-ACCF-7EB736FD4AA2): 5
LogDevObjectVersion:   Dev-Build (E1C64328-A22C-4D53-A36C-8E866417BD8C): 0
LogDevObjectVersion:   Dev-Core (375EC13C-06E4-48FB-B500-84F0262A717E): 1
LogDevObjectVersion:   Dev-Editor (E4B068ED-F494-42E9-A231-DA0B2E46BB41): 6
LogDevObjectVersion:   Dev-Framework (CFFC743F-43B0-4480-9391-14DF171D2073): 12
LogDevObjectVersion:   Dev-Mobile (B02B49B5-BB20-44E9-A304-32B752E40360): 0
LogDevObjectVersion:   Dev-Networking (A4E4105C-59A1-49B5-A7C5-40C4547EDFEE): 0
LogDevObjectVersion:   Dev-Online (39C831C9-5AE6-47DC-9A44-9C173E1C8E7C): 0
LogDevObjectVersion:   Dev-Physics (78F01B33-EBEA-4F98-B9B4-84EACCB95AA2): 0
LogDevObjectVersion:   Dev-Platform (6631380F-2D4D-43E0-8009-CF276956A95A): 0
LogDevObjectVersion:   Dev-Rendering (12F88B9F-8875-4AFC-A67C-D90C383ABD29): 4
LogDevObjectVersion:   Dev-Sequencer (7B5AE74C-D270-4C10-A958-57980B212A5A): 0
LogDevObjectVersion:   Dev-VR (D7296918-1DD6-4BDD-9DE2-64A83CC13884): 0
LogInit: Compiled (64-bit): Sep 28 2016 02:12:12
LogInit: Compiled with Visual C++: 19.00.23026.00
LogInit: Build Configuration: Development
LogInit: Branch Name: ++UE4+Release-4.13
LogInit: Command line: -EpicPortal 
LogInit: Base directory: S:/Epic Games/4.13/Engine/Binaries/Win64/
LogInit: Installed Engine Build: 1
LogInit: Presizing for max 8388607 objects, including 0 objects not considered by GC, pre-allocating 0 bytes for permanent pool.
LogInit: Object subsystem initialized
[2016.10.20-03.31.00:296][  0]LogInit: Selected Device Profile: [Windows]
[2016.10.20-03.31.00:296][  0]LogInit: Applying CVar settings loaded from the selected device profile: [Windows]
[2016.10.20-03.31.00:325][  0]LogInit: Computer: H-PC
[2016.10.20-03.31.00:325][  0]LogInit: User: Helena
[2016.10.20-03.31.00:325][  0]LogInit: CPU Page size=65536, Cores=4
[2016.10.20-03.31.00:325][  0]LogInit: High frequency timer resolution =3.417984 MHz
[2016.10.20-03.31.00:325][  0]LogMemory: Memory total: Physical=8.0GB (8GB approx)
[2016.10.20-03.31.00:325][  0]LogMemory: Platform Memory Stats for Windows
[2016.10.20-03.31.00:325][  0]LogMemory: Process Physical Memory: 264.66 MB used, 264.66 MB peak
[2016.10.20-03.31.00:325][  0]LogMemory: Process Virtual Memory: 266.26 MB used, 266.26 MB peak
[2016.10.20-03.31.00:325][  0]LogMemory: Physical Memory: 5733.01 MB used, 8143.79 MB total
[2016.10.20-03.31.00:325][  0]LogMemory: Virtual Memory: 676.37 MB used, 134217728.00 MB total
[2016.10.20-03.31.00:350][  0]LogTextLocalizationManager: No specific translations for ('en-US') exist, so ('en') translations will be used.
[2016.10.20-03.31.00:951][  0]LogD3D11RHI: D3D11 adapters:
[2016.10.20-03.31.01:488][  0]LogD3D11RHI:    0. 'NVIDIA GeForce GTX 970' (Feature Level 11_0)
[2016.10.20-03.31.01:488][  0]LogD3D11RHI:       3957/0/4071 MB DedicatedVideo/DedicatedSystem/SharedSystem, Outputs:1, VendorId:0x10de
[2016.10.20-03.31.01:490][  0]LogD3D11RHI:    1. 'Microsoft Basic Render Driver' (Feature Level 11_0)
[2016.10.20-03.31.01:490][  0]LogD3D11RHI:       0/0/4071 MB DedicatedVideo/DedicatedSystem/SharedSystem, Outputs:0, VendorId:0x1414
[2016.10.20-03.31.01:490][  0]LogD3D11RHI: Chosen D3D11 Adapter: 0
[2016.10.20-03.31.01:494][  0]LogD3D11RHI: Creating new Direct3DDevice
[2016.10.20-03.31.01:494][  0]LogD3D11RHI:     GPU DeviceId: 0x13c2 (for the marketing name, search the web for "GPU Device Id")
[2016.10.20-03.31.01:494][  0]LogWindows: EnumDisplayDevices:
[2016.10.20-03.31.01:495][  0]LogWindows:    0. 'NVIDIA GeForce GTX 970' (P:1 D:1)
[2016.10.20-03.31.01:495][  0]LogWindows:    1. 'NVIDIA GeForce GTX 970' (P:0 D:0)
[2016.10.20-03.31.01:495][  0]LogWindows:    2. 'NVIDIA GeForce GTX 970' (P:0 D:0)
[2016.10.20-03.31.01:495][  0]LogWindows:    3. 'NVIDIA GeForce GTX 970' (P:0 D:0)
[2016.10.20-03.31.01:495][  0]LogWindows: DebugString: FoundDriverCount:4 
[2016.10.20-03.31.01:495][  0]LogD3D11RHI:     Adapter Name: NVIDIA GeForce GTX 970
[2016.10.20-03.31.01:495][  0]LogD3D11RHI:   Driver Version: 372.54 (internal:21.21.13.7254, unified:372.54)
[2016.10.20-03.31.01:495][  0]LogD3D11RHI:      Driver Date: 8-11-2016
[2016.10.20-03.31.01:495][  0]LogRHI: Texture pool is 1361 MB (70% of 1945 MB)
[2016.10.20-03.31.01:963][  0]LogD3D11RHI: Async texture creation enabled
[2016.10.20-03.31.02:021][  0]LogD3D11RHI: GPU Timing Frequency: 1000.000000 (Debug: 2 1)
[2016.10.20-03.31.02:021][  0]LogShaderCompilers: Guid format shader working directory is 0 characters bigger than the processId version (../../../../../CodeRed Repo/CodeRed-Repository/Intermediate/Shaders/WorkingDirectory/10064/).
[2016.10.20-03.31.02:021][  0]LogShaderCompilers: Cleaned the shader compiler working directory 'C:/Users/Helena/AppData/Local/Temp/UnrealShaderWorkingDir/FB55B35444C350CF4E664DAA207F2631/'.
[2016.10.20-03.31.02:021][  0]LogShaderCompilers:Display: Using Local Shader Compiler.
[2016.10.20-03.31.02:859][  0]LogTemp:Display: Loaded TP AllDesktopTargetPlatform
[2016.10.20-03.31.02:866][  0]LogTemp:Display: Loaded TP WindowsClientTargetPlatform
[2016.10.20-03.31.02:872][  0]LogTemp:Display: Loaded TP WindowsNoEditorTargetPlatform
[2016.10.20-03.31.02:878][  0]LogTemp:Display: Loaded TP WindowsServerTargetPlatform
[2016.10.20-03.31.02:884][  0]LogTemp:Display: Loaded TP WindowsTargetPlatform
[2016.10.20-03.31.02:890][  0]LogTemp:Display: Loaded TP AndroidTargetPlatform
[2016.10.20-03.31.02:896][  0]LogTemp:Display: Loaded TP Android_ASTCTargetPlatform
[2016.10.20-03.31.02:902][  0]LogTemp:Display: Loaded TP Android_ATCTargetPlatform
[2016.10.20-03.31.02:907][  0]LogTemp:Display: Loaded TP Android_DXTTargetPlatform
[2016.10.20-03.31.02:913][  0]LogTemp:Display: Loaded TP Android_ETC1TargetPlatform
[2016.10.20-03.31.02:918][  0]LogTemp:Display: Loaded TP Android_ETC2TargetPlatform
[2016.10.20-03.31.02:930][  0]LogTemp:Display: Loaded TP Android_MultiTargetPlatform
[2016.10.20-03.31.02:930][  0]LogTemp:Display: Loaded TP Android_PVRTCTargetPlatform
[2016.10.20-03.31.02:930][  0]LogTemp:Display: Loaded TP HTML5TargetPlatform
[2016.10.20-03.31.02:948][  0]LogTemp:Display: Loaded TP IOSTargetPlatform
[2016.10.20-03.31.02:954][  0]LogTemp:Display: Loaded TP TVOSTargetPlatform
[2016.10.20-03.31.02:959][  0]LogTemp:Display: Loaded TP LinuxClientTargetPlatform
[2016.10.20-03.31.02:965][  0]LogTemp:Display: Loaded TP LinuxNoEditorTargetPlatform
[2016.10.20-03.31.02:970][  0]LogTemp:Display: Loaded TP LinuxServerTargetPlatform
[2016.10.20-03.31.02:977][  0]LogTemp:Display: Loaded TP LinuxTargetPlatform
[2016.10.20-03.31.02:977][  0]LogTargetPlatformManager:Display: Building Assets For Windows
[2016.10.20-03.31.03:033][  0]LogDerivedDataCache:Display: Max Cache Size: 512 MB
[2016.10.20-03.31.03:105][  0]LogDerivedDataCache: Loaded boot cache 0.07s 62MB C:/Users/Helena/AppData/Local/UnrealEngine/4.13/DerivedDataCache/Boot.ddc.
[2016.10.20-03.31.03:105][  0]LogDerivedDataCache:Display: Loaded Boot cache: C:/Users/Helena/AppData/Local/UnrealEngine/4.13/DerivedDataCache/Boot.ddc
[2016.10.20-03.31.03:105][  0]LogDerivedDataCache: FDerivedDataBackendGraph:  Pak pak cache file ../../../../../CodeRed Repo/CodeRed-Repository/DerivedDataCache/DDC.ddp not found, will not use a pak cache.
[2016.10.20-03.31.03:105][  0]LogDerivedDataCache: Unable to find inner node Pak for hierarchical cache Hierarchy.
[2016.10.20-03.31.03:105][  0]LogDerivedDataCache: FDerivedDataBackendGraph:  CompressedPak pak cache file ../../../../../CodeRed Repo/CodeRed-Repository/DerivedDataCache/Compressed.ddp not found, will not use a pak cache.
[2016.10.20-03.31.03:105][  0]LogDerivedDataCache: Unable to find inner node CompressedPak for hierarchical cache Hierarchy.
[2016.10.20-03.31.03:120][  0]LogDerivedDataCache:Display: Pak cache opened for reading ../../../Engine/DerivedDataCache/Compressed.ddp.
[2016.10.20-03.31.03:132][  0]LogDerivedDataCache: Using Local data cache path C:/Users/Helena/AppData/Local/UnrealEngine/Common/DerivedDataCache: Writable
[2016.10.20-03.31.03:312][  0]LogInit: Selected Device Profile: [Windows]
[2016.10.20-03.31.03:314][  0]LogContentStreaming: Texture pool size is 0.00 MB
[2016.10.20-03.31.03:395][  0]LogMeshUtilities: No automatic mesh reduction module available
[2016.10.20-03.31.03:395][  0]LogMeshUtilities: No automatic mesh merging module available
[2016.10.20-03.31.03:395][  0]LogMeshUtilities: No distributed automatic mesh merging module available
[2016.10.20-03.31.03:454][  0]LogMaterial: Uniform references updated for custom material expression Custom.
[2016.10.20-03.31.03:816][  0]LogNetVersion: GetLocalNetworkVersion: CL: 3106830, ProjectName: codered, ProjectVersion: , EngineNetworkVersion: 1, GameNetworkVersion: 0, NetworkChecksum: 438237191
[2016.10.20-03.31.03:854][  0]LogAssetRegistry: FAssetRegistry took 0.0211 seconds to start up
[2016.10.20-03.31.03:881][  0]LogPackageLocalizationCache: Processed 3 localized package path(s) for 2 prioritized culture(s) in 0.025171 seconds
[2016.10.20-03.31.03:886][  0]LogUObjectArray: 29778 objects as part of root set at end of initial load.
[2016.10.20-03.31.03:886][  0]LogUObjectAllocator: 6125448 out of 0 bytes used by permanent object pool.
[2016.10.20-03.31.03:886][  0]LogUObjectArray: CloseDisregardForGC: 0/0 objects in disregard for GC pool
[2016.10.20-03.31.03:889][  0]LogInit: WinSock: version 1.1 (2.2), MaxSocks=32767, MaxUdp=65467
[2016.10.20-03.31.04:070][  0]LogSlate: SlateFontCache - WITH_FREETYPE: 1, WITH_HARFBUZZ: 1
[2016.10.20-03.31.04:070][  0]LogSlate: SlateFontCache - WITH_FREETYPE: 1, WITH_HARFBUZZ: 1
[2016.10.20-03.31.04:740][  0]LogTcpMessaging: Initializing TcpMessaging bridge
[2016.10.20-03.31.04:759][  0]LogUdpMessaging: Initializing bridge on interface 0.0.0.0:0 to multicast group 230.0.0.1:6666.
[2016.10.20-03.31.04:964][  0]SourceControl: Info Source control is disabled
[2016.10.20-03.31.04:964][  0]SourceControl: Info Source control is disabled
[2016.10.20-03.31.04:973][  0]SourceControl: Info Source control is disabled
[2016.10.20-03.31.04:984][  0]SourceControl: Info Source control is disabled
[2016.10.20-03.31.05:245][  0]LogEngine: Initializing Engine...
[2016.10.20-03.31.05:453][  0]OCULUS: Info: [HMDState] Requested to SetForegroundWindow(a0e70ll)
[2016.10.20-03.31.05:453][  0]LogHMD: Oculus plugin initialized. Version: 4.13.1-3142249+++UE4+Release-4.13, LibOVR: 1.9.0, SDK: 1.6.0, built Sep 28 2016, 02:14:12
[2016.10.20-03.31.05:576][  0]LogAIModule: Creating AISystem for world Untitled
[2016.10.20-03.31.05:598][  0]LogInit: XAudio2 using 'Desk (Realtek High Definition Audio)' : 2 channels at 48 kHz using 16 bits per sample (channel mask 0x3)
[2016.10.20-03.31.05:614][  0]LogInit: FAudioDevice initialized.
[2016.10.20-03.31.05:653][  0]LogDerivedDataCache: Saved boot cache 0.04s 62MB C:/Users/Helena/AppData/Local/UnrealEngine/4.13/DerivedDataCache/Boot.ddc.
[2016.10.20-03.31.05:663][  0]LogInit: Texture streaming: Enabled
[2016.10.20-03.31.05:707][  0]LogInit: Transaction tracking system initialized
[2016.10.20-03.31.05:718][  0]BlueprintLog: New page: Editor Load
[2016.10.20-03.31.05:760][  0]LocalizationService: Info Localization service is disabled
[2016.10.20-03.31.05:823][  0]LogConsoleResponse:Display: 
[2016.10.20-03.31.06:009][  0]LogCook:Display: Max memory allowance for cook 16384mb min free memory 0mb
[2016.10.20-03.31.06:009][  0]LogCook:Display: Mobile HDR setting 1
[2016.10.20-03.31.06:149][  0]LogFileCache: Scanning file cache for directory 'S:/CodeRed Repo/CodeRed-Repository/Content/' took 0.09s
[2016.10.20-03.31.06:149][  0]SourceControl: Info Source control is disabled
[2016.10.20-03.31.06:149][  0]Cmd: MAP LOAD FILE="../../../../../CodeRed Repo/CodeRed-Repository/Content/FirstPersonBP/Maps/FirstPersonExampleMap.umap" TEMPLATE=0 SHOWPROGRESS=1 FEATURELEVEL=3
[2016.10.20-03.31.06:194][  0]LightingResults: New page: Lighting Build
[2016.10.20-03.31.06:195][  0]MapCheck: New page: Map Check
[2016.10.20-03.31.06:195][  0]LightingResults: New page: Lighting Build
[2016.10.20-03.31.08:999][  0]LogAIModule: Creating AISystem for world FirstPersonExampleMap
[2016.10.20-03.31.09:274][  0]LogEditorServer: Finished looking for orphan Actors (0.000 secs)
[2016.10.20-03.31.09:392][  0]Cmd: MAP CHECKDEP NOCLEARLOG
[2016.10.20-03.31.09:437][  0]MapCheck: Info Map check complete: 0 Error(s), 0 Warning(s), took 44.988ms to complete.
[2016.10.20-03.31.09:437][  0]LogFileHelpers: Loading map 'FirstPersonExampleMap' took 3.288
[2016.10.20-03.31.10:075][  0]LogCollectionManager: Loaded 0 collections in 0.000914 seconds
[2016.10.20-03.31.10:191][  0]LogFileCache: Scanning file cache for directory 'S:/CodeRed Repo/CodeRed-Repository/Saved/Collections/' took 0.01s
[2016.10.20-03.31.10:191][  0]LogFileCache: Scanning file cache for directory 'S:/CodeRed Repo/CodeRed-Repository/Content/Developers/Helena/Collections/' took 0.01s
[2016.10.20-03.31.10:191][  0]LogFileCache: Scanning file cache for directory 'S:/CodeRed Repo/CodeRed-Repository/Content/Collections/' took 0.01s
[2016.10.20-03.31.10:191][  0]LogCollectionManager: Rebuilt the GUID cache for 0 collections in 0.000002 seconds
[2016.10.20-03.31.10:200][  0]LogContentBrowser: Native class hierarchy populated in 0.0080 seconds. Added 2141 classes and 415 folders.
[2016.10.20-03.31.10:271][  0]LogStats: UGameplayTagsManager::ConstructGameplayTagTree: Construct from data asset -  0.000 s
[2016.10.20-03.31.10:271][  0]LogStats: UGameplayTagsManager::ConstructGameplayTagTree: GameplayTagTreeChangedEvent.Broadcast -  0.000 s
[2016.10.20-03.31.10:272][  0]LogContentBrowser: Native class hierarchy updated for 'GameplayTags' in 0.0008 seconds. Added 12 classes and 0 folders.
[2016.10.20-03.31.10:300][  0]LogContentBrowser: Native class hierarchy updated for 'WidgetCarousel' in 0.0005 seconds. Added 0 classes and 0 folders.
[2016.10.20-03.31.11:456][  0]LogContentBrowser: Native class hierarchy updated for 'AddContentDialog' in 0.0006 seconds. Added 0 classes and 0 folders.
[2016.10.20-03.31.11:492][  0]LogContentBrowser: Native class hierarchy updated for 'SceneOutliner' in 0.0006 seconds. Added 1 classes and 2 folders.
[2016.10.20-03.31.12:446][  0]LogCrashTracker: Crashtracker disabled due to settings.
[2016.10.20-03.31.12:629][  0]LogUObjectGlobals:Warning: Failed to find object 'Class None.'
[2016.10.20-03.31.12:686][  0]LogContentBrowser: Native class hierarchy updated for 'HierarchicalLODOutliner' in 0.0007 seconds. Added 1 classes and 2 folders.
[2016.10.20-03.31.12:686][  0]LogLoad: (Engine Initialization) Total time: 14.19 seconds
[2016.10.20-03.31.12:686][  0]LogLoad: (Engine Initialization) Total Blueprint compile time: 0.51 seconds
[2016.10.20-03.31.12:686][  0]LogExternalProfiler: Found external profiler: VSPerf
[2016.10.20-03.31.12:686][  0]LogExternalProfiler: Using external profiler: VSPerf
[2016.10.20-03.31.12:695][  0]LogWindowsTextInputMethodSystem:Display: IME system now deactivated.
[2016.10.20-03.31.12:695][  0]LogOcInput: OculusInput pre-init called
[2016.10.20-03.31.12:706][  0]LogOcInput: OculusInput is initialized. Init status 0. Runtime version: 1.9.0
[2016.10.20-03.31.12:931][  0]LogContentStreaming: Texture pool size now 800 MB
[2016.10.20-03.31.13:658][  0]LogRenderer: Reallocating scene render targets to support 1404x576 (Frame:2).
[2016.10.20-03.31.13:882][  1]LogFileCache: Retrieving MD5 hashes for directory 'S:/CodeRed Repo/CodeRed-Repository/Content/' took 1.16s
[2016.10.20-03.31.13:896][  1]LogAssetRegistry: Asset discovery search completed in 10.0633 seconds
[2016.10.20-03.31.13:896][  1]LogCollectionManager: Rebuilt the object cache for 0 collections in 0.000001 seconds (found 0 objects)
[2016.10.20-03.31.13:896][  1]LogCollectionManager: Fixed up redirectors for 0 collections in 0.000016 seconds (updated 0 objects)
[2016.10.20-03.31.18:434][442]Cmd: MAP LOAD FILE="../../../../../CodeRed Repo/CodeRed-Repository/Content/Levels/CodeRed_Level_v03.umap" TEMPLATE=0 SHOWPROGRESS=1 FEATURELEVEL=3
[2016.10.20-03.31.18:478][442]LightingResults: New page: Lighting Build
[2016.10.20-03.31.18:479][442]LoadErrors: New page: Loading map: CodeRed_Level_v03.umap
[2016.10.20-03.31.18:511][442]MapCheck: New page: Map Check
[2016.10.20-03.31.18:511][442]LightingResults: New page: Lighting Build
[2016.10.20-03.31.18:883][442]LogLinker:Warning: Can't find file '/Game/Assets/Environment/Buildings/Dome/SM_BioDome_01'
[2016.10.20-03.31.18:883][442]LogLinker:Warning: Can't find file for asset '/Game/Assets/Environment/Buildings/Dome/SM_BioDome_01' while loading ../../../../../CodeRed Repo/CodeRed-Repository/Content/Levels/CodeRed_Level_v03.umap.
[2016.10.20-03.31.18:883][442]LoadErrors:Error: Error /Game/Levels/CodeRed_Level_v03 : Can't find file for asset. /Game/Assets/Environment/Buildings/Dome/SM_BioDome_01
[2016.10.20-03.31.18:916][442]LogLinker:Warning: Can't find file '/Game/Assets/Environment/Landscape/Rocks/SM_Boulder_Tall_01'
[2016.10.20-03.31.18:916][442]LogLinker:Warning: Can't find file for asset '/Game/Assets/Environment/Landscape/Rocks/SM_Boulder_Tall_01' while loading ../../../../../CodeRed Repo/CodeRed-Repository/Content/Levels/CodeRed_Level_v03.umap.
[2016.10.20-03.31.18:931][442]LoadErrors:Error: Error /Game/Levels/CodeRed_Level_v03 : Can't find file for asset. /Game/Assets/Environment/Landscape/Rocks/SM_Boulder_Tall_01
[2016.10.20-03.31.18:931][442]LogLinker:Warning: Can't find file '/Game/Assets/Environment/Landscape/Rocks/SM_Boulder_Tall_02'
[2016.10.20-03.31.18:931][442]LogLinker:Warning: Can't find file for asset '/Game/Assets/Environment/Landscape/Rocks/SM_Boulder_Tall_02' while loading ../../../../../CodeRed Repo/CodeRed-Repository/Content/Levels/CodeRed_Level_v03.umap.
[2016.10.20-03.31.18:931][442]LoadErrors:Error: Error /Game/Levels/CodeRed_Level_v03 : Can't find file for asset. /Game/Assets/Environment/Landscape/Rocks/SM_Boulder_Tall_02
[2016.10.20-03.31.18:931][442]LogLinker:Warning: Can't find file '/Game/Assets/Environment/Landscape/Rocks/SM_Rock_Large_01'
[2016.10.20-03.31.18:931][442]LogLinker:Warning: Can't find file for asset '/Game/Assets/Environment/Landscape/Rocks/SM_Rock_Large_01' while loading ../../../../../CodeRed Repo/CodeRed-Repository/Content/Levels/CodeRed_Level_v03.umap.
[2016.10.20-03.31.18:931][442]LoadErrors:Error: Error /Game/Levels/CodeRed_Level_v03 : Can't find file for asset. /Game/Assets/Environment/Landscape/Rocks/SM_Rock_Large_01
[2016.10.20-03.31.18:931][442]LogLinker:Warning: Can't find file '/Game/Assets/Environment/Landscape/Rocks/SM_Rock_Large_02'
[2016.10.20-03.31.18:932][442]LogLinker:Warning: Can't find file for asset '/Game/Assets/Environment/Landscape/Rocks/SM_Rock_Large_02' while loading ../../../../../CodeRed Repo/CodeRed-Repository/Content/Levels/CodeRed_Level_v03.umap.
[2016.10.20-03.31.18:932][442]LoadErrors:Error: Error /Game/Levels/CodeRed_Level_v03 : Can't find file for asset. /Game/Assets/Environment/Landscape/Rocks/SM_Rock_Large_02
[2016.10.20-03.31.18:932][442]LogLinker:Warning: Can't find file '/Game/Assets/Environment/Landscape/Rocks/SM_Rock_Large_03'
[2016.10.20-03.31.18:932][442]LogLinker:Warning: Can't find file for asset '/Game/Assets/Environment/Landscape/Rocks/SM_Rock_Large_03' while loading ../../../../../CodeRed Repo/CodeRed-Repository/Content/Levels/CodeRed_Level_v03.umap.
[2016.10.20-03.31.18:932][442]LoadErrors:Error: Error /Game/Levels/CodeRed_Level_v03 : Can't find file for asset. /Game/Assets/Environment/Landscape/Rocks/SM_Rock_Large_03
[2016.10.20-03.31.18:932][442]LogLinker:Warning: Can't find file '/Game/Assets/Environment/Water/SM_WaterPlane_01'
[2016.10.20-03.31.18:932][442]LogLinker:Warning: Can't find file for asset '/Game/Assets/Environment/Water/SM_WaterPlane_01' while loading ../../../../../CodeRed Repo/CodeRed-Repository/Content/Levels/CodeRed_Level_v03.umap.
[2016.10.20-03.31.18:932][442]LoadErrors:Error: Error /Game/Levels/CodeRed_Level_v03 : Can't find file for asset. /Game/Assets/Environment/Water/SM_WaterPlane_01
[2016.10.20-03.31.18:932][442]LogLinker:Warning: Can't find file '/Game/Assets/Environment/Buildings/Dome/SM_BioDome_01'
[2016.10.20-03.31.18:933][442]LogLinker:Warning: Can't find file for asset '/Game/Assets/Environment/Buildings/Dome/SM_BioDome_01' while loading ../../../../../CodeRed Repo/CodeRed-Repository/Content/Levels/CodeRed_Level_v03.umap.
[2016.10.20-03.31.18:933][442]LogLinker:Warning: Can't find file '/Game/Assets/Environment/Landscape/Rocks/SM_Boulder_Tall_01'
[2016.10.20-03.31.18:933][442]LogLinker:Warning: Can't find file for asset '/Game/Assets/Environment/Landscape/Rocks/SM_Boulder_Tall_01' while loading ../../../../../CodeRed Repo/CodeRed-Repository/Content/Levels/CodeRed_Level_v03.umap.
[2016.10.20-03.31.18:933][442]LogLinker:Warning: Can't find file '/Game/Assets/Environment/Landscape/Rocks/SM_Boulder_Tall_02'
[2016.10.20-03.31.18:933][442]LogLinker:Warning: Can't find file for asset '/Game/Assets/Environment/Landscape/Rocks/SM_Boulder_Tall_02' while loading ../../../../../CodeRed Repo/CodeRed-Repository/Content/Levels/CodeRed_Level_v03.umap.
[2016.10.20-03.31.18:933][442]LogLinker:Warning: Can't find file '/Game/Assets/Environment/Landscape/Rocks/SM_Rock_Large_01'
[2016.10.20-03.31.18:933][442]LogLinker:Warning: Can't find file for asset '/Game/Assets/Environment/Landscape/Rocks/SM_Rock_Large_01' while loading ../../../../../CodeRed Repo/CodeRed-Repository/Content/Levels/CodeRed_Level_v03.umap.
[2016.10.20-03.31.18:933][442]LogLinker:Warning: Can't find file '/Game/Assets/Environment/Landscape/Rocks/SM_Rock_Large_02'
[2016.10.20-03.31.18:933][442]LogLinker:Warning: Can't find file for asset '/Game/Assets/Environment/Landscape/Rocks/SM_Rock_Large_02' while loading ../../../../../CodeRed Repo/CodeRed-Repository/Content/Levels/CodeRed_Level_v03.umap.
[2016.10.20-03.31.18:933][442]LogLinker:Warning: Can't find file '/Game/Assets/Environment/Landscape/Rocks/SM_Rock_Large_03'
[2016.10.20-03.31.18:933][442]LogLinker:Warning: Can't find file for asset '/Game/Assets/Environment/Landscape/Rocks/SM_Rock_Large_03' while loading ../../../../../CodeRed Repo/CodeRed-Repository/Content/Levels/CodeRed_Level_v03.umap.
[2016.10.20-03.31.18:933][442]LogLinker:Warning: Can't find file '/Game/Assets/Environment/Water/SM_WaterPlane_01'
[2016.10.20-03.31.18:933][442]LogLinker:Warning: Can't find file for asset '/Game/Assets/Environment/Water/SM_WaterPlane_01' while loading ../../../../../CodeRed Repo/CodeRed-Repository/Content/Levels/CodeRed_Level_v03.umap.
[2016.10.20-03.31.19:017][442]LogLinker:Warning: Can't find file '/Game/Assets/Environment/Landscape/Rocks/SM_Rock_Large_01'
[2016.10.20-03.31.19:018][442]LoadErrors: Info Failed to load /Game/Assets/Environment/Landscape/Rocks/SM_Rock_Large_01.SM_Rock_Large_01 Referenced by FoliageType_InstancedStaticMesh_0
[2016.10.20-03.31.19:018][442]LogLinker:Warning: Can't find file for asset '/Game/Assets/Environment/Landscape/Rocks/SM_Rock_Large_01' while loading NULL.
[2016.10.20-03.31.19:018][442]LogLinker:Warning: Can't find file '/Game/Assets/Environment/Landscape/Rocks/SM_Rock_Large_02'
[2016.10.20-03.31.19:018][442]LoadErrors: Info Failed to load /Game/Assets/Environment/Landscape/Rocks/SM_Rock_Large_02.SM_Rock_Large_02 Referenced by FoliageType_InstancedStaticMesh_1
[2016.10.20-03.31.19:018][442]LogLinker:Warning: Can't find file for asset '/Game/Assets/Environment/Landscape/Rocks/SM_Rock_Large_02' while loading NULL.
[2016.10.20-03.31.19:018][442]LogLinker:Warning: Can't find file '/Game/Assets/Environment/Landscape/Rocks/SM_Rock_Large_03'
[2016.10.20-03.31.19:018][442]LoadErrors: Info Failed to load /Game/Assets/Environment/Landscape/Rocks/SM_Rock_Large_03.SM_Rock_Large_03 Referenced by FoliageType_InstancedStaticMesh_2
[2016.10.20-03.31.19:018][442]LogLinker:Warning: Can't find file for asset '/Game/Assets/Environment/Landscape/Rocks/SM_Rock_Large_03' while loading NULL.
[2016.10.20-03.31.19:129][442]LogLinker:Warning: Can't find file '/Game/Assets/Environment/Buildings/Dome/SM_BioDome_01'
[2016.10.20-03.31.19:129][442]LoadErrors: Info Failed to load /Game/Assets/Environment/Buildings/Dome/SM_BioDome_01.BioDome_Mesh_01 Referenced by BioDome_Mesh_3
[2016.10.20-03.31.19:129][442]LogLinker:Warning: Can't find file for asset '/Game/Assets/Environment/Buildings/Dome/SM_BioDome_01' while loading NULL.
[2016.10.20-03.31.19:129][442]LogLinker:Warning: Can't find file '/Game/Assets/Environment/Landscape/Rocks/SM_Boulder_Tall_01'
[2016.10.20-03.31.19:129][442]LoadErrors: Info Failed to load /Game/Assets/Environment/Landscape/Rocks/SM_Boulder_Tall_01.SM_Boulder_Tall_01 Referenced by SM_Boulder_Tall_01_2
[2016.10.20-03.31.19:130][442]LogLinker:Warning: Can't find file for asset '/Game/Assets/Environment/Landscape/Rocks/SM_Boulder_Tall_01' while loading NULL.
[2016.10.20-03.31.19:130][442]LogLinker:Warning: Can't find file '/Game/Assets/Environment/Landscape/Rocks/SM_Boulder_Tall_02'
[2016.10.20-03.31.19:130][442]LoadErrors: Info Failed to load /Game/Assets/Environment/Landscape/Rocks/SM_Boulder_Tall_02.SM_Boulder_Tall_02 Referenced by SM_Boulder_Tall_02_2
[2016.10.20-03.31.19:130][442]LogLinker:Warning: Can't find file for asset '/Game/Assets/Environment/Landscape/Rocks/SM_Boulder_Tall_02' while loading NULL.
[2016.10.20-03.31.19:130][442]LogLinker:Warning: Can't find file '/Game/Assets/Environment/Landscape/Rocks/SM_Rock_Large_01'
[2016.10.20-03.31.19:130][442]LoadErrors: Info Failed to load /Game/Assets/Environment/Landscape/Rocks/SM_Rock_Large_01.SM_Rock_Large_01 Referenced by SM_Rock_Large_01_11
[2016.10.20-03.31.19:130][442]LogLinker:Warning: Can't find file for asset '/Game/Assets/Environment/Landscape/Rocks/SM_Rock_Large_01' while loading NULL.
[2016.10.20-03.31.19:130][442]LogLinker:Warning: Can't find file '/Game/Assets/Environment/Landscape/Rocks/SM_Rock_Large_02'
[2016.10.20-03.31.19:130][442]LoadErrors: Info Failed to load /Game/Assets/Environment/Landscape/Rocks/SM_Rock_Large_02.SM_Rock_Large_02 Referenced by SM_Rock_Large_02_14
[2016.10.20-03.31.19:130][442]LogLinker:Warning: Can't find file for asset '/Game/Assets/Environment/Landscape/Rocks/SM_Rock_Large_02' while loading NULL.
[2016.10.20-03.31.19:130][442]LogLinker:Warning: Can't find file '/Game/Assets/Environment/Landscape/Rocks/SM_Rock_Large_03'
[2016.10.20-03.31.19:130][442]LoadErrors: Info Failed to load /Game/Assets/Environment/Landscape/Rocks/SM_Rock_Large_03.SM_Rock_Large_03 Referenced by SM_Rock_Large_03_17
[2016.10.20-03.31.19:131][442]LogLinker:Warning: Can't find file for asset '/Game/Assets/Environment/Landscape/Rocks/SM_Rock_Large_03' while loading NULL.
[2016.10.20-03.31.19:131][442]LogLinker:Warning: Can't find file '/Game/Assets/Environment/Water/SM_WaterPlane_01'
[2016.10.20-03.31.19:131][442]LoadErrors: Info Failed to load /Game/Assets/Environment/Water/SM_WaterPlane_01.SM_WaterPlane_01 Referenced by SM_WaterPlane_01_5
[2016.10.20-03.31.19:131][442]LogLinker:Warning: Can't find file for asset '/Game/Assets/Environment/Water/SM_WaterPlane_01' while loading NULL.
[2016.10.20-03.31.19:231][442]LogTexture:Display: Building textures: T_Water_N (BC5)
[2016.10.20-03.31.20:008][442]LogTexture:Display: Building textures: T_Rock_Sandstone_D (AutoDXT)
[2016.10.20-03.31.25:481][442]LogTexture:Display: Building textures: T_Rock_Sandstone_N (BC5)
[2016.10.20-03.31.26:321][442]LogTexture:Display: Building textures: T_Water_M (AutoDXT)
[2016.10.20-03.31.27:499][442]LogMaterial: Missing cached shader map for material M_Rock_Sandstone, compiling. 
[2016.10.20-03.31.27:706][442]LogTexture:Display: Building textures: Texture2D_1359 (BGRA8)
[2016.10.20-03.31.27:720][442]LogTexture:Display: Building textures: Texture2D_246 (BGRA8)
[2016.10.20-03.31.27:740][442]LogTexture:Display: Building textures: Texture2D_254 (BGRA8)
[2016.10.20-03.31.27:750][442]LogTexture:Display: Building textures: Texture2D_938 (BGRA8)
[2016.10.20-03.31.27:750][442]LogTexture:Display: Building textures: Texture2D_936 (BGRA8)
[2016.10.20-03.31.27:751][442]LogTexture:Display: Building textures: Texture2D_934 (BGRA8)
[2016.10.20-03.31.27:751][442]LogTexture:Display: Building textures: Texture2D_1367 (BGRA8)
[2016.10.20-03.31.27:752][442]LogTexture:Display: Building textures: Texture2D_946 (BGRA8)
[2016.10.20-03.31.27:752][442]LogTexture:Display: Building textures: Texture2D_944 (BGRA8)
[2016.10.20-03.31.27:753][442]LogTexture:Display: Building textures: Texture2D_942 (BGRA8)
[2016.10.20-03.31.27:755][442]LogMaterial: Missing cached shader map for material M_Ground_Grass, compiling. 
[2016.10.20-03.31.27:785][442]LogTexture:Display: Building textures: Texture2D_1375 (BGRA8)
[2016.10.20-03.31.27:785][442]LogTexture:Display: Building textures: Texture2D_954 (BGRA8)
[2016.10.20-03.31.27:785][442]LogTexture:Display: Building textures: Texture2D_952 (BGRA8)
[2016.10.20-03.31.27:786][442]LogTexture:Display: Building textures: Texture2D_950 (BGRA8)
[2016.10.20-03.31.27:786][442]LogTexture:Display: Building textures: Texture2D_1383 (BGRA8)
[2016.10.20-03.31.27:787][442]LogTexture:Display: Building textures: Texture2D_962 (BGRA8)
[2016.10.20-03.31.27:787][442]LogTexture:Display: Building textures: Texture2D_960 (BGRA8)
[2016.10.20-03.31.27:787][442]LogTexture:Display: Building textures: Texture2D_958 (BGRA8)
[2016.10.20-03.31.27:788][442]LogTexture:Display: Building textures: Texture2D_1391 (BGRA8)
[2016.10.20-03.31.27:788][442]LogTexture:Display: Building textures: Texture2D_970 (BGRA8)
[2016.10.20-03.31.27:788][442]LogTexture:Display: Building textures: Texture2D_968 (BGRA8)
[2016.10.20-03.31.27:789][442]LogTexture:Display: Building textures: Texture2D_966 (BGRA8)
[2016.10.20-03.31.27:789][442]LogTexture:Display: Building textures: Texture2D_1399 (BGRA8)
[2016.10.20-03.31.27:789][442]LogTexture:Display: Building textures: Texture2D_978 (BGRA8)
[2016.10.20-03.31.27:790][442]LogTexture:Display: Building textures: Texture2D_976 (BGRA8)
[2016.10.20-03.31.27:790][442]LogTexture:Display: Building textures: Texture2D_974 (BGRA8)
[2016.10.20-03.31.27:791][442]LogTexture:Display: Building textures: Texture2D_1407 (BGRA8)
[2016.10.20-03.31.27:791][442]LogTexture:Display: Building textures: Texture2D_986 (BGRA8)
[2016.10.20-03.31.27:791][442]LogTexture:Display: Building textures: Texture2D_984 (BGRA8)
[2016.10.20-03.31.27:792][442]LogTexture:Display: Building textures: Texture2D_982 (BGRA8)
[2016.10.20-03.31.27:794][442]LogTexture:Display: Building textures: Texture2D_275 (BGRA8)
[2016.10.20-03.31.27:806][442]LogTexture:Display: Building textures: Texture2D_277 (BGRA8)
[2016.10.20-03.31.27:821][442]LogTexture:Display: Building textures: Texture2D_279 (BGRA8)
[2016.10.20-03.31.27:839][442]LogTexture:Display: Building textures: Texture2D_282 (BGRA8)
[2016.10.20-03.31.27:884][442]LogTexture:Display: Building textures: Texture2D_284 (BGRA8)
[2016.10.20-03.31.27:918][442]LogTexture:Display: Building textures: Texture2D_286 (BGRA8)
[2016.10.20-03.31.27:930][442]LogTexture:Display: Building textures: Texture2D_288 (BGRA8)
[2016.10.20-03.31.27:941][442]LogTexture:Display: Building textures: Texture2D_291 (BGRA8)
[2016.10.20-03.31.27:953][442]LogTexture:Display: Building textures: Texture2D_311 (BGRA8)
[2016.10.20-03.31.27:971][442]LogTexture:Display: Building textures: Texture2D_313 (BGRA8)
[2016.10.20-03.31.27:988][442]LogTexture:Display: Building textures: Texture2D_371 (BGRA8)
[2016.10.20-03.31.28:007][442]LogTexture:Display: Building textures: Texture2D_373 (BGRA8)
[2016.10.20-03.31.28:082][442]LogTexture:Display: Building textures: Texture2D_375 (BGRA8)
[2016.10.20-03.31.28:099][442]LogTexture:Display: Building textures: Texture2D_377 (BGRA8)
[2016.10.20-03.31.28:117][442]LogTexture:Display: Building textures: Texture2D_379 (BGRA8)
[2016.10.20-03.31.28:130][442]LogTexture:Display: Building textures: Texture2D_381 (BGRA8)
[2016.10.20-03.31.28:146][442]LogTexture:Display: Building textures: Texture2D_399 (BGRA8)
[2016.10.20-03.31.28:163][442]LogTexture:Display: Building textures: Texture2D_401 (BGRA8)
[2016.10.20-03.31.28:181][442]LogTexture:Display: Building textures: Texture2D_403 (BGRA8)
[2016.10.20-03.31.28:216][442]LogTexture:Display: Building textures: Texture2D_405 (BGRA8)
[2016.10.20-03.31.28:235][442]LogTexture:Display: Building textures: Texture2D_407 (BGRA8)
[2016.10.20-03.31.28:253][442]LogTexture:Display: Building textures: Texture2D_409 (BGRA8)
[2016.10.20-03.31.28:272][442]LogTexture:Display: Building textures: Texture2D_411 (BGRA8)
[2016.10.20-03.31.28:288][442]LogTexture:Display: Building textures: Texture2D_413 (BGRA8)
[2016.10.20-03.31.28:305][442]LogTexture:Display: Building textures: Texture2D_431 (BGRA8)
[2016.10.20-03.31.28:352][442]LogTexture:Display: Building textures: Texture2D_433 (BGRA8)
[2016.10.20-03.31.28:371][442]LogTexture:Display: Building textures: Texture2D_435 (BGRA8)
[2016.10.20-03.31.28:389][442]LogTexture:Display: Building textures: Texture2D_437 (BGRA8)
[2016.10.20-03.31.28:407][442]LogTexture:Display: Building textures: Texture2D_439 (BGRA8)
[2016.10.20-03.31.28:425][442]LogTexture:Display: Building textures: Texture2D_441 (BGRA8)
[2016.10.20-03.31.28:443][442]LogTexture:Display: Building textures: Texture2D_443 (BGRA8)
[2016.10.20-03.31.28:459][442]LogTexture:Display: Building textures: Texture2D_445 (BGRA8)
[2016.10.20-03.31.28:493][442]LogTexture:Display: Building textures: Texture2D_463 (BGRA8)
[2016.10.20-03.31.28:510][442]LogTexture:Display: Building textures: Texture2D_465 (BGRA8)
[2016.10.20-03.31.28:529][442]LogTexture:Display: Building textures: Texture2D_467 (BGRA8)
[2016.10.20-03.31.28:546][442]LogTexture:Display: Building textures: Texture2D_469 (BGRA8)
[2016.10.20-03.31.28:563][442]LogTexture:Display: Building textures: Texture2D_471 (BGRA8)
[2016.10.20-03.31.28:583][442]LogTexture:Display: Building textures: Texture2D_473 (BGRA8)
[2016.10.20-03.31.28:608][442]LogTexture:Display: Building textures: Texture2D_475 (BGRA8)
[2016.10.20-03.31.28:627][442]LogTexture:Display: Building textures: Texture2D_477 (BGRA8)
[2016.10.20-03.31.28:643][442]LogTexture:Display: Building textures: Texture2D_495 (BGRA8)
[2016.10.20-03.31.28:662][442]LogTexture:Display: Building textures: Texture2D_497 (BGRA8)
[2016.10.20-03.31.28:680][442]LogTexture:Display: Building textures: Texture2D_499 (BGRA8)
[2016.10.20-03.31.28:698][442]LogTexture:Display: Building textures: Texture2D_501 (BGRA8)
[2016.10.20-03.31.28:718][442]LogTexture:Display: Building textures: Texture2D_503 (BGRA8)
[2016.10.20-03.31.28:750][442]LogTexture:Display: Building textures: Texture2D_505 (BGRA8)
[2016.10.20-03.31.28:768][442]LogTexture:Display: Building textures: Texture2D_507 (BGRA8)
[2016.10.20-03.31.28:785][442]LogTexture:Display: Building textures: Texture2D_509 (BGRA8)
[2016.10.20-03.31.28:798][442]LogTexture:Display: Building textures: Texture2D_527 (BGRA8)
[2016.10.20-03.31.28:816][442]LogTexture:Display: Building textures: Texture2D_529 (BGRA8)
[2016.10.20-03.31.28:851][442]LogTexture:Display: Building textures: Texture2D_531 (BGRA8)
[2016.10.20-03.31.28:877][442]LogTexture:Display: Building textures: Texture2D_589 (BGRA8)
[2016.10.20-03.31.28:895][442]LogTexture:Display: Building textures: Texture2D_591 (BGRA8)
[2016.10.20-03.31.28:913][442]LogTexture:Display: Building textures: Texture2D_593 (BGRA8)
[2016.10.20-03.31.28:931][442]LogTexture:Display: Building textures: Texture2D_595 (BGRA8)
[2016.10.20-03.31.28:944][442]LogTexture:Display: Building textures: Texture2D_600 (BGRA8)
[2016.10.20-03.31.28:957][442]LogTexture:Display: Building textures: Texture2D_627 (BGRA8)
[2016.10.20-03.31.28:969][442]LogTexture:Display: Building textures: Texture2D_632 (BGRA8)
[2016.10.20-03.31.28:986][442]LogTexture:Display: Building textures: Texture2D_634 (BGRA8)
[2016.10.20-03.31.29:013][442]LogTexture:Display: Building textures: Texture2D_636 (BGRA8)
[2016.10.20-03.31.29:035][442]LogTexture:Display: Building textures: Texture2D_641 (BGRA8)
[2016.10.20-03.31.29:052][442]LogTexture:Display: Building textures: Texture2D_643 (BGRA8)
[2016.10.20-03.31.29:066][442]LogTexture:Display: Building textures: Texture2D_648 (BGRA8)
[2016.10.20-03.31.29:079][442]LogTexture:Display: Building textures: Texture2D_650 (BGRA8)
[2016.10.20-03.31.29:090][442]LogTexture:Display: Building textures: Texture2D_257 (BGRA8)
[2016.10.20-03.31.29:091][442]LogTexture:Display: Building textures: Texture2D_314 (BGRA8)
[2016.10.20-03.31.29:091][442]LogTexture:Display: Building textures: Texture2D_315 (BGRA8)
[2016.10.20-03.31.29:091][442]LogTexture:Display: Building textures: Texture2D_316 (BGRA8)
[2016.10.20-03.31.29:092][442]LogTexture:Display: Building textures: Texture2D_317 (BGRA8)
[2016.10.20-03.31.29:092][442]LogTexture:Display: Building textures: Texture2D_318 (BGRA8)
[2016.10.20-03.31.29:092][442]LogTexture:Display: Building textures: Texture2D_319 (BGRA8)
[2016.10.20-03.31.29:093][442]LogTexture:Display: Building textures: Texture2D_320 (BGRA8)
[2016.10.20-03.31.29:093][442]LogTexture:Display: Building textures: Texture2D_321 (BGRA8)
[2016.10.20-03.31.29:093][442]LogTexture:Display: Building textures: Texture2D_533 (BGRA8)
[2016.10.20-03.31.29:094][442]LogTexture:Display: Building textures: Texture2D_534 (BGRA8)
[2016.10.20-03.31.29:094][442]LogTexture:Display: Building textures: Texture2D_535 (BGRA8)
[2016.10.20-03.31.29:095][442]LogTexture:Display: Building textures: Texture2D_536 (BGRA8)
[2016.10.20-03.31.29:095][442]LogTexture:Display: Building textures: Texture2D_537 (BGRA8)
[2016.10.20-03.31.29:095][442]LogTexture:Display: Building textures: Texture2D_538 (BGRA8)
[2016.10.20-03.31.29:096][442]LogTexture:Display: Building textures: Texture2D_539 (BGRA8)
[2016.10.20-03.31.29:096][442]LogTexture:Display: Building textures: Texture2D_540 (BGRA8)
[2016.10.20-03.31.29:096][442]LogTexture:Display: Building textures: Texture2D_597 (BGRA8)
[2016.10.20-03.31.29:097][442]LogTexture:Display: Building textures: Texture2D_598 (BGRA8)
[2016.10.20-03.31.29:097][442]LogTexture:Display: Building textures: Texture2D_599 (BGRA8)
[2016.10.20-03.31.29:097][442]LogTexture:Display: Building textures: Texture2D_265 (BGRA8)
[2016.10.20-03.31.29:098][442]LogTexture:Display: Building textures: Texture2D_322 (BGRA8)
[2016.10.20-03.31.29:098][442]LogTexture:Display: Building textures: Texture2D_323 (BGRA8)
[2016.10.20-03.31.29:098][442]LogTexture:Display: Building textures: Texture2D_324 (BGRA8)
[2016.10.20-03.31.29:099][442]LogTexture:Display: Building textures: Texture2D_325 (BGRA8)
[2016.10.20-03.31.29:099][442]LogTexture:Display: Building textures: Texture2D_326 (BGRA8)
[2016.10.20-03.31.29:100][442]LogTexture:Display: Building textures: Texture2D_327 (BGRA8)
[2016.10.20-03.31.29:100][442]LogTexture:Display: Building textures: Texture2D_328 (BGRA8)
[2016.10.20-03.31.29:101][442]LogTexture:Display: Building textures: Texture2D_329 (BGRA8)
[2016.10.20-03.31.29:101][442]LogTexture:Display: Building textures: Texture2D_541 (BGRA8)
[2016.10.20-03.31.29:102][442]LogTexture:Display: Building textures: Texture2D_542 (BGRA8)
[2016.10.20-03.31.29:103][442]LogTexture:Display: Building textures: Texture2D_543 (BGRA8)
[2016.10.20-03.31.29:103][442]LogTexture:Display: Building textures: Texture2D_544 (BGRA8)
[2016.10.20-03.31.29:104][442]LogTexture:Display: Building textures: Texture2D_545 (BGRA8)
[2016.10.20-03.31.29:104][442]LogTexture:Display: Building textures: Texture2D_546 (BGRA8)
[2016.10.20-03.31.29:104][442]LogTexture:Display: Building textures: Texture2D_547 (BGRA8)
[2016.10.20-03.31.29:105][442]LogTexture:Display: Building textures: Texture2D_548 (BGRA8)
[2016.10.20-03.31.29:105][442]LogTexture:Display: Building textures: Texture2D_605 (BGRA8)
[2016.10.20-03.31.29:106][442]LogTexture:Display: Building textures: Texture2D_606 (BGRA8)
[2016.10.20-03.31.29:106][442]LogTexture:Display: Building textures: Texture2D_607 (BGRA8)
[2016.10.20-03.31.29:106][442]LogTexture:Display: Building textures: Texture2D_273 (BGRA8)
[2016.10.20-03.31.29:107][442]LogTexture:Display: Building textures: Texture2D_330 (BGRA8)
[2016.10.20-03.31.29:107][442]LogTexture:Display: Building textures: Texture2D_331 (BGRA8)
[2016.10.20-03.31.29:107][442]LogTexture:Display: Building textures: Texture2D_332 (BGRA8)
[2016.10.20-03.31.29:108][442]LogTexture:Display: Building textures: Texture2D_333 (BGRA8)
[2016.10.20-03.31.29:108][442]LogTexture:Display: Building textures: Texture2D_334 (BGRA8)
[2016.10.20-03.31.29:109][442]LogTexture:Display: Building textures: Texture2D_335 (BGRA8)
[2016.10.20-03.31.29:109][442]LogTexture:Display: Building textures: Texture2D_336 (BGRA8)
[2016.10.20-03.31.29:110][442]LogTexture:Display: Building textures: Texture2D_337 (BGRA8)
[2016.10.20-03.31.29:110][442]LogTexture:Display: Building textures: Texture2D_549 (BGRA8)
[2016.10.20-03.31.29:110][442]LogTexture:Display: Building textures: Texture2D_550 (BGRA8)
[2016.10.20-03.31.29:111][442]LogTexture:Display: Building textures: Texture2D_551 (BGRA8)
[2016.10.20-03.31.29:111][442]LogTexture:Display: Building textures: Texture2D_552 (BGRA8)
[2016.10.20-03.31.29:112][442]LogTexture:Display: Building textures: Texture2D_553 (BGRA8)
[2016.10.20-03.31.29:112][442]LogTexture:Display: Building textures: Texture2D_554 (BGRA8)
[2016.10.20-03.31.29:113][442]LogTexture:Display: Building textures: Texture2D_555 (BGRA8)
[2016.10.20-03.31.29:113][442]LogTexture:Display: Building textures: Texture2D_556 (BGRA8)
[2016.10.20-03.31.29:113][442]LogTexture:Display: Building textures: Texture2D_613 (BGRA8)
[2016.10.20-03.31.29:114][442]LogTexture:Display: Building textures: Texture2D_614 (BGRA8)
[2016.10.20-03.31.29:114][442]LogTexture:Display: Building textures: Texture2D_615 (BGRA8)
[2016.10.20-03.31.29:115][442]LogTexture:Display: Building textures: Texture2D_281 (BGRA8)
[2016.10.20-03.31.29:115][442]LogTexture:Display: Building textures: Texture2D_338 (BGRA8)
[2016.10.20-03.31.29:115][442]LogTexture:Display: Building textures: Texture2D_339 (BGRA8)
[2016.10.20-03.31.29:116][442]LogTexture:Display: Building textures: Texture2D_340 (BGRA8)
[2016.10.20-03.31.29:116][442]LogTexture:Display: Building textures: Texture2D_341 (BGRA8)
[2016.10.20-03.31.29:117][442]LogTexture:Display: Building textures: Texture2D_342 (BGRA8)
[2016.10.20-03.31.29:117][442]LogTexture:Display: Building textures: Texture2D_343 (BGRA8)
[2016.10.20-03.31.29:118][442]LogTexture:Display: Building textures: Texture2D_344 (BGRA8)
[2016.10.20-03.31.29:119][442]LogTexture:Display: Building textures: Texture2D_345 (BGRA8)
[2016.10.20-03.31.29:119][442]LogTexture:Display: Building textures: Texture2D_557 (BGRA8)
[2016.10.20-03.31.29:120][442]LogTexture:Display: Building textures: Texture2D_558 (BGRA8)
[2016.10.20-03.31.29:120][442]LogTexture:Display: Building textures: Texture2D_559 (BGRA8)
[2016.10.20-03.31.29:121][442]LogTexture:Display: Building textures: Texture2D_560 (BGRA8)
[2016.10.20-03.31.29:121][442]LogTexture:Display: Building textures: Texture2D_561 (BGRA8)
[2016.10.20-03.31.29:122][442]LogTexture:Display: Building textures: Texture2D_562 (BGRA8)
[2016.10.20-03.31.29:122][442]LogTexture:Display: Building textures: Texture2D_563 (BGRA8)
[2016.10.20-03.31.29:132][442]LogTexture:Display: Building textures: Texture2D_564 (BGRA8)
[2016.10.20-03.31.29:133][442]LogTexture:Display: Building textures: Texture2D_621 (BGRA8)
[2016.10.20-03.31.29:133][442]LogTexture:Display: Building textures: Texture2D_622 (BGRA8)
[2016.10.20-03.31.29:133][442]LogTexture:Display: Building textures: Texture2D_623 (BGRA8)
[2016.10.20-03.31.29:135][442]LogTexture:Display: Building textures: Texture2D_289 (BGRA8)
[2016.10.20-03.31.29:135][442]LogTexture:Display: Building textures: Texture2D_346 (BGRA8)
[2016.10.20-03.31.29:136][442]LogTexture:Display: Building textures: Texture2D_347 (BGRA8)
[2016.10.20-03.31.29:137][442]LogTexture:Display: Building textures: Texture2D_348 (BGRA8)
[2016.10.20-03.31.29:138][442]LogTexture:Display: Building textures: Texture2D_349 (BGRA8)
[2016.10.20-03.31.29:141][442]LogTexture:Display: Building textures: Texture2D_350 (BGRA8)
[2016.10.20-03.31.29:141][442]LogTexture:Display: Building textures: Texture2D_351 (BGRA8)
[2016.10.20-03.31.29:142][442]LogTexture:Display: Building textures: Texture2D_352 (BGRA8)
[2016.10.20-03.31.29:142][442]LogTexture:Display: Building textures: Texture2D_353 (BGRA8)
[2016.10.20-03.31.29:143][442]LogTexture:Display: Building textures: Texture2D_565 (BGRA8)
[2016.10.20-03.31.29:144][442]LogTexture:Display: Building textures: Texture2D_566 (BGRA8)
[2016.10.20-03.31.29:145][442]LogTexture:Display: Building textures: Texture2D_567 (BGRA8)
[2016.10.20-03.31.29:146][442]LogTexture:Display: Building textures: Texture2D_568 (BGRA8)
[2016.10.20-03.31.29:147][442]LogTexture:Display: Building textures: Texture2D_569 (BGRA8)
[2016.10.20-03.31.29:147][442]LogTexture:Display: Building textures: Texture2D_570 (BGRA8)
[2016.10.20-03.31.29:148][442]LogTexture:Display: Building textures: Texture2D_571 (BGRA8)
[2016.10.20-03.31.29:148][442]LogTexture:Display: Building textures: Texture2D_572 (BGRA8)
[2016.10.20-03.31.29:149][442]LogTexture:Display: Building textures: Texture2D_629 (BGRA8)
[2016.10.20-03.31.29:149][442]LogTexture:Display: Building textures: Texture2D_630 (BGRA8)
[2016.10.20-03.31.29:150][442]LogTexture:Display: Building textures: Texture2D_631 (BGRA8)
[2016.10.20-03.31.29:150][442]LogTexture:Display: Building textures: Texture2D_297 (BGRA8)
[2016.10.20-03.31.29:151][442]LogTexture:Display: Building textures: Texture2D_354 (BGRA8)
[2016.10.20-03.31.29:151][442]LogTexture:Display: Building textures: Texture2D_355 (BGRA8)
[2016.10.20-03.31.29:152][442]LogTexture:Display: Building textures: Texture2D_356 (BGRA8)
[2016.10.20-03.31.29:152][442]LogTexture:Display: Building textures: Texture2D_357 (BGRA8)
[2016.10.20-03.31.29:153][442]LogTexture:Display: Building textures: Texture2D_358 (BGRA8)
[2016.10.20-03.31.29:153][442]LogTexture:Display: Building textures: Texture2D_359 (BGRA8)
[2016.10.20-03.31.29:154][442]LogTexture:Display: Building textures: Texture2D_360 (BGRA8)
[2016.10.20-03.31.29:154][442]LogTexture:Display: Building textures: Texture2D_361 (BGRA8)
[2016.10.20-03.31.29:155][442]LogTexture:Display: Building textures: Texture2D_573 (BGRA8)
[2016.10.20-03.31.29:155][442]LogTexture:Display: Building textures: Texture2D_574 (BGRA8)
[2016.10.20-03.31.29:156][442]LogTexture:Display: Building textures: Texture2D_575 (BGRA8)
[2016.10.20-03.31.29:156][442]LogTexture:Display: Building textures: Texture2D_576 (BGRA8)
[2016.10.20-03.31.29:157][442]LogTexture:Display: Building textures: Texture2D_577 (BGRA8)
[2016.10.20-03.31.29:157][442]LogTexture:Display: Building textures: Texture2D_578 (BGRA8)
[2016.10.20-03.31.29:157][442]LogTexture:Display: Building textures: Texture2D_579 (BGRA8)
[2016.10.20-03.31.29:158][442]LogTexture:Display: Building textures: Texture2D_580 (BGRA8)
[2016.10.20-03.31.29:158][442]LogTexture:Display: Building textures: Texture2D_637 (BGRA8)
[2016.10.20-03.31.29:159][442]LogTexture:Display: Building textures: Texture2D_638 (BGRA8)
[2016.10.20-03.31.29:159][442]LogTexture:Display: Building textures: Texture2D_639 (BGRA8)
[2016.10.20-03.31.29:159][442]LogTexture:Display: Building textures: Texture2D_305 (BGRA8)
[2016.10.20-03.31.29:160][442]LogTexture:Display: Building textures: Texture2D_362 (BGRA8)
[2016.10.20-03.31.29:160][442]LogTexture:Display: Building textures: Texture2D_363 (BGRA8)
[2016.10.20-03.31.29:161][442]LogTexture:Display: Building textures: Texture2D_364 (BGRA8)
[2016.10.20-03.31.29:161][442]LogTexture:Display: Building textures: Texture2D_365 (BGRA8)
[2016.10.20-03.31.29:162][442]LogTexture:Display: Building textures: Texture2D_366 (BGRA8)
[2016.10.20-03.31.29:162][442]LogTexture:Display: Building textures: Texture2D_367 (BGRA8)
[2016.10.20-03.31.29:163][442]LogTexture:Display: Building textures: Texture2D_368 (BGRA8)
[2016.10.20-03.31.29:163][442]LogTexture:Display: Building textures: Texture2D_369 (BGRA8)
[2016.10.20-03.31.29:164][442]LogTexture:Display: Building textures: Texture2D_581 (BGRA8)
[2016.10.20-03.31.29:164][442]LogTexture:Display: Building textures: Texture2D_582 (BGRA8)
[2016.10.20-03.31.29:165][442]LogTexture:Display: Building textures: Texture2D_583 (BGRA8)
[2016.10.20-03.31.29:165][442]LogTexture:Display: Building textures: Texture2D_584 (BGRA8)
[2016.10.20-03.31.29:166][442]LogTexture:Display: Building textures: Texture2D_585 (BGRA8)
[2016.10.20-03.31.29:166][442]LogTexture:Display: Building textures: Texture2D_586 (BGRA8)
[2016.10.20-03.31.29:167][442]LogTexture:Display: Building textures: Texture2D_587 (BGRA8)
[2016.10.20-03.31.29:167][442]LogTexture:Display: Building textures: Texture2D_588 (BGRA8)
[2016.10.20-03.31.29:168][442]LogTexture:Display: Building textures: Texture2D_645 (BGRA8)
[2016.10.20-03.31.29:169][442]LogTexture:Display: Building textures: Texture2D_646 (BGRA8)
[2016.10.20-03.31.29:169][442]LogTexture:Display: Building textures: Texture2D_647 (BGRA8)
[2016.10.20-03.31.29:169][442]LogTexture:Display: Building textures: Texture2D_1422 (BGRA8)
[2016.10.20-03.31.29:177][442]LogTexture:Display: Building textures: Texture2D_118 (BGRA8)
[2016.10.20-03.31.29:190][442]LogTexture:Display: Building textures: Texture2D_36 (BGRA8)
[2016.10.20-03.31.29:191][442]LogTexture:Display: Building textures: Texture2D_33 (BGRA8)
[2016.10.20-03.31.29:192][442]LogTexture:Display: Building textures: Texture2D_40 (BGRA8)
[2016.10.20-03.31.29:193][442]LogTexture:Display: Building textures: Texture2D_44 (BGRA8)
[2016.10.20-03.31.29:194][442]LogTexture:Display: Building textures: Texture2D_46 (BGRA8)
[2016.10.20-03.31.29:194][442]LogTexture:Display: Building textures: Texture2D_48 (BGRA8)
[2016.10.20-03.31.29:195][442]LogTexture:Display: Building textures: Texture2D_50 (BGRA8)
[2016.10.20-03.31.29:196][442]LogTexture:Display: Building textures: Texture2D_52 (BGRA8)
[2016.10.20-03.31.29:196][442]LogTexture:Display: Building textures: Texture2D_826 (BGRA8)
[2016.10.20-03.31.29:197][442]LogTexture:Display: Building textures: Texture2D_824 (BGRA8)
[2016.10.20-03.31.29:197][442]LogTexture:Display: Building textures: Texture2D_822 (BGRA8)
[2016.10.20-03.31.29:197][442]LogTexture:Display: Building textures: Texture2D_1430 (BGRA8)
[2016.10.20-03.31.29:198][442]LogTexture:Display: Building textures: Texture2D_26 (BGRA8)
[2016.10.20-03.31.29:198][442]LogTexture:Display: Building textures: Texture2D_27 (BGRA8)
[2016.10.20-03.31.29:199][442]LogTexture:Display: Building textures: Texture2D_28 (BGRA8)
[2016.10.20-03.31.29:199][442]LogTexture:Display: Building textures: Texture2D_29 (BGRA8)
[2016.10.20-03.31.29:200][442]LogTexture:Display: Building textures: Texture2D_30 (BGRA8)
[2016.10.20-03.31.29:200][442]LogTexture:Display: Building textures: Texture2D_31 (BGRA8)
[2016.10.20-03.31.29:201][442]LogTexture:Display: Building textures: Texture2D_32 (BGRA8)
[2016.10.20-03.31.29:201][442]LogTexture:Display: Building textures: Texture2D_834 (BGRA8)
[2016.10.20-03.31.29:202][442]LogTexture:Display: Building textures: Texture2D_832 (BGRA8)
[2016.10.20-03.31.29:203][442]LogTexture:Display: Building textures: Texture2D_830 (BGRA8)
[2016.10.20-03.31.29:204][442]LogTexture:Display: Building textures: Texture2D_1438 (BGRA8)
[2016.10.20-03.31.29:204][442]LogTexture:Display: Building textures: Texture2D_38 (BGRA8)
[2016.10.20-03.31.29:205][442]LogTexture:Display: Building textures: Texture2D_34 (BGRA8)
[2016.10.20-03.31.29:205][442]LogTexture:Display: Building textures: Texture2D_43 (BGRA8)
[2016.10.20-03.31.29:206][442]LogTexture:Display: Building textures: Texture2D_45 (BGRA8)
[2016.10.20-03.31.29:206][442]LogTexture:Display: Building textures: Texture2D_47 (BGRA8)
[2016.10.20-03.31.29:207][442]LogTexture:Display: Building textures: Texture2D_49 (BGRA8)
[2016.10.20-03.31.29:207][442]LogTexture:Display: Building textures: Texture2D_51 (BGRA8)
[2016.10.20-03.31.29:208][442]LogTexture:Display: Building textures: Texture2D_54 (BGRA8)
[2016.10.20-03.31.29:208][442]LogTexture:Display: Building textures: Texture2D_842 (BGRA8)
[2016.10.20-03.31.29:209][442]LogTexture:Display: Building textures: Texture2D_840 (BGRA8)
[2016.10.20-03.31.29:209][442]LogTexture:Display: Building textures: Texture2D_838 (BGRA8)
[2016.10.20-03.31.29:209][442]LogTexture:Display: Building textures: Texture2D_1446 (BGRA8)
[2016.10.20-03.31.29:210][442]LogTexture:Display: Building textures: Texture2D_58 (BGRA8)
[2016.10.20-03.31.29:211][442]LogTexture:Display: Building textures: Texture2D_56 (BGRA8)
[2016.10.20-03.31.29:211][442]LogTexture:Display: Building textures: Texture2D_61 (BGRA8)
[2016.10.20-03.31.29:212][442]LogTexture:Display: Building textures: Texture2D_62 (BGRA8)
[2016.10.20-03.31.29:212][442]LogTexture:Display: Building textures: Texture2D_63 (BGRA8)
[2016.10.20-03.31.29:213][442]LogTexture:Display: Building textures: Texture2D_64 (BGRA8)
[2016.10.20-03.31.29:213][442]LogTexture:Display: Building textures: Texture2D_65 (BGRA8)
[2016.10.20-03.31.29:214][442]LogTexture:Display: Building textures: Texture2D_66 (BGRA8)
[2016.10.20-03.31.29:214][442]LogTexture:Display: Building textures: Texture2D_850 (BGRA8)
[2016.10.20-03.31.29:215][442]LogTexture:Display: Building textures: Texture2D_848 (BGRA8)
[2016.10.20-03.31.29:215][442]LogTexture:Display: Building textures: Texture2D_846 (BGRA8)
[2016.10.20-03.31.29:216][442]LogTexture:Display: Building textures: Texture2D_1454 (BGRA8)
[2016.10.20-03.31.29:216][442]LogTexture:Display: Building textures: Texture2D_71 (BGRA8)
[2016.10.20-03.31.29:217][442]LogTexture:Display: Building textures: Texture2D_72 (BGRA8)
[2016.10.20-03.31.29:217][442]LogTexture:Display: Building textures: Texture2D_73 (BGRA8)
[2016.10.20-03.31.29:218][442]LogTexture:Display: Building textures: Texture2D_74 (BGRA8)
[2016.10.20-03.31.29:218][442]LogTexture:Display: Building textures: Texture2D_75 (BGRA8)
[2016.10.20-03.31.29:219][442]LogTexture:Display: Building textures: Texture2D_76 (BGRA8)
[2016.10.20-03.31.29:219][442]LogTexture:Display: Building textures: Texture2D_77 (BGRA8)
[2016.10.20-03.31.29:220][442]LogTexture:Display: Building textures: Texture2D_79 (BGRA8)
[2016.10.20-03.31.29:220][442]LogTexture:Display: Building textures: Texture2D_858 (BGRA8)
[2016.10.20-03.31.29:221][442]LogTexture:Display: Building textures: Texture2D_856 (BGRA8)
[2016.10.20-03.31.29:221][442]LogTexture:Display: Building textures: Texture2D_854 (BGRA8)
[2016.10.20-03.31.29:221][442]LogTexture:Display: Building textures: Texture2D_1462 (BGRA8)
[2016.10.20-03.31.29:222][442]LogTexture:Display: Building textures: Texture2D_87 (BGRA8)
[2016.10.20-03.31.29:222][442]LogTexture:Display: Building textures: Texture2D_88 (BGRA8)
[2016.10.20-03.31.29:223][442]LogTexture:Display: Building textures: Texture2D_89 (BGRA8)
[2016.10.20-03.31.29:224][442]LogTexture:Display: Building textures: Texture2D_90 (BGRA8)
[2016.10.20-03.31.29:224][442]LogTexture:Display: Building textures: Texture2D_91 (BGRA8)
[2016.10.20-03.31.29:225][442]LogTexture:Display: Building textures: Texture2D_92 (BGRA8)
[2016.10.20-03.31.29:225][442]LogTexture:Display: Building textures: Texture2D_93 (BGRA8)
[2016.10.20-03.31.29:226][442]LogTexture:Display: Building textures: Texture2D_94 (BGRA8)
[2016.10.20-03.31.29:226][442]LogTexture:Display: Building textures: Texture2D_866 (BGRA8)
[2016.10.20-03.31.29:227][442]LogTexture:Display: Building textures: Texture2D_864 (BGRA8)
[2016.10.20-03.31.29:227][442]LogTexture:Display: Building textures: Texture2D_862 (BGRA8)
[2016.10.20-03.31.29:228][442]LogTexture:Display: Building textures: Texture2D_1470 (BGRA8)
[2016.10.20-03.31.29:228][442]LogTexture:Display: Building textures: Texture2D_103 (BGRA8)
[2016.10.20-03.31.29:229][442]LogTexture:Display: Building textures: Texture2D_104 (BGRA8)
[2016.10.20-03.31.29:229][442]LogTexture:Display: Building textures: Texture2D_105 (BGRA8)
[2016.10.20-03.31.29:230][442]LogTexture:Display: Building textures: Texture2D_106 (BGRA8)
[2016.10.20-03.31.29:230][442]LogTexture:Display: Building textures: Texture2D_107 (BGRA8)
[2016.10.20-03.31.29:231][442]LogTexture:Display: Building textures: Texture2D_108 (BGRA8)
[2016.10.20-03.31.29:231][442]LogTexture:Display: Building textures: Texture2D_109 (BGRA8)
[2016.10.20-03.31.29:232][442]LogTexture:Display: Building textures: Texture2D_110 (BGRA8)
[2016.10.20-03.31.29:232][442]LogTexture:Display: Building textures: Texture2D_874 (BGRA8)
[2016.10.20-03.31.29:232][442]LogTexture:Display: Building textures: Texture2D_872 (BGRA8)
[2016.10.20-03.31.29:233][442]LogTexture:Display: Building textures: Texture2D_870 (BGRA8)
[2016.10.20-03.31.29:233][442]LogTexture:Display: Building textures: Texture2D_1478 (BGRA8)
[2016.10.20-03.31.29:234][442]LogTexture:Display: Building textures: Texture2D_119 (BGRA8)
[2016.10.20-03.31.29:234][442]LogTexture:Display: Building textures: Texture2D_120 (BGRA8)
[2016.10.20-03.31.29:235][442]LogTexture:Display: Building textures: Texture2D_121 (BGRA8)
[2016.10.20-03.31.29:243][442]LogTexture:Display: Building textures: Texture2D_122 (BGRA8)
[2016.10.20-03.31.29:245][442]LogTexture:Display: Building textures: Texture2D_123 (BGRA8)
[2016.10.20-03.31.29:246][442]LogTexture:Display: Building textures: Texture2D_124 (BGRA8)
[2016.10.20-03.31.29:246][442]LogTexture:Display: Building textures: Texture2D_125 (BGRA8)
[2016.10.20-03.31.29:247][442]LogTexture:Display: Building textures: Texture2D_126 (BGRA8)
[2016.10.20-03.31.29:249][442]LogTexture:Display: Building textures: Texture2D_882 (BGRA8)
[2016.10.20-03.31.29:251][442]LogTexture:Display: Building textures: Texture2D_880 (BGRA8)
[2016.10.20-03.31.29:252][442]LogTexture:Display: Building textures: Texture2D_878 (BGRA8)
[2016.10.20-03.31.29:253][442]LogTexture:Display: Building textures: Texture2D_1351 (BGRA8)
[2016.10.20-03.31.29:254][442]LogTexture:Display: Building textures: Texture2D_930 (BGRA8)
[2016.10.20-03.31.29:255][442]LogTexture:Display: Building textures: Texture2D_928 (BGRA8)
[2016.10.20-03.31.29:256][442]LogTexture:Display: Building textures: Texture2D_926 (BGRA8)
[2016.10.20-03.31.29:307][442]LogAIModule: Creating AISystem for world CodeRed_Level_v03
[2016.10.20-03.31.32:503][442]LogEditorServer: Finished looking for orphan Actors (0.000 secs)
[2016.10.20-03.31.32:614][442]Cmd: MAP CHECKDEP NOCLEARLOG
[2016.10.20-03.31.32:687][442]MapCheck: Info Map check complete: 0 Error(s), 0 Warning(s), took 73.284ms to complete.
[2016.10.20-03.31.32:687][442]LogFileHelpers: Loading map 'CodeRed_Level_v03' took 14.254
[2016.10.20-03.34.20:803][166]LogTexture:Display: Building textures: Texture2D_2 (G8)
[2016.10.20-03.34.38:918][690]Cmd: CAMERA ALIGN ACTIVEVIEWPORTONLY
[2016.10.20-03.34.46:001][277]Cmd: CAMERA ALIGN ACTIVEVIEWPORTONLY
[2016.10.20-03.42.54:640][719]Cmd: QUIT_EDITOR
[2016.10.20-03.42.54:956][719]LogWindowsTextInputMethodSystem:Display: IME system now deactivated.
[2016.10.20-03.42.55:028][719]LogExit: Preparing to exit.
[2016.10.20-03.42.56:427][719]LogDirectoryWatcher: A directory notification for 'S:/CodeRed Repo/CodeRed-Repository/Content/' was aborted.
[2016.10.20-03.42.56:605][719]LogExit: Editor shut down
[2016.10.20-03.42.56:605][719]LogExit: Transaction tracking system shut down
[2016.10.20-03.42.59:342][719]LogObj: Freed 0b from 0 cluster array pools.
[2016.10.20-03.42.59:342][719]LogExit: Object subsystem successfully closed.
[2016.10.20-03.42.59:588][719]LogD3D11RHI: Shutdown
[2016.10.20-03.42.59:588][719]LogD3D11RHI: CleanupD3DDevice
[2016.10.20-03.42.59:844][719]LogD3D11RHI: ~FD3D11DynamicRHI
[2016.10.20-03.43.00:629][719]LogModuleManager: Shutting down and abandoning module HierarchicalLODOutliner (233)
[2016.10.20-03.43.00:638][719]LogModuleManager: Shutting down and abandoning module CrashTracker (232)
[2016.10.20-03.43.00:643][719]LogModuleManager: Shutting down and abandoning module SceneOutliner (231)
[2016.10.20-03.43.00:643][719]LogModuleManager: Shutting down and abandoning module WidgetCarousel (230)
[2016.10.20-03.43.00:643][719]LogModuleManager: Shutting down and abandoning module AddContentDialog (229)
[2016.10.20-03.43.00:664][719]LogDirectoryWatcher: A directory notification for 'S:/Epic Games/4.13/FeaturePacks/' was aborted.
[2016.10.20-03.43.00:665][719]LogModuleManager: Shutting down and abandoning module GameplayTags (228)
[2016.10.20-03.43.00:665][719]LogModuleManager: Shutting down and abandoning module EditorWidgets (227)
[2016.10.20-03.43.00:665][719]LogModuleManager: Shutting down and abandoning module CollectionManager (226)
[2016.10.20-03.43.00:678][719]LogDirectoryWatcher: A directory notification for 'S:/CodeRed Repo/CodeRed-Repository/Content/Collections/' was aborted.
[2016.10.20-03.43.00:678][719]LogDirectoryWatcher: A directory notification for 'S:/CodeRed Repo/CodeRed-Repository/Content/Developers/Helena/Collections/' was aborted.
[2016.10.20-03.43.00:678][719]LogDirectoryWatcher: A directory notification for 'S:/CodeRed Repo/CodeRed-Repository/Saved/Collections/' was aborted.
[2016.10.20-03.43.00:679][719]LogModuleManager: Shutting down and abandoning module StatsViewer (225)
[2016.10.20-03.43.00:685][719]LogModuleManager: Shutting down and abandoning module FoliageEdit (224)
[2016.10.20-03.43.00:692][719]LogModuleManager: Shutting down and abandoning module LandscapeEditor (223)
[2016.10.20-03.43.00:706][719]LogModuleManager: Shutting down and abandoning module SceneDepthPickerMode (222)
[2016.10.20-03.43.00:706][719]LogModuleManager: Shutting down and abandoning module ActorPickerMode (221)
[2016.10.20-03.43.00:706][719]LogModuleManager: Shutting down and abandoning module GeometryMode (220)
[2016.10.20-03.43.00:706][719]LogModuleManager: Shutting down and abandoning module TextureAlignMode (219)
[2016.10.20-03.43.00:706][719]LogModuleManager: Shutting down and abandoning module BspMode (218)
[2016.10.20-03.43.00:714][719]LogModuleManager: Shutting down and abandoning module HardwareSurvey (217)
[2016.10.20-03.43.00:740][719]LogModuleManager: Shutting down and abandoning module SequenceRecorderSections (216)
[2016.10.20-03.43.00:741][719]LogModuleManager: Shutting down and abandoning module SequenceRecorder (215)
[2016.10.20-03.43.00:741][719]LogModuleManager: Shutting down and abandoning module AutomationWorker (214)
[2016.10.20-03.43.00:741][719]LogModuleManager: Shutting down and abandoning module MatineeToLevelSequence (213)
[2016.10.20-03.43.00:767][719]LogModuleManager: Shutting down and abandoning module PlacementMode (212)
[2016.10.20-03.43.00:775][719]LogModuleManager: Shutting down and abandoning module LevelSequenceEditor (211)
[2016.10.20-03.43.00:812][719]LogModuleManager: Shutting down and abandoning module WmfMediaFactory (210)
[2016.10.20-03.43.00:812][719]LogModuleManager: Shutting down and abandoning module WmfMediaEditor (209)
[2016.10.20-03.43.00:812][719]LogModuleManager: Shutting down and abandoning module AvfMediaFactory (208)
[2016.10.20-03.43.00:812][719]LogModuleManager: Shutting down and abandoning module AvfMediaEditor (207)
[2016.10.20-03.43.00:812][719]LogModuleManager: Shutting down and abandoning module Media (206)
[2016.10.20-03.43.00:812][719]LogModuleManager: Shutting down and abandoning module AndroidMediaFactory (205)
[2016.10.20-03.43.00:812][719]LogModuleManager: Shutting down and abandoning module AndroidMediaEditor (204)
[2016.10.20-03.43.00:812][719]LogModuleManager: Shutting down and abandoning module CharacterAI (203)
[2016.10.20-03.43.00:812][719]LogModuleManager: Shutting down and abandoning module SmartSnapping (202)
[2016.10.20-03.43.00:812][719]LogModuleManager: Shutting down and abandoning module SessionServices (201)
[2016.10.20-03.43.00:812][719]LogModuleManager: Shutting down and abandoning module ViewportSnapping (200)
[2016.10.20-03.43.00:812][719]LogModuleManager: Shutting down and abandoning module ViewportInteraction (199)
[2016.10.20-03.43.00:812][719]LogModuleManager: Shutting down and abandoning module LogVisualizer (198)
[2016.10.20-03.43.00:823][719]LogModuleManager: Shutting down and abandoning module GameProjectGeneration (197)
[2016.10.20-03.43.00:837][719]LogModuleManager: Shutting down and abandoning module IntroTutorials (196)
[2016.10.20-03.43.00:849][719]LogModuleManager: Shutting down and abandoning module EditorLiveStreaming (195)
[2016.10.20-03.43.00:849][719]LogModuleManager: Shutting down and abandoning module IOSPlatformEditor (194)
[2016.10.20-03.43.00:864][719]LogModuleManager: Shutting down and abandoning module HTML5PlatformEditor (193)
[2016.10.20-03.43.00:864][719]LogModuleManager: Shutting down and abandoning module AndroidDeviceDetection (192)
[2016.10.20-03.43.01:249][719]LogModuleManager: Shutting down and abandoning module AndroidPlatformEditor (191)
[2016.10.20-03.43.01:260][719]LogModuleManager: Shutting down and abandoning module IOSRuntimeSettings (190)
[2016.10.20-03.43.01:260][719]LogModuleManager: Shutting down and abandoning module AndroidRuntimeSettings (189)
[2016.10.20-03.43.01:260][719]LogModuleManager: Shutting down and abandoning module NiagaraEditor (188)
[2016.10.20-03.43.01:287][719]LogModuleManager: Shutting down and abandoning module MergeActors (187)
[2016.10.20-03.43.01:296][719]LogModuleManager: Shutting down and abandoning module SizeMap (186)
[2016.10.20-03.43.01:306][719]LogModuleManager: Shutting down and abandoning module TreeMap (185)
[2016.10.20-03.43.01:311][719]LogModuleManager: Shutting down and abandoning module ReferenceViewer (184)
[2016.10.20-03.43.01:311][719]LogModuleManager: Shutting down and abandoning module LocalizationService (183)
[2016.10.20-03.43.01:316][719]LogModuleManager: Shutting down and abandoning module LocalizationDashboard (182)
[2016.10.20-03.43.01:327][719]LogModuleManager: Shutting down and abandoning module HardwareTargeting (181)
[2016.10.20-03.43.01:335][719]LogModuleManager: Shutting down and abandoning module DeviceProfileEditor (180)
[2016.10.20-03.43.01:366][719]LogModuleManager: Shutting down and abandoning module UndoHistory (179)
[2016.10.20-03.43.01:376][719]LogModuleManager: Shutting down and abandoning module UserFeedback (178)
[2016.10.20-03.43.01:376][719]LogModuleManager: Shutting down and abandoning module XmlParser (177)
[2016.10.20-03.43.01:382][719]LogModuleManager: Shutting down and abandoning module Blutility (176)
[2016.10.20-03.43.01:389][719]LogModuleManager: Shutting down and abandoning module ProjectTargetPlatformEditor (175)
[2016.10.20-03.43.01:405][719]LogModuleManager: Shutting down and abandoning module ProjectSettingsViewer (174)
[2016.10.20-03.43.01:405][719]LogModuleManager: Shutting down and abandoning module InputBindingEditor (173)
[2016.10.20-03.43.01:425][719]LogModuleManager: Shutting down and abandoning module EditorSettingsViewer (172)
[2016.10.20-03.43.01:425][719]LogModuleManager: Shutting down and abandoning module SettingsEditor (171)
[2016.10.20-03.43.01:446][719]LogModuleManager: Shutting down and abandoning module ProjectLauncher (170)
[2016.10.20-03.43.01:453][719]LogModuleManager: Shutting down and abandoning module SessionFrontend (169)
[2016.10.20-03.43.01:465][719]LogModuleManager: Shutting down and abandoning module ProfilerClient (168)
[2016.10.20-03.43.01:477][719]LogModuleManager: Shutting down and abandoning module TargetDeviceServices (167)
[2016.10.20-03.43.01:477][719]LogModuleManager: Shutting down and abandoning module DeviceManager (166)
[2016.10.20-03.43.01:539][719]LogModuleManager: Shutting down and abandoning module AutomationController (165)
[2016.10.20-03.43.01:545][719]LogModuleManager: Shutting down and abandoning module AutomationWindow (164)
[2016.10.20-03.43.01:555][719]LogModuleManager: Shutting down and abandoning module Layers (163)
[2016.10.20-03.43.01:590][719]LogModuleManager: Shutting down and abandoning module ComponentVisualizers (162)
[2016.10.20-03.43.01:590][719]LogModuleManager: Shutting down and abandoning module DetailCustomizations (161)
[2016.10.20-03.43.01:596][719]LogModuleManager: Shutting down and abandoning module PackagesDialog (160)
[2016.10.20-03.43.01:621][719]LogModuleManager: Shutting down and abandoning module AnimGraph (159)
[2016.10.20-03.43.01:630][719]LogModuleManager: Shutting down and abandoning module Persona (158)
[2016.10.20-03.43.01:694][719]LogModuleManager: Shutting down and abandoning module Kismet (157)
[2016.10.20-03.43.01:717][719]LogModuleManager: Shutting down and abandoning module GraphEditor (156)
[2016.10.20-03.43.01:754][719]LogModuleManager: Shutting down and abandoning module ClassViewer (155)
[2016.10.20-03.43.01:761][719]LogModuleManager: Shutting down and abandoning module Toolbox (154)
[2016.10.20-03.43.01:774][719]LogModuleManager: Shutting down and abandoning module ModuleUI (153)
[2016.10.20-03.43.01:787][719]LogModuleManager: Shutting down and abandoning module MovieSceneTools (152)
[2016.10.20-03.43.01:812][719]LogModuleManager: Shutting down and abandoning module OutputLog (151)
[2016.10.20-03.43.01:823][719]LogModuleManager: Shutting down and abandoning module GammaUI (150)
[2016.10.20-03.43.01:837][719]LogModuleManager: Shutting down and abandoning module Documentation (149)
[2016.10.20-03.43.01:837][719]LogModuleManager: Shutting down and abandoning module Niagara (148)
[2016.10.20-03.43.01:842][719]LogModuleManager: Shutting down and abandoning module StreamingPauseRendering (147)
[2016.10.20-03.43.01:842][719]LogModuleManager: Shutting down and abandoning module AnalyticsET (146)
[2016.10.20-03.43.01:842][719]LogModuleManager: Shutting down and abandoning module PortalServices (145)
[2016.10.20-03.43.01:842][719]LogModuleManager: Shutting down and abandoning module PortalRpc (144)
[2016.10.20-03.43.01:842][719]LogModuleManager: Shutting down and abandoning module MessagingRpc (143)
[2016.10.20-03.43.01:842][719]LogModuleManager: Shutting down and abandoning module GameplayDebugger (142)
[2016.10.20-03.43.01:866][719]LogModuleManager: Shutting down and abandoning module AITestSuite (141)
[2016.10.20-03.43.01:873][719]LogModuleManager: Shutting down and abandoning module AIModule (140)
[2016.10.20-03.43.01:873][719]LogModuleManager: Shutting down and abandoning module ProfilerService (139)
[2016.10.20-03.43.01:926][719]LogModuleManager: Shutting down and abandoning module TaskGraph (138)
[2016.10.20-03.43.01:938][719]LogModuleManager: Shutting down and abandoning module SlateRemote (137)
[2016.10.20-03.43.01:938][719]LogModuleManager: Shutting down and abandoning module SteamVRController (136)
[2016.10.20-03.43.01:938][719]LogModuleManager: Shutting down and abandoning module SteamVR (135)
[2016.10.20-03.43.01:952][719]LogModuleManager: Shutting down and abandoning module ProceduralMeshComponentEditor (134)
[2016.10.20-03.43.01:955][719]LogModuleManager: Shutting down and abandoning module ProceduralMeshComponent (133)
[2016.10.20-03.43.01:955][719]LogModuleManager: Shutting down and abandoning module OculusLibrary (132)
[2016.10.20-03.43.01:955][719]LogModuleManager: Shutting down and abandoning module OculusInput (131)
[2016.10.20-03.43.01:955][719]LogModuleManager: Shutting down and abandoning module CustomMeshComponent (130)
[2016.10.20-03.43.01:955][719]LogModuleManager: Shutting down and abandoning module CableComponent (129)
[2016.10.20-03.43.01:955][719]LogModuleManager: Shutting down and abandoning module ArchVisCharacter (128)
[2016.10.20-03.43.01:955][719]LogModuleManager: Shutting down and abandoning module MediaPlayerEditor (126)
[2016.10.20-03.43.01:976][719]LogModuleManager: Shutting down and abandoning module HTML5Networking (125)
[2016.10.20-03.43.01:976][719]LogModuleManager: Shutting down and abandoning module GeometryCacheEd (124)
[2016.10.20-03.43.01:976][719]LogModuleManager: Shutting down and abandoning module GeometryCache (123)
[2016.10.20-03.43.01:976][719]LogModuleManager: Shutting down and abandoning module AlembicLibrary (122)
[2016.10.20-03.43.01:977][719]LogModuleManager: Shutting down and abandoning module AlembicImporter (121)
[2016.10.20-03.43.01:984][719]LogModuleManager: Shutting down and abandoning module SuperSearch (120)
[2016.10.20-03.43.01:984][719]LogModuleManager: Shutting down and abandoning module SuperSearchEditor (119)
[2016.10.20-03.43.01:984][719]LogModuleManager: Shutting down and abandoning module SpeedTreeImporter (118)
[2016.10.20-03.43.01:984][719]LogModuleManager: Shutting down and abandoning module PluginBrowser (117)
[2016.10.20-03.43.01:995][719]LogModuleManager: Shutting down and abandoning module MobileLauncherProfileWizard (116)
[2016.10.20-03.43.02:019][719]LogModuleManager: Shutting down and abandoning module EpicSurvey (115)
[2016.10.20-03.43.02:029][719]LogModuleManager: Shutting down and abandoning module DesktopPlatform (114)
[2016.10.20-03.43.02:039][719]LogModuleManager: Shutting down and abandoning module VisualStudioSourceCodeAccess (113)
[2016.10.20-03.43.02:048][719]LogModuleManager: Shutting down and abandoning module UObjectPlugin (112)
[2016.10.20-03.43.02:048][719]LogModuleManager: Shutting down and abandoning module SubversionSourceControl (111)
[2016.10.20-03.43.02:051][719]LogModuleManager: Shutting down and abandoning module PerforceSourceControl (110)
[2016.10.20-03.43.02:062][719]LogModuleManager: Shutting down and abandoning module SourceControl (109)
[2016.10.20-03.43.02:068][719]LogModuleManager: Shutting down and abandoning module GitSourceControl (108)
[2016.10.20-03.43.02:079][719]LogModuleManager: Shutting down and abandoning module LightPropagationVolumeEditor (107)
[2016.10.20-03.43.02:079][719]LogModuleManager: Shutting down and abandoning module PaperTiledImporter (106)
[2016.10.20-03.43.02:083][719]LogModuleManager: Shutting down and abandoning module PaperSpriteSheetImporter (105)
[2016.10.20-03.43.02:083][719]LogModuleManager: Shutting down and abandoning module MeshPaint (104)
[2016.10.20-03.43.02:083][719]LogModuleManager: Shutting down and abandoning module FbxAutomationBuilderModule (103)
[2016.10.20-03.43.02:083][719]LogModuleManager: Shutting down and abandoning module PixelInspectorModule (102)
[2016.10.20-03.43.02:102][719]LogModuleManager: Shutting down and abandoning module HotReload (101)
[2016.10.20-03.43.02:127][719]LogModuleManager: Shutting down and abandoning module MainFrame (100)
[2016.10.20-03.43.02:127][719]LogModuleManager: Shutting down and abandoning module LevelEditor (99)
[2016.10.20-03.43.02:128][719]LogModuleManager: Shutting down and abandoning module ContentBrowser (98)
[2016.10.20-03.43.02:129][719]LogModuleManager: Shutting down and abandoning module Paper2DEditor (97)
[2016.10.20-03.43.02:149][719]LogModuleManager: Shutting down and abandoning module UdpMessaging (96)
[2016.10.20-03.43.02:249][719]LogModuleManager: Shutting down and abandoning module TcpMessaging (95)
[2016.10.20-03.43.02:361][719]LogModuleManager: Shutting down and abandoning module LightPropagationVolumeRuntime (94)
[2016.10.20-03.43.02:361][719]LogModuleManager: Shutting down and abandoning module Paper2D (93)
[2016.10.20-03.43.02:364][719]LogModuleManager: Shutting down and abandoning module WindowsMoviePlayer (92)
[2016.10.20-03.43.02:368][719]LogModuleManager: Shutting down and abandoning module WmfMedia (91)
[2016.10.20-03.43.02:377][719]LogModuleManager: Shutting down and abandoning module MediaAssets (90)
[2016.10.20-03.43.02:377][719]LogModuleManager: Shutting down and abandoning module GameLiveStreaming (89)
[2016.10.20-03.43.02:389][719]LogModuleManager: Shutting down and abandoning module GameplayTagsEditor (88)
[2016.10.20-03.43.02:399][719]LogModuleManager: Shutting down and abandoning module VREditor (87)
[2016.10.20-03.43.02:399][719]LogModuleManager: Shutting down and abandoning module GameplayTasksEditor (86)
[2016.10.20-03.43.02:399][719]LogModuleManager: Shutting down and abandoning module PropertyEditor (85)
[2016.10.20-03.43.02:399][719]LogModuleManager: Shutting down and abandoning module BehaviorTreeEditor (84)
[2016.10.20-03.43.02:416][719]LogModuleManager: Shutting down and abandoning module FunctionalTesting (83)
[2016.10.20-03.43.02:416][719]LogModuleManager: Shutting down and abandoning module CollisionAnalyzer (82)
[2016.10.20-03.43.02:426][719]LogModuleManager: Shutting down and abandoning module Sequencer (81)
[2016.10.20-03.43.02:454][719]LogModuleManager: Shutting down and abandoning module WorkspaceMenuStructure (80)
[2016.10.20-03.43.02:454][719]LogModuleManager: Shutting down and abandoning module MessageLog (79)
[2016.10.20-03.43.02:454][719]LogModuleManager: Shutting down and abandoning module AssetTools (78)
[2016.10.20-03.43.02:467][719]LogModuleManager: Shutting down and abandoning module UMGEditor (77)
[2016.10.20-03.43.02:491][719]LogModuleManager: Shutting down and abandoning module UMG (76)
[2016.10.20-03.43.02:508][719]LogModuleManager: Shutting down and abandoning module SlateReflector (75)
[2016.10.20-03.43.02:546][719]LogModuleManager: Shutting down and abandoning module Slate (74)
[2016.10.20-03.43.02:546][719]LogModuleManager: Shutting down and abandoning module EditorStyle (73)
[2016.10.20-03.43.02:572][719]LogModuleManager: Shutting down and abandoning module SourceCodeAccess (72)
[2016.10.20-03.43.02:572][719]LogModuleManager: Shutting down and abandoning module HeadMountedDisplay (71)
[2016.10.20-03.43.02:572][719]LogModuleManager: Shutting down and abandoning module XAudio2 (70)
[2016.10.20-03.43.02:572][719]LogModuleManager: Shutting down and abandoning module Networking (68)
[2016.10.20-03.43.02:572][719]LogModuleManager: Shutting down and abandoning module Core (67)
[2016.10.20-03.43.02:572][719]LogModuleManager: Shutting down and abandoning module DirectoryWatcher (66)
[2016.10.20-03.43.02:572][719]LogDirectoryWatcher: A directory notification for '../../../Engine/Content/' was aborted.
[2016.10.20-03.43.02:572][719]LogDirectoryWatcher: A directory notification for '../../../../../CodeRed Repo/CodeRed-Repository/Content/' was aborted.
[2016.10.20-03.43.02:572][719]LogDirectoryWatcher: A directory notification for '../../../Engine/Plugins/2D/Paper2D/Content/' was aborted.
[2016.10.20-03.43.02:572][719]LogModuleManager: Shutting down and abandoning module AssetRegistry (65)
[2016.10.20-03.43.02:833][719]LogModuleManager: Shutting down and abandoning module KismetCompiler (64)
[2016.10.20-03.43.02:833][719]LogModuleManager: Shutting down and abandoning module PhysXFormats (63)
[2016.10.20-03.43.02:833][719]LogModuleManager: Shutting down and abandoning module MeshUtilities (62)
[2016.10.20-03.43.02:845][719]LogModuleManager: Shutting down and abandoning module DerivedDataCache (61)
[2016.10.20-03.43.02:892][719]LogDerivedDataCache: Shutdown
[2016.10.20-03.43.02:892][719]LogModuleManager: Shutting down and abandoning module VulkanShaderFormat (60)
[2016.10.20-03.43.02:896][719]LogModuleManager: Shutting down and abandoning module ShaderFormatOpenGL (59)
[2016.10.20-03.43.02:899][719]LogModuleManager: Shutting down and abandoning module ShaderFormatD3D (58)
[2016.10.20-03.43.02:903][719]LogModuleManager: Shutting down and abandoning module MetalShaderFormat (57)
[2016.10.20-03.43.02:914][719]LogModuleManager: Shutting down and abandoning module TextureFormatUncompressed (56)
[2016.10.20-03.43.02:914][719]LogModuleManager: Shutting down and abandoning module TextureFormatPVR (55)
[2016.10.20-03.43.02:925][719]LogModuleManager: Shutting down and abandoning module TextureFormatDXT (54)
[2016.10.20-03.43.02:925][719]LogModuleManager: Shutting down and abandoning module TextureFormatIntelISPCTexComp (53)
[2016.10.20-03.43.02:932][719]LogModuleManager: Shutting down and abandoning module ImageWrapper (52)
[2016.10.20-03.43.02:932][719]LogModuleManager: Shutting down and abandoning module TextureFormatASTC (51)
[2016.10.20-03.43.02:932][719]LogModuleManager: Shutting down and abandoning module TextureFormatAndroid (50)
[2016.10.20-03.43.02:932][719]LogModuleManager: Shutting down and abandoning module AudioFormatOpus (49)
[2016.10.20-03.43.02:938][719]LogModuleManager: Shutting down and abandoning module AudioFormatOgg (48)
[2016.10.20-03.43.02:950][719]LogModuleManager: Shutting down and abandoning module AudioFormatADPCM (47)
[2016.10.20-03.43.02:963][719]LogModuleManager: Shutting down and abandoning module LinuxTargetPlatform (46)
[2016.10.20-03.43.02:963][719]LogModuleManager: Shutting down and abandoning module LinuxServerTargetPlatform (45)
[2016.10.20-03.43.02:978][719]LogModuleManager: Shutting down and abandoning module LinuxNoEditorTargetPlatform (44)
[2016.10.20-03.43.02:986][719]LogModuleManager: Shutting down and abandoning module LinuxClientTargetPlatform (43)
[2016.10.20-03.43.02:997][719]LogModuleManager: Shutting down and abandoning module TVOSTargetPlatform (42)
[2016.10.20-03.43.02:998][719]LogModuleManager: Shutting down and abandoning module Messaging (41)
[2016.10.20-03.43.02:998][719]LogModuleManager: Shutting down and abandoning module IOSTargetPlatform (40)
[2016.10.20-03.43.02:998][719]LogModuleManager: Shutting down and abandoning module HTML5TargetPlatform (39)
[2016.10.20-03.43.02:998][719]LogModuleManager: Shutting down and abandoning module Android_PVRTCTargetPlatform (38)
[2016.10.20-03.43.02:998][719]LogModuleManager: Shutting down and abandoning module Android_MultiTargetPlatform (37)
[2016.10.20-03.43.02:998][719]LogModuleManager: Shutting down and abandoning module Android_ETC2TargetPlatform (36)
[2016.10.20-03.43.02:998][719]LogModuleManager: Shutting down and abandoning module Android_ETC1TargetPlatform (35)
[2016.10.20-03.43.02:998][719]LogModuleManager: Shutting down and abandoning module Android_DXTTargetPlatform (34)
[2016.10.20-03.43.02:998][719]LogModuleManager: Shutting down and abandoning module Android_ATCTargetPlatform (33)
[2016.10.20-03.43.02:998][719]LogModuleManager: Shutting down and abandoning module Android_ASTCTargetPlatform (32)
[2016.10.20-03.43.02:998][719]LogModuleManager: Shutting down and abandoning module AndroidTargetPlatform (31)
[2016.10.20-03.43.02:998][719]LogModuleManager: Shutting down and abandoning module WindowsTargetPlatform (30)
[2016.10.20-03.43.02:998][719]LogModuleManager: Shutting down and abandoning module WindowsServerTargetPlatform (29)
[2016.10.20-03.43.03:010][719]LogModuleManager: Shutting down and abandoning module WindowsNoEditorTargetPlatform (28)
[2016.10.20-03.43.03:010][719]LogModuleManager: Shutting down and abandoning module WindowsClientTargetPlatform (27)
[2016.10.20-03.43.03:010][719]LogModuleManager: Shutting down and abandoning module AllDesktopTargetPlatform (26)
[2016.10.20-03.43.03:010][719]LogModuleManager: Shutting down and abandoning module TargetPlatform (25)
[2016.10.20-03.43.03:010][719]LogModuleManager: Shutting down and abandoning module InputCore (24)
[2016.10.20-03.43.03:010][719]LogModuleManager: Shutting down and abandoning module Settings (23)
[2016.10.20-03.43.03:010][719]LogModuleManager: Shutting down and abandoning module OculusRift (22)
[2016.10.20-03.43.03:028][719]LogHMD: Oculus shutdown.
[2016.10.20-03.43.03:028][719]LogModuleManager: Shutting down and abandoning module GearVR (21)
[2016.10.20-03.43.03:028][719]LogModuleManager: Shutting down and abandoning module ExampleDeviceProfileSelector (20)
[2016.10.20-03.43.03:028][719]LogModuleManager: Shutting down and abandoning module OnlineBlueprintSupport (19)
[2016.10.20-03.43.03:028][719]LogModuleManager: Shutting down and abandoning module OnlineSubsystem (17)
[2016.10.20-03.43.03:044][719]LogOnline:Display: Unloading online subsystem: NULL
[2016.10.20-03.43.03:054][719]LogModuleManager: Shutting down and abandoning module HTTP (16)
[2016.10.20-03.43.03:054][719]LogHttp:Display: Http module shutting down, but needs to wait on 1 outstanding Http requests:
[2016.10.20-03.43.03:054][719]LogHttp:Display: 	verb=[POST] url=[https://datarouter.ol.epicgames.com/datarouter/api/v1/public/data?SessionID=%7BF713C556-42EA-BFFB-05A5-478E549C2057%7D&AppID=UEEditor.Rocket.Release&AppVersion=4.13.1-3142249%2B%2B%2BUE4%2BRelease-4.13&UserID=fc9028ac4d19797dc560c2b6340654ac%7C7e15d6f22b6644f0be08b4c3ecc5a35f%7Ca2319f88-700d-48e4-b7e6-5cc78c0ab2a1&AppEnvironment=datacollector-binary&UploadType=eteventstream] status=Processing
[2016.10.20-03.43.03:076][719]LogModuleManager: Shutting down and abandoning module XMPP (15)
[2016.10.20-03.43.03:111][719]LogModuleManager: Shutting down and abandoning module TextureCompressor (14)
[2016.10.20-03.43.03:111][719]LogModuleManager: Shutting down and abandoning module ShaderCore (13)
[2016.10.20-03.43.03:111][719]LogModuleManager: Shutting down and abandoning module Landscape (12)
[2016.10.20-03.43.03:111][719]LogModuleManager: Shutting down and abandoning module SlateRHIRenderer (11)
[2016.10.20-03.43.03:127][719]LogModuleManager: Shutting down and abandoning module OpenGLDrv (10)
[2016.10.20-03.43.03:134][719]LogModuleManager: Shutting down and abandoning module D3D11RHI (9)
[2016.10.20-03.43.03:134][719]LogModuleManager: Shutting down and abandoning module AnimGraphRuntime (8)
[2016.10.20-03.43.03:142][719]LogModuleManager: Shutting down and abandoning module Renderer (7)
[2016.10.20-03.43.03:143][719]LogModuleManager: Shutting down and abandoning module Engine (6)
[2016.10.20-03.43.03:143][719]LogModuleManager: Shutting down and abandoning module CoreUObject (5)
[2016.10.20-03.43.03:143][719]LogModuleManager: Shutting down and abandoning module NetworkFile (4)
[2016.10.20-03.43.03:167][719]LogModuleManager: Shutting down and abandoning module StreamingFile (3)
[2016.10.20-03.43.03:173][719]LogModuleManager: Shutting down and abandoning module SandboxFile (2)
[2016.10.20-03.43.03:184][719]LogModuleManager: Shutting down and abandoning module PakFile (1)
[2016.10.20-03.43.03:210][719]LogExit: Exiting.
[2016.10.20-03.43.03:211][719]Log file closed, 10/19/16 20:43:03
